<?xml version="1.0" encoding="UTF-8"?>
<testng-results skipped="73" failed="2" total="93" passed="18">
  <reporter-output>
  </reporter-output>
  <suite name="Suite" duration-ms="382694" started-at="2015-10-30T08:36:23Z" finished-at="2015-10-30T08:42:45Z">
    <groups>
    </groups>
    <test name="DSV_Assortment" duration-ms="382694" started-at="2015-10-30T08:36:23Z" finished-at="2015-10-30T08:42:45Z">
      <class name="com.heb.enterprise.automationtest.productreview.ProductReviewTest">
        <test-method status="PASS" signature="setup()[pri:0, instance:com.heb.enterprise.automationtest.productreview.ProductReviewTest@887af79]" name="setup" is-config="true" duration-ms="26439" started-at="2015-10-30T15:40:30Z" finished-at="2015-10-30T15:40:57Z">
          <reporter-output>
          </reporter-output>
        </test-method> <!-- setup -->
        <test-method status="PASS" signature="setupMethod()[pri:0, instance:com.heb.enterprise.automationtest.productreview.ProductReviewTest@887af79]" name="setupMethod" is-config="true" duration-ms="15189" started-at="2015-10-30T15:40:57Z" finished-at="2015-10-30T15:41:12Z">
          <reporter-output>
          </reporter-output>
        </test-method> <!-- setupMethod -->
        <test-method status="PASS" signature="imageTestSikuli()[pri:0, instance:com.heb.enterprise.automationtest.productreview.ProductReviewTest@887af79]" name="imageTestSikuli" duration-ms="0" started-at="2015-10-30T15:41:12Z" finished-at="2015-10-30T15:41:12Z">
          <reporter-output>
          </reporter-output>
        </test-method> <!-- imageTestSikuli -->
        <test-method status="PASS" signature="setupMethod()[pri:0, instance:com.heb.enterprise.automationtest.productreview.ProductReviewTest@887af79]" name="setupMethod" is-config="true" duration-ms="15415" started-at="2015-10-30T15:41:12Z" finished-at="2015-10-30T15:41:27Z">
          <reporter-output>
          </reporter-output>
        </test-method> <!-- setupMethod -->
        <test-method status="FAIL" signature="tc_Products_Review_001_1_Test()[pri:0, instance:com.heb.enterprise.automationtest.productreview.ProductReviewTest@887af79]" name="tc_Products_Review_001_1_Test" duration-ms="0" started-at="2015-10-30T15:41:27Z" finished-at="2015-10-30T15:41:27Z">
          <exception class="java.lang.NullPointerException">
            <full-stacktrace>
              <![CDATA[java.lang.NullPointerException
	at com.heb.enterprise.automationtest.productreview.ProductReviewTest.tc_Products_Review_001_1_Test(ProductReviewTest.java:46)
	at sun.reflect.NativeMethodAccessorImpl.invoke0(Native Method)
	at sun.reflect.NativeMethodAccessorImpl.invoke(NativeMethodAccessorImpl.java:62)
	at sun.reflect.DelegatingMethodAccessorImpl.invoke(DelegatingMethodAccessorImpl.java:43)
	at java.lang.reflect.Method.invoke(Method.java:497)
	at org.testng.internal.MethodInvocationHelper.invokeMethod(MethodInvocationHelper.java:85)
	at org.testng.internal.Invoker.invokeMethod(Invoker.java:696)
	at org.testng.internal.Invoker.invokeTestMethod(Invoker.java:882)
	at org.testng.internal.Invoker.invokeTestMethods(Invoker.java:1189)
	at org.testng.internal.TestMethodWorker.invokeTestMethods(TestMethodWorker.java:124)
	at org.testng.internal.TestMethodWorker.run(TestMethodWorker.java:108)
	at org.testng.TestRunner.privateRun(TestRunner.java:767)
	at org.testng.TestRunner.run(TestRunner.java:617)
	at org.testng.SuiteRunner.runTest(SuiteRunner.java:348)
	at org.testng.SuiteRunner.runSequentially(SuiteRunner.java:343)
	at org.testng.SuiteRunner.privateRun(SuiteRunner.java:305)
	at org.testng.SuiteRunner.run(SuiteRunner.java:254)
	at org.testng.SuiteRunnerWorker.runSuite(SuiteRunnerWorker.java:52)
	at org.testng.SuiteRunnerWorker.run(SuiteRunnerWorker.java:86)
	at org.testng.TestNG.runSuitesSequentially(TestNG.java:1224)
	at org.testng.TestNG.runSuitesLocally(TestNG.java:1149)
	at org.testng.TestNG.run(TestNG.java:1057)
	at org.testng.remote.RemoteTestNG.run(RemoteTestNG.java:115)
	at org.testng.remote.RemoteTestNG.initAndRun(RemoteTestNG.java:207)
	at org.testng.remote.RemoteTestNG.main(RemoteTestNG.java:178)
]]>
            </full-stacktrace>
          </exception> <!-- java.lang.NullPointerException -->
          <reporter-output>
          </reporter-output>
        </test-method> <!-- tc_Products_Review_001_1_Test -->
        <test-method status="PASS" signature="setupMethod()[pri:0, instance:com.heb.enterprise.automationtest.productreview.ProductReviewTest@887af79]" name="setupMethod" is-config="true" duration-ms="15300" started-at="2015-10-30T15:41:27Z" finished-at="2015-10-30T15:41:43Z">
          <reporter-output>
          </reporter-output>
        </test-method> <!-- setupMethod -->
        <test-method status="PASS" signature="tc_Products_Review_001_2_Test()[pri:0, instance:com.heb.enterprise.automationtest.productreview.ProductReviewTest@887af79]" name="tc_Products_Review_001_2_Test" duration-ms="45" started-at="2015-10-30T15:41:43Z" finished-at="2015-10-30T15:41:43Z">
          <reporter-output>
          </reporter-output>
        </test-method> <!-- tc_Products_Review_001_2_Test -->
        <test-method status="PASS" signature="setupMethod()[pri:0, instance:com.heb.enterprise.automationtest.productreview.ProductReviewTest@887af79]" name="setupMethod" is-config="true" duration-ms="15305" started-at="2015-10-30T15:41:43Z" finished-at="2015-10-30T15:41:58Z">
          <reporter-output>
          </reporter-output>
        </test-method> <!-- setupMethod -->
        <test-method status="PASS" signature="tc_Products_Review_001_3_Test()[pri:0, instance:com.heb.enterprise.automationtest.productreview.ProductReviewTest@887af79]" name="tc_Products_Review_001_3_Test" duration-ms="304" started-at="2015-10-30T15:41:58Z" finished-at="2015-10-30T15:41:58Z">
          <reporter-output>
          </reporter-output>
        </test-method> <!-- tc_Products_Review_001_3_Test -->
        <test-method status="PASS" signature="setupMethod()[pri:0, instance:com.heb.enterprise.automationtest.productreview.ProductReviewTest@887af79]" name="setupMethod" is-config="true" duration-ms="15279" started-at="2015-10-30T15:41:58Z" finished-at="2015-10-30T15:42:14Z">
          <reporter-output>
          </reporter-output>
        </test-method> <!-- setupMethod -->
        <test-method status="FAIL" signature="tc_Products_Review_001_4_Test()[pri:0, instance:com.heb.enterprise.automationtest.productreview.ProductReviewTest@887af79]" name="tc_Products_Review_001_4_Test" duration-ms="1001" started-at="2015-10-30T15:42:14Z" finished-at="2015-10-30T15:42:15Z">
          <exception class="org.openqa.selenium.remote.UnreachableBrowserException">
            <message>
              <![CDATA[Error communicating with the remote browser. It may have died.
Build info: version: '2.48.2', revision: '41bccdd10cf2c0560f637404c2d96164b67d9d67', time: '2015-10-09 13:08:06'
System info: host: 'HUYNGUYEN-PC', ip: '10.10.30.71', os.name: 'Windows 7', os.arch: 'amd64', os.version: '6.1', java.version: '1.8.0_65'
Driver info: driver.version: RemoteWebDriver]]>
            </message>
            <full-stacktrace>
              <![CDATA[org.openqa.selenium.remote.UnreachableBrowserException: Error communicating with the remote browser. It may have died.
Build info: version: '2.48.2', revision: '41bccdd10cf2c0560f637404c2d96164b67d9d67', time: '2015-10-09 13:08:06'
System info: host: 'HUYNGUYEN-PC', ip: '10.10.30.71', os.name: 'Windows 7', os.arch: 'amd64', os.version: '6.1', java.version: '1.8.0_65'
Driver info: driver.version: RemoteWebDriver
	at org.openqa.selenium.remote.RemoteWebDriver.execute(RemoteWebDriver.java:641)
	at org.openqa.selenium.remote.RemoteWebDriver.findElement(RemoteWebDriver.java:353)
	at org.openqa.selenium.remote.RemoteWebDriver.findElementById(RemoteWebDriver.java:403)
	at org.openqa.selenium.By$ById.findElement(By.java:218)
	at org.openqa.selenium.remote.RemoteWebDriver.findElement(RemoteWebDriver.java:345)
	at org.openqa.selenium.support.pagefactory.DefaultElementLocator.findElement(DefaultElementLocator.java:69)
	at org.openqa.selenium.support.pagefactory.internal.LocatingElementHandler.invoke(LocatingElementHandler.java:38)
	at com.sun.proxy.$Proxy11.isDisplayed(Unknown Source)
	at com.heb.enterprise.automationtest.productreview.ProductReviewTest.tc_Products_Review_001_4_Test(ProductReviewTest.java:73)
	at sun.reflect.NativeMethodAccessorImpl.invoke0(Native Method)
	at sun.reflect.NativeMethodAccessorImpl.invoke(NativeMethodAccessorImpl.java:62)
	at sun.reflect.DelegatingMethodAccessorImpl.invoke(DelegatingMethodAccessorImpl.java:43)
	at java.lang.reflect.Method.invoke(Method.java:497)
	at org.testng.internal.MethodInvocationHelper.invokeMethod(MethodInvocationHelper.java:85)
	at org.testng.internal.Invoker.invokeMethod(Invoker.java:696)
	at org.testng.internal.Invoker.invokeTestMethod(Invoker.java:882)
	at org.testng.internal.Invoker.invokeTestMethods(Invoker.java:1189)
	at org.testng.internal.TestMethodWorker.invokeTestMethods(TestMethodWorker.java:124)
	at org.testng.internal.TestMethodWorker.run(TestMethodWorker.java:108)
	at org.testng.TestRunner.privateRun(TestRunner.java:767)
	at org.testng.TestRunner.run(TestRunner.java:617)
	at org.testng.SuiteRunner.runTest(SuiteRunner.java:348)
	at org.testng.SuiteRunner.runSequentially(SuiteRunner.java:343)
	at org.testng.SuiteRunner.privateRun(SuiteRunner.java:305)
	at org.testng.SuiteRunner.run(SuiteRunner.java:254)
	at org.testng.SuiteRunnerWorker.runSuite(SuiteRunnerWorker.java:52)
	at org.testng.SuiteRunnerWorker.run(SuiteRunnerWorker.java:86)
	at org.testng.TestNG.runSuitesSequentially(TestNG.java:1224)
	at org.testng.TestNG.runSuitesLocally(TestNG.java:1149)
	at org.testng.TestNG.run(TestNG.java:1057)
	at org.testng.remote.RemoteTestNG.run(RemoteTestNG.java:115)
	at org.testng.remote.RemoteTestNG.initAndRun(RemoteTestNG.java:207)
	at org.testng.remote.RemoteTestNG.main(RemoteTestNG.java:178)
Caused by: org.apache.http.conn.HttpHostConnectException: Connect to 127.0.0.1:7059 [/127.0.0.1] failed: Connection refused: connect
	at org.apache.http.impl.conn.DefaultHttpClientConnectionOperator.connect(DefaultHttpClientConnectionOperator.java:151)
	at org.apache.http.impl.conn.PoolingHttpClientConnectionManager.connect(PoolingHttpClientConnectionManager.java:353)
	at org.apache.http.impl.execchain.MainClientExec.establishRoute(MainClientExec.java:380)
	at org.apache.http.impl.execchain.MainClientExec.execute(MainClientExec.java:236)
	at org.apache.http.impl.execchain.ProtocolExec.execute(ProtocolExec.java:184)
	at org.apache.http.impl.execchain.RetryExec.execute(RetryExec.java:88)
	at org.apache.http.impl.execchain.RedirectExec.execute(RedirectExec.java:110)
	at org.apache.http.impl.client.InternalHttpClient.doExecute(InternalHttpClient.java:184)
	at org.apache.http.impl.client.CloseableHttpClient.execute(CloseableHttpClient.java:71)
	at org.apache.http.impl.client.CloseableHttpClient.execute(CloseableHttpClient.java:55)
	at org.openqa.selenium.remote.internal.ApacheHttpClient.fallBackExecute(ApacheHttpClient.java:143)
	at org.openqa.selenium.remote.internal.ApacheHttpClient.execute(ApacheHttpClient.java:89)
	at org.openqa.selenium.remote.HttpCommandExecutor.execute(HttpCommandExecutor.java:142)
	at org.openqa.selenium.firefox.internal.NewProfileExtensionConnection.execute(NewProfileExtensionConnection.java:170)
	at org.openqa.selenium.firefox.FirefoxDriver$LazyCommandExecutor.execute(FirefoxDriver.java:380)
	at org.openqa.selenium.remote.RemoteWebDriver.execute(RemoteWebDriver.java:620)
	... 32 more
Caused by: java.net.ConnectException: Connection refused: connect
	at java.net.DualStackPlainSocketImpl.waitForConnect(Native Method)
	at java.net.DualStackPlainSocketImpl.socketConnect(DualStackPlainSocketImpl.java:85)
	at java.net.AbstractPlainSocketImpl.doConnect(AbstractPlainSocketImpl.java:350)
	at java.net.AbstractPlainSocketImpl.connectToAddress(AbstractPlainSocketImpl.java:206)
	at java.net.AbstractPlainSocketImpl.connect(AbstractPlainSocketImpl.java:188)
	at java.net.PlainSocketImpl.connect(PlainSocketImpl.java:172)
	at java.net.SocksSocketImpl.connect(SocksSocketImpl.java:392)
	at java.net.Socket.connect(Socket.java:589)
	at org.apache.http.conn.socket.PlainConnectionSocketFactory.connectSocket(PlainConnectionSocketFactory.java:74)
	at org.apache.http.impl.conn.DefaultHttpClientConnectionOperator.connect(DefaultHttpClientConnectionOperator.java:134)
	... 47 more
]]>
            </full-stacktrace>
          </exception> <!-- org.openqa.selenium.remote.UnreachableBrowserException -->
          <reporter-output>
          </reporter-output>
        </test-method> <!-- tc_Products_Review_001_4_Test -->
        <test-method status="FAIL" signature="setupMethod()[pri:0, instance:com.heb.enterprise.automationtest.productreview.ProductReviewTest@887af79]" name="setupMethod" is-config="true" duration-ms="0" started-at="2015-10-30T15:42:15Z" finished-at="2015-10-30T15:42:15Z">
          <exception class="org.openqa.selenium.remote.UnreachableBrowserException">
            <message>
              <![CDATA[Error communicating with the remote browser. It may have died.
Build info: version: '2.48.2', revision: '41bccdd10cf2c0560f637404c2d96164b67d9d67', time: '2015-10-09 13:08:06'
System info: host: 'HUYNGUYEN-PC', ip: '10.10.30.71', os.name: 'Windows 7', os.arch: 'amd64', os.version: '6.1', java.version: '1.8.0_65'
Driver info: driver.version: RemoteWebDriver]]>
            </message>
            <full-stacktrace>
              <![CDATA[org.openqa.selenium.remote.UnreachableBrowserException: Error communicating with the remote browser. It may have died.
Build info: version: '2.48.2', revision: '41bccdd10cf2c0560f637404c2d96164b67d9d67', time: '2015-10-09 13:08:06'
System info: host: 'HUYNGUYEN-PC', ip: '10.10.30.71', os.name: 'Windows 7', os.arch: 'amd64', os.version: '6.1', java.version: '1.8.0_65'
Driver info: driver.version: RemoteWebDriver
	at org.openqa.selenium.remote.RemoteWebDriver.execute(RemoteWebDriver.java:641)
	at org.openqa.selenium.remote.RemoteWebDriver.findElement(RemoteWebDriver.java:353)
	at org.openqa.selenium.remote.RemoteWebDriver.findElementByCssSelector(RemoteWebDriver.java:482)
	at org.openqa.selenium.By$ByCssSelector.findElement(By.java:430)
	at org.openqa.selenium.remote.RemoteWebDriver.findElement(RemoteWebDriver.java:345)
	at org.openqa.selenium.support.pagefactory.DefaultElementLocator.findElement(DefaultElementLocator.java:69)
	at org.openqa.selenium.support.pagefactory.internal.LocatingElementHandler.invoke(LocatingElementHandler.java:38)
	at com.sun.proxy.$Proxy11.click(Unknown Source)
	at com.heb.enterprise.automationtest.page.ProductsReviewPage.ProductsReviewMenuClick(ProductsReviewPage.java:116)
	at com.heb.enterprise.automationtest.productreview.ProductReviewTest.setupMethod(ProductReviewTest.java:33)
	at sun.reflect.NativeMethodAccessorImpl.invoke0(Native Method)
	at sun.reflect.NativeMethodAccessorImpl.invoke(NativeMethodAccessorImpl.java:62)
	at sun.reflect.DelegatingMethodAccessorImpl.invoke(DelegatingMethodAccessorImpl.java:43)
	at java.lang.reflect.Method.invoke(Method.java:497)
	at org.testng.internal.MethodInvocationHelper.invokeMethod(MethodInvocationHelper.java:85)
	at org.testng.internal.Invoker.invokeConfigurationMethod(Invoker.java:552)
	at org.testng.internal.Invoker.invokeConfigurations(Invoker.java:215)
	at org.testng.internal.Invoker.invokeMethod(Invoker.java:636)
	at org.testng.internal.Invoker.invokeTestMethod(Invoker.java:882)
	at org.testng.internal.Invoker.invokeTestMethods(Invoker.java:1189)
	at org.testng.internal.TestMethodWorker.invokeTestMethods(TestMethodWorker.java:124)
	at org.testng.internal.TestMethodWorker.run(TestMethodWorker.java:108)
	at org.testng.TestRunner.privateRun(TestRunner.java:767)
	at org.testng.TestRunner.run(TestRunner.java:617)
	at org.testng.SuiteRunner.runTest(SuiteRunner.java:348)
	at org.testng.SuiteRunner.runSequentially(SuiteRunner.java:343)
	at org.testng.SuiteRunner.privateRun(SuiteRunner.java:305)
	at org.testng.SuiteRunner.run(SuiteRunner.java:254)
	at org.testng.SuiteRunnerWorker.runSuite(SuiteRunnerWorker.java:52)
	at org.testng.SuiteRunnerWorker.run(SuiteRunnerWorker.java:86)
	at org.testng.TestNG.runSuitesSequentially(TestNG.java:1224)
	at org.testng.TestNG.runSuitesLocally(TestNG.java:1149)
	at org.testng.TestNG.run(TestNG.java:1057)
	at org.testng.remote.RemoteTestNG.run(RemoteTestNG.java:115)
	at org.testng.remote.RemoteTestNG.initAndRun(RemoteTestNG.java:207)
	at org.testng.remote.RemoteTestNG.main(RemoteTestNG.java:178)
Caused by: org.apache.http.conn.HttpHostConnectException: Connect to 127.0.0.1:7059 [/127.0.0.1] failed: Connection refused: connect
	at org.apache.http.impl.conn.DefaultHttpClientConnectionOperator.connect(DefaultHttpClientConnectionOperator.java:151)
	at org.apache.http.impl.conn.PoolingHttpClientConnectionManager.connect(PoolingHttpClientConnectionManager.java:353)
	at org.apache.http.impl.execchain.MainClientExec.establishRoute(MainClientExec.java:380)
	at org.apache.http.impl.execchain.MainClientExec.execute(MainClientExec.java:236)
	at org.apache.http.impl.execchain.ProtocolExec.execute(ProtocolExec.java:184)
	at org.apache.http.impl.execchain.RetryExec.execute(RetryExec.java:88)
	at org.apache.http.impl.execchain.RedirectExec.execute(RedirectExec.java:110)
	at org.apache.http.impl.client.InternalHttpClient.doExecute(InternalHttpClient.java:184)
	at org.apache.http.impl.client.CloseableHttpClient.execute(CloseableHttpClient.java:71)
	at org.apache.http.impl.client.CloseableHttpClient.execute(CloseableHttpClient.java:55)
	at org.openqa.selenium.remote.internal.ApacheHttpClient.fallBackExecute(ApacheHttpClient.java:143)
	at org.openqa.selenium.remote.internal.ApacheHttpClient.execute(ApacheHttpClient.java:89)
	at org.openqa.selenium.remote.HttpCommandExecutor.execute(HttpCommandExecutor.java:142)
	at org.openqa.selenium.firefox.internal.NewProfileExtensionConnection.execute(NewProfileExtensionConnection.java:170)
	at org.openqa.selenium.firefox.FirefoxDriver$LazyCommandExecutor.execute(FirefoxDriver.java:380)
	at org.openqa.selenium.remote.RemoteWebDriver.execute(RemoteWebDriver.java:620)
	... 35 more
Caused by: java.net.ConnectException: Connection refused: connect
	at java.net.DualStackPlainSocketImpl.waitForConnect(Native Method)
	at java.net.DualStackPlainSocketImpl.socketConnect(DualStackPlainSocketImpl.java:85)
	at java.net.AbstractPlainSocketImpl.doConnect(AbstractPlainSocketImpl.java:350)
	at java.net.AbstractPlainSocketImpl.connectToAddress(AbstractPlainSocketImpl.java:206)
	at java.net.AbstractPlainSocketImpl.connect(AbstractPlainSocketImpl.java:188)
	at java.net.PlainSocketImpl.connect(PlainSocketImpl.java:172)
	at java.net.SocksSocketImpl.connect(SocksSocketImpl.java:392)
	at java.net.Socket.connect(Socket.java:589)
	at org.apache.http.conn.socket.PlainConnectionSocketFactory.connectSocket(PlainConnectionSocketFactory.java:74)
	at org.apache.http.impl.conn.DefaultHttpClientConnectionOperator.connect(DefaultHttpClientConnectionOperator.java:134)
	... 50 more
]]>
            </full-stacktrace>
          </exception> <!-- org.openqa.selenium.remote.UnreachableBrowserException -->
          <reporter-output>
          </reporter-output>
        </test-method> <!-- setupMethod -->
        <test-method status="SKIP" signature="tc_Products_Review_001_5_Test()[pri:0, instance:com.heb.enterprise.automationtest.productreview.ProductReviewTest@887af79]" name="tc_Products_Review_001_5_Test" duration-ms="0" started-at="2015-10-30T15:42:16Z" finished-at="2015-10-30T15:42:16Z">
          <reporter-output>
          </reporter-output>
        </test-method> <!-- tc_Products_Review_001_5_Test -->
        <test-method status="SKIP" signature="setupMethod()[pri:0, instance:com.heb.enterprise.automationtest.productreview.ProductReviewTest@887af79]" name="setupMethod" is-config="true" duration-ms="0" started-at="2015-10-30T15:42:16Z" finished-at="2015-10-30T15:42:16Z">
          <reporter-output>
          </reporter-output>
        </test-method> <!-- setupMethod -->
        <test-method status="SKIP" signature="tc_Products_Review_001_6_Test()[pri:0, instance:com.heb.enterprise.automationtest.productreview.ProductReviewTest@887af79]" name="tc_Products_Review_001_6_Test" duration-ms="1" started-at="2015-10-30T15:42:16Z" finished-at="2015-10-30T15:42:16Z">
          <reporter-output>
          </reporter-output>
        </test-method> <!-- tc_Products_Review_001_6_Test -->
        <test-method status="SKIP" signature="setupMethod()[pri:0, instance:com.heb.enterprise.automationtest.productreview.ProductReviewTest@887af79]" name="setupMethod" is-config="true" duration-ms="0" started-at="2015-10-30T15:42:16Z" finished-at="2015-10-30T15:42:16Z">
          <reporter-output>
          </reporter-output>
        </test-method> <!-- setupMethod -->
        <test-method status="SKIP" signature="tc_Products_Review_001_7_Test()[pri:0, instance:com.heb.enterprise.automationtest.productreview.ProductReviewTest@887af79]" name="tc_Products_Review_001_7_Test" duration-ms="0" started-at="2015-10-30T15:42:16Z" finished-at="2015-10-30T15:42:16Z">
          <reporter-output>
          </reporter-output>
        </test-method> <!-- tc_Products_Review_001_7_Test -->
        <test-method status="SKIP" signature="setupMethod()[pri:0, instance:com.heb.enterprise.automationtest.productreview.ProductReviewTest@887af79]" name="setupMethod" is-config="true" duration-ms="0" started-at="2015-10-30T15:42:16Z" finished-at="2015-10-30T15:42:16Z">
          <reporter-output>
          </reporter-output>
        </test-method> <!-- setupMethod -->
        <test-method status="SKIP" signature="tc_Products_Review_001_8_Test()[pri:0, instance:com.heb.enterprise.automationtest.productreview.ProductReviewTest@887af79]" name="tc_Products_Review_001_8_Test" duration-ms="1" started-at="2015-10-30T15:42:16Z" finished-at="2015-10-30T15:42:16Z">
          <reporter-output>
          </reporter-output>
        </test-method> <!-- tc_Products_Review_001_8_Test -->
        <test-method status="SKIP" signature="setupMethod()[pri:0, instance:com.heb.enterprise.automationtest.productreview.ProductReviewTest@887af79]" name="setupMethod" is-config="true" duration-ms="0" started-at="2015-10-30T15:42:16Z" finished-at="2015-10-30T15:42:16Z">
          <reporter-output>
          </reporter-output>
        </test-method> <!-- setupMethod -->
        <test-method status="SKIP" signature="tc_Products_Review_001_9_Test()[pri:0, instance:com.heb.enterprise.automationtest.productreview.ProductReviewTest@887af79]" name="tc_Products_Review_001_9_Test" duration-ms="4" started-at="2015-10-30T15:42:16Z" finished-at="2015-10-30T15:42:16Z">
          <reporter-output>
          </reporter-output>
        </test-method> <!-- tc_Products_Review_001_9_Test -->
        <test-method status="SKIP" signature="setupMethod()[pri:0, instance:com.heb.enterprise.automationtest.productreview.ProductReviewTest@887af79]" name="setupMethod" is-config="true" duration-ms="0" started-at="2015-10-30T15:42:16Z" finished-at="2015-10-30T15:42:16Z">
          <reporter-output>
          </reporter-output>
        </test-method> <!-- setupMethod -->
        <test-method status="SKIP" signature="tc_Products_Review_001_10_Test()[pri:0, instance:com.heb.enterprise.automationtest.productreview.ProductReviewTest@887af79]" name="tc_Products_Review_001_10_Test" duration-ms="1" started-at="2015-10-30T15:42:16Z" finished-at="2015-10-30T15:42:16Z">
          <reporter-output>
          </reporter-output>
        </test-method> <!-- tc_Products_Review_001_10_Test -->
        <test-method status="SKIP" signature="setupMethod()[pri:0, instance:com.heb.enterprise.automationtest.productreview.ProductReviewTest@887af79]" name="setupMethod" is-config="true" duration-ms="0" started-at="2015-10-30T15:42:16Z" finished-at="2015-10-30T15:42:16Z">
          <reporter-output>
          </reporter-output>
        </test-method> <!-- setupMethod -->
        <test-method status="SKIP" signature="tc_Products_Review_001_11_Test()[pri:0, instance:com.heb.enterprise.automationtest.productreview.ProductReviewTest@887af79]" name="tc_Products_Review_001_11_Test" duration-ms="1" started-at="2015-10-30T15:42:16Z" finished-at="2015-10-30T15:42:16Z">
          <reporter-output>
          </reporter-output>
        </test-method> <!-- tc_Products_Review_001_11_Test -->
        <test-method status="SKIP" signature="setupMethod()[pri:0, instance:com.heb.enterprise.automationtest.productreview.ProductReviewTest@887af79]" name="setupMethod" is-config="true" duration-ms="0" started-at="2015-10-30T15:42:16Z" finished-at="2015-10-30T15:42:16Z">
          <reporter-output>
          </reporter-output>
        </test-method> <!-- setupMethod -->
        <test-method status="SKIP" signature="tc_Products_Review_001_12_Test()[pri:0, instance:com.heb.enterprise.automationtest.productreview.ProductReviewTest@887af79]" name="tc_Products_Review_001_12_Test" duration-ms="0" started-at="2015-10-30T15:42:16Z" finished-at="2015-10-30T15:42:16Z">
          <reporter-output>
          </reporter-output>
        </test-method> <!-- tc_Products_Review_001_12_Test -->
        <test-method status="SKIP" signature="tc_Products_Review_001_13_Test()[pri:0, instance:com.heb.enterprise.automationtest.productreview.ProductReviewTest@887af79]" name="tc_Products_Review_001_13_Test" duration-ms="1" started-at="2015-10-30T15:42:16Z" finished-at="2015-10-30T15:42:16Z">
          <reporter-output>
          </reporter-output>
        </test-method> <!-- tc_Products_Review_001_13_Test -->
        <test-method status="SKIP" signature="setupMethod()[pri:0, instance:com.heb.enterprise.automationtest.productreview.ProductReviewTest@887af79]" name="setupMethod" is-config="true" duration-ms="0" started-at="2015-10-30T15:42:16Z" finished-at="2015-10-30T15:42:16Z">
          <reporter-output>
          </reporter-output>
        </test-method> <!-- setupMethod -->
        <test-method status="SKIP" signature="setupMethod()[pri:0, instance:com.heb.enterprise.automationtest.productreview.ProductReviewTest@887af79]" name="setupMethod" is-config="true" duration-ms="0" started-at="2015-10-30T15:42:16Z" finished-at="2015-10-30T15:42:16Z">
          <reporter-output>
          </reporter-output>
        </test-method> <!-- setupMethod -->
        <test-method status="SKIP" signature="tc_Products_Review_001_14_Test()[pri:0, instance:com.heb.enterprise.automationtest.productreview.ProductReviewTest@887af79]" name="tc_Products_Review_001_14_Test" duration-ms="0" started-at="2015-10-30T15:42:16Z" finished-at="2015-10-30T15:42:16Z">
          <reporter-output>
          </reporter-output>
        </test-method> <!-- tc_Products_Review_001_14_Test -->
        <test-method status="SKIP" signature="setupMethod()[pri:0, instance:com.heb.enterprise.automationtest.productreview.ProductReviewTest@887af79]" name="setupMethod" is-config="true" duration-ms="0" started-at="2015-10-30T15:42:16Z" finished-at="2015-10-30T15:42:16Z">
          <reporter-output>
          </reporter-output>
        </test-method> <!-- setupMethod -->
        <test-method status="SKIP" signature="tc_Products_Review_001_15_Test()[pri:0, instance:com.heb.enterprise.automationtest.productreview.ProductReviewTest@887af79]" name="tc_Products_Review_001_15_Test" duration-ms="1" started-at="2015-10-30T15:42:16Z" finished-at="2015-10-30T15:42:16Z">
          <reporter-output>
          </reporter-output>
        </test-method> <!-- tc_Products_Review_001_15_Test -->
        <test-method status="SKIP" signature="setupMethod()[pri:0, instance:com.heb.enterprise.automationtest.productreview.ProductReviewTest@887af79]" name="setupMethod" is-config="true" duration-ms="0" started-at="2015-10-30T15:42:16Z" finished-at="2015-10-30T15:42:16Z">
          <reporter-output>
          </reporter-output>
        </test-method> <!-- setupMethod -->
        <test-method status="SKIP" signature="tc_Products_Review_001_16_Test()[pri:0, instance:com.heb.enterprise.automationtest.productreview.ProductReviewTest@887af79]" name="tc_Products_Review_001_16_Test" duration-ms="0" started-at="2015-10-30T15:42:16Z" finished-at="2015-10-30T15:42:16Z">
          <reporter-output>
          </reporter-output>
        </test-method> <!-- tc_Products_Review_001_16_Test -->
        <test-method status="SKIP" signature="setupMethod()[pri:0, instance:com.heb.enterprise.automationtest.productreview.ProductReviewTest@887af79]" name="setupMethod" is-config="true" duration-ms="0" started-at="2015-10-30T15:42:16Z" finished-at="2015-10-30T15:42:16Z">
          <reporter-output>
          </reporter-output>
        </test-method> <!-- setupMethod -->
        <test-method status="SKIP" signature="tc_Products_Review_002_1_Test()[pri:0, instance:com.heb.enterprise.automationtest.productreview.ProductReviewTest@887af79]" name="tc_Products_Review_002_1_Test" duration-ms="0" started-at="2015-10-30T15:42:16Z" finished-at="2015-10-30T15:42:16Z">
          <reporter-output>
          </reporter-output>
        </test-method> <!-- tc_Products_Review_002_1_Test -->
        <test-method status="SKIP" signature="setupMethod()[pri:0, instance:com.heb.enterprise.automationtest.productreview.ProductReviewTest@887af79]" name="setupMethod" is-config="true" duration-ms="0" started-at="2015-10-30T15:42:16Z" finished-at="2015-10-30T15:42:16Z">
          <reporter-output>
          </reporter-output>
        </test-method> <!-- setupMethod -->
        <test-method status="SKIP" signature="tc_Products_Review_002_2_Test()[pri:0, instance:com.heb.enterprise.automationtest.productreview.ProductReviewTest@887af79]" name="tc_Products_Review_002_2_Test" duration-ms="0" started-at="2015-10-30T15:42:16Z" finished-at="2015-10-30T15:42:16Z">
          <reporter-output>
          </reporter-output>
        </test-method> <!-- tc_Products_Review_002_2_Test -->
        <test-method status="SKIP" signature="setupMethod()[pri:0, instance:com.heb.enterprise.automationtest.productreview.ProductReviewTest@887af79]" name="setupMethod" is-config="true" duration-ms="0" started-at="2015-10-30T15:42:16Z" finished-at="2015-10-30T15:42:16Z">
          <reporter-output>
          </reporter-output>
        </test-method> <!-- setupMethod -->
        <test-method status="SKIP" signature="tc_Products_Review_003_Test()[pri:0, instance:com.heb.enterprise.automationtest.productreview.ProductReviewTest@887af79]" name="tc_Products_Review_003_Test" duration-ms="0" started-at="2015-10-30T15:42:16Z" finished-at="2015-10-30T15:42:16Z">
          <reporter-output>
          </reporter-output>
        </test-method> <!-- tc_Products_Review_003_Test -->
        <test-method status="SKIP" signature="tc_Products_Review_004_1_Test()[pri:0, instance:com.heb.enterprise.automationtest.productreview.ProductReviewTest@887af79]" name="tc_Products_Review_004_1_Test" duration-ms="0" started-at="2015-10-30T15:42:16Z" finished-at="2015-10-30T15:42:16Z">
          <reporter-output>
          </reporter-output>
        </test-method> <!-- tc_Products_Review_004_1_Test -->
        <test-method status="SKIP" signature="setupMethod()[pri:0, instance:com.heb.enterprise.automationtest.productreview.ProductReviewTest@887af79]" name="setupMethod" is-config="true" duration-ms="0" started-at="2015-10-30T15:42:16Z" finished-at="2015-10-30T15:42:16Z">
          <reporter-output>
          </reporter-output>
        </test-method> <!-- setupMethod -->
        <test-method status="SKIP" signature="setupMethod()[pri:0, instance:com.heb.enterprise.automationtest.productreview.ProductReviewTest@887af79]" name="setupMethod" is-config="true" duration-ms="0" started-at="2015-10-30T15:42:16Z" finished-at="2015-10-30T15:42:16Z">
          <reporter-output>
          </reporter-output>
        </test-method> <!-- setupMethod -->
        <test-method status="SKIP" signature="setupMethod()[pri:0, instance:com.heb.enterprise.automationtest.productreview.ProductReviewTest@887af79]" name="setupMethod" is-config="true" duration-ms="0" started-at="2015-10-30T15:42:16Z" finished-at="2015-10-30T15:42:16Z">
          <reporter-output>
          </reporter-output>
        </test-method> <!-- setupMethod -->
        <test-method status="SKIP" signature="tc_Products_Review_004_2_Test()[pri:0, instance:com.heb.enterprise.automationtest.productreview.ProductReviewTest@887af79]" name="tc_Products_Review_004_2_Test" duration-ms="0" started-at="2015-10-30T15:42:16Z" finished-at="2015-10-30T15:42:16Z">
          <reporter-output>
          </reporter-output>
        </test-method> <!-- tc_Products_Review_004_2_Test -->
        <test-method status="SKIP" signature="setupMethod()[pri:0, instance:com.heb.enterprise.automationtest.productreview.ProductReviewTest@887af79]" name="setupMethod" is-config="true" duration-ms="0" started-at="2015-10-30T15:42:16Z" finished-at="2015-10-30T15:42:16Z">
          <reporter-output>
          </reporter-output>
        </test-method> <!-- setupMethod -->
        <test-method status="SKIP" signature="tc_Products_Review_004_3_Test()[pri:0, instance:com.heb.enterprise.automationtest.productreview.ProductReviewTest@887af79]" name="tc_Products_Review_004_3_Test" duration-ms="0" started-at="2015-10-30T15:42:16Z" finished-at="2015-10-30T15:42:16Z">
          <reporter-output>
          </reporter-output>
        </test-method> <!-- tc_Products_Review_004_3_Test -->
        <test-method status="SKIP" signature="setupMethod()[pri:0, instance:com.heb.enterprise.automationtest.productreview.ProductReviewTest@887af79]" name="setupMethod" is-config="true" duration-ms="0" started-at="2015-10-30T15:42:16Z" finished-at="2015-10-30T15:42:16Z">
          <reporter-output>
          </reporter-output>
        </test-method> <!-- setupMethod -->
        <test-method status="SKIP" signature="tc_Products_Review_004_4_Test()[pri:0, instance:com.heb.enterprise.automationtest.productreview.ProductReviewTest@887af79]" name="tc_Products_Review_004_4_Test" duration-ms="0" started-at="2015-10-30T15:42:16Z" finished-at="2015-10-30T15:42:16Z">
          <reporter-output>
          </reporter-output>
        </test-method> <!-- tc_Products_Review_004_4_Test -->
        <test-method status="SKIP" signature="setupMethod()[pri:0, instance:com.heb.enterprise.automationtest.productreview.ProductReviewTest@887af79]" name="setupMethod" is-config="true" duration-ms="0" started-at="2015-10-30T15:42:16Z" finished-at="2015-10-30T15:42:16Z">
          <reporter-output>
          </reporter-output>
        </test-method> <!-- setupMethod -->
        <test-method status="SKIP" signature="tc_Products_Review_005_1_Test()[pri:0, instance:com.heb.enterprise.automationtest.productreview.ProductReviewTest@887af79]" name="tc_Products_Review_005_1_Test" duration-ms="0" started-at="2015-10-30T15:42:16Z" finished-at="2015-10-30T15:42:16Z">
          <reporter-output>
          </reporter-output>
        </test-method> <!-- tc_Products_Review_005_1_Test -->
        <test-method status="SKIP" signature="tc_Products_Review_005_2_Test()[pri:0, instance:com.heb.enterprise.automationtest.productreview.ProductReviewTest@887af79]" name="tc_Products_Review_005_2_Test" duration-ms="0" started-at="2015-10-30T15:42:16Z" finished-at="2015-10-30T15:42:16Z">
          <reporter-output>
          </reporter-output>
        </test-method> <!-- tc_Products_Review_005_2_Test -->
        <test-method status="SKIP" signature="setupMethod()[pri:0, instance:com.heb.enterprise.automationtest.productreview.ProductReviewTest@887af79]" name="setupMethod" is-config="true" duration-ms="0" started-at="2015-10-30T15:42:16Z" finished-at="2015-10-30T15:42:16Z">
          <reporter-output>
          </reporter-output>
        </test-method> <!-- setupMethod -->
        <test-method status="SKIP" signature="tc_Products_Review_005_3_Test()[pri:0, instance:com.heb.enterprise.automationtest.productreview.ProductReviewTest@887af79]" name="tc_Products_Review_005_3_Test" duration-ms="131" started-at="2015-10-30T15:42:16Z" finished-at="2015-10-30T15:42:16Z">
          <reporter-output>
          </reporter-output>
        </test-method> <!-- tc_Products_Review_005_3_Test -->
        <test-method status="SKIP" signature="setupMethod()[pri:0, instance:com.heb.enterprise.automationtest.productreview.ProductReviewTest@887af79]" name="setupMethod" is-config="true" duration-ms="0" started-at="2015-10-30T15:42:16Z" finished-at="2015-10-30T15:42:16Z">
          <reporter-output>
          </reporter-output>
        </test-method> <!-- setupMethod -->
        <test-method status="SKIP" signature="tc_Products_Review_005_4_Test()[pri:0, instance:com.heb.enterprise.automationtest.productreview.ProductReviewTest@887af79]" name="tc_Products_Review_005_4_Test" duration-ms="0" started-at="2015-10-30T15:42:16Z" finished-at="2015-10-30T15:42:16Z">
          <reporter-output>
          </reporter-output>
        </test-method> <!-- tc_Products_Review_005_4_Test -->
        <test-method status="SKIP" signature="tc_Products_Review_006_1_Test()[pri:0, instance:com.heb.enterprise.automationtest.productreview.ProductReviewTest@887af79]" name="tc_Products_Review_006_1_Test" duration-ms="1" started-at="2015-10-30T15:42:16Z" finished-at="2015-10-30T15:42:16Z">
          <reporter-output>
          </reporter-output>
        </test-method> <!-- tc_Products_Review_006_1_Test -->
        <test-method status="SKIP" signature="setupMethod()[pri:0, instance:com.heb.enterprise.automationtest.productreview.ProductReviewTest@887af79]" name="setupMethod" is-config="true" duration-ms="0" started-at="2015-10-30T15:42:16Z" finished-at="2015-10-30T15:42:16Z">
          <reporter-output>
          </reporter-output>
        </test-method> <!-- setupMethod -->
        <test-method status="SKIP" signature="setupMethod()[pri:0, instance:com.heb.enterprise.automationtest.productreview.ProductReviewTest@887af79]" name="setupMethod" is-config="true" duration-ms="0" started-at="2015-10-30T15:42:16Z" finished-at="2015-10-30T15:42:16Z">
          <reporter-output>
          </reporter-output>
        </test-method> <!-- setupMethod -->
        <test-method status="SKIP" signature="tc_Products_Review_006_2_Test()[pri:0, instance:com.heb.enterprise.automationtest.productreview.ProductReviewTest@887af79]" name="tc_Products_Review_006_2_Test" duration-ms="0" started-at="2015-10-30T15:42:16Z" finished-at="2015-10-30T15:42:16Z">
          <reporter-output>
          </reporter-output>
        </test-method> <!-- tc_Products_Review_006_2_Test -->
        <test-method status="SKIP" signature="tc_Products_Review_006_3_Test()[pri:0, instance:com.heb.enterprise.automationtest.productreview.ProductReviewTest@887af79]" name="tc_Products_Review_006_3_Test" duration-ms="1" started-at="2015-10-30T15:42:16Z" finished-at="2015-10-30T15:42:16Z">
          <reporter-output>
          </reporter-output>
        </test-method> <!-- tc_Products_Review_006_3_Test -->
        <test-method status="SKIP" signature="setupMethod()[pri:0, instance:com.heb.enterprise.automationtest.productreview.ProductReviewTest@887af79]" name="setupMethod" is-config="true" duration-ms="0" started-at="2015-10-30T15:42:16Z" finished-at="2015-10-30T15:42:16Z">
          <reporter-output>
          </reporter-output>
        </test-method> <!-- setupMethod -->
        <test-method status="SKIP" signature="setupMethod()[pri:0, instance:com.heb.enterprise.automationtest.productreview.ProductReviewTest@887af79]" name="setupMethod" is-config="true" duration-ms="0" started-at="2015-10-30T15:42:16Z" finished-at="2015-10-30T15:42:16Z">
          <reporter-output>
          </reporter-output>
        </test-method> <!-- setupMethod -->
        <test-method status="SKIP" signature="tc_Products_Review_006_4_Test()[pri:0, instance:com.heb.enterprise.automationtest.productreview.ProductReviewTest@887af79]" name="tc_Products_Review_006_4_Test" duration-ms="1" started-at="2015-10-30T15:42:16Z" finished-at="2015-10-30T15:42:16Z">
          <reporter-output>
          </reporter-output>
        </test-method> <!-- tc_Products_Review_006_4_Test -->
        <test-method status="SKIP" signature="tc_Products_Review_007_1_Test()[pri:0, instance:com.heb.enterprise.automationtest.productreview.ProductReviewTest@887af79]" name="tc_Products_Review_007_1_Test" duration-ms="0" started-at="2015-10-30T15:42:16Z" finished-at="2015-10-30T15:42:16Z">
          <reporter-output>
          </reporter-output>
        </test-method> <!-- tc_Products_Review_007_1_Test -->
        <test-method status="SKIP" signature="setupMethod()[pri:0, instance:com.heb.enterprise.automationtest.productreview.ProductReviewTest@887af79]" name="setupMethod" is-config="true" duration-ms="0" started-at="2015-10-30T15:42:16Z" finished-at="2015-10-30T15:42:16Z">
          <reporter-output>
          </reporter-output>
        </test-method> <!-- setupMethod -->
        <test-method status="SKIP" signature="tc_Products_Review_007_2_Test()[pri:0, instance:com.heb.enterprise.automationtest.productreview.ProductReviewTest@887af79]" name="tc_Products_Review_007_2_Test" duration-ms="0" started-at="2015-10-30T15:42:16Z" finished-at="2015-10-30T15:42:16Z">
          <reporter-output>
          </reporter-output>
        </test-method> <!-- tc_Products_Review_007_2_Test -->
        <test-method status="SKIP" signature="setupMethod()[pri:0, instance:com.heb.enterprise.automationtest.productreview.ProductReviewTest@887af79]" name="setupMethod" is-config="true" duration-ms="0" started-at="2015-10-30T15:42:16Z" finished-at="2015-10-30T15:42:16Z">
          <reporter-output>
          </reporter-output>
        </test-method> <!-- setupMethod -->
        <test-method status="SKIP" signature="setupMethod()[pri:0, instance:com.heb.enterprise.automationtest.productreview.ProductReviewTest@887af79]" name="setupMethod" is-config="true" duration-ms="0" started-at="2015-10-30T15:42:16Z" finished-at="2015-10-30T15:42:16Z">
          <reporter-output>
          </reporter-output>
        </test-method> <!-- setupMethod -->
        <test-method status="SKIP" signature="tc_Products_Review_007_3_Test()[pri:0, instance:com.heb.enterprise.automationtest.productreview.ProductReviewTest@887af79]" name="tc_Products_Review_007_3_Test" duration-ms="0" started-at="2015-10-30T15:42:16Z" finished-at="2015-10-30T15:42:16Z">
          <reporter-output>
          </reporter-output>
        </test-method> <!-- tc_Products_Review_007_3_Test -->
        <test-method status="SKIP" signature="setupMethod()[pri:0, instance:com.heb.enterprise.automationtest.productreview.ProductReviewTest@887af79]" name="setupMethod" is-config="true" duration-ms="0" started-at="2015-10-30T15:42:16Z" finished-at="2015-10-30T15:42:16Z">
          <reporter-output>
          </reporter-output>
        </test-method> <!-- setupMethod -->
        <test-method status="SKIP" signature="tc_Products_Review_008_Test()[pri:0, instance:com.heb.enterprise.automationtest.productreview.ProductReviewTest@887af79]" name="tc_Products_Review_008_Test" duration-ms="0" started-at="2015-10-30T15:42:17Z" finished-at="2015-10-30T15:42:17Z">
          <reporter-output>
          </reporter-output>
        </test-method> <!-- tc_Products_Review_008_Test -->
        <test-method status="SKIP" signature="afterClass()[pri:0, instance:com.heb.enterprise.automationtest.productreview.ProductReviewTest@887af79]" name="afterClass" is-config="true" duration-ms="0" started-at="2015-10-30T15:42:17Z" finished-at="2015-10-30T15:42:17Z">
          <reporter-output>
          </reporter-output>
        </test-method> <!-- afterClass -->
        <test-method status="SKIP" signature="tearDown()[pri:0, instance:com.heb.enterprise.automationtest.productreview.ProductReviewTest@887af79]" name="tearDown" is-config="true" duration-ms="0" started-at="2015-10-30T15:42:45Z" finished-at="2015-10-30T15:42:45Z">
          <reporter-output>
          </reporter-output>
        </test-method> <!-- tearDown -->
      </class> <!-- com.heb.enterprise.automationtest.productreview.ProductReviewTest -->
      <class name="com.heb.enterprise.automationtest.globaldefaults.GlobalDefaultTest">
        <test-method status="FAIL" signature="setUp()[pri:0, instance:com.heb.enterprise.automationtest.globaldefaults.GlobalDefaultTest@7fac631b]" name="setUp" is-config="true" duration-ms="0" started-at="2015-10-30T15:42:27Z" finished-at="2015-10-30T15:42:27Z">
          <exception class="java.lang.Error">
            <message>
              <![CDATA[Unresolved compilation problem: 
	Cannot switch on a value of type String for source level below 1.7. Only convertible int values or enum variables are permitted
]]>
            </message>
            <full-stacktrace>
              <![CDATA[java.lang.Error: Unresolved compilation problem: 
	Cannot switch on a value of type String for source level below 1.7. Only convertible int values or enum variables are permitted

	at com.heb.enterprise.automationtest.page.CommonPage.clickOnMenu(CommonPage.java:128)
	at com.heb.enterprise.automationtest.globaldefaults.GlobalDefaultTest.setUp(GlobalDefaultTest.java:41)
	at sun.reflect.NativeMethodAccessorImpl.invoke0(Native Method)
	at sun.reflect.NativeMethodAccessorImpl.invoke(NativeMethodAccessorImpl.java:62)
	at sun.reflect.DelegatingMethodAccessorImpl.invoke(DelegatingMethodAccessorImpl.java:43)
	at java.lang.reflect.Method.invoke(Method.java:497)
	at org.testng.internal.MethodInvocationHelper.invokeMethod(MethodInvocationHelper.java:85)
	at org.testng.internal.Invoker.invokeConfigurationMethod(Invoker.java:552)
	at org.testng.internal.Invoker.invokeConfigurations(Invoker.java:215)
	at org.testng.internal.Invoker.invokeConfigurations(Invoker.java:140)
	at org.testng.internal.TestMethodWorker.invokeBeforeClassMethods(TestMethodWorker.java:170)
	at org.testng.internal.TestMethodWorker.run(TestMethodWorker.java:104)
	at org.testng.TestRunner.privateRun(TestRunner.java:767)
	at org.testng.TestRunner.run(TestRunner.java:617)
	at org.testng.SuiteRunner.runTest(SuiteRunner.java:348)
	at org.testng.SuiteRunner.runSequentially(SuiteRunner.java:343)
	at org.testng.SuiteRunner.privateRun(SuiteRunner.java:305)
	at org.testng.SuiteRunner.run(SuiteRunner.java:254)
	at org.testng.SuiteRunnerWorker.runSuite(SuiteRunnerWorker.java:52)
	at org.testng.SuiteRunnerWorker.run(SuiteRunnerWorker.java:86)
	at org.testng.TestNG.runSuitesSequentially(TestNG.java:1224)
	at org.testng.TestNG.runSuitesLocally(TestNG.java:1149)
	at org.testng.TestNG.run(TestNG.java:1057)
	at org.testng.remote.RemoteTestNG.run(RemoteTestNG.java:115)
	at org.testng.remote.RemoteTestNG.initAndRun(RemoteTestNG.java:207)
	at org.testng.remote.RemoteTestNG.main(RemoteTestNG.java:178)
]]>
            </full-stacktrace>
          </exception> <!-- java.lang.Error -->
          <reporter-output>
          </reporter-output>
        </test-method> <!-- setUp -->
        <test-method status="SKIP" signature="t001_loadSubDepartment()[pri:0, instance:com.heb.enterprise.automationtest.globaldefaults.GlobalDefaultTest@7fac631b]" name="t001_loadSubDepartment" duration-ms="1" started-at="2015-10-30T15:42:45Z" finished-at="2015-10-30T15:42:45Z">
          <reporter-output>
          </reporter-output>
        </test-method> <!-- t001_loadSubDepartment -->
        <test-method status="SKIP" signature="t002_loadSubCommodities()[pri:0, instance:com.heb.enterprise.automationtest.globaldefaults.GlobalDefaultTest@7fac631b]" name="t002_loadSubCommodities" duration-ms="0" started-at="2015-10-30T15:42:45Z" finished-at="2015-10-30T15:42:45Z">
          <reporter-output>
          </reporter-output>
        </test-method> <!-- t002_loadSubCommodities -->
        <test-method status="SKIP" signature="t003_loadDepartmentRule()[pri:0, instance:com.heb.enterprise.automationtest.globaldefaults.GlobalDefaultTest@7fac631b]" name="t003_loadDepartmentRule" duration-ms="0" started-at="2015-10-30T15:42:45Z" finished-at="2015-10-30T15:42:45Z">
          <reporter-output>
          </reporter-output>
        </test-method> <!-- t003_loadDepartmentRule -->
        <test-method status="SKIP" signature="t004_loadCommodityRule()[pri:0, instance:com.heb.enterprise.automationtest.globaldefaults.GlobalDefaultTest@7fac631b]" name="t004_loadCommodityRule" duration-ms="1" started-at="2015-10-30T15:42:45Z" finished-at="2015-10-30T15:42:45Z">
          <reporter-output>
          </reporter-output>
        </test-method> <!-- t004_loadCommodityRule -->
        <test-method status="SKIP" signature="afterClass()[pri:0, instance:com.heb.enterprise.automationtest.globaldefaults.GlobalDefaultTest@7fac631b]" name="afterClass" is-config="true" duration-ms="0" started-at="2015-10-30T15:42:45Z" finished-at="2015-10-30T15:42:45Z">
          <reporter-output>
          </reporter-output>
        </test-method> <!-- afterClass -->
      </class> <!-- com.heb.enterprise.automationtest.globaldefaults.GlobalDefaultTest -->
      <class name="com.heb.enterprise.automationtest.dashboard.DashboardTest">
        <test-method status="PASS" signature="setUp()[pri:0, instance:com.heb.enterprise.automationtest.dashboard.DashboardTest@47ef968d]" name="setUp" is-config="true" duration-ms="22815" started-at="2015-10-30T15:38:52Z" finished-at="2015-10-30T15:39:15Z">
          <reporter-output>
          </reporter-output>
        </test-method> <!-- setUp -->
        <test-method status="PASS" signature="T001_LoadDashboardPage()[pri:0, instance:com.heb.enterprise.automationtest.dashboard.DashboardTest@47ef968d]" name="T001_LoadDashboardPage" duration-ms="267" started-at="2015-10-30T15:39:15Z" finished-at="2015-10-30T15:39:15Z">
          <reporter-output>
          </reporter-output>
        </test-method> <!-- T001_LoadDashboardPage -->
        <test-method status="PASS" signature="T002_testProductOverview()[pri:0, instance:com.heb.enterprise.automationtest.dashboard.DashboardTest@47ef968d]" name="T002_testProductOverview" duration-ms="114" started-at="2015-10-30T15:39:15Z" finished-at="2015-10-30T15:39:15Z">
          <reporter-output>
          </reporter-output>
        </test-method> <!-- T002_testProductOverview -->
        <test-method status="PASS" signature="T003_testRetailCostReviewDefault()[pri:0, instance:com.heb.enterprise.automationtest.dashboard.DashboardTest@47ef968d]" name="T003_testRetailCostReviewDefault" duration-ms="122" started-at="2015-10-30T15:39:15Z" finished-at="2015-10-30T15:39:15Z">
          <reporter-output>
          </reporter-output>
        </test-method> <!-- T003_testRetailCostReviewDefault -->
        <test-method status="PASS" signature="T004_testProductSearch()[pri:0, instance:com.heb.enterprise.automationtest.dashboard.DashboardTest@47ef968d]" name="T004_testProductSearch" duration-ms="113" started-at="2015-10-30T15:39:15Z" finished-at="2015-10-30T15:39:16Z">
          <reporter-output>
          </reporter-output>
        </test-method> <!-- T004_testProductSearch -->
        <test-method status="PASS" signature="T005_testDataVendorCombobox()[pri:0, instance:com.heb.enterprise.automationtest.dashboard.DashboardTest@47ef968d]" name="T005_testDataVendorCombobox" duration-ms="2064" started-at="2015-10-30T15:39:16Z" finished-at="2015-10-30T15:39:18Z">
          <reporter-output>
          </reporter-output>
        </test-method> <!-- T005_testDataVendorCombobox -->
        <test-method status="PASS" signature="T006_testSearchProduct()[pri:0, instance:com.heb.enterprise.automationtest.dashboard.DashboardTest@47ef968d]" name="T006_testSearchProduct" duration-ms="4660" started-at="2015-10-30T15:39:18Z" finished-at="2015-10-30T15:39:22Z">
          <reporter-output>
          </reporter-output>
        </test-method> <!-- T006_testSearchProduct -->
        <test-method status="PASS" signature="T008_testCommodityTrends()[pri:0, instance:com.heb.enterprise.automationtest.dashboard.DashboardTest@47ef968d]" name="T008_testCommodityTrends" duration-ms="13755" started-at="2015-10-30T15:39:22Z" finished-at="2015-10-30T15:39:36Z">
          <reporter-output>
          </reporter-output>
        </test-method> <!-- T008_testCommodityTrends -->
        <test-method status="PASS" signature="afterClass()[pri:0, instance:com.heb.enterprise.automationtest.dashboard.DashboardTest@47ef968d]" name="afterClass" is-config="true" duration-ms="276" started-at="2015-10-30T15:39:36Z" finished-at="2015-10-30T15:39:36Z">
          <reporter-output>
          </reporter-output>
        </test-method> <!-- afterClass -->
      </class> <!-- com.heb.enterprise.automationtest.dashboard.DashboardTest -->
      <class name="com.heb.enterprise.automationtest.retailinquiry.RetailInquiryTest">
        <test-method status="PASS" signature="beforeClass()[pri:0, instance:com.heb.enterprise.automationtest.retailinquiry.RetailInquiryTest@5ae63ade]" name="beforeClass" is-config="true" duration-ms="18375" started-at="2015-10-30T15:40:12Z" finished-at="2015-10-30T15:40:30Z">
          <reporter-output>
          </reporter-output>
        </test-method> <!-- beforeClass -->
        <test-method status="FAIL" signature="setupBeforeMethod()[pri:0, instance:com.heb.enterprise.automationtest.retailinquiry.RetailInquiryTest@5ae63ade]" name="setupBeforeMethod" is-config="true" duration-ms="0" started-at="2015-10-30T15:40:30Z" finished-at="2015-10-30T15:40:30Z">
          <exception class="java.lang.Error">
            <message>
              <![CDATA[Unresolved compilation problem: 
	Cannot switch on a value of type String for source level below 1.7. Only convertible int values or enum variables are permitted
]]>
            </message>
            <full-stacktrace>
              <![CDATA[java.lang.Error: Unresolved compilation problem: 
	Cannot switch on a value of type String for source level below 1.7. Only convertible int values or enum variables are permitted

	at com.heb.enterprise.automationtest.page.CommonPage.clickOnMenu(CommonPage.java:128)
	at com.heb.enterprise.automationtest.retailinquiry.RetailInquiryTest.setupBeforeMethod(RetailInquiryTest.java:54)
	at sun.reflect.NativeMethodAccessorImpl.invoke0(Native Method)
	at sun.reflect.NativeMethodAccessorImpl.invoke(NativeMethodAccessorImpl.java:62)
	at sun.reflect.DelegatingMethodAccessorImpl.invoke(DelegatingMethodAccessorImpl.java:43)
	at java.lang.reflect.Method.invoke(Method.java:497)
	at org.testng.internal.MethodInvocationHelper.invokeMethod(MethodInvocationHelper.java:85)
	at org.testng.internal.Invoker.invokeConfigurationMethod(Invoker.java:552)
	at org.testng.internal.Invoker.invokeConfigurations(Invoker.java:215)
	at org.testng.internal.Invoker.invokeMethod(Invoker.java:636)
	at org.testng.internal.Invoker.invokeTestMethod(Invoker.java:882)
	at org.testng.internal.Invoker.invokeTestMethods(Invoker.java:1189)
	at org.testng.internal.TestMethodWorker.invokeTestMethods(TestMethodWorker.java:124)
	at org.testng.internal.TestMethodWorker.run(TestMethodWorker.java:108)
	at org.testng.TestRunner.privateRun(TestRunner.java:767)
	at org.testng.TestRunner.run(TestRunner.java:617)
	at org.testng.SuiteRunner.runTest(SuiteRunner.java:348)
	at org.testng.SuiteRunner.runSequentially(SuiteRunner.java:343)
	at org.testng.SuiteRunner.privateRun(SuiteRunner.java:305)
	at org.testng.SuiteRunner.run(SuiteRunner.java:254)
	at org.testng.SuiteRunnerWorker.runSuite(SuiteRunnerWorker.java:52)
	at org.testng.SuiteRunnerWorker.run(SuiteRunnerWorker.java:86)
	at org.testng.TestNG.runSuitesSequentially(TestNG.java:1224)
	at org.testng.TestNG.runSuitesLocally(TestNG.java:1149)
	at org.testng.TestNG.run(TestNG.java:1057)
	at org.testng.remote.RemoteTestNG.run(RemoteTestNG.java:115)
	at org.testng.remote.RemoteTestNG.initAndRun(RemoteTestNG.java:207)
	at org.testng.remote.RemoteTestNG.main(RemoteTestNG.java:178)
]]>
            </full-stacktrace>
          </exception> <!-- java.lang.Error -->
          <reporter-output>
          </reporter-output>
        </test-method> <!-- setupBeforeMethod -->
        <test-method status="SKIP" signature="testCase_DSV_Retail_Inquiry_001()[pri:0, instance:com.heb.enterprise.automationtest.retailinquiry.RetailInquiryTest@5ae63ade]" name="testCase_DSV_Retail_Inquiry_001" duration-ms="1" started-at="2015-10-30T15:40:30Z" finished-at="2015-10-30T15:40:30Z">
          <reporter-output>
          </reporter-output>
        </test-method> <!-- testCase_DSV_Retail_Inquiry_001 -->
        <test-method status="SKIP" signature="afterMethod()[pri:0, instance:com.heb.enterprise.automationtest.retailinquiry.RetailInquiryTest@5ae63ade]" name="afterMethod" is-config="true" duration-ms="0" started-at="2015-10-30T15:40:30Z" finished-at="2015-10-30T15:40:30Z">
          <reporter-output>
          </reporter-output>
        </test-method> <!-- afterMethod -->
        <test-method status="SKIP" signature="testCase_DSV_Retail_Inquiry_002()[pri:0, instance:com.heb.enterprise.automationtest.retailinquiry.RetailInquiryTest@5ae63ade]" name="testCase_DSV_Retail_Inquiry_002" duration-ms="0" started-at="2015-10-30T15:40:30Z" finished-at="2015-10-30T15:40:30Z">
          <reporter-output>
          </reporter-output>
        </test-method> <!-- testCase_DSV_Retail_Inquiry_002 -->
        <test-method status="SKIP" signature="setupBeforeMethod()[pri:0, instance:com.heb.enterprise.automationtest.retailinquiry.RetailInquiryTest@5ae63ade]" name="setupBeforeMethod" is-config="true" duration-ms="0" started-at="2015-10-30T15:40:30Z" finished-at="2015-10-30T15:40:30Z">
          <reporter-output>
          </reporter-output>
        </test-method> <!-- setupBeforeMethod -->
        <test-method status="SKIP" signature="afterMethod()[pri:0, instance:com.heb.enterprise.automationtest.retailinquiry.RetailInquiryTest@5ae63ade]" name="afterMethod" is-config="true" duration-ms="0" started-at="2015-10-30T15:40:30Z" finished-at="2015-10-30T15:40:30Z">
          <reporter-output>
          </reporter-output>
        </test-method> <!-- afterMethod -->
        <test-method status="SKIP" signature="setupBeforeMethod()[pri:0, instance:com.heb.enterprise.automationtest.retailinquiry.RetailInquiryTest@5ae63ade]" name="setupBeforeMethod" is-config="true" duration-ms="0" started-at="2015-10-30T15:40:30Z" finished-at="2015-10-30T15:40:30Z">
          <reporter-output>
          </reporter-output>
        </test-method> <!-- setupBeforeMethod -->
        <test-method status="SKIP" signature="afterMethod()[pri:0, instance:com.heb.enterprise.automationtest.retailinquiry.RetailInquiryTest@5ae63ade]" name="afterMethod" is-config="true" duration-ms="0" started-at="2015-10-30T15:40:30Z" finished-at="2015-10-30T15:40:30Z">
          <reporter-output>
          </reporter-output>
        </test-method> <!-- afterMethod -->
        <test-method status="SKIP" signature="testCase_DSV_Retail_Inquiry_003()[pri:0, instance:com.heb.enterprise.automationtest.retailinquiry.RetailInquiryTest@5ae63ade]" name="testCase_DSV_Retail_Inquiry_003" duration-ms="0" started-at="2015-10-30T15:40:30Z" finished-at="2015-10-30T15:40:30Z">
          <reporter-output>
          </reporter-output>
        </test-method> <!-- testCase_DSV_Retail_Inquiry_003 -->
        <test-method status="SKIP" signature="testCase_DSV_Retail_Inquiry_004()[pri:0, instance:com.heb.enterprise.automationtest.retailinquiry.RetailInquiryTest@5ae63ade]" name="testCase_DSV_Retail_Inquiry_004" duration-ms="1" started-at="2015-10-30T15:40:30Z" finished-at="2015-10-30T15:40:30Z">
          <reporter-output>
          </reporter-output>
        </test-method> <!-- testCase_DSV_Retail_Inquiry_004 -->
        <test-method status="SKIP" signature="setupBeforeMethod()[pri:0, instance:com.heb.enterprise.automationtest.retailinquiry.RetailInquiryTest@5ae63ade]" name="setupBeforeMethod" is-config="true" duration-ms="0" started-at="2015-10-30T15:40:30Z" finished-at="2015-10-30T15:40:30Z">
          <reporter-output>
          </reporter-output>
        </test-method> <!-- setupBeforeMethod -->
        <test-method status="SKIP" signature="afterMethod()[pri:0, instance:com.heb.enterprise.automationtest.retailinquiry.RetailInquiryTest@5ae63ade]" name="afterMethod" is-config="true" duration-ms="0" started-at="2015-10-30T15:40:30Z" finished-at="2015-10-30T15:40:30Z">
          <reporter-output>
          </reporter-output>
        </test-method> <!-- afterMethod -->
        <test-method status="SKIP" signature="setupBeforeMethod()[pri:0, instance:com.heb.enterprise.automationtest.retailinquiry.RetailInquiryTest@5ae63ade]" name="setupBeforeMethod" is-config="true" duration-ms="0" started-at="2015-10-30T15:40:30Z" finished-at="2015-10-30T15:40:30Z">
          <reporter-output>
          </reporter-output>
        </test-method> <!-- setupBeforeMethod -->
        <test-method status="SKIP" signature="testCase_DSV_Retail_Inquiry_005()[pri:0, instance:com.heb.enterprise.automationtest.retailinquiry.RetailInquiryTest@5ae63ade]" name="testCase_DSV_Retail_Inquiry_005" duration-ms="2" started-at="2015-10-30T15:40:30Z" finished-at="2015-10-30T15:40:30Z">
          <reporter-output>
          </reporter-output>
        </test-method> <!-- testCase_DSV_Retail_Inquiry_005 -->
        <test-method status="SKIP" signature="afterMethod()[pri:0, instance:com.heb.enterprise.automationtest.retailinquiry.RetailInquiryTest@5ae63ade]" name="afterMethod" is-config="true" duration-ms="0" started-at="2015-10-30T15:40:30Z" finished-at="2015-10-30T15:40:30Z">
          <reporter-output>
          </reporter-output>
        </test-method> <!-- afterMethod -->
        <test-method status="SKIP" signature="afterClass()[pri:0, instance:com.heb.enterprise.automationtest.retailinquiry.RetailInquiryTest@5ae63ade]" name="afterClass" is-config="true" duration-ms="0" started-at="2015-10-30T15:40:30Z" finished-at="2015-10-30T15:40:30Z">
          <reporter-output>
          </reporter-output>
        </test-method> <!-- afterClass -->
      </class> <!-- com.heb.enterprise.automationtest.retailinquiry.RetailInquiryTest -->
      <class name="com.heb.enterprise.automationtest.surrogatemapping.SurrogateMappingTest">
        <test-method status="FAIL" signature="beforeClass()[pri:0, instance:com.heb.enterprise.automationtest.surrogatemapping.SurrogateMappingTest@6e0e048a]" name="beforeClass" is-config="true" duration-ms="0" started-at="2015-10-30T15:39:36Z" finished-at="2015-10-30T15:39:36Z">
          <exception class="java.lang.Error">
            <message>
              <![CDATA[Unresolved compilation problem: 
	Cannot switch on a value of type String for source level below 1.7. Only convertible int values or enum variables are permitted
]]>
            </message>
            <full-stacktrace>
              <![CDATA[java.lang.Error: Unresolved compilation problem: 
	Cannot switch on a value of type String for source level below 1.7. Only convertible int values or enum variables are permitted

	at com.heb.enterprise.automationtest.page.CommonPage.clickOnMenu(CommonPage.java:128)
	at com.heb.enterprise.automationtest.surrogatemapping.SurrogateMappingTest.beforeClass(SurrogateMappingTest.java:34)
	at sun.reflect.NativeMethodAccessorImpl.invoke0(Native Method)
	at sun.reflect.NativeMethodAccessorImpl.invoke(NativeMethodAccessorImpl.java:62)
	at sun.reflect.DelegatingMethodAccessorImpl.invoke(DelegatingMethodAccessorImpl.java:43)
	at java.lang.reflect.Method.invoke(Method.java:497)
	at org.testng.internal.MethodInvocationHelper.invokeMethod(MethodInvocationHelper.java:85)
	at org.testng.internal.Invoker.invokeConfigurationMethod(Invoker.java:552)
	at org.testng.internal.Invoker.invokeConfigurations(Invoker.java:215)
	at org.testng.internal.Invoker.invokeConfigurations(Invoker.java:140)
	at org.testng.internal.TestMethodWorker.invokeBeforeClassMethods(TestMethodWorker.java:170)
	at org.testng.internal.TestMethodWorker.run(TestMethodWorker.java:104)
	at org.testng.TestRunner.privateRun(TestRunner.java:767)
	at org.testng.TestRunner.run(TestRunner.java:617)
	at org.testng.SuiteRunner.runTest(SuiteRunner.java:348)
	at org.testng.SuiteRunner.runSequentially(SuiteRunner.java:343)
	at org.testng.SuiteRunner.privateRun(SuiteRunner.java:305)
	at org.testng.SuiteRunner.run(SuiteRunner.java:254)
	at org.testng.SuiteRunnerWorker.runSuite(SuiteRunnerWorker.java:52)
	at org.testng.SuiteRunnerWorker.run(SuiteRunnerWorker.java:86)
	at org.testng.TestNG.runSuitesSequentially(TestNG.java:1224)
	at org.testng.TestNG.runSuitesLocally(TestNG.java:1149)
	at org.testng.TestNG.run(TestNG.java:1057)
	at org.testng.remote.RemoteTestNG.run(RemoteTestNG.java:115)
	at org.testng.remote.RemoteTestNG.initAndRun(RemoteTestNG.java:207)
	at org.testng.remote.RemoteTestNG.main(RemoteTestNG.java:178)
]]>
            </full-stacktrace>
          </exception> <!-- java.lang.Error -->
          <reporter-output>
          </reporter-output>
        </test-method> <!-- beforeClass -->
        <test-method status="SKIP" signature="AddNewWithButton()[pri:0, instance:com.heb.enterprise.automationtest.surrogatemapping.SurrogateMappingTest@6e0e048a]" name="AddNewWithButton" duration-ms="0" started-at="2015-10-30T15:39:54Z" finished-at="2015-10-30T15:39:54Z">
          <reporter-output>
          </reporter-output>
        </test-method> <!-- AddNewWithButton -->
        <test-method status="SKIP" signature="beforeMethod()[pri:0, instance:com.heb.enterprise.automationtest.surrogatemapping.SurrogateMappingTest@6e0e048a]" name="beforeMethod" is-config="true" duration-ms="0" started-at="2015-10-30T15:39:54Z" finished-at="2015-10-30T15:39:54Z">
          <reporter-output>
          </reporter-output>
        </test-method> <!-- beforeMethod -->
        <test-method status="SKIP" signature="beforeMethod()[pri:0, instance:com.heb.enterprise.automationtest.surrogatemapping.SurrogateMappingTest@6e0e048a]" name="beforeMethod" is-config="true" duration-ms="0" started-at="2015-10-30T15:39:54Z" finished-at="2015-10-30T15:39:54Z">
          <reporter-output>
          </reporter-output>
        </test-method> <!-- beforeMethod -->
        <test-method status="SKIP" signature="AddNewwithIcon()[pri:0, instance:com.heb.enterprise.automationtest.surrogatemapping.SurrogateMappingTest@6e0e048a]" name="AddNewwithIcon" duration-ms="1" started-at="2015-10-30T15:39:54Z" finished-at="2015-10-30T15:39:54Z">
          <reporter-output>
          </reporter-output>
        </test-method> <!-- AddNewwithIcon -->
        <test-method status="SKIP" signature="beforeMethod()[pri:0, instance:com.heb.enterprise.automationtest.surrogatemapping.SurrogateMappingTest@6e0e048a]" name="beforeMethod" is-config="true" duration-ms="0" started-at="2015-10-30T15:39:54Z" finished-at="2015-10-30T15:39:54Z">
          <reporter-output>
          </reporter-output>
        </test-method> <!-- beforeMethod -->
        <test-method status="SKIP" signature="BreadCrumb()[pri:0, instance:com.heb.enterprise.automationtest.surrogatemapping.SurrogateMappingTest@6e0e048a]" name="BreadCrumb" duration-ms="1" started-at="2015-10-30T15:39:54Z" finished-at="2015-10-30T15:39:54Z">
          <reporter-output>
          </reporter-output>
        </test-method> <!-- BreadCrumb -->
        <test-method status="SKIP" signature="beforeMethod()[pri:0, instance:com.heb.enterprise.automationtest.surrogatemapping.SurrogateMappingTest@6e0e048a]" name="beforeMethod" is-config="true" duration-ms="0" started-at="2015-10-30T15:39:54Z" finished-at="2015-10-30T15:39:54Z">
          <reporter-output>
          </reporter-output>
        </test-method> <!-- beforeMethod -->
        <test-method status="SKIP" signature="CheckTitle()[pri:0, instance:com.heb.enterprise.automationtest.surrogatemapping.SurrogateMappingTest@6e0e048a]" name="CheckTitle" duration-ms="0" started-at="2015-10-30T15:39:54Z" finished-at="2015-10-30T15:39:54Z">
          <reporter-output>
          </reporter-output>
        </test-method> <!-- CheckTitle -->
        <test-method status="SKIP" signature="DeleteNo()[pri:0, instance:com.heb.enterprise.automationtest.surrogatemapping.SurrogateMappingTest@6e0e048a]" name="DeleteNo" duration-ms="1" started-at="2015-10-30T15:39:54Z" finished-at="2015-10-30T15:39:54Z">
          <reporter-output>
          </reporter-output>
        </test-method> <!-- DeleteNo -->
        <test-method status="SKIP" signature="beforeMethod()[pri:0, instance:com.heb.enterprise.automationtest.surrogatemapping.SurrogateMappingTest@6e0e048a]" name="beforeMethod" is-config="true" duration-ms="0" started-at="2015-10-30T15:39:54Z" finished-at="2015-10-30T15:39:54Z">
          <reporter-output>
          </reporter-output>
        </test-method> <!-- beforeMethod -->
        <test-method status="SKIP" signature="beforeMethod()[pri:0, instance:com.heb.enterprise.automationtest.surrogatemapping.SurrogateMappingTest@6e0e048a]" name="beforeMethod" is-config="true" duration-ms="0" started-at="2015-10-30T15:39:54Z" finished-at="2015-10-30T15:39:54Z">
          <reporter-output>
          </reporter-output>
        </test-method> <!-- beforeMethod -->
        <test-method status="SKIP" signature="DeleteYes()[pri:0, instance:com.heb.enterprise.automationtest.surrogatemapping.SurrogateMappingTest@6e0e048a]" name="DeleteYes" duration-ms="6" started-at="2015-10-30T15:39:54Z" finished-at="2015-10-30T15:39:54Z">
          <reporter-output>
          </reporter-output>
        </test-method> <!-- DeleteYes -->
        <test-method status="SKIP" signature="beforeMethod()[pri:0, instance:com.heb.enterprise.automationtest.surrogatemapping.SurrogateMappingTest@6e0e048a]" name="beforeMethod" is-config="true" duration-ms="0" started-at="2015-10-30T15:39:54Z" finished-at="2015-10-30T15:39:54Z">
          <reporter-output>
          </reporter-output>
        </test-method> <!-- beforeMethod -->
        <test-method status="SKIP" signature="PaggingBar()[pri:0, instance:com.heb.enterprise.automationtest.surrogatemapping.SurrogateMappingTest@6e0e048a]" name="PaggingBar" duration-ms="1" started-at="2015-10-30T15:39:54Z" finished-at="2015-10-30T15:39:54Z">
          <reporter-output>
          </reporter-output>
        </test-method> <!-- PaggingBar -->
        <test-method status="SKIP" signature="beforeMethod()[pri:0, instance:com.heb.enterprise.automationtest.surrogatemapping.SurrogateMappingTest@6e0e048a]" name="beforeMethod" is-config="true" duration-ms="0" started-at="2015-10-30T15:39:54Z" finished-at="2015-10-30T15:39:54Z">
          <reporter-output>
          </reporter-output>
        </test-method> <!-- beforeMethod -->
        <test-method status="SKIP" signature="SearchIconUser()[pri:0, instance:com.heb.enterprise.automationtest.surrogatemapping.SurrogateMappingTest@6e0e048a]" name="SearchIconUser" duration-ms="0" started-at="2015-10-30T15:39:54Z" finished-at="2015-10-30T15:39:54Z">
          <reporter-output>
          </reporter-output>
        </test-method> <!-- SearchIconUser -->
        <test-method status="SKIP" signature="beforeMethod()[pri:0, instance:com.heb.enterprise.automationtest.surrogatemapping.SurrogateMappingTest@6e0e048a]" name="beforeMethod" is-config="true" duration-ms="0" started-at="2015-10-30T15:39:54Z" finished-at="2015-10-30T15:39:54Z">
          <reporter-output>
          </reporter-output>
        </test-method> <!-- beforeMethod -->
        <test-method status="SKIP" signature="SearchUser()[pri:0, instance:com.heb.enterprise.automationtest.surrogatemapping.SurrogateMappingTest@6e0e048a]" name="SearchUser" duration-ms="0" started-at="2015-10-30T15:39:54Z" finished-at="2015-10-30T15:39:54Z">
          <reporter-output>
          </reporter-output>
        </test-method> <!-- SearchUser -->
        <test-method status="SKIP" signature="afterClass()[pri:0, instance:com.heb.enterprise.automationtest.surrogatemapping.SurrogateMappingTest@6e0e048a]" name="afterClass" is-config="true" duration-ms="0" started-at="2015-10-30T15:39:54Z" finished-at="2015-10-30T15:39:54Z">
          <reporter-output>
          </reporter-output>
        </test-method> <!-- afterClass -->
      </class> <!-- com.heb.enterprise.automationtest.surrogatemapping.SurrogateMappingTest -->
      <class name="com.heb.enterprise.automationtest.pricingrule.PricingRuleTest">
        <test-method status="PASS" signature="setupAllTest()[pri:0, instance:com.heb.enterprise.automationtest.pricingrule.PricingRuleTest@4b4523f8]" name="setupAllTest" is-config="true" duration-ms="22651" started-at="2015-10-30T15:36:23Z" finished-at="2015-10-30T15:36:45Z">
          <reporter-output>
          </reporter-output>
        </test-method> <!-- setupAllTest -->
        <test-method status="PASS" signature="setupTest()[pri:0, instance:com.heb.enterprise.automationtest.pricingrule.PricingRuleTest@4b4523f8]" name="setupTest" is-config="true" duration-ms="10587" started-at="2015-10-30T15:36:45Z" finished-at="2015-10-30T15:36:56Z">
          <reporter-output>
          </reporter-output>
        </test-method> <!-- setupTest -->
        <test-method status="PASS" signature="TC_Pricing_Rules_001_Test()[pri:0, instance:com.heb.enterprise.automationtest.pricingrule.PricingRuleTest@4b4523f8]" name="TC_Pricing_Rules_001_Test" duration-ms="336" started-at="2015-10-30T15:36:56Z" finished-at="2015-10-30T15:36:56Z">
          <reporter-output>
          </reporter-output>
        </test-method> <!-- TC_Pricing_Rules_001_Test -->
        <test-method status="PASS" signature="teardown()[pri:0, instance:com.heb.enterprise.automationtest.pricingrule.PricingRuleTest@4b4523f8]" name="teardown" is-config="true" duration-ms="0" started-at="2015-10-30T15:36:56Z" finished-at="2015-10-30T15:36:56Z">
          <reporter-output>
          </reporter-output>
        </test-method> <!-- teardown -->
        <test-method status="PASS" signature="setupTest()[pri:0, instance:com.heb.enterprise.automationtest.pricingrule.PricingRuleTest@4b4523f8]" name="setupTest" is-config="true" duration-ms="10522" started-at="2015-10-30T15:36:56Z" finished-at="2015-10-30T15:37:07Z">
          <reporter-output>
          </reporter-output>
        </test-method> <!-- setupTest -->
        <test-method status="PASS" signature="TC_Pricing_Rules_002_Test()[pri:0, instance:com.heb.enterprise.automationtest.pricingrule.PricingRuleTest@4b4523f8]" name="TC_Pricing_Rules_002_Test" duration-ms="5225" started-at="2015-10-30T15:37:07Z" finished-at="2015-10-30T15:37:12Z">
          <reporter-output>
          </reporter-output>
        </test-method> <!-- TC_Pricing_Rules_002_Test -->
        <test-method status="PASS" signature="setupTest()[pri:0, instance:com.heb.enterprise.automationtest.pricingrule.PricingRuleTest@4b4523f8]" name="setupTest" is-config="true" duration-ms="10432" started-at="2015-10-30T15:37:12Z" finished-at="2015-10-30T15:37:22Z">
          <reporter-output>
          </reporter-output>
        </test-method> <!-- setupTest -->
        <test-method status="PASS" signature="teardown()[pri:0, instance:com.heb.enterprise.automationtest.pricingrule.PricingRuleTest@4b4523f8]" name="teardown" is-config="true" duration-ms="0" started-at="2015-10-30T15:37:12Z" finished-at="2015-10-30T15:37:12Z">
          <reporter-output>
          </reporter-output>
        </test-method> <!-- teardown -->
        <test-method status="PASS" signature="TC_Pricing_Rules_003_Test()[pri:0, instance:com.heb.enterprise.automationtest.pricingrule.PricingRuleTest@4b4523f8]" name="TC_Pricing_Rules_003_Test" duration-ms="7256" started-at="2015-10-30T15:37:22Z" finished-at="2015-10-30T15:37:30Z">
          <reporter-output>
          </reporter-output>
        </test-method> <!-- TC_Pricing_Rules_003_Test -->
        <test-method status="PASS" signature="teardown()[pri:0, instance:com.heb.enterprise.automationtest.pricingrule.PricingRuleTest@4b4523f8]" name="teardown" is-config="true" duration-ms="0" started-at="2015-10-30T15:37:30Z" finished-at="2015-10-30T15:37:30Z">
          <reporter-output>
          </reporter-output>
        </test-method> <!-- teardown -->
        <test-method status="PASS" signature="setupTest()[pri:0, instance:com.heb.enterprise.automationtest.pricingrule.PricingRuleTest@4b4523f8]" name="setupTest" is-config="true" duration-ms="10518" started-at="2015-10-30T15:37:30Z" finished-at="2015-10-30T15:37:40Z">
          <reporter-output>
          </reporter-output>
        </test-method> <!-- setupTest -->
        <test-method status="PASS" signature="TC_Pricing_Rules_004_Test()[pri:0, instance:com.heb.enterprise.automationtest.pricingrule.PricingRuleTest@4b4523f8]" name="TC_Pricing_Rules_004_Test" duration-ms="5258" started-at="2015-10-30T15:37:40Z" finished-at="2015-10-30T15:37:45Z">
          <reporter-output>
          </reporter-output>
        </test-method> <!-- TC_Pricing_Rules_004_Test -->
        <test-method status="PASS" signature="setupTest()[pri:0, instance:com.heb.enterprise.automationtest.pricingrule.PricingRuleTest@4b4523f8]" name="setupTest" is-config="true" duration-ms="10724" started-at="2015-10-30T15:37:45Z" finished-at="2015-10-30T15:37:56Z">
          <reporter-output>
          </reporter-output>
        </test-method> <!-- setupTest -->
        <test-method status="PASS" signature="teardown()[pri:0, instance:com.heb.enterprise.automationtest.pricingrule.PricingRuleTest@4b4523f8]" name="teardown" is-config="true" duration-ms="0" started-at="2015-10-30T15:37:45Z" finished-at="2015-10-30T15:37:45Z">
          <reporter-output>
          </reporter-output>
        </test-method> <!-- teardown -->
        <test-method status="PASS" signature="TC_Pricing_Rules_005_Test()[pri:0, instance:com.heb.enterprise.automationtest.pricingrule.PricingRuleTest@4b4523f8]" name="TC_Pricing_Rules_005_Test" duration-ms="5722" started-at="2015-10-30T15:37:56Z" finished-at="2015-10-30T15:38:02Z">
          <reporter-output>
          </reporter-output>
        </test-method> <!-- TC_Pricing_Rules_005_Test -->
        <test-method status="PASS" signature="setupTest()[pri:0, instance:com.heb.enterprise.automationtest.pricingrule.PricingRuleTest@4b4523f8]" name="setupTest" is-config="true" duration-ms="10772" started-at="2015-10-30T15:38:02Z" finished-at="2015-10-30T15:38:13Z">
          <reporter-output>
          </reporter-output>
        </test-method> <!-- setupTest -->
        <test-method status="PASS" signature="teardown()[pri:0, instance:com.heb.enterprise.automationtest.pricingrule.PricingRuleTest@4b4523f8]" name="teardown" is-config="true" duration-ms="0" started-at="2015-10-30T15:38:02Z" finished-at="2015-10-30T15:38:02Z">
          <reporter-output>
          </reporter-output>
        </test-method> <!-- teardown -->
        <test-method status="PASS" signature="TC_Pricing_Rules_006_Test()[pri:0, instance:com.heb.enterprise.automationtest.pricingrule.PricingRuleTest@4b4523f8]" name="TC_Pricing_Rules_006_Test" duration-ms="6451" started-at="2015-10-30T15:38:13Z" finished-at="2015-10-30T15:38:19Z">
          <reporter-output>
          </reporter-output>
        </test-method> <!-- TC_Pricing_Rules_006_Test -->
        <test-method status="PASS" signature="teardown()[pri:0, instance:com.heb.enterprise.automationtest.pricingrule.PricingRuleTest@4b4523f8]" name="teardown" is-config="true" duration-ms="0" started-at="2015-10-30T15:38:19Z" finished-at="2015-10-30T15:38:19Z">
          <reporter-output>
          </reporter-output>
        </test-method> <!-- teardown -->
        <test-method status="PASS" signature="setupTest()[pri:0, instance:com.heb.enterprise.automationtest.pricingrule.PricingRuleTest@4b4523f8]" name="setupTest" is-config="true" duration-ms="10443" started-at="2015-10-30T15:38:19Z" finished-at="2015-10-30T15:38:30Z">
          <reporter-output>
          </reporter-output>
        </test-method> <!-- setupTest -->
        <test-method status="PASS" signature="TC_Pricing_Rules_007_Test()[pri:0, instance:com.heb.enterprise.automationtest.pricingrule.PricingRuleTest@4b4523f8]" name="TC_Pricing_Rules_007_Test" duration-ms="6402" started-at="2015-10-30T15:38:30Z" finished-at="2015-10-30T15:38:36Z">
          <reporter-output>
          </reporter-output>
        </test-method> <!-- TC_Pricing_Rules_007_Test -->
        <test-method status="PASS" signature="setupTest()[pri:0, instance:com.heb.enterprise.automationtest.pricingrule.PricingRuleTest@4b4523f8]" name="setupTest" is-config="true" duration-ms="10502" started-at="2015-10-30T15:38:36Z" finished-at="2015-10-30T15:38:46Z">
          <reporter-output>
          </reporter-output>
        </test-method> <!-- setupTest -->
        <test-method status="PASS" signature="teardown()[pri:0, instance:com.heb.enterprise.automationtest.pricingrule.PricingRuleTest@4b4523f8]" name="teardown" is-config="true" duration-ms="0" started-at="2015-10-30T15:38:36Z" finished-at="2015-10-30T15:38:36Z">
          <reporter-output>
          </reporter-output>
        </test-method> <!-- teardown -->
        <test-method status="PASS" signature="TC_Pricing_Rules_008_Test()[pri:0, instance:com.heb.enterprise.automationtest.pricingrule.PricingRuleTest@4b4523f8]" name="TC_Pricing_Rules_008_Test" duration-ms="5710" started-at="2015-10-30T15:38:46Z" finished-at="2015-10-30T15:38:52Z">
          <reporter-output>
          </reporter-output>
        </test-method> <!-- TC_Pricing_Rules_008_Test -->
        <test-method status="PASS" signature="teardown()[pri:0, instance:com.heb.enterprise.automationtest.pricingrule.PricingRuleTest@4b4523f8]" name="teardown" is-config="true" duration-ms="0" started-at="2015-10-30T15:38:52Z" finished-at="2015-10-30T15:38:52Z">
          <reporter-output>
          </reporter-output>
        </test-method> <!-- teardown -->
        <test-method status="PASS" signature="teardownClass()[pri:0, instance:com.heb.enterprise.automationtest.pricingrule.PricingRuleTest@4b4523f8]" name="teardownClass" is-config="true" duration-ms="13" started-at="2015-10-30T15:38:52Z" finished-at="2015-10-30T15:38:52Z">
          <reporter-output>
          </reporter-output>
        </test-method> <!-- teardownClass -->
      </class> <!-- com.heb.enterprise.automationtest.pricingrule.PricingRuleTest -->
      <class name="com.heb.enterprise.automationtest.costreview.CostReviewTest">
        <test-method status="FAIL" signature="beforeClass()[pri:0, instance:com.heb.enterprise.automationtest.costreview.CostReviewTest@23e028a9]" name="beforeClass" is-config="true" duration-ms="0" started-at="2015-10-30T15:42:17Z" finished-at="2015-10-30T15:42:17Z">
          <exception class="java.lang.Error">
            <message>
              <![CDATA[Unresolved compilation problem: 
	The method apply(WebDriver) of type new Predicate<WebDriver>(){} must override a superclass method
]]>
            </message>
            <full-stacktrace>
              <![CDATA[java.lang.Error: Unresolved compilation problem: 
	The method apply(WebDriver) of type new Predicate<WebDriver>(){} must override a superclass method

	at com.heb.enterprise.automationtest.costreview.CostReviewTest$2.apply(CostReviewTest.java:266)
	at com.heb.enterprise.automationtest.costreview.CostReviewTest$2.apply(CostReviewTest.java:1)
	at org.openqa.selenium.support.ui.FluentWait$3.apply(FluentWait.java:207)
	at org.openqa.selenium.support.ui.FluentWait$3.apply(FluentWait.java:205)
	at org.openqa.selenium.support.ui.FluentWait.until(FluentWait.java:238)
	at org.openqa.selenium.support.ui.FluentWait.until(FluentWait.java:205)
	at com.heb.enterprise.automationtest.costreview.CostReviewTest.waitForPageLoad(CostReviewTest.java:264)
	at com.heb.enterprise.automationtest.costreview.CostReviewTest.beforeClass(CostReviewTest.java:37)
	at sun.reflect.NativeMethodAccessorImpl.invoke0(Native Method)
	at sun.reflect.NativeMethodAccessorImpl.invoke(NativeMethodAccessorImpl.java:62)
	at sun.reflect.DelegatingMethodAccessorImpl.invoke(DelegatingMethodAccessorImpl.java:43)
	at java.lang.reflect.Method.invoke(Method.java:497)
	at org.testng.internal.MethodInvocationHelper.invokeMethod(MethodInvocationHelper.java:85)
	at org.testng.internal.Invoker.invokeConfigurationMethod(Invoker.java:552)
	at org.testng.internal.Invoker.invokeConfigurations(Invoker.java:215)
	at org.testng.internal.Invoker.invokeConfigurations(Invoker.java:140)
	at org.testng.internal.TestMethodWorker.invokeBeforeClassMethods(TestMethodWorker.java:170)
	at org.testng.internal.TestMethodWorker.run(TestMethodWorker.java:104)
	at org.testng.TestRunner.privateRun(TestRunner.java:767)
	at org.testng.TestRunner.run(TestRunner.java:617)
	at org.testng.SuiteRunner.runTest(SuiteRunner.java:348)
	at org.testng.SuiteRunner.runSequentially(SuiteRunner.java:343)
	at org.testng.SuiteRunner.privateRun(SuiteRunner.java:305)
	at org.testng.SuiteRunner.run(SuiteRunner.java:254)
	at org.testng.SuiteRunnerWorker.runSuite(SuiteRunnerWorker.java:52)
	at org.testng.SuiteRunnerWorker.run(SuiteRunnerWorker.java:86)
	at org.testng.TestNG.runSuitesSequentially(TestNG.java:1224)
	at org.testng.TestNG.runSuitesLocally(TestNG.java:1149)
	at org.testng.TestNG.run(TestNG.java:1057)
	at org.testng.remote.RemoteTestNG.run(RemoteTestNG.java:115)
	at org.testng.remote.RemoteTestNG.initAndRun(RemoteTestNG.java:207)
	at org.testng.remote.RemoteTestNG.main(RemoteTestNG.java:178)
]]>
            </full-stacktrace>
          </exception> <!-- java.lang.Error -->
          <reporter-output>
          </reporter-output>
        </test-method> <!-- beforeClass -->
        <test-method status="SKIP" signature="beforeMethod()[pri:0, instance:com.heb.enterprise.automationtest.costreview.CostReviewTest@23e028a9]" name="beforeMethod" is-config="true" duration-ms="0" started-at="2015-10-30T15:42:27Z" finished-at="2015-10-30T15:42:27Z">
          <reporter-output>
          </reporter-output>
        </test-method> <!-- beforeMethod -->
        <test-method status="SKIP" signature="testCase_DSV_Cost_Reivew_001()[pri:0, instance:com.heb.enterprise.automationtest.costreview.CostReviewTest@23e028a9]" name="testCase_DSV_Cost_Reivew_001" duration-ms="0" started-at="2015-10-30T15:42:27Z" finished-at="2015-10-30T15:42:27Z">
          <reporter-output>
          </reporter-output>
        </test-method> <!-- testCase_DSV_Cost_Reivew_001 -->
        <test-method status="SKIP" signature="beforeMethod()[pri:0, instance:com.heb.enterprise.automationtest.costreview.CostReviewTest@23e028a9]" name="beforeMethod" is-config="true" duration-ms="0" started-at="2015-10-30T15:42:27Z" finished-at="2015-10-30T15:42:27Z">
          <reporter-output>
          </reporter-output>
        </test-method> <!-- beforeMethod -->
        <test-method status="SKIP" signature="testCase_DSV_Cost_Reivew_002()[pri:0, instance:com.heb.enterprise.automationtest.costreview.CostReviewTest@23e028a9]" name="testCase_DSV_Cost_Reivew_002" duration-ms="0" started-at="2015-10-30T15:42:27Z" finished-at="2015-10-30T15:42:27Z">
          <reporter-output>
          </reporter-output>
        </test-method> <!-- testCase_DSV_Cost_Reivew_002 -->
        <test-method status="SKIP" signature="beforeMethod()[pri:0, instance:com.heb.enterprise.automationtest.costreview.CostReviewTest@23e028a9]" name="beforeMethod" is-config="true" duration-ms="0" started-at="2015-10-30T15:42:27Z" finished-at="2015-10-30T15:42:27Z">
          <reporter-output>
          </reporter-output>
        </test-method> <!-- beforeMethod -->
        <test-method status="SKIP" signature="testCase_DSV_Cost_Reivew_003()[pri:0, instance:com.heb.enterprise.automationtest.costreview.CostReviewTest@23e028a9]" name="testCase_DSV_Cost_Reivew_003" duration-ms="0" started-at="2015-10-30T15:42:27Z" finished-at="2015-10-30T15:42:27Z">
          <reporter-output>
          </reporter-output>
        </test-method> <!-- testCase_DSV_Cost_Reivew_003 -->
        <test-method status="SKIP" signature="beforeMethod()[pri:0, instance:com.heb.enterprise.automationtest.costreview.CostReviewTest@23e028a9]" name="beforeMethod" is-config="true" duration-ms="0" started-at="2015-10-30T15:42:27Z" finished-at="2015-10-30T15:42:27Z">
          <reporter-output>
          </reporter-output>
        </test-method> <!-- beforeMethod -->
        <test-method status="SKIP" signature="testCase_DSV_Cost_Reivew_004()[pri:0, instance:com.heb.enterprise.automationtest.costreview.CostReviewTest@23e028a9]" name="testCase_DSV_Cost_Reivew_004" duration-ms="1" started-at="2015-10-30T15:42:27Z" finished-at="2015-10-30T15:42:27Z">
          <reporter-output>
          </reporter-output>
        </test-method> <!-- testCase_DSV_Cost_Reivew_004 -->
        <test-method status="SKIP" signature="beforeMethod()[pri:0, instance:com.heb.enterprise.automationtest.costreview.CostReviewTest@23e028a9]" name="beforeMethod" is-config="true" duration-ms="0" started-at="2015-10-30T15:42:27Z" finished-at="2015-10-30T15:42:27Z">
          <reporter-output>
          </reporter-output>
        </test-method> <!-- beforeMethod -->
        <test-method status="SKIP" signature="testCase_DSV_Cost_Reivew_005()[pri:0, instance:com.heb.enterprise.automationtest.costreview.CostReviewTest@23e028a9]" name="testCase_DSV_Cost_Reivew_005" duration-ms="1" started-at="2015-10-30T15:42:27Z" finished-at="2015-10-30T15:42:27Z">
          <reporter-output>
          </reporter-output>
        </test-method> <!-- testCase_DSV_Cost_Reivew_005 -->
        <test-method status="SKIP" signature="beforeMethod()[pri:0, instance:com.heb.enterprise.automationtest.costreview.CostReviewTest@23e028a9]" name="beforeMethod" is-config="true" duration-ms="0" started-at="2015-10-30T15:42:27Z" finished-at="2015-10-30T15:42:27Z">
          <reporter-output>
          </reporter-output>
        </test-method> <!-- beforeMethod -->
        <test-method status="SKIP" signature="testCase_DSV_Cost_Reivew_006()[pri:0, instance:com.heb.enterprise.automationtest.costreview.CostReviewTest@23e028a9]" name="testCase_DSV_Cost_Reivew_006" duration-ms="1" started-at="2015-10-30T15:42:27Z" finished-at="2015-10-30T15:42:27Z">
          <reporter-output>
          </reporter-output>
        </test-method> <!-- testCase_DSV_Cost_Reivew_006 -->
        <test-method status="SKIP" signature="beforeMethod()[pri:0, instance:com.heb.enterprise.automationtest.costreview.CostReviewTest@23e028a9]" name="beforeMethod" is-config="true" duration-ms="0" started-at="2015-10-30T15:42:27Z" finished-at="2015-10-30T15:42:27Z">
          <reporter-output>
          </reporter-output>
        </test-method> <!-- beforeMethod -->
        <test-method status="SKIP" signature="testCase_DSV_Cost_Reivew_007()[pri:0, instance:com.heb.enterprise.automationtest.costreview.CostReviewTest@23e028a9]" name="testCase_DSV_Cost_Reivew_007" duration-ms="0" started-at="2015-10-30T15:42:27Z" finished-at="2015-10-30T15:42:27Z">
          <reporter-output>
          </reporter-output>
        </test-method> <!-- testCase_DSV_Cost_Reivew_007 -->
        <test-method status="SKIP" signature="beforeMethod()[pri:0, instance:com.heb.enterprise.automationtest.costreview.CostReviewTest@23e028a9]" name="beforeMethod" is-config="true" duration-ms="0" started-at="2015-10-30T15:42:27Z" finished-at="2015-10-30T15:42:27Z">
          <reporter-output>
          </reporter-output>
        </test-method> <!-- beforeMethod -->
        <test-method status="SKIP" signature="testCase_DSV_Cost_Reivew_008()[pri:0, instance:com.heb.enterprise.automationtest.costreview.CostReviewTest@23e028a9]" name="testCase_DSV_Cost_Reivew_008" duration-ms="0" started-at="2015-10-30T15:42:27Z" finished-at="2015-10-30T15:42:27Z">
          <reporter-output>
          </reporter-output>
        </test-method> <!-- testCase_DSV_Cost_Reivew_008 -->
        <test-method status="SKIP" signature="beforeMethod()[pri:0, instance:com.heb.enterprise.automationtest.costreview.CostReviewTest@23e028a9]" name="beforeMethod" is-config="true" duration-ms="0" started-at="2015-10-30T15:42:27Z" finished-at="2015-10-30T15:42:27Z">
          <reporter-output>
          </reporter-output>
        </test-method> <!-- beforeMethod -->
        <test-method status="SKIP" signature="testCase_DSV_Cost_Reivew_009()[pri:0, instance:com.heb.enterprise.automationtest.costreview.CostReviewTest@23e028a9]" name="testCase_DSV_Cost_Reivew_009" duration-ms="0" started-at="2015-10-30T15:42:27Z" finished-at="2015-10-30T15:42:27Z">
          <reporter-output>
          </reporter-output>
        </test-method> <!-- testCase_DSV_Cost_Reivew_009 -->
        <test-method status="SKIP" signature="beforeMethod()[pri:0, instance:com.heb.enterprise.automationtest.costreview.CostReviewTest@23e028a9]" name="beforeMethod" is-config="true" duration-ms="0" started-at="2015-10-30T15:42:27Z" finished-at="2015-10-30T15:42:27Z">
          <reporter-output>
          </reporter-output>
        </test-method> <!-- beforeMethod -->
        <test-method status="SKIP" signature="testCase_DSV_Cost_Reivew_010()[pri:0, instance:com.heb.enterprise.automationtest.costreview.CostReviewTest@23e028a9]" name="testCase_DSV_Cost_Reivew_010" duration-ms="1" started-at="2015-10-30T15:42:27Z" finished-at="2015-10-30T15:42:27Z">
          <reporter-output>
          </reporter-output>
        </test-method> <!-- testCase_DSV_Cost_Reivew_010 -->
        <test-method status="SKIP" signature="beforeMethod()[pri:0, instance:com.heb.enterprise.automationtest.costreview.CostReviewTest@23e028a9]" name="beforeMethod" is-config="true" duration-ms="0" started-at="2015-10-30T15:42:27Z" finished-at="2015-10-30T15:42:27Z">
          <reporter-output>
          </reporter-output>
        </test-method> <!-- beforeMethod -->
        <test-method status="SKIP" signature="testCase_DSV_Cost_Reivew_011()[pri:0, instance:com.heb.enterprise.automationtest.costreview.CostReviewTest@23e028a9]" name="testCase_DSV_Cost_Reivew_011" duration-ms="1" started-at="2015-10-30T15:42:27Z" finished-at="2015-10-30T15:42:27Z">
          <reporter-output>
          </reporter-output>
        </test-method> <!-- testCase_DSV_Cost_Reivew_011 -->
        <test-method status="SKIP" signature="testCase_DSV_Cost_Reivew_012()[pri:0, instance:com.heb.enterprise.automationtest.costreview.CostReviewTest@23e028a9]" name="testCase_DSV_Cost_Reivew_012" duration-ms="1" started-at="2015-10-30T15:42:27Z" finished-at="2015-10-30T15:42:27Z">
          <reporter-output>
          </reporter-output>
        </test-method> <!-- testCase_DSV_Cost_Reivew_012 -->
        <test-method status="SKIP" signature="beforeMethod()[pri:0, instance:com.heb.enterprise.automationtest.costreview.CostReviewTest@23e028a9]" name="beforeMethod" is-config="true" duration-ms="0" started-at="2015-10-30T15:42:27Z" finished-at="2015-10-30T15:42:27Z">
          <reporter-output>
          </reporter-output>
        </test-method> <!-- beforeMethod -->
        <test-method status="SKIP" signature="afterClass()[pri:0, instance:com.heb.enterprise.automationtest.costreview.CostReviewTest@23e028a9]" name="afterClass" is-config="true" duration-ms="0" started-at="2015-10-30T15:42:27Z" finished-at="2015-10-30T15:42:27Z">
          <reporter-output>
          </reporter-output>
        </test-method> <!-- afterClass -->
      </class> <!-- com.heb.enterprise.automationtest.costreview.CostReviewTest -->
      <class name="com.heb.enterprise.automationtest.common.InitialTestSuite">
        <test-method status="PASS" signature="beforeSuite()[pri:0, instance:com.heb.enterprise.automationtest.common.InitialTestSuite@5bc79255]" name="beforeSuite" is-config="true" duration-ms="19" started-at="2015-10-30T15:36:23Z" finished-at="2015-10-30T15:36:23Z">
          <reporter-output>
          </reporter-output>
        </test-method> <!-- beforeSuite -->
      </class> <!-- com.heb.enterprise.automationtest.common.InitialTestSuite -->
      <class name="com.heb.enterprise.automationtest.vendormanagement.VendorManagementTest">
        <test-method status="PASS" signature="beforeMethod()[pri:0, instance:com.heb.enterprise.automationtest.vendormanagement.VendorManagementTest@5b87ed94]" name="beforeMethod" is-config="true" duration-ms="17544" started-at="2015-10-30T15:39:54Z" finished-at="2015-10-30T15:40:12Z">
          <reporter-output>
          </reporter-output>
        </test-method> <!-- beforeMethod -->
        <test-method status="FAIL" signature="setupBeforeMethod()[pri:0, instance:com.heb.enterprise.automationtest.vendormanagement.VendorManagementTest@5b87ed94]" name="setupBeforeMethod" is-config="true" duration-ms="0" started-at="2015-10-30T15:40:12Z" finished-at="2015-10-30T15:40:12Z">
          <exception class="java.lang.Error">
            <message>
              <![CDATA[Unresolved compilation problem: 
	Cannot switch on a value of type String for source level below 1.7. Only convertible int values or enum variables are permitted
]]>
            </message>
            <full-stacktrace>
              <![CDATA[java.lang.Error: Unresolved compilation problem: 
	Cannot switch on a value of type String for source level below 1.7. Only convertible int values or enum variables are permitted

	at com.heb.enterprise.automationtest.page.CommonPage.clickOnMenu(CommonPage.java:128)
	at com.heb.enterprise.automationtest.vendormanagement.VendorManagementTest.setupBeforeMethod(VendorManagementTest.java:42)
	at sun.reflect.NativeMethodAccessorImpl.invoke0(Native Method)
	at sun.reflect.NativeMethodAccessorImpl.invoke(NativeMethodAccessorImpl.java:62)
	at sun.reflect.DelegatingMethodAccessorImpl.invoke(DelegatingMethodAccessorImpl.java:43)
	at java.lang.reflect.Method.invoke(Method.java:497)
	at org.testng.internal.MethodInvocationHelper.invokeMethod(MethodInvocationHelper.java:85)
	at org.testng.internal.Invoker.invokeConfigurationMethod(Invoker.java:552)
	at org.testng.internal.Invoker.invokeConfigurations(Invoker.java:215)
	at org.testng.internal.Invoker.invokeMethod(Invoker.java:636)
	at org.testng.internal.Invoker.invokeTestMethod(Invoker.java:882)
	at org.testng.internal.Invoker.invokeTestMethods(Invoker.java:1189)
	at org.testng.internal.TestMethodWorker.invokeTestMethods(TestMethodWorker.java:124)
	at org.testng.internal.TestMethodWorker.run(TestMethodWorker.java:108)
	at org.testng.TestRunner.privateRun(TestRunner.java:767)
	at org.testng.TestRunner.run(TestRunner.java:617)
	at org.testng.SuiteRunner.runTest(SuiteRunner.java:348)
	at org.testng.SuiteRunner.runSequentially(SuiteRunner.java:343)
	at org.testng.SuiteRunner.privateRun(SuiteRunner.java:305)
	at org.testng.SuiteRunner.run(SuiteRunner.java:254)
	at org.testng.SuiteRunnerWorker.runSuite(SuiteRunnerWorker.java:52)
	at org.testng.SuiteRunnerWorker.run(SuiteRunnerWorker.java:86)
	at org.testng.TestNG.runSuitesSequentially(TestNG.java:1224)
	at org.testng.TestNG.runSuitesLocally(TestNG.java:1149)
	at org.testng.TestNG.run(TestNG.java:1057)
	at org.testng.remote.RemoteTestNG.run(RemoteTestNG.java:115)
	at org.testng.remote.RemoteTestNG.initAndRun(RemoteTestNG.java:207)
	at org.testng.remote.RemoteTestNG.main(RemoteTestNG.java:178)
]]>
            </full-stacktrace>
          </exception> <!-- java.lang.Error -->
          <reporter-output>
          </reporter-output>
        </test-method> <!-- setupBeforeMethod -->
        <test-method status="SKIP" signature="vendorMangementTC1()[pri:0, instance:com.heb.enterprise.automationtest.vendormanagement.VendorManagementTest@5b87ed94]" name="vendorMangementTC1" duration-ms="0" started-at="2015-10-30T15:40:12Z" finished-at="2015-10-30T15:40:12Z">
          <reporter-output>
          </reporter-output>
        </test-method> <!-- vendorMangementTC1 -->
        <test-method status="SKIP" signature="afterMethod()[pri:0, instance:com.heb.enterprise.automationtest.vendormanagement.VendorManagementTest@5b87ed94]" name="afterMethod" is-config="true" duration-ms="0" started-at="2015-10-30T15:40:12Z" finished-at="2015-10-30T15:40:12Z">
          <reporter-output>
          </reporter-output>
        </test-method> <!-- afterMethod -->
        <test-method status="SKIP" signature="vendorMangementTC2()[pri:0, instance:com.heb.enterprise.automationtest.vendormanagement.VendorManagementTest@5b87ed94]" name="vendorMangementTC2" duration-ms="1" started-at="2015-10-30T15:40:12Z" finished-at="2015-10-30T15:40:12Z">
          <reporter-output>
          </reporter-output>
        </test-method> <!-- vendorMangementTC2 -->
        <test-method status="SKIP" signature="setupBeforeMethod()[pri:0, instance:com.heb.enterprise.automationtest.vendormanagement.VendorManagementTest@5b87ed94]" name="setupBeforeMethod" is-config="true" duration-ms="0" started-at="2015-10-30T15:40:12Z" finished-at="2015-10-30T15:40:12Z">
          <reporter-output>
          </reporter-output>
        </test-method> <!-- setupBeforeMethod -->
        <test-method status="SKIP" signature="afterMethod()[pri:0, instance:com.heb.enterprise.automationtest.vendormanagement.VendorManagementTest@5b87ed94]" name="afterMethod" is-config="true" duration-ms="0" started-at="2015-10-30T15:40:12Z" finished-at="2015-10-30T15:40:12Z">
          <reporter-output>
          </reporter-output>
        </test-method> <!-- afterMethod -->
        <test-method status="SKIP" signature="setupBeforeMethod()[pri:0, instance:com.heb.enterprise.automationtest.vendormanagement.VendorManagementTest@5b87ed94]" name="setupBeforeMethod" is-config="true" duration-ms="0" started-at="2015-10-30T15:40:12Z" finished-at="2015-10-30T15:40:12Z">
          <reporter-output>
          </reporter-output>
        </test-method> <!-- setupBeforeMethod -->
        <test-method status="SKIP" signature="vendorMangementTC3()[pri:0, instance:com.heb.enterprise.automationtest.vendormanagement.VendorManagementTest@5b87ed94]" name="vendorMangementTC3" duration-ms="0" started-at="2015-10-30T15:40:12Z" finished-at="2015-10-30T15:40:12Z">
          <reporter-output>
          </reporter-output>
        </test-method> <!-- vendorMangementTC3 -->
        <test-method status="SKIP" signature="afterMethod()[pri:0, instance:com.heb.enterprise.automationtest.vendormanagement.VendorManagementTest@5b87ed94]" name="afterMethod" is-config="true" duration-ms="0" started-at="2015-10-30T15:40:12Z" finished-at="2015-10-30T15:40:12Z">
          <reporter-output>
          </reporter-output>
        </test-method> <!-- afterMethod -->
        <test-method status="SKIP" signature="vendorMangementTC4()[pri:0, instance:com.heb.enterprise.automationtest.vendormanagement.VendorManagementTest@5b87ed94]" name="vendorMangementTC4" duration-ms="1" started-at="2015-10-30T15:40:12Z" finished-at="2015-10-30T15:40:12Z">
          <reporter-output>
          </reporter-output>
        </test-method> <!-- vendorMangementTC4 -->
        <test-method status="SKIP" signature="setupBeforeMethod()[pri:0, instance:com.heb.enterprise.automationtest.vendormanagement.VendorManagementTest@5b87ed94]" name="setupBeforeMethod" is-config="true" duration-ms="0" started-at="2015-10-30T15:40:12Z" finished-at="2015-10-30T15:40:12Z">
          <reporter-output>
          </reporter-output>
        </test-method> <!-- setupBeforeMethod -->
        <test-method status="SKIP" signature="afterMethod()[pri:0, instance:com.heb.enterprise.automationtest.vendormanagement.VendorManagementTest@5b87ed94]" name="afterMethod" is-config="true" duration-ms="0" started-at="2015-10-30T15:40:12Z" finished-at="2015-10-30T15:40:12Z">
          <reporter-output>
          </reporter-output>
        </test-method> <!-- afterMethod -->
        <test-method status="SKIP" signature="setupBeforeMethod()[pri:0, instance:com.heb.enterprise.automationtest.vendormanagement.VendorManagementTest@5b87ed94]" name="setupBeforeMethod" is-config="true" duration-ms="0" started-at="2015-10-30T15:40:12Z" finished-at="2015-10-30T15:40:12Z">
          <reporter-output>
          </reporter-output>
        </test-method> <!-- setupBeforeMethod -->
        <test-method status="SKIP" signature="vendorMangementTC5()[pri:0, instance:com.heb.enterprise.automationtest.vendormanagement.VendorManagementTest@5b87ed94]" name="vendorMangementTC5" duration-ms="0" started-at="2015-10-30T15:40:12Z" finished-at="2015-10-30T15:40:12Z">
          <reporter-output>
          </reporter-output>
        </test-method> <!-- vendorMangementTC5 -->
        <test-method status="SKIP" signature="setupBeforeMethod()[pri:0, instance:com.heb.enterprise.automationtest.vendormanagement.VendorManagementTest@5b87ed94]" name="setupBeforeMethod" is-config="true" duration-ms="0" started-at="2015-10-30T15:40:12Z" finished-at="2015-10-30T15:40:12Z">
          <reporter-output>
          </reporter-output>
        </test-method> <!-- setupBeforeMethod -->
        <test-method status="SKIP" signature="afterMethod()[pri:0, instance:com.heb.enterprise.automationtest.vendormanagement.VendorManagementTest@5b87ed94]" name="afterMethod" is-config="true" duration-ms="0" started-at="2015-10-30T15:40:12Z" finished-at="2015-10-30T15:40:12Z">
          <reporter-output>
          </reporter-output>
        </test-method> <!-- afterMethod -->
        <test-method status="SKIP" signature="vendorMangementTC6()[pri:0, instance:com.heb.enterprise.automationtest.vendormanagement.VendorManagementTest@5b87ed94]" name="vendorMangementTC6" duration-ms="0" started-at="2015-10-30T15:40:12Z" finished-at="2015-10-30T15:40:12Z">
          <reporter-output>
          </reporter-output>
        </test-method> <!-- vendorMangementTC6 -->
        <test-method status="SKIP" signature="afterMethod()[pri:0, instance:com.heb.enterprise.automationtest.vendormanagement.VendorManagementTest@5b87ed94]" name="afterMethod" is-config="true" duration-ms="0" started-at="2015-10-30T15:40:12Z" finished-at="2015-10-30T15:40:12Z">
          <reporter-output>
          </reporter-output>
        </test-method> <!-- afterMethod -->
        <test-method status="SKIP" signature="setupBeforeMethod()[pri:0, instance:com.heb.enterprise.automationtest.vendormanagement.VendorManagementTest@5b87ed94]" name="setupBeforeMethod" is-config="true" duration-ms="0" started-at="2015-10-30T15:40:12Z" finished-at="2015-10-30T15:40:12Z">
          <reporter-output>
          </reporter-output>
        </test-method> <!-- setupBeforeMethod -->
        <test-method status="SKIP" signature="vendorMangementTC7()[pri:0, instance:com.heb.enterprise.automationtest.vendormanagement.VendorManagementTest@5b87ed94]" name="vendorMangementTC7" duration-ms="2" started-at="2015-10-30T15:40:12Z" finished-at="2015-10-30T15:40:12Z">
          <reporter-output>
          </reporter-output>
        </test-method> <!-- vendorMangementTC7 -->
        <test-method status="SKIP" signature="afterMethod()[pri:0, instance:com.heb.enterprise.automationtest.vendormanagement.VendorManagementTest@5b87ed94]" name="afterMethod" is-config="true" duration-ms="0" started-at="2015-10-30T15:40:12Z" finished-at="2015-10-30T15:40:12Z">
          <reporter-output>
          </reporter-output>
        </test-method> <!-- afterMethod -->
        <test-method status="SKIP" signature="setupBeforeMethod()[pri:0, instance:com.heb.enterprise.automationtest.vendormanagement.VendorManagementTest@5b87ed94]" name="setupBeforeMethod" is-config="true" duration-ms="0" started-at="2015-10-30T15:40:12Z" finished-at="2015-10-30T15:40:12Z">
          <reporter-output>
          </reporter-output>
        </test-method> <!-- setupBeforeMethod -->
        <test-method status="SKIP" signature="vendorMangementTC8()[pri:0, instance:com.heb.enterprise.automationtest.vendormanagement.VendorManagementTest@5b87ed94]" name="vendorMangementTC8" duration-ms="1" started-at="2015-10-30T15:40:12Z" finished-at="2015-10-30T15:40:12Z">
          <reporter-output>
          </reporter-output>
        </test-method> <!-- vendorMangementTC8 -->
        <test-method status="SKIP" signature="afterMethod()[pri:0, instance:com.heb.enterprise.automationtest.vendormanagement.VendorManagementTest@5b87ed94]" name="afterMethod" is-config="true" duration-ms="0" started-at="2015-10-30T15:40:12Z" finished-at="2015-10-30T15:40:12Z">
          <reporter-output>
          </reporter-output>
        </test-method> <!-- afterMethod -->
        <test-method status="SKIP" signature="setupBeforeMethod()[pri:0, instance:com.heb.enterprise.automationtest.vendormanagement.VendorManagementTest@5b87ed94]" name="setupBeforeMethod" is-config="true" duration-ms="0" started-at="2015-10-30T15:40:12Z" finished-at="2015-10-30T15:40:12Z">
          <reporter-output>
          </reporter-output>
        </test-method> <!-- setupBeforeMethod -->
        <test-method status="SKIP" signature="afterMethod()[pri:0, instance:com.heb.enterprise.automationtest.vendormanagement.VendorManagementTest@5b87ed94]" name="afterMethod" is-config="true" duration-ms="0" started-at="2015-10-30T15:40:12Z" finished-at="2015-10-30T15:40:12Z">
          <reporter-output>
          </reporter-output>
        </test-method> <!-- afterMethod -->
        <test-method status="SKIP" signature="vendorMangementTC9()[pri:0, instance:com.heb.enterprise.automationtest.vendormanagement.VendorManagementTest@5b87ed94]" name="vendorMangementTC9" duration-ms="0" started-at="2015-10-30T15:40:12Z" finished-at="2015-10-30T15:40:12Z">
          <reporter-output>
          </reporter-output>
        </test-method> <!-- vendorMangementTC9 -->
        <test-method status="SKIP" signature="setupBeforeMethod()[pri:0, instance:com.heb.enterprise.automationtest.vendormanagement.VendorManagementTest@5b87ed94]" name="setupBeforeMethod" is-config="true" duration-ms="0" started-at="2015-10-30T15:40:12Z" finished-at="2015-10-30T15:40:12Z">
          <reporter-output>
          </reporter-output>
        </test-method> <!-- setupBeforeMethod -->
        <test-method status="SKIP" signature="vendorMangementTC10()[pri:0, instance:com.heb.enterprise.automationtest.vendormanagement.VendorManagementTest@5b87ed94]" name="vendorMangementTC10" duration-ms="0" started-at="2015-10-30T15:40:12Z" finished-at="2015-10-30T15:40:12Z">
          <reporter-output>
          </reporter-output>
        </test-method> <!-- vendorMangementTC10 -->
        <test-method status="SKIP" signature="afterMethod()[pri:0, instance:com.heb.enterprise.automationtest.vendormanagement.VendorManagementTest@5b87ed94]" name="afterMethod" is-config="true" duration-ms="0" started-at="2015-10-30T15:40:12Z" finished-at="2015-10-30T15:40:12Z">
          <reporter-output>
          </reporter-output>
        </test-method> <!-- afterMethod -->
        <test-method status="SKIP" signature="vendorMangementTC11()[pri:0, instance:com.heb.enterprise.automationtest.vendormanagement.VendorManagementTest@5b87ed94]" name="vendorMangementTC11" duration-ms="1" started-at="2015-10-30T15:40:12Z" finished-at="2015-10-30T15:40:12Z">
          <reporter-output>
          </reporter-output>
        </test-method> <!-- vendorMangementTC11 -->
        <test-method status="SKIP" signature="setupBeforeMethod()[pri:0, instance:com.heb.enterprise.automationtest.vendormanagement.VendorManagementTest@5b87ed94]" name="setupBeforeMethod" is-config="true" duration-ms="0" started-at="2015-10-30T15:40:12Z" finished-at="2015-10-30T15:40:12Z">
          <reporter-output>
          </reporter-output>
        </test-method> <!-- setupBeforeMethod -->
        <test-method status="SKIP" signature="afterMethod()[pri:0, instance:com.heb.enterprise.automationtest.vendormanagement.VendorManagementTest@5b87ed94]" name="afterMethod" is-config="true" duration-ms="0" started-at="2015-10-30T15:40:12Z" finished-at="2015-10-30T15:40:12Z">
          <reporter-output>
          </reporter-output>
        </test-method> <!-- afterMethod -->
        <test-method status="SKIP" signature="setupBeforeMethod()[pri:0, instance:com.heb.enterprise.automationtest.vendormanagement.VendorManagementTest@5b87ed94]" name="setupBeforeMethod" is-config="true" duration-ms="0" started-at="2015-10-30T15:40:12Z" finished-at="2015-10-30T15:40:12Z">
          <reporter-output>
          </reporter-output>
        </test-method> <!-- setupBeforeMethod -->
        <test-method status="SKIP" signature="vendorMangementTC12()[pri:0, instance:com.heb.enterprise.automationtest.vendormanagement.VendorManagementTest@5b87ed94]" name="vendorMangementTC12" duration-ms="0" started-at="2015-10-30T15:40:12Z" finished-at="2015-10-30T15:40:12Z">
          <reporter-output>
          </reporter-output>
        </test-method> <!-- vendorMangementTC12 -->
        <test-method status="SKIP" signature="afterMethod()[pri:0, instance:com.heb.enterprise.automationtest.vendormanagement.VendorManagementTest@5b87ed94]" name="afterMethod" is-config="true" duration-ms="0" started-at="2015-10-30T15:40:12Z" finished-at="2015-10-30T15:40:12Z">
          <reporter-output>
          </reporter-output>
        </test-method> <!-- afterMethod -->
        <test-method status="SKIP" signature="afterClass()[pri:0, instance:com.heb.enterprise.automationtest.vendormanagement.VendorManagementTest@5b87ed94]" name="afterClass" is-config="true" duration-ms="0" started-at="2015-10-30T15:40:12Z" finished-at="2015-10-30T15:40:12Z">
          <reporter-output>
          </reporter-output>
        </test-method> <!-- afterClass -->
      </class> <!-- com.heb.enterprise.automationtest.vendormanagement.VendorManagementTest -->
    </test> <!-- DSV_Assortment -->
  </suite> <!-- Suite -->
</testng-results>
