<html>
<head>
<title>TestNG:  DSV_Assortment</title>
<link href="../testng.css" rel="stylesheet" type="text/css" />
<link href="../my-testng.css" rel="stylesheet" type="text/css" />

<style type="text/css">
.log { display: none;} 
.stack-trace { display: none;} 
</style>
<script type="text/javascript">
<!--
function flip(e) {
  current = e.style.display;
  if (current == 'block') {
    e.style.display = 'none';
    return 0;
  }
  else {
    e.style.display = 'block';
    return 1;
  }
}

function toggleBox(szDivId, elem, msg1, msg2)
{
  var res = -1;  if (document.getElementById) {
    res = flip(document.getElementById(szDivId));
  }
  else if (document.all) {
    // this is the way old msie versions work
    res = flip(document.all[szDivId]);
  }
  if(elem) {
    if(res == 0) elem.innerHTML = msg1; else elem.innerHTML = msg2;
  }

}

function toggleAllBoxes() {
  if (document.getElementsByTagName) {
    d = document.getElementsByTagName('div');
    for (i = 0; i < d.length; i++) {
      if (d[i].className == 'log') {
        flip(d[i]);
      }
    }
  }
}

// -->
</script>

</head>
<body>
<h2 align='center'>DSV_Assortment</h2><table border='1' align="center">
<tr>
<td>Tests passed/Failed/Skipped:</td><td>18/2/73</td>
</tr><tr>
<td>Started on:</td><td>Fri Oct 30 15:36:23 ICT 2015</td>
</tr>
<tr><td>Total time:</td><td>382 seconds (382694 ms)</td>
</tr><tr>
<td>Included groups:</td><td></td>
</tr><tr>
<td>Excluded groups:</td><td></td>
</tr>
</table><p/>
<small><i>(Hover the method name to see the test class name)</i></small><p/>
<table width='100%' border='1' class='invocation-failed'>
<tr><td colspan='4' align='center'><b>FAILED CONFIGURATIONS</b></td></tr>
<tr><td><b>Test method</b></td>
<td width="30%"><b>Exception</b></td>
<td width="10%"><b>Time (seconds)</b></td>
<td><b>Instance</b></td>
</tr>
<tr>
<td title='com.heb.enterprise.automationtest.surrogatemapping.SurrogateMappingTest.beforeClass()'><b>beforeClass</b><br>Test class: com.heb.enterprise.automationtest.surrogatemapping.SurrogateMappingTest</td>
<td><div><pre>java.lang.Error: Unresolved compilation problem: 
	Cannot switch on a value of type String for source level below 1.7. Only convertible int values or enum variables are permitted

	at com.heb.enterprise.automationtest.page.CommonPage.clickOnMenu(CommonPage.java:128)
	at com.heb.enterprise.automationtest.surrogatemapping.SurrogateMappingTest.beforeClass(SurrogateMappingTest.java:34)
... Removed 24 stack frames</pre></div><a href='#' onClick='toggleBox("stack-trace1262408432", this, "Click to show all stack frames", "Click to hide stack frames")'>Click to show all stack frames</a>
<div class='stack-trace' id='stack-trace1262408432'><pre>java.lang.Error: Unresolved compilation problem: 
	Cannot switch on a value of type String for source level below 1.7. Only convertible int values or enum variables are permitted

	at com.heb.enterprise.automationtest.page.CommonPage.clickOnMenu(CommonPage.java:128)
	at com.heb.enterprise.automationtest.surrogatemapping.SurrogateMappingTest.beforeClass(SurrogateMappingTest.java:34)
	at sun.reflect.NativeMethodAccessorImpl.invoke0(Native Method)
	at sun.reflect.NativeMethodAccessorImpl.invoke(NativeMethodAccessorImpl.java:62)
	at sun.reflect.DelegatingMethodAccessorImpl.invoke(DelegatingMethodAccessorImpl.java:43)
	at java.lang.reflect.Method.invoke(Method.java:497)
	at org.testng.internal.MethodInvocationHelper.invokeMethod(MethodInvocationHelper.java:85)
	at org.testng.internal.Invoker.invokeConfigurationMethod(Invoker.java:552)
	at org.testng.internal.Invoker.invokeConfigurations(Invoker.java:215)
	at org.testng.internal.Invoker.invokeConfigurations(Invoker.java:140)
	at org.testng.internal.TestMethodWorker.invokeBeforeClassMethods(TestMethodWorker.java:170)
	at org.testng.internal.TestMethodWorker.run(TestMethodWorker.java:104)
	at org.testng.TestRunner.privateRun(TestRunner.java:767)
	at org.testng.TestRunner.run(TestRunner.java:617)
	at org.testng.SuiteRunner.runTest(SuiteRunner.java:348)
	at org.testng.SuiteRunner.runSequentially(SuiteRunner.java:343)
	at org.testng.SuiteRunner.privateRun(SuiteRunner.java:305)
	at org.testng.SuiteRunner.run(SuiteRunner.java:254)
	at org.testng.SuiteRunnerWorker.runSuite(SuiteRunnerWorker.java:52)
	at org.testng.SuiteRunnerWorker.run(SuiteRunnerWorker.java:86)
	at org.testng.TestNG.runSuitesSequentially(TestNG.java:1224)
	at org.testng.TestNG.runSuitesLocally(TestNG.java:1149)
	at org.testng.TestNG.run(TestNG.java:1057)
	at org.testng.remote.RemoteTestNG.run(RemoteTestNG.java:115)
	at org.testng.remote.RemoteTestNG.initAndRun(RemoteTestNG.java:207)
	at org.testng.remote.RemoteTestNG.main(RemoteTestNG.java:178)
</pre></div></td>
<td>0</td>
<td>com.heb.enterprise.automationtest.surrogatemapping.SurrogateMappingTest@6e0e048a</td></tr>
<tr>
<td title='com.heb.enterprise.automationtest.costreview.CostReviewTest.beforeClass()'><b>beforeClass</b><br>Test class: com.heb.enterprise.automationtest.costreview.CostReviewTest</td>
<td><div><pre>java.lang.Error: Unresolved compilation problem: 
	The method apply(WebDriver) of type new Predicate&lt;WebDriver&gt;(){} must override a superclass method

	at com.heb.enterprise.automationtest.costreview.CostReviewTest$2.apply(CostReviewTest.java:266)
	at com.heb.enterprise.automationtest.costreview.CostReviewTest$2.apply(CostReviewTest.java:1)
	at org.openqa.selenium.support.ui.FluentWait$3.apply(FluentWait.java:207)
	at org.openqa.selenium.support.ui.FluentWait$3.apply(FluentWait.java:205)
	at org.openqa.selenium.support.ui.FluentWait.until(FluentWait.java:238)
	at org.openqa.selenium.support.ui.FluentWait.until(FluentWait.java:205)
	at com.heb.enterprise.automationtest.costreview.CostReviewTest.waitForPageLoad(CostReviewTest.java:264)
	at com.heb.enterprise.automationtest.costreview.CostReviewTest.beforeClass(CostReviewTest.java:37)
... Removed 24 stack frames</pre></div><a href='#' onClick='toggleBox("stack-trace1061448687", this, "Click to show all stack frames", "Click to hide stack frames")'>Click to show all stack frames</a>
<div class='stack-trace' id='stack-trace1061448687'><pre>java.lang.Error: Unresolved compilation problem: 
	The method apply(WebDriver) of type new Predicate&lt;WebDriver&gt;(){} must override a superclass method

	at com.heb.enterprise.automationtest.costreview.CostReviewTest$2.apply(CostReviewTest.java:266)
	at com.heb.enterprise.automationtest.costreview.CostReviewTest$2.apply(CostReviewTest.java:1)
	at org.openqa.selenium.support.ui.FluentWait$3.apply(FluentWait.java:207)
	at org.openqa.selenium.support.ui.FluentWait$3.apply(FluentWait.java:205)
	at org.openqa.selenium.support.ui.FluentWait.until(FluentWait.java:238)
	at org.openqa.selenium.support.ui.FluentWait.until(FluentWait.java:205)
	at com.heb.enterprise.automationtest.costreview.CostReviewTest.waitForPageLoad(CostReviewTest.java:264)
	at com.heb.enterprise.automationtest.costreview.CostReviewTest.beforeClass(CostReviewTest.java:37)
	at sun.reflect.NativeMethodAccessorImpl.invoke0(Native Method)
	at sun.reflect.NativeMethodAccessorImpl.invoke(NativeMethodAccessorImpl.java:62)
	at sun.reflect.DelegatingMethodAccessorImpl.invoke(DelegatingMethodAccessorImpl.java:43)
	at java.lang.reflect.Method.invoke(Method.java:497)
	at org.testng.internal.MethodInvocationHelper.invokeMethod(MethodInvocationHelper.java:85)
	at org.testng.internal.Invoker.invokeConfigurationMethod(Invoker.java:552)
	at org.testng.internal.Invoker.invokeConfigurations(Invoker.java:215)
	at org.testng.internal.Invoker.invokeConfigurations(Invoker.java:140)
	at org.testng.internal.TestMethodWorker.invokeBeforeClassMethods(TestMethodWorker.java:170)
	at org.testng.internal.TestMethodWorker.run(TestMethodWorker.java:104)
	at org.testng.TestRunner.privateRun(TestRunner.java:767)
	at org.testng.TestRunner.run(TestRunner.java:617)
	at org.testng.SuiteRunner.runTest(SuiteRunner.java:348)
	at org.testng.SuiteRunner.runSequentially(SuiteRunner.java:343)
	at org.testng.SuiteRunner.privateRun(SuiteRunner.java:305)
	at org.testng.SuiteRunner.run(SuiteRunner.java:254)
	at org.testng.SuiteRunnerWorker.runSuite(SuiteRunnerWorker.java:52)
	at org.testng.SuiteRunnerWorker.run(SuiteRunnerWorker.java:86)
	at org.testng.TestNG.runSuitesSequentially(TestNG.java:1224)
	at org.testng.TestNG.runSuitesLocally(TestNG.java:1149)
	at org.testng.TestNG.run(TestNG.java:1057)
	at org.testng.remote.RemoteTestNG.run(RemoteTestNG.java:115)
	at org.testng.remote.RemoteTestNG.initAndRun(RemoteTestNG.java:207)
	at org.testng.remote.RemoteTestNG.main(RemoteTestNG.java:178)
</pre></div></td>
<td>0</td>
<td>com.heb.enterprise.automationtest.costreview.CostReviewTest@23e028a9</td></tr>
<tr>
<td title='com.heb.enterprise.automationtest.globaldefaults.GlobalDefaultTest.setUp()'><b>setUp</b><br>Test class: com.heb.enterprise.automationtest.globaldefaults.GlobalDefaultTest</td>
<td><div><pre>java.lang.Error: Unresolved compilation problem: 
	Cannot switch on a value of type String for source level below 1.7. Only convertible int values or enum variables are permitted

	at com.heb.enterprise.automationtest.page.CommonPage.clickOnMenu(CommonPage.java:128)
	at com.heb.enterprise.automationtest.globaldefaults.GlobalDefaultTest.setUp(GlobalDefaultTest.java:41)
... Removed 24 stack frames</pre></div><a href='#' onClick='toggleBox("stack-trace620423816", this, "Click to show all stack frames", "Click to hide stack frames")'>Click to show all stack frames</a>
<div class='stack-trace' id='stack-trace620423816'><pre>java.lang.Error: Unresolved compilation problem: 
	Cannot switch on a value of type String for source level below 1.7. Only convertible int values or enum variables are permitted

	at com.heb.enterprise.automationtest.page.CommonPage.clickOnMenu(CommonPage.java:128)
	at com.heb.enterprise.automationtest.globaldefaults.GlobalDefaultTest.setUp(GlobalDefaultTest.java:41)
	at sun.reflect.NativeMethodAccessorImpl.invoke0(Native Method)
	at sun.reflect.NativeMethodAccessorImpl.invoke(NativeMethodAccessorImpl.java:62)
	at sun.reflect.DelegatingMethodAccessorImpl.invoke(DelegatingMethodAccessorImpl.java:43)
	at java.lang.reflect.Method.invoke(Method.java:497)
	at org.testng.internal.MethodInvocationHelper.invokeMethod(MethodInvocationHelper.java:85)
	at org.testng.internal.Invoker.invokeConfigurationMethod(Invoker.java:552)
	at org.testng.internal.Invoker.invokeConfigurations(Invoker.java:215)
	at org.testng.internal.Invoker.invokeConfigurations(Invoker.java:140)
	at org.testng.internal.TestMethodWorker.invokeBeforeClassMethods(TestMethodWorker.java:170)
	at org.testng.internal.TestMethodWorker.run(TestMethodWorker.java:104)
	at org.testng.TestRunner.privateRun(TestRunner.java:767)
	at org.testng.TestRunner.run(TestRunner.java:617)
	at org.testng.SuiteRunner.runTest(SuiteRunner.java:348)
	at org.testng.SuiteRunner.runSequentially(SuiteRunner.java:343)
	at org.testng.SuiteRunner.privateRun(SuiteRunner.java:305)
	at org.testng.SuiteRunner.run(SuiteRunner.java:254)
	at org.testng.SuiteRunnerWorker.runSuite(SuiteRunnerWorker.java:52)
	at org.testng.SuiteRunnerWorker.run(SuiteRunnerWorker.java:86)
	at org.testng.TestNG.runSuitesSequentially(TestNG.java:1224)
	at org.testng.TestNG.runSuitesLocally(TestNG.java:1149)
	at org.testng.TestNG.run(TestNG.java:1057)
	at org.testng.remote.RemoteTestNG.run(RemoteTestNG.java:115)
	at org.testng.remote.RemoteTestNG.initAndRun(RemoteTestNG.java:207)
	at org.testng.remote.RemoteTestNG.main(RemoteTestNG.java:178)
</pre></div></td>
<td>0</td>
<td>com.heb.enterprise.automationtest.globaldefaults.GlobalDefaultTest@7fac631b</td></tr>
<tr>
<td title='com.heb.enterprise.automationtest.vendormanagement.VendorManagementTest.setupBeforeMethod()'><b>setupBeforeMethod</b><br>Test class: com.heb.enterprise.automationtest.vendormanagement.VendorManagementTest</td>
<td><div><pre>java.lang.Error: Unresolved compilation problem: 
	Cannot switch on a value of type String for source level below 1.7. Only convertible int values or enum variables are permitted

	at com.heb.enterprise.automationtest.page.CommonPage.clickOnMenu(CommonPage.java:128)
	at com.heb.enterprise.automationtest.vendormanagement.VendorManagementTest.setupBeforeMethod(VendorManagementTest.java:42)
... Removed 26 stack frames</pre></div><a href='#' onClick='toggleBox("stack-trace107994825", this, "Click to show all stack frames", "Click to hide stack frames")'>Click to show all stack frames</a>
<div class='stack-trace' id='stack-trace107994825'><pre>java.lang.Error: Unresolved compilation problem: 
	Cannot switch on a value of type String for source level below 1.7. Only convertible int values or enum variables are permitted

	at com.heb.enterprise.automationtest.page.CommonPage.clickOnMenu(CommonPage.java:128)
	at com.heb.enterprise.automationtest.vendormanagement.VendorManagementTest.setupBeforeMethod(VendorManagementTest.java:42)
	at sun.reflect.NativeMethodAccessorImpl.invoke0(Native Method)
	at sun.reflect.NativeMethodAccessorImpl.invoke(NativeMethodAccessorImpl.java:62)
	at sun.reflect.DelegatingMethodAccessorImpl.invoke(DelegatingMethodAccessorImpl.java:43)
	at java.lang.reflect.Method.invoke(Method.java:497)
	at org.testng.internal.MethodInvocationHelper.invokeMethod(MethodInvocationHelper.java:85)
	at org.testng.internal.Invoker.invokeConfigurationMethod(Invoker.java:552)
	at org.testng.internal.Invoker.invokeConfigurations(Invoker.java:215)
	at org.testng.internal.Invoker.invokeMethod(Invoker.java:636)
	at org.testng.internal.Invoker.invokeTestMethod(Invoker.java:882)
	at org.testng.internal.Invoker.invokeTestMethods(Invoker.java:1189)
	at org.testng.internal.TestMethodWorker.invokeTestMethods(TestMethodWorker.java:124)
	at org.testng.internal.TestMethodWorker.run(TestMethodWorker.java:108)
	at org.testng.TestRunner.privateRun(TestRunner.java:767)
	at org.testng.TestRunner.run(TestRunner.java:617)
	at org.testng.SuiteRunner.runTest(SuiteRunner.java:348)
	at org.testng.SuiteRunner.runSequentially(SuiteRunner.java:343)
	at org.testng.SuiteRunner.privateRun(SuiteRunner.java:305)
	at org.testng.SuiteRunner.run(SuiteRunner.java:254)
	at org.testng.SuiteRunnerWorker.runSuite(SuiteRunnerWorker.java:52)
	at org.testng.SuiteRunnerWorker.run(SuiteRunnerWorker.java:86)
	at org.testng.TestNG.runSuitesSequentially(TestNG.java:1224)
	at org.testng.TestNG.runSuitesLocally(TestNG.java:1149)
	at org.testng.TestNG.run(TestNG.java:1057)
	at org.testng.remote.RemoteTestNG.run(RemoteTestNG.java:115)
	at org.testng.remote.RemoteTestNG.initAndRun(RemoteTestNG.java:207)
	at org.testng.remote.RemoteTestNG.main(RemoteTestNG.java:178)
</pre></div></td>
<td>0</td>
<td>com.heb.enterprise.automationtest.vendormanagement.VendorManagementTest@5b87ed94</td></tr>
<tr>
<td title='com.heb.enterprise.automationtest.retailinquiry.RetailInquiryTest.setupBeforeMethod()'><b>setupBeforeMethod</b><br>Test class: com.heb.enterprise.automationtest.retailinquiry.RetailInquiryTest</td>
<td><div><pre>java.lang.Error: Unresolved compilation problem: 
	Cannot switch on a value of type String for source level below 1.7. Only convertible int values or enum variables are permitted

	at com.heb.enterprise.automationtest.page.CommonPage.clickOnMenu(CommonPage.java:128)
	at com.heb.enterprise.automationtest.retailinquiry.RetailInquiryTest.setupBeforeMethod(RetailInquiryTest.java:54)
... Removed 26 stack frames</pre></div><a href='#' onClick='toggleBox("stack-trace1865219266", this, "Click to show all stack frames", "Click to hide stack frames")'>Click to show all stack frames</a>
<div class='stack-trace' id='stack-trace1865219266'><pre>java.lang.Error: Unresolved compilation problem: 
	Cannot switch on a value of type String for source level below 1.7. Only convertible int values or enum variables are permitted

	at com.heb.enterprise.automationtest.page.CommonPage.clickOnMenu(CommonPage.java:128)
	at com.heb.enterprise.automationtest.retailinquiry.RetailInquiryTest.setupBeforeMethod(RetailInquiryTest.java:54)
	at sun.reflect.NativeMethodAccessorImpl.invoke0(Native Method)
	at sun.reflect.NativeMethodAccessorImpl.invoke(NativeMethodAccessorImpl.java:62)
	at sun.reflect.DelegatingMethodAccessorImpl.invoke(DelegatingMethodAccessorImpl.java:43)
	at java.lang.reflect.Method.invoke(Method.java:497)
	at org.testng.internal.MethodInvocationHelper.invokeMethod(MethodInvocationHelper.java:85)
	at org.testng.internal.Invoker.invokeConfigurationMethod(Invoker.java:552)
	at org.testng.internal.Invoker.invokeConfigurations(Invoker.java:215)
	at org.testng.internal.Invoker.invokeMethod(Invoker.java:636)
	at org.testng.internal.Invoker.invokeTestMethod(Invoker.java:882)
	at org.testng.internal.Invoker.invokeTestMethods(Invoker.java:1189)
	at org.testng.internal.TestMethodWorker.invokeTestMethods(TestMethodWorker.java:124)
	at org.testng.internal.TestMethodWorker.run(TestMethodWorker.java:108)
	at org.testng.TestRunner.privateRun(TestRunner.java:767)
	at org.testng.TestRunner.run(TestRunner.java:617)
	at org.testng.SuiteRunner.runTest(SuiteRunner.java:348)
	at org.testng.SuiteRunner.runSequentially(SuiteRunner.java:343)
	at org.testng.SuiteRunner.privateRun(SuiteRunner.java:305)
	at org.testng.SuiteRunner.run(SuiteRunner.java:254)
	at org.testng.SuiteRunnerWorker.runSuite(SuiteRunnerWorker.java:52)
	at org.testng.SuiteRunnerWorker.run(SuiteRunnerWorker.java:86)
	at org.testng.TestNG.runSuitesSequentially(TestNG.java:1224)
	at org.testng.TestNG.runSuitesLocally(TestNG.java:1149)
	at org.testng.TestNG.run(TestNG.java:1057)
	at org.testng.remote.RemoteTestNG.run(RemoteTestNG.java:115)
	at org.testng.remote.RemoteTestNG.initAndRun(RemoteTestNG.java:207)
	at org.testng.remote.RemoteTestNG.main(RemoteTestNG.java:178)
</pre></div></td>
<td>0</td>
<td>com.heb.enterprise.automationtest.retailinquiry.RetailInquiryTest@5ae63ade</td></tr>
<tr>
<td title='com.heb.enterprise.automationtest.productreview.ProductReviewTest.setupMethod()'><b>setupMethod</b><br>Test class: com.heb.enterprise.automationtest.productreview.ProductReviewTest</td>
<td><div><pre>org.openqa.selenium.remote.UnreachableBrowserException: Error communicating with the remote browser. It may have died.
Build info: version: &apos;2.48.2&apos;, revision: &apos;41bccdd10cf2c0560f637404c2d96164b67d9d67&apos;, time: &apos;2015-10-09 13:08:06&apos;
System info: host: &apos;HUYNGUYEN-PC&apos;, ip: &apos;10.10.30.71&apos;, os.name: &apos;Windows 7&apos;, os.arch: &apos;amd64&apos;, os.version: &apos;6.1&apos;, java.version: &apos;1.8.0_65&apos;
Driver info: driver.version: RemoteWebDriver
	at org.openqa.selenium.remote.RemoteWebDriver.execute(RemoteWebDriver.java:641)
	at org.openqa.selenium.remote.RemoteWebDriver.findElement(RemoteWebDriver.java:353)
	at org.openqa.selenium.remote.RemoteWebDriver.findElementByCssSelector(RemoteWebDriver.java:482)
	at org.openqa.selenium.By$ByCssSelector.findElement(By.java:430)
	at org.openqa.selenium.remote.RemoteWebDriver.findElement(RemoteWebDriver.java:345)
	at org.openqa.selenium.support.pagefactory.DefaultElementLocator.findElement(DefaultElementLocator.java:69)
	at org.openqa.selenium.support.pagefactory.internal.LocatingElementHandler.invoke(LocatingElementHandler.java:38)
	at com.sun.proxy.$Proxy11.click(Unknown Source)
	at com.heb.enterprise.automationtest.page.ProductsReviewPage.ProductsReviewMenuClick(ProductsReviewPage.java:116)
	at com.heb.enterprise.automationtest.productreview.ProductReviewTest.setupMethod(ProductReviewTest.java:33)
Caused by: org.apache.http.conn.HttpHostConnectException: Connect to 127.0.0.1:7059 [/127.0.0.1] failed: Connection refused: connect
	at org.apache.http.impl.conn.DefaultHttpClientConnectionOperator.connect(DefaultHttpClientConnectionOperator.java:151)
	at org.apache.http.impl.conn.PoolingHttpClientConnectionManager.connect(PoolingHttpClientConnectionManager.java:353)
	at org.apache.http.impl.execchain.MainClientExec.establishRoute(MainClientExec.java:380)
	at org.apache.http.impl.execchain.MainClientExec.execute(MainClientExec.java:236)
	at org.apache.http.impl.execchain.ProtocolExec.execute(ProtocolExec.java:184)
	at org.apache.http.impl.execchain.RetryExec.execute(RetryExec.java:88)
	at org.apache.http.impl.execchain.RedirectExec.execute(RedirectExec.java:110)
	at org.apache.http.impl.client.InternalHttpClient.doExecute(InternalHttpClient.java:184)
	at org.apache.http.impl.client.CloseableHttpClient.execute(CloseableHttpClient.java:71)
	at org.apache.http.impl.client.CloseableHttpClient.execute(CloseableHttpClient.java:55)
	at org.openqa.selenium.remote.internal.ApacheHttpClient.fallBackExecute(ApacheHttpClient.java:143)
	at org.openqa.selenium.remote.internal.ApacheHttpClient.execute(ApacheHttpClient.java:89)
	at org.openqa.selenium.remote.HttpCommandExecutor.execute(HttpCommandExecutor.java:142)
	at org.openqa.selenium.firefox.internal.NewProfileExtensionConnection.execute(NewProfileExtensionConnection.java:170)
	at org.openqa.selenium.firefox.FirefoxDriver$LazyCommandExecutor.execute(FirefoxDriver.java:380)
	at org.openqa.selenium.remote.RemoteWebDriver.execute(RemoteWebDriver.java:620)
	... 35 more
Caused by: java.net.ConnectException: Connection refused: connect
	at java.net.DualStackPlainSocketImpl.waitForConnect(Native Method)
	at java.net.DualStackPlainSocketImpl.socketConnect(DualStackPlainSocketImpl.java:85)
	at java.net.AbstractPlainSocketImpl.doConnect(AbstractPlainSocketImpl.java:350)
	at java.net.AbstractPlainSocketImpl.connectToAddress(AbstractPlainSocketImpl.java:206)
	at java.net.AbstractPlainSocketImpl.connect(AbstractPlainSocketImpl.java:188)
	at java.net.PlainSocketImpl.connect(PlainSocketImpl.java:172)
	at java.net.SocksSocketImpl.connect(SocksSocketImpl.java:392)
	at java.net.Socket.connect(Socket.java:589)
	at org.apache.http.conn.socket.PlainConnectionSocketFactory.connectSocket(PlainConnectionSocketFactory.java:74)
	at org.apache.http.impl.conn.DefaultHttpClientConnectionOperator.connect(DefaultHttpClientConnectionOperator.java:134)
	... 50 more
... Removed 26 stack frames</pre></div><a href='#' onClick='toggleBox("stack-trace707531688", this, "Click to show all stack frames", "Click to hide stack frames")'>Click to show all stack frames</a>
<div class='stack-trace' id='stack-trace707531688'><pre>org.openqa.selenium.remote.UnreachableBrowserException: Error communicating with the remote browser. It may have died.
Build info: version: &apos;2.48.2&apos;, revision: &apos;41bccdd10cf2c0560f637404c2d96164b67d9d67&apos;, time: &apos;2015-10-09 13:08:06&apos;
System info: host: &apos;HUYNGUYEN-PC&apos;, ip: &apos;10.10.30.71&apos;, os.name: &apos;Windows 7&apos;, os.arch: &apos;amd64&apos;, os.version: &apos;6.1&apos;, java.version: &apos;1.8.0_65&apos;
Driver info: driver.version: RemoteWebDriver
	at org.openqa.selenium.remote.RemoteWebDriver.execute(RemoteWebDriver.java:641)
	at org.openqa.selenium.remote.RemoteWebDriver.findElement(RemoteWebDriver.java:353)
	at org.openqa.selenium.remote.RemoteWebDriver.findElementByCssSelector(RemoteWebDriver.java:482)
	at org.openqa.selenium.By$ByCssSelector.findElement(By.java:430)
	at org.openqa.selenium.remote.RemoteWebDriver.findElement(RemoteWebDriver.java:345)
	at org.openqa.selenium.support.pagefactory.DefaultElementLocator.findElement(DefaultElementLocator.java:69)
	at org.openqa.selenium.support.pagefactory.internal.LocatingElementHandler.invoke(LocatingElementHandler.java:38)
	at com.sun.proxy.$Proxy11.click(Unknown Source)
	at com.heb.enterprise.automationtest.page.ProductsReviewPage.ProductsReviewMenuClick(ProductsReviewPage.java:116)
	at com.heb.enterprise.automationtest.productreview.ProductReviewTest.setupMethod(ProductReviewTest.java:33)
	at sun.reflect.NativeMethodAccessorImpl.invoke0(Native Method)
	at sun.reflect.NativeMethodAccessorImpl.invoke(NativeMethodAccessorImpl.java:62)
	at sun.reflect.DelegatingMethodAccessorImpl.invoke(DelegatingMethodAccessorImpl.java:43)
	at java.lang.reflect.Method.invoke(Method.java:497)
	at org.testng.internal.MethodInvocationHelper.invokeMethod(MethodInvocationHelper.java:85)
	at org.testng.internal.Invoker.invokeConfigurationMethod(Invoker.java:552)
	at org.testng.internal.Invoker.invokeConfigurations(Invoker.java:215)
	at org.testng.internal.Invoker.invokeMethod(Invoker.java:636)
	at org.testng.internal.Invoker.invokeTestMethod(Invoker.java:882)
	at org.testng.internal.Invoker.invokeTestMethods(Invoker.java:1189)
	at org.testng.internal.TestMethodWorker.invokeTestMethods(TestMethodWorker.java:124)
	at org.testng.internal.TestMethodWorker.run(TestMethodWorker.java:108)
	at org.testng.TestRunner.privateRun(TestRunner.java:767)
	at org.testng.TestRunner.run(TestRunner.java:617)
	at org.testng.SuiteRunner.runTest(SuiteRunner.java:348)
	at org.testng.SuiteRunner.runSequentially(SuiteRunner.java:343)
	at org.testng.SuiteRunner.privateRun(SuiteRunner.java:305)
	at org.testng.SuiteRunner.run(SuiteRunner.java:254)
	at org.testng.SuiteRunnerWorker.runSuite(SuiteRunnerWorker.java:52)
	at org.testng.SuiteRunnerWorker.run(SuiteRunnerWorker.java:86)
	at org.testng.TestNG.runSuitesSequentially(TestNG.java:1224)
	at org.testng.TestNG.runSuitesLocally(TestNG.java:1149)
	at org.testng.TestNG.run(TestNG.java:1057)
	at org.testng.remote.RemoteTestNG.run(RemoteTestNG.java:115)
	at org.testng.remote.RemoteTestNG.initAndRun(RemoteTestNG.java:207)
	at org.testng.remote.RemoteTestNG.main(RemoteTestNG.java:178)
Caused by: org.apache.http.conn.HttpHostConnectException: Connect to 127.0.0.1:7059 [/127.0.0.1] failed: Connection refused: connect
	at org.apache.http.impl.conn.DefaultHttpClientConnectionOperator.connect(DefaultHttpClientConnectionOperator.java:151)
	at org.apache.http.impl.conn.PoolingHttpClientConnectionManager.connect(PoolingHttpClientConnectionManager.java:353)
	at org.apache.http.impl.execchain.MainClientExec.establishRoute(MainClientExec.java:380)
	at org.apache.http.impl.execchain.MainClientExec.execute(MainClientExec.java:236)
	at org.apache.http.impl.execchain.ProtocolExec.execute(ProtocolExec.java:184)
	at org.apache.http.impl.execchain.RetryExec.execute(RetryExec.java:88)
	at org.apache.http.impl.execchain.RedirectExec.execute(RedirectExec.java:110)
	at org.apache.http.impl.client.InternalHttpClient.doExecute(InternalHttpClient.java:184)
	at org.apache.http.impl.client.CloseableHttpClient.execute(CloseableHttpClient.java:71)
	at org.apache.http.impl.client.CloseableHttpClient.execute(CloseableHttpClient.java:55)
	at org.openqa.selenium.remote.internal.ApacheHttpClient.fallBackExecute(ApacheHttpClient.java:143)
	at org.openqa.selenium.remote.internal.ApacheHttpClient.execute(ApacheHttpClient.java:89)
	at org.openqa.selenium.remote.HttpCommandExecutor.execute(HttpCommandExecutor.java:142)
	at org.openqa.selenium.firefox.internal.NewProfileExtensionConnection.execute(NewProfileExtensionConnection.java:170)
	at org.openqa.selenium.firefox.FirefoxDriver$LazyCommandExecutor.execute(FirefoxDriver.java:380)
	at org.openqa.selenium.remote.RemoteWebDriver.execute(RemoteWebDriver.java:620)
	... 35 more
Caused by: java.net.ConnectException: Connection refused: connect
	at java.net.DualStackPlainSocketImpl.waitForConnect(Native Method)
	at java.net.DualStackPlainSocketImpl.socketConnect(DualStackPlainSocketImpl.java:85)
	at java.net.AbstractPlainSocketImpl.doConnect(AbstractPlainSocketImpl.java:350)
	at java.net.AbstractPlainSocketImpl.connectToAddress(AbstractPlainSocketImpl.java:206)
	at java.net.AbstractPlainSocketImpl.connect(AbstractPlainSocketImpl.java:188)
	at java.net.PlainSocketImpl.connect(PlainSocketImpl.java:172)
	at java.net.SocksSocketImpl.connect(SocksSocketImpl.java:392)
	at java.net.Socket.connect(Socket.java:589)
	at org.apache.http.conn.socket.PlainConnectionSocketFactory.connectSocket(PlainConnectionSocketFactory.java:74)
	at org.apache.http.impl.conn.DefaultHttpClientConnectionOperator.connect(DefaultHttpClientConnectionOperator.java:134)
	... 50 more
</pre></div></td>
<td>0</td>
<td>com.heb.enterprise.automationtest.productreview.ProductReviewTest@887af79</td></tr>
</table><p>
<table width='100%' border='1' class='invocation-skipped'>
<tr><td colspan='4' align='center'><b>SKIPPED CONFIGURATIONS</b></td></tr>
<tr><td><b>Test method</b></td>
<td width="30%"><b>Exception</b></td>
<td width="10%"><b>Time (seconds)</b></td>
<td><b>Instance</b></td>
</tr>
<tr>
<td title='com.heb.enterprise.automationtest.surrogatemapping.SurrogateMappingTest.beforeMethod()'><b>beforeMethod</b><br>Test class: com.heb.enterprise.automationtest.surrogatemapping.SurrogateMappingTest</td>
<td></td>
<td>0</td>
<td>com.heb.enterprise.automationtest.surrogatemapping.SurrogateMappingTest@6e0e048a</td></tr>
<tr>
<td title='com.heb.enterprise.automationtest.surrogatemapping.SurrogateMappingTest.beforeMethod()'><b>beforeMethod</b><br>Test class: com.heb.enterprise.automationtest.surrogatemapping.SurrogateMappingTest</td>
<td></td>
<td>0</td>
<td>com.heb.enterprise.automationtest.surrogatemapping.SurrogateMappingTest@6e0e048a</td></tr>
<tr>
<td title='com.heb.enterprise.automationtest.surrogatemapping.SurrogateMappingTest.beforeMethod()'><b>beforeMethod</b><br>Test class: com.heb.enterprise.automationtest.surrogatemapping.SurrogateMappingTest</td>
<td></td>
<td>0</td>
<td>com.heb.enterprise.automationtest.surrogatemapping.SurrogateMappingTest@6e0e048a</td></tr>
<tr>
<td title='com.heb.enterprise.automationtest.surrogatemapping.SurrogateMappingTest.beforeMethod()'><b>beforeMethod</b><br>Test class: com.heb.enterprise.automationtest.surrogatemapping.SurrogateMappingTest</td>
<td></td>
<td>0</td>
<td>com.heb.enterprise.automationtest.surrogatemapping.SurrogateMappingTest@6e0e048a</td></tr>
<tr>
<td title='com.heb.enterprise.automationtest.surrogatemapping.SurrogateMappingTest.beforeMethod()'><b>beforeMethod</b><br>Test class: com.heb.enterprise.automationtest.surrogatemapping.SurrogateMappingTest</td>
<td></td>
<td>0</td>
<td>com.heb.enterprise.automationtest.surrogatemapping.SurrogateMappingTest@6e0e048a</td></tr>
<tr>
<td title='com.heb.enterprise.automationtest.surrogatemapping.SurrogateMappingTest.beforeMethod()'><b>beforeMethod</b><br>Test class: com.heb.enterprise.automationtest.surrogatemapping.SurrogateMappingTest</td>
<td></td>
<td>0</td>
<td>com.heb.enterprise.automationtest.surrogatemapping.SurrogateMappingTest@6e0e048a</td></tr>
<tr>
<td title='com.heb.enterprise.automationtest.surrogatemapping.SurrogateMappingTest.beforeMethod()'><b>beforeMethod</b><br>Test class: com.heb.enterprise.automationtest.surrogatemapping.SurrogateMappingTest</td>
<td></td>
<td>0</td>
<td>com.heb.enterprise.automationtest.surrogatemapping.SurrogateMappingTest@6e0e048a</td></tr>
<tr>
<td title='com.heb.enterprise.automationtest.surrogatemapping.SurrogateMappingTest.beforeMethod()'><b>beforeMethod</b><br>Test class: com.heb.enterprise.automationtest.surrogatemapping.SurrogateMappingTest</td>
<td></td>
<td>0</td>
<td>com.heb.enterprise.automationtest.surrogatemapping.SurrogateMappingTest@6e0e048a</td></tr>
<tr>
<td title='com.heb.enterprise.automationtest.surrogatemapping.SurrogateMappingTest.beforeMethod()'><b>beforeMethod</b><br>Test class: com.heb.enterprise.automationtest.surrogatemapping.SurrogateMappingTest</td>
<td></td>
<td>0</td>
<td>com.heb.enterprise.automationtest.surrogatemapping.SurrogateMappingTest@6e0e048a</td></tr>
<tr>
<td title='com.heb.enterprise.automationtest.vendormanagement.VendorManagementTest.setupBeforeMethod()'><b>setupBeforeMethod</b><br>Test class: com.heb.enterprise.automationtest.vendormanagement.VendorManagementTest</td>
<td></td>
<td>0</td>
<td>com.heb.enterprise.automationtest.vendormanagement.VendorManagementTest@5b87ed94</td></tr>
<tr>
<td title='com.heb.enterprise.automationtest.vendormanagement.VendorManagementTest.setupBeforeMethod()'><b>setupBeforeMethod</b><br>Test class: com.heb.enterprise.automationtest.vendormanagement.VendorManagementTest</td>
<td></td>
<td>0</td>
<td>com.heb.enterprise.automationtest.vendormanagement.VendorManagementTest@5b87ed94</td></tr>
<tr>
<td title='com.heb.enterprise.automationtest.vendormanagement.VendorManagementTest.setupBeforeMethod()'><b>setupBeforeMethod</b><br>Test class: com.heb.enterprise.automationtest.vendormanagement.VendorManagementTest</td>
<td></td>
<td>0</td>
<td>com.heb.enterprise.automationtest.vendormanagement.VendorManagementTest@5b87ed94</td></tr>
<tr>
<td title='com.heb.enterprise.automationtest.vendormanagement.VendorManagementTest.setupBeforeMethod()'><b>setupBeforeMethod</b><br>Test class: com.heb.enterprise.automationtest.vendormanagement.VendorManagementTest</td>
<td></td>
<td>0</td>
<td>com.heb.enterprise.automationtest.vendormanagement.VendorManagementTest@5b87ed94</td></tr>
<tr>
<td title='com.heb.enterprise.automationtest.vendormanagement.VendorManagementTest.setupBeforeMethod()'><b>setupBeforeMethod</b><br>Test class: com.heb.enterprise.automationtest.vendormanagement.VendorManagementTest</td>
<td></td>
<td>0</td>
<td>com.heb.enterprise.automationtest.vendormanagement.VendorManagementTest@5b87ed94</td></tr>
<tr>
<td title='com.heb.enterprise.automationtest.vendormanagement.VendorManagementTest.setupBeforeMethod()'><b>setupBeforeMethod</b><br>Test class: com.heb.enterprise.automationtest.vendormanagement.VendorManagementTest</td>
<td></td>
<td>0</td>
<td>com.heb.enterprise.automationtest.vendormanagement.VendorManagementTest@5b87ed94</td></tr>
<tr>
<td title='com.heb.enterprise.automationtest.vendormanagement.VendorManagementTest.setupBeforeMethod()'><b>setupBeforeMethod</b><br>Test class: com.heb.enterprise.automationtest.vendormanagement.VendorManagementTest</td>
<td></td>
<td>0</td>
<td>com.heb.enterprise.automationtest.vendormanagement.VendorManagementTest@5b87ed94</td></tr>
<tr>
<td title='com.heb.enterprise.automationtest.vendormanagement.VendorManagementTest.setupBeforeMethod()'><b>setupBeforeMethod</b><br>Test class: com.heb.enterprise.automationtest.vendormanagement.VendorManagementTest</td>
<td></td>
<td>0</td>
<td>com.heb.enterprise.automationtest.vendormanagement.VendorManagementTest@5b87ed94</td></tr>
<tr>
<td title='com.heb.enterprise.automationtest.vendormanagement.VendorManagementTest.setupBeforeMethod()'><b>setupBeforeMethod</b><br>Test class: com.heb.enterprise.automationtest.vendormanagement.VendorManagementTest</td>
<td></td>
<td>0</td>
<td>com.heb.enterprise.automationtest.vendormanagement.VendorManagementTest@5b87ed94</td></tr>
<tr>
<td title='com.heb.enterprise.automationtest.vendormanagement.VendorManagementTest.setupBeforeMethod()'><b>setupBeforeMethod</b><br>Test class: com.heb.enterprise.automationtest.vendormanagement.VendorManagementTest</td>
<td></td>
<td>0</td>
<td>com.heb.enterprise.automationtest.vendormanagement.VendorManagementTest@5b87ed94</td></tr>
<tr>
<td title='com.heb.enterprise.automationtest.vendormanagement.VendorManagementTest.setupBeforeMethod()'><b>setupBeforeMethod</b><br>Test class: com.heb.enterprise.automationtest.vendormanagement.VendorManagementTest</td>
<td></td>
<td>0</td>
<td>com.heb.enterprise.automationtest.vendormanagement.VendorManagementTest@5b87ed94</td></tr>
<tr>
<td title='com.heb.enterprise.automationtest.retailinquiry.RetailInquiryTest.setupBeforeMethod()'><b>setupBeforeMethod</b><br>Test class: com.heb.enterprise.automationtest.retailinquiry.RetailInquiryTest</td>
<td></td>
<td>0</td>
<td>com.heb.enterprise.automationtest.retailinquiry.RetailInquiryTest@5ae63ade</td></tr>
<tr>
<td title='com.heb.enterprise.automationtest.retailinquiry.RetailInquiryTest.setupBeforeMethod()'><b>setupBeforeMethod</b><br>Test class: com.heb.enterprise.automationtest.retailinquiry.RetailInquiryTest</td>
<td></td>
<td>0</td>
<td>com.heb.enterprise.automationtest.retailinquiry.RetailInquiryTest@5ae63ade</td></tr>
<tr>
<td title='com.heb.enterprise.automationtest.retailinquiry.RetailInquiryTest.setupBeforeMethod()'><b>setupBeforeMethod</b><br>Test class: com.heb.enterprise.automationtest.retailinquiry.RetailInquiryTest</td>
<td></td>
<td>0</td>
<td>com.heb.enterprise.automationtest.retailinquiry.RetailInquiryTest@5ae63ade</td></tr>
<tr>
<td title='com.heb.enterprise.automationtest.retailinquiry.RetailInquiryTest.setupBeforeMethod()'><b>setupBeforeMethod</b><br>Test class: com.heb.enterprise.automationtest.retailinquiry.RetailInquiryTest</td>
<td></td>
<td>0</td>
<td>com.heb.enterprise.automationtest.retailinquiry.RetailInquiryTest@5ae63ade</td></tr>
<tr>
<td title='com.heb.enterprise.automationtest.productreview.ProductReviewTest.setupMethod()'><b>setupMethod</b><br>Test class: com.heb.enterprise.automationtest.productreview.ProductReviewTest</td>
<td></td>
<td>0</td>
<td>com.heb.enterprise.automationtest.productreview.ProductReviewTest@887af79</td></tr>
<tr>
<td title='com.heb.enterprise.automationtest.productreview.ProductReviewTest.setupMethod()'><b>setupMethod</b><br>Test class: com.heb.enterprise.automationtest.productreview.ProductReviewTest</td>
<td></td>
<td>0</td>
<td>com.heb.enterprise.automationtest.productreview.ProductReviewTest@887af79</td></tr>
<tr>
<td title='com.heb.enterprise.automationtest.productreview.ProductReviewTest.setupMethod()'><b>setupMethod</b><br>Test class: com.heb.enterprise.automationtest.productreview.ProductReviewTest</td>
<td></td>
<td>0</td>
<td>com.heb.enterprise.automationtest.productreview.ProductReviewTest@887af79</td></tr>
<tr>
<td title='com.heb.enterprise.automationtest.productreview.ProductReviewTest.setupMethod()'><b>setupMethod</b><br>Test class: com.heb.enterprise.automationtest.productreview.ProductReviewTest</td>
<td></td>
<td>0</td>
<td>com.heb.enterprise.automationtest.productreview.ProductReviewTest@887af79</td></tr>
<tr>
<td title='com.heb.enterprise.automationtest.productreview.ProductReviewTest.setupMethod()'><b>setupMethod</b><br>Test class: com.heb.enterprise.automationtest.productreview.ProductReviewTest</td>
<td></td>
<td>0</td>
<td>com.heb.enterprise.automationtest.productreview.ProductReviewTest@887af79</td></tr>
<tr>
<td title='com.heb.enterprise.automationtest.productreview.ProductReviewTest.setupMethod()'><b>setupMethod</b><br>Test class: com.heb.enterprise.automationtest.productreview.ProductReviewTest</td>
<td></td>
<td>0</td>
<td>com.heb.enterprise.automationtest.productreview.ProductReviewTest@887af79</td></tr>
<tr>
<td title='com.heb.enterprise.automationtest.productreview.ProductReviewTest.setupMethod()'><b>setupMethod</b><br>Test class: com.heb.enterprise.automationtest.productreview.ProductReviewTest</td>
<td></td>
<td>0</td>
<td>com.heb.enterprise.automationtest.productreview.ProductReviewTest@887af79</td></tr>
<tr>
<td title='com.heb.enterprise.automationtest.productreview.ProductReviewTest.setupMethod()'><b>setupMethod</b><br>Test class: com.heb.enterprise.automationtest.productreview.ProductReviewTest</td>
<td></td>
<td>0</td>
<td>com.heb.enterprise.automationtest.productreview.ProductReviewTest@887af79</td></tr>
<tr>
<td title='com.heb.enterprise.automationtest.productreview.ProductReviewTest.setupMethod()'><b>setupMethod</b><br>Test class: com.heb.enterprise.automationtest.productreview.ProductReviewTest</td>
<td></td>
<td>0</td>
<td>com.heb.enterprise.automationtest.productreview.ProductReviewTest@887af79</td></tr>
<tr>
<td title='com.heb.enterprise.automationtest.productreview.ProductReviewTest.setupMethod()'><b>setupMethod</b><br>Test class: com.heb.enterprise.automationtest.productreview.ProductReviewTest</td>
<td></td>
<td>0</td>
<td>com.heb.enterprise.automationtest.productreview.ProductReviewTest@887af79</td></tr>
<tr>
<td title='com.heb.enterprise.automationtest.productreview.ProductReviewTest.setupMethod()'><b>setupMethod</b><br>Test class: com.heb.enterprise.automationtest.productreview.ProductReviewTest</td>
<td></td>
<td>0</td>
<td>com.heb.enterprise.automationtest.productreview.ProductReviewTest@887af79</td></tr>
<tr>
<td title='com.heb.enterprise.automationtest.productreview.ProductReviewTest.setupMethod()'><b>setupMethod</b><br>Test class: com.heb.enterprise.automationtest.productreview.ProductReviewTest</td>
<td></td>
<td>0</td>
<td>com.heb.enterprise.automationtest.productreview.ProductReviewTest@887af79</td></tr>
<tr>
<td title='com.heb.enterprise.automationtest.productreview.ProductReviewTest.setupMethod()'><b>setupMethod</b><br>Test class: com.heb.enterprise.automationtest.productreview.ProductReviewTest</td>
<td></td>
<td>0</td>
<td>com.heb.enterprise.automationtest.productreview.ProductReviewTest@887af79</td></tr>
<tr>
<td title='com.heb.enterprise.automationtest.productreview.ProductReviewTest.setupMethod()'><b>setupMethod</b><br>Test class: com.heb.enterprise.automationtest.productreview.ProductReviewTest</td>
<td></td>
<td>0</td>
<td>com.heb.enterprise.automationtest.productreview.ProductReviewTest@887af79</td></tr>
<tr>
<td title='com.heb.enterprise.automationtest.productreview.ProductReviewTest.setupMethod()'><b>setupMethod</b><br>Test class: com.heb.enterprise.automationtest.productreview.ProductReviewTest</td>
<td></td>
<td>0</td>
<td>com.heb.enterprise.automationtest.productreview.ProductReviewTest@887af79</td></tr>
<tr>
<td title='com.heb.enterprise.automationtest.productreview.ProductReviewTest.setupMethod()'><b>setupMethod</b><br>Test class: com.heb.enterprise.automationtest.productreview.ProductReviewTest</td>
<td></td>
<td>0</td>
<td>com.heb.enterprise.automationtest.productreview.ProductReviewTest@887af79</td></tr>
<tr>
<td title='com.heb.enterprise.automationtest.productreview.ProductReviewTest.setupMethod()'><b>setupMethod</b><br>Test class: com.heb.enterprise.automationtest.productreview.ProductReviewTest</td>
<td></td>
<td>0</td>
<td>com.heb.enterprise.automationtest.productreview.ProductReviewTest@887af79</td></tr>
<tr>
<td title='com.heb.enterprise.automationtest.productreview.ProductReviewTest.setupMethod()'><b>setupMethod</b><br>Test class: com.heb.enterprise.automationtest.productreview.ProductReviewTest</td>
<td></td>
<td>0</td>
<td>com.heb.enterprise.automationtest.productreview.ProductReviewTest@887af79</td></tr>
<tr>
<td title='com.heb.enterprise.automationtest.productreview.ProductReviewTest.setupMethod()'><b>setupMethod</b><br>Test class: com.heb.enterprise.automationtest.productreview.ProductReviewTest</td>
<td></td>
<td>0</td>
<td>com.heb.enterprise.automationtest.productreview.ProductReviewTest@887af79</td></tr>
<tr>
<td title='com.heb.enterprise.automationtest.productreview.ProductReviewTest.setupMethod()'><b>setupMethod</b><br>Test class: com.heb.enterprise.automationtest.productreview.ProductReviewTest</td>
<td></td>
<td>0</td>
<td>com.heb.enterprise.automationtest.productreview.ProductReviewTest@887af79</td></tr>
<tr>
<td title='com.heb.enterprise.automationtest.productreview.ProductReviewTest.setupMethod()'><b>setupMethod</b><br>Test class: com.heb.enterprise.automationtest.productreview.ProductReviewTest</td>
<td></td>
<td>0</td>
<td>com.heb.enterprise.automationtest.productreview.ProductReviewTest@887af79</td></tr>
<tr>
<td title='com.heb.enterprise.automationtest.productreview.ProductReviewTest.setupMethod()'><b>setupMethod</b><br>Test class: com.heb.enterprise.automationtest.productreview.ProductReviewTest</td>
<td></td>
<td>0</td>
<td>com.heb.enterprise.automationtest.productreview.ProductReviewTest@887af79</td></tr>
<tr>
<td title='com.heb.enterprise.automationtest.productreview.ProductReviewTest.setupMethod()'><b>setupMethod</b><br>Test class: com.heb.enterprise.automationtest.productreview.ProductReviewTest</td>
<td></td>
<td>0</td>
<td>com.heb.enterprise.automationtest.productreview.ProductReviewTest@887af79</td></tr>
<tr>
<td title='com.heb.enterprise.automationtest.productreview.ProductReviewTest.setupMethod()'><b>setupMethod</b><br>Test class: com.heb.enterprise.automationtest.productreview.ProductReviewTest</td>
<td></td>
<td>0</td>
<td>com.heb.enterprise.automationtest.productreview.ProductReviewTest@887af79</td></tr>
<tr>
<td title='com.heb.enterprise.automationtest.productreview.ProductReviewTest.setupMethod()'><b>setupMethod</b><br>Test class: com.heb.enterprise.automationtest.productreview.ProductReviewTest</td>
<td></td>
<td>0</td>
<td>com.heb.enterprise.automationtest.productreview.ProductReviewTest@887af79</td></tr>
<tr>
<td title='com.heb.enterprise.automationtest.productreview.ProductReviewTest.setupMethod()'><b>setupMethod</b><br>Test class: com.heb.enterprise.automationtest.productreview.ProductReviewTest</td>
<td></td>
<td>0</td>
<td>com.heb.enterprise.automationtest.productreview.ProductReviewTest@887af79</td></tr>
<tr>
<td title='com.heb.enterprise.automationtest.productreview.ProductReviewTest.setupMethod()'><b>setupMethod</b><br>Test class: com.heb.enterprise.automationtest.productreview.ProductReviewTest</td>
<td></td>
<td>0</td>
<td>com.heb.enterprise.automationtest.productreview.ProductReviewTest@887af79</td></tr>
<tr>
<td title='com.heb.enterprise.automationtest.productreview.ProductReviewTest.setupMethod()'><b>setupMethod</b><br>Test class: com.heb.enterprise.automationtest.productreview.ProductReviewTest</td>
<td></td>
<td>0</td>
<td>com.heb.enterprise.automationtest.productreview.ProductReviewTest@887af79</td></tr>
<tr>
<td title='com.heb.enterprise.automationtest.productreview.ProductReviewTest.setupMethod()'><b>setupMethod</b><br>Test class: com.heb.enterprise.automationtest.productreview.ProductReviewTest</td>
<td></td>
<td>0</td>
<td>com.heb.enterprise.automationtest.productreview.ProductReviewTest@887af79</td></tr>
<tr>
<td title='com.heb.enterprise.automationtest.productreview.ProductReviewTest.setupMethod()'><b>setupMethod</b><br>Test class: com.heb.enterprise.automationtest.productreview.ProductReviewTest</td>
<td></td>
<td>0</td>
<td>com.heb.enterprise.automationtest.productreview.ProductReviewTest@887af79</td></tr>
<tr>
<td title='com.heb.enterprise.automationtest.costreview.CostReviewTest.beforeMethod()'><b>beforeMethod</b><br>Test class: com.heb.enterprise.automationtest.costreview.CostReviewTest</td>
<td></td>
<td>0</td>
<td>com.heb.enterprise.automationtest.costreview.CostReviewTest@23e028a9</td></tr>
<tr>
<td title='com.heb.enterprise.automationtest.costreview.CostReviewTest.beforeMethod()'><b>beforeMethod</b><br>Test class: com.heb.enterprise.automationtest.costreview.CostReviewTest</td>
<td></td>
<td>0</td>
<td>com.heb.enterprise.automationtest.costreview.CostReviewTest@23e028a9</td></tr>
<tr>
<td title='com.heb.enterprise.automationtest.costreview.CostReviewTest.beforeMethod()'><b>beforeMethod</b><br>Test class: com.heb.enterprise.automationtest.costreview.CostReviewTest</td>
<td></td>
<td>0</td>
<td>com.heb.enterprise.automationtest.costreview.CostReviewTest@23e028a9</td></tr>
<tr>
<td title='com.heb.enterprise.automationtest.costreview.CostReviewTest.beforeMethod()'><b>beforeMethod</b><br>Test class: com.heb.enterprise.automationtest.costreview.CostReviewTest</td>
<td></td>
<td>0</td>
<td>com.heb.enterprise.automationtest.costreview.CostReviewTest@23e028a9</td></tr>
<tr>
<td title='com.heb.enterprise.automationtest.costreview.CostReviewTest.beforeMethod()'><b>beforeMethod</b><br>Test class: com.heb.enterprise.automationtest.costreview.CostReviewTest</td>
<td></td>
<td>0</td>
<td>com.heb.enterprise.automationtest.costreview.CostReviewTest@23e028a9</td></tr>
<tr>
<td title='com.heb.enterprise.automationtest.costreview.CostReviewTest.beforeMethod()'><b>beforeMethod</b><br>Test class: com.heb.enterprise.automationtest.costreview.CostReviewTest</td>
<td></td>
<td>0</td>
<td>com.heb.enterprise.automationtest.costreview.CostReviewTest@23e028a9</td></tr>
<tr>
<td title='com.heb.enterprise.automationtest.costreview.CostReviewTest.beforeMethod()'><b>beforeMethod</b><br>Test class: com.heb.enterprise.automationtest.costreview.CostReviewTest</td>
<td></td>
<td>0</td>
<td>com.heb.enterprise.automationtest.costreview.CostReviewTest@23e028a9</td></tr>
<tr>
<td title='com.heb.enterprise.automationtest.costreview.CostReviewTest.beforeMethod()'><b>beforeMethod</b><br>Test class: com.heb.enterprise.automationtest.costreview.CostReviewTest</td>
<td></td>
<td>0</td>
<td>com.heb.enterprise.automationtest.costreview.CostReviewTest@23e028a9</td></tr>
<tr>
<td title='com.heb.enterprise.automationtest.costreview.CostReviewTest.beforeMethod()'><b>beforeMethod</b><br>Test class: com.heb.enterprise.automationtest.costreview.CostReviewTest</td>
<td></td>
<td>0</td>
<td>com.heb.enterprise.automationtest.costreview.CostReviewTest@23e028a9</td></tr>
<tr>
<td title='com.heb.enterprise.automationtest.costreview.CostReviewTest.beforeMethod()'><b>beforeMethod</b><br>Test class: com.heb.enterprise.automationtest.costreview.CostReviewTest</td>
<td></td>
<td>0</td>
<td>com.heb.enterprise.automationtest.costreview.CostReviewTest@23e028a9</td></tr>
<tr>
<td title='com.heb.enterprise.automationtest.costreview.CostReviewTest.beforeMethod()'><b>beforeMethod</b><br>Test class: com.heb.enterprise.automationtest.costreview.CostReviewTest</td>
<td></td>
<td>0</td>
<td>com.heb.enterprise.automationtest.costreview.CostReviewTest@23e028a9</td></tr>
<tr>
<td title='com.heb.enterprise.automationtest.costreview.CostReviewTest.beforeMethod()'><b>beforeMethod</b><br>Test class: com.heb.enterprise.automationtest.costreview.CostReviewTest</td>
<td></td>
<td>0</td>
<td>com.heb.enterprise.automationtest.costreview.CostReviewTest@23e028a9</td></tr>
<tr>
<td title='com.heb.enterprise.automationtest.vendormanagement.VendorManagementTest.afterMethod()'><b>afterMethod</b><br>Test class: com.heb.enterprise.automationtest.vendormanagement.VendorManagementTest</td>
<td></td>
<td>0</td>
<td>com.heb.enterprise.automationtest.vendormanagement.VendorManagementTest@5b87ed94</td></tr>
<tr>
<td title='com.heb.enterprise.automationtest.vendormanagement.VendorManagementTest.afterMethod()'><b>afterMethod</b><br>Test class: com.heb.enterprise.automationtest.vendormanagement.VendorManagementTest</td>
<td></td>
<td>0</td>
<td>com.heb.enterprise.automationtest.vendormanagement.VendorManagementTest@5b87ed94</td></tr>
<tr>
<td title='com.heb.enterprise.automationtest.vendormanagement.VendorManagementTest.afterMethod()'><b>afterMethod</b><br>Test class: com.heb.enterprise.automationtest.vendormanagement.VendorManagementTest</td>
<td></td>
<td>0</td>
<td>com.heb.enterprise.automationtest.vendormanagement.VendorManagementTest@5b87ed94</td></tr>
<tr>
<td title='com.heb.enterprise.automationtest.vendormanagement.VendorManagementTest.afterMethod()'><b>afterMethod</b><br>Test class: com.heb.enterprise.automationtest.vendormanagement.VendorManagementTest</td>
<td></td>
<td>0</td>
<td>com.heb.enterprise.automationtest.vendormanagement.VendorManagementTest@5b87ed94</td></tr>
<tr>
<td title='com.heb.enterprise.automationtest.vendormanagement.VendorManagementTest.afterMethod()'><b>afterMethod</b><br>Test class: com.heb.enterprise.automationtest.vendormanagement.VendorManagementTest</td>
<td></td>
<td>0</td>
<td>com.heb.enterprise.automationtest.vendormanagement.VendorManagementTest@5b87ed94</td></tr>
<tr>
<td title='com.heb.enterprise.automationtest.vendormanagement.VendorManagementTest.afterMethod()'><b>afterMethod</b><br>Test class: com.heb.enterprise.automationtest.vendormanagement.VendorManagementTest</td>
<td></td>
<td>0</td>
<td>com.heb.enterprise.automationtest.vendormanagement.VendorManagementTest@5b87ed94</td></tr>
<tr>
<td title='com.heb.enterprise.automationtest.vendormanagement.VendorManagementTest.afterMethod()'><b>afterMethod</b><br>Test class: com.heb.enterprise.automationtest.vendormanagement.VendorManagementTest</td>
<td></td>
<td>0</td>
<td>com.heb.enterprise.automationtest.vendormanagement.VendorManagementTest@5b87ed94</td></tr>
<tr>
<td title='com.heb.enterprise.automationtest.vendormanagement.VendorManagementTest.afterMethod()'><b>afterMethod</b><br>Test class: com.heb.enterprise.automationtest.vendormanagement.VendorManagementTest</td>
<td></td>
<td>0</td>
<td>com.heb.enterprise.automationtest.vendormanagement.VendorManagementTest@5b87ed94</td></tr>
<tr>
<td title='com.heb.enterprise.automationtest.vendormanagement.VendorManagementTest.afterMethod()'><b>afterMethod</b><br>Test class: com.heb.enterprise.automationtest.vendormanagement.VendorManagementTest</td>
<td></td>
<td>0</td>
<td>com.heb.enterprise.automationtest.vendormanagement.VendorManagementTest@5b87ed94</td></tr>
<tr>
<td title='com.heb.enterprise.automationtest.vendormanagement.VendorManagementTest.afterMethod()'><b>afterMethod</b><br>Test class: com.heb.enterprise.automationtest.vendormanagement.VendorManagementTest</td>
<td></td>
<td>0</td>
<td>com.heb.enterprise.automationtest.vendormanagement.VendorManagementTest@5b87ed94</td></tr>
<tr>
<td title='com.heb.enterprise.automationtest.vendormanagement.VendorManagementTest.afterMethod()'><b>afterMethod</b><br>Test class: com.heb.enterprise.automationtest.vendormanagement.VendorManagementTest</td>
<td></td>
<td>0</td>
<td>com.heb.enterprise.automationtest.vendormanagement.VendorManagementTest@5b87ed94</td></tr>
<tr>
<td title='com.heb.enterprise.automationtest.vendormanagement.VendorManagementTest.afterMethod()'><b>afterMethod</b><br>Test class: com.heb.enterprise.automationtest.vendormanagement.VendorManagementTest</td>
<td></td>
<td>0</td>
<td>com.heb.enterprise.automationtest.vendormanagement.VendorManagementTest@5b87ed94</td></tr>
<tr>
<td title='com.heb.enterprise.automationtest.retailinquiry.RetailInquiryTest.afterMethod()'><b>afterMethod</b><br>Test class: com.heb.enterprise.automationtest.retailinquiry.RetailInquiryTest</td>
<td></td>
<td>0</td>
<td>com.heb.enterprise.automationtest.retailinquiry.RetailInquiryTest@5ae63ade</td></tr>
<tr>
<td title='com.heb.enterprise.automationtest.retailinquiry.RetailInquiryTest.afterMethod()'><b>afterMethod</b><br>Test class: com.heb.enterprise.automationtest.retailinquiry.RetailInquiryTest</td>
<td></td>
<td>0</td>
<td>com.heb.enterprise.automationtest.retailinquiry.RetailInquiryTest@5ae63ade</td></tr>
<tr>
<td title='com.heb.enterprise.automationtest.retailinquiry.RetailInquiryTest.afterMethod()'><b>afterMethod</b><br>Test class: com.heb.enterprise.automationtest.retailinquiry.RetailInquiryTest</td>
<td></td>
<td>0</td>
<td>com.heb.enterprise.automationtest.retailinquiry.RetailInquiryTest@5ae63ade</td></tr>
<tr>
<td title='com.heb.enterprise.automationtest.retailinquiry.RetailInquiryTest.afterMethod()'><b>afterMethod</b><br>Test class: com.heb.enterprise.automationtest.retailinquiry.RetailInquiryTest</td>
<td></td>
<td>0</td>
<td>com.heb.enterprise.automationtest.retailinquiry.RetailInquiryTest@5ae63ade</td></tr>
<tr>
<td title='com.heb.enterprise.automationtest.retailinquiry.RetailInquiryTest.afterMethod()'><b>afterMethod</b><br>Test class: com.heb.enterprise.automationtest.retailinquiry.RetailInquiryTest</td>
<td></td>
<td>0</td>
<td>com.heb.enterprise.automationtest.retailinquiry.RetailInquiryTest@5ae63ade</td></tr>
<tr>
<td title='com.heb.enterprise.automationtest.surrogatemapping.SurrogateMappingTest.afterClass()'><b>afterClass</b><br>Test class: com.heb.enterprise.automationtest.surrogatemapping.SurrogateMappingTest</td>
<td></td>
<td>0</td>
<td>com.heb.enterprise.automationtest.surrogatemapping.SurrogateMappingTest@6e0e048a</td></tr>
<tr>
<td title='com.heb.enterprise.automationtest.vendormanagement.VendorManagementTest.afterClass()'><b>afterClass</b><br>Test class: com.heb.enterprise.automationtest.vendormanagement.VendorManagementTest</td>
<td></td>
<td>0</td>
<td>com.heb.enterprise.automationtest.vendormanagement.VendorManagementTest@5b87ed94</td></tr>
<tr>
<td title='com.heb.enterprise.automationtest.retailinquiry.RetailInquiryTest.afterClass()'><b>afterClass</b><br>Test class: com.heb.enterprise.automationtest.retailinquiry.RetailInquiryTest</td>
<td></td>
<td>0</td>
<td>com.heb.enterprise.automationtest.retailinquiry.RetailInquiryTest@5ae63ade</td></tr>
<tr>
<td title='com.heb.enterprise.automationtest.productreview.ProductReviewTest.afterClass()'><b>afterClass</b><br>Test class: com.heb.enterprise.automationtest.productreview.ProductReviewTest</td>
<td></td>
<td>0</td>
<td>com.heb.enterprise.automationtest.productreview.ProductReviewTest@887af79</td></tr>
<tr>
<td title='com.heb.enterprise.automationtest.costreview.CostReviewTest.afterClass()'><b>afterClass</b><br>Test class: com.heb.enterprise.automationtest.costreview.CostReviewTest</td>
<td></td>
<td>0</td>
<td>com.heb.enterprise.automationtest.costreview.CostReviewTest@23e028a9</td></tr>
<tr>
<td title='com.heb.enterprise.automationtest.globaldefaults.GlobalDefaultTest.afterClass()'><b>afterClass</b><br>Test class: com.heb.enterprise.automationtest.globaldefaults.GlobalDefaultTest</td>
<td></td>
<td>0</td>
<td>com.heb.enterprise.automationtest.globaldefaults.GlobalDefaultTest@7fac631b</td></tr>
<tr>
<td title='com.heb.enterprise.automationtest.productreview.ProductReviewTest.tearDown()'><b>tearDown</b><br>Test class: com.heb.enterprise.automationtest.productreview.ProductReviewTest</td>
<td></td>
<td>0</td>
<td>null</td></tr>
</table><p>
<table width='100%' border='1' class='invocation-failed'>
<tr><td colspan='4' align='center'><b>FAILED TESTS</b></td></tr>
<tr><td><b>Test method</b></td>
<td width="30%"><b>Exception</b></td>
<td width="10%"><b>Time (seconds)</b></td>
<td><b>Instance</b></td>
</tr>
<tr>
<td title='com.heb.enterprise.automationtest.productreview.ProductReviewTest.tc_Products_Review_001_1_Test()'><b>tc_Products_Review_001_1_Test</b><br>Test class: com.heb.enterprise.automationtest.productreview.ProductReviewTest</td>
<td><div><pre>java.lang.NullPointerException
	at com.heb.enterprise.automationtest.productreview.ProductReviewTest.tc_Products_Review_001_1_Test(ProductReviewTest.java:46)
... Removed 24 stack frames</pre></div><a href='#' onClick='toggleBox("stack-trace1201004240", this, "Click to show all stack frames", "Click to hide stack frames")'>Click to show all stack frames</a>
<div class='stack-trace' id='stack-trace1201004240'><pre>java.lang.NullPointerException
	at com.heb.enterprise.automationtest.productreview.ProductReviewTest.tc_Products_Review_001_1_Test(ProductReviewTest.java:46)
	at sun.reflect.NativeMethodAccessorImpl.invoke0(Native Method)
	at sun.reflect.NativeMethodAccessorImpl.invoke(NativeMethodAccessorImpl.java:62)
	at sun.reflect.DelegatingMethodAccessorImpl.invoke(DelegatingMethodAccessorImpl.java:43)
	at java.lang.reflect.Method.invoke(Method.java:497)
	at org.testng.internal.MethodInvocationHelper.invokeMethod(MethodInvocationHelper.java:85)
	at org.testng.internal.Invoker.invokeMethod(Invoker.java:696)
	at org.testng.internal.Invoker.invokeTestMethod(Invoker.java:882)
	at org.testng.internal.Invoker.invokeTestMethods(Invoker.java:1189)
	at org.testng.internal.TestMethodWorker.invokeTestMethods(TestMethodWorker.java:124)
	at org.testng.internal.TestMethodWorker.run(TestMethodWorker.java:108)
	at org.testng.TestRunner.privateRun(TestRunner.java:767)
	at org.testng.TestRunner.run(TestRunner.java:617)
	at org.testng.SuiteRunner.runTest(SuiteRunner.java:348)
	at org.testng.SuiteRunner.runSequentially(SuiteRunner.java:343)
	at org.testng.SuiteRunner.privateRun(SuiteRunner.java:305)
	at org.testng.SuiteRunner.run(SuiteRunner.java:254)
	at org.testng.SuiteRunnerWorker.runSuite(SuiteRunnerWorker.java:52)
	at org.testng.SuiteRunnerWorker.run(SuiteRunnerWorker.java:86)
	at org.testng.TestNG.runSuitesSequentially(TestNG.java:1224)
	at org.testng.TestNG.runSuitesLocally(TestNG.java:1149)
	at org.testng.TestNG.run(TestNG.java:1057)
	at org.testng.remote.RemoteTestNG.run(RemoteTestNG.java:115)
	at org.testng.remote.RemoteTestNG.initAndRun(RemoteTestNG.java:207)
	at org.testng.remote.RemoteTestNG.main(RemoteTestNG.java:178)
</pre></div></td>
<td>0</td>
<td>com.heb.enterprise.automationtest.productreview.ProductReviewTest@887af79</td></tr>
<tr>
<td title='com.heb.enterprise.automationtest.productreview.ProductReviewTest.tc_Products_Review_001_4_Test()'><b>tc_Products_Review_001_4_Test</b><br>Test class: com.heb.enterprise.automationtest.productreview.ProductReviewTest</td>
<td><div><pre>org.openqa.selenium.remote.UnreachableBrowserException: Error communicating with the remote browser. It may have died.
Build info: version: &apos;2.48.2&apos;, revision: &apos;41bccdd10cf2c0560f637404c2d96164b67d9d67&apos;, time: &apos;2015-10-09 13:08:06&apos;
System info: host: &apos;HUYNGUYEN-PC&apos;, ip: &apos;10.10.30.71&apos;, os.name: &apos;Windows 7&apos;, os.arch: &apos;amd64&apos;, os.version: &apos;6.1&apos;, java.version: &apos;1.8.0_65&apos;
Driver info: driver.version: RemoteWebDriver
	at org.openqa.selenium.remote.RemoteWebDriver.execute(RemoteWebDriver.java:641)
	at org.openqa.selenium.remote.RemoteWebDriver.findElement(RemoteWebDriver.java:353)
	at org.openqa.selenium.remote.RemoteWebDriver.findElementById(RemoteWebDriver.java:403)
	at org.openqa.selenium.By$ById.findElement(By.java:218)
	at org.openqa.selenium.remote.RemoteWebDriver.findElement(RemoteWebDriver.java:345)
	at org.openqa.selenium.support.pagefactory.DefaultElementLocator.findElement(DefaultElementLocator.java:69)
	at org.openqa.selenium.support.pagefactory.internal.LocatingElementHandler.invoke(LocatingElementHandler.java:38)
	at com.sun.proxy.$Proxy11.isDisplayed(Unknown Source)
	at com.heb.enterprise.automationtest.productreview.ProductReviewTest.tc_Products_Review_001_4_Test(ProductReviewTest.java:73)
Caused by: org.apache.http.conn.HttpHostConnectException: Connect to 127.0.0.1:7059 [/127.0.0.1] failed: Connection refused: connect
	at org.apache.http.impl.conn.DefaultHttpClientConnectionOperator.connect(DefaultHttpClientConnectionOperator.java:151)
	at org.apache.http.impl.conn.PoolingHttpClientConnectionManager.connect(PoolingHttpClientConnectionManager.java:353)
	at org.apache.http.impl.execchain.MainClientExec.establishRoute(MainClientExec.java:380)
	at org.apache.http.impl.execchain.MainClientExec.execute(MainClientExec.java:236)
	at org.apache.http.impl.execchain.ProtocolExec.execute(ProtocolExec.java:184)
	at org.apache.http.impl.execchain.RetryExec.execute(RetryExec.java:88)
	at org.apache.http.impl.execchain.RedirectExec.execute(RedirectExec.java:110)
	at org.apache.http.impl.client.InternalHttpClient.doExecute(InternalHttpClient.java:184)
	at org.apache.http.impl.client.CloseableHttpClient.execute(CloseableHttpClient.java:71)
	at org.apache.http.impl.client.CloseableHttpClient.execute(CloseableHttpClient.java:55)
	at org.openqa.selenium.remote.internal.ApacheHttpClient.fallBackExecute(ApacheHttpClient.java:143)
	at org.openqa.selenium.remote.internal.ApacheHttpClient.execute(ApacheHttpClient.java:89)
	at org.openqa.selenium.remote.HttpCommandExecutor.execute(HttpCommandExecutor.java:142)
	at org.openqa.selenium.firefox.internal.NewProfileExtensionConnection.execute(NewProfileExtensionConnection.java:170)
	at org.openqa.selenium.firefox.FirefoxDriver$LazyCommandExecutor.execute(FirefoxDriver.java:380)
	at org.openqa.selenium.remote.RemoteWebDriver.execute(RemoteWebDriver.java:620)
	... 32 more
Caused by: java.net.ConnectException: Connection refused: connect
	at java.net.DualStackPlainSocketImpl.waitForConnect(Native Method)
	at java.net.DualStackPlainSocketImpl.socketConnect(DualStackPlainSocketImpl.java:85)
	at java.net.AbstractPlainSocketImpl.doConnect(AbstractPlainSocketImpl.java:350)
	at java.net.AbstractPlainSocketImpl.connectToAddress(AbstractPlainSocketImpl.java:206)
	at java.net.AbstractPlainSocketImpl.connect(AbstractPlainSocketImpl.java:188)
	at java.net.PlainSocketImpl.connect(PlainSocketImpl.java:172)
	at java.net.SocksSocketImpl.connect(SocksSocketImpl.java:392)
	at java.net.Socket.connect(Socket.java:589)
	at org.apache.http.conn.socket.PlainConnectionSocketFactory.connectSocket(PlainConnectionSocketFactory.java:74)
	at org.apache.http.impl.conn.DefaultHttpClientConnectionOperator.connect(DefaultHttpClientConnectionOperator.java:134)
	... 47 more
... Removed 24 stack frames</pre></div><a href='#' onClick='toggleBox("stack-trace1650113431", this, "Click to show all stack frames", "Click to hide stack frames")'>Click to show all stack frames</a>
<div class='stack-trace' id='stack-trace1650113431'><pre>org.openqa.selenium.remote.UnreachableBrowserException: Error communicating with the remote browser. It may have died.
Build info: version: &apos;2.48.2&apos;, revision: &apos;41bccdd10cf2c0560f637404c2d96164b67d9d67&apos;, time: &apos;2015-10-09 13:08:06&apos;
System info: host: &apos;HUYNGUYEN-PC&apos;, ip: &apos;10.10.30.71&apos;, os.name: &apos;Windows 7&apos;, os.arch: &apos;amd64&apos;, os.version: &apos;6.1&apos;, java.version: &apos;1.8.0_65&apos;
Driver info: driver.version: RemoteWebDriver
	at org.openqa.selenium.remote.RemoteWebDriver.execute(RemoteWebDriver.java:641)
	at org.openqa.selenium.remote.RemoteWebDriver.findElement(RemoteWebDriver.java:353)
	at org.openqa.selenium.remote.RemoteWebDriver.findElementById(RemoteWebDriver.java:403)
	at org.openqa.selenium.By$ById.findElement(By.java:218)
	at org.openqa.selenium.remote.RemoteWebDriver.findElement(RemoteWebDriver.java:345)
	at org.openqa.selenium.support.pagefactory.DefaultElementLocator.findElement(DefaultElementLocator.java:69)
	at org.openqa.selenium.support.pagefactory.internal.LocatingElementHandler.invoke(LocatingElementHandler.java:38)
	at com.sun.proxy.$Proxy11.isDisplayed(Unknown Source)
	at com.heb.enterprise.automationtest.productreview.ProductReviewTest.tc_Products_Review_001_4_Test(ProductReviewTest.java:73)
	at sun.reflect.NativeMethodAccessorImpl.invoke0(Native Method)
	at sun.reflect.NativeMethodAccessorImpl.invoke(NativeMethodAccessorImpl.java:62)
	at sun.reflect.DelegatingMethodAccessorImpl.invoke(DelegatingMethodAccessorImpl.java:43)
	at java.lang.reflect.Method.invoke(Method.java:497)
	at org.testng.internal.MethodInvocationHelper.invokeMethod(MethodInvocationHelper.java:85)
	at org.testng.internal.Invoker.invokeMethod(Invoker.java:696)
	at org.testng.internal.Invoker.invokeTestMethod(Invoker.java:882)
	at org.testng.internal.Invoker.invokeTestMethods(Invoker.java:1189)
	at org.testng.internal.TestMethodWorker.invokeTestMethods(TestMethodWorker.java:124)
	at org.testng.internal.TestMethodWorker.run(TestMethodWorker.java:108)
	at org.testng.TestRunner.privateRun(TestRunner.java:767)
	at org.testng.TestRunner.run(TestRunner.java:617)
	at org.testng.SuiteRunner.runTest(SuiteRunner.java:348)
	at org.testng.SuiteRunner.runSequentially(SuiteRunner.java:343)
	at org.testng.SuiteRunner.privateRun(SuiteRunner.java:305)
	at org.testng.SuiteRunner.run(SuiteRunner.java:254)
	at org.testng.SuiteRunnerWorker.runSuite(SuiteRunnerWorker.java:52)
	at org.testng.SuiteRunnerWorker.run(SuiteRunnerWorker.java:86)
	at org.testng.TestNG.runSuitesSequentially(TestNG.java:1224)
	at org.testng.TestNG.runSuitesLocally(TestNG.java:1149)
	at org.testng.TestNG.run(TestNG.java:1057)
	at org.testng.remote.RemoteTestNG.run(RemoteTestNG.java:115)
	at org.testng.remote.RemoteTestNG.initAndRun(RemoteTestNG.java:207)
	at org.testng.remote.RemoteTestNG.main(RemoteTestNG.java:178)
Caused by: org.apache.http.conn.HttpHostConnectException: Connect to 127.0.0.1:7059 [/127.0.0.1] failed: Connection refused: connect
	at org.apache.http.impl.conn.DefaultHttpClientConnectionOperator.connect(DefaultHttpClientConnectionOperator.java:151)
	at org.apache.http.impl.conn.PoolingHttpClientConnectionManager.connect(PoolingHttpClientConnectionManager.java:353)
	at org.apache.http.impl.execchain.MainClientExec.establishRoute(MainClientExec.java:380)
	at org.apache.http.impl.execchain.MainClientExec.execute(MainClientExec.java:236)
	at org.apache.http.impl.execchain.ProtocolExec.execute(ProtocolExec.java:184)
	at org.apache.http.impl.execchain.RetryExec.execute(RetryExec.java:88)
	at org.apache.http.impl.execchain.RedirectExec.execute(RedirectExec.java:110)
	at org.apache.http.impl.client.InternalHttpClient.doExecute(InternalHttpClient.java:184)
	at org.apache.http.impl.client.CloseableHttpClient.execute(CloseableHttpClient.java:71)
	at org.apache.http.impl.client.CloseableHttpClient.execute(CloseableHttpClient.java:55)
	at org.openqa.selenium.remote.internal.ApacheHttpClient.fallBackExecute(ApacheHttpClient.java:143)
	at org.openqa.selenium.remote.internal.ApacheHttpClient.execute(ApacheHttpClient.java:89)
	at org.openqa.selenium.remote.HttpCommandExecutor.execute(HttpCommandExecutor.java:142)
	at org.openqa.selenium.firefox.internal.NewProfileExtensionConnection.execute(NewProfileExtensionConnection.java:170)
	at org.openqa.selenium.firefox.FirefoxDriver$LazyCommandExecutor.execute(FirefoxDriver.java:380)
	at org.openqa.selenium.remote.RemoteWebDriver.execute(RemoteWebDriver.java:620)
	... 32 more
Caused by: java.net.ConnectException: Connection refused: connect
	at java.net.DualStackPlainSocketImpl.waitForConnect(Native Method)
	at java.net.DualStackPlainSocketImpl.socketConnect(DualStackPlainSocketImpl.java:85)
	at java.net.AbstractPlainSocketImpl.doConnect(AbstractPlainSocketImpl.java:350)
	at java.net.AbstractPlainSocketImpl.connectToAddress(AbstractPlainSocketImpl.java:206)
	at java.net.AbstractPlainSocketImpl.connect(AbstractPlainSocketImpl.java:188)
	at java.net.PlainSocketImpl.connect(PlainSocketImpl.java:172)
	at java.net.SocksSocketImpl.connect(SocksSocketImpl.java:392)
	at java.net.Socket.connect(Socket.java:589)
	at org.apache.http.conn.socket.PlainConnectionSocketFactory.connectSocket(PlainConnectionSocketFactory.java:74)
	at org.apache.http.impl.conn.DefaultHttpClientConnectionOperator.connect(DefaultHttpClientConnectionOperator.java:134)
	... 47 more
</pre></div></td>
<td>1</td>
<td>com.heb.enterprise.automationtest.productreview.ProductReviewTest@887af79</td></tr>
</table><p>
<table width='100%' border='1' class='invocation-passed'>
<tr><td colspan='4' align='center'><b>PASSED TESTS</b></td></tr>
<tr><td><b>Test method</b></td>
<td width="30%"><b>Exception</b></td>
<td width="10%"><b>Time (seconds)</b></td>
<td><b>Instance</b></td>
</tr>
<tr>
<td title='com.heb.enterprise.automationtest.dashboard.DashboardTest.T001_LoadDashboardPage()'><b>T001_LoadDashboardPage</b><br>Test class: com.heb.enterprise.automationtest.dashboard.DashboardTest</td>
<td></td>
<td>0</td>
<td>com.heb.enterprise.automationtest.dashboard.DashboardTest@47ef968d</td></tr>
<tr>
<td title='com.heb.enterprise.automationtest.dashboard.DashboardTest.T002_testProductOverview()'><b>T002_testProductOverview</b><br>Test class: com.heb.enterprise.automationtest.dashboard.DashboardTest</td>
<td></td>
<td>0</td>
<td>com.heb.enterprise.automationtest.dashboard.DashboardTest@47ef968d</td></tr>
<tr>
<td title='com.heb.enterprise.automationtest.dashboard.DashboardTest.T003_testRetailCostReviewDefault()'><b>T003_testRetailCostReviewDefault</b><br>Test class: com.heb.enterprise.automationtest.dashboard.DashboardTest</td>
<td></td>
<td>0</td>
<td>com.heb.enterprise.automationtest.dashboard.DashboardTest@47ef968d</td></tr>
<tr>
<td title='com.heb.enterprise.automationtest.dashboard.DashboardTest.T004_testProductSearch()'><b>T004_testProductSearch</b><br>Test class: com.heb.enterprise.automationtest.dashboard.DashboardTest</td>
<td></td>
<td>0</td>
<td>com.heb.enterprise.automationtest.dashboard.DashboardTest@47ef968d</td></tr>
<tr>
<td title='com.heb.enterprise.automationtest.dashboard.DashboardTest.T005_testDataVendorCombobox()'><b>T005_testDataVendorCombobox</b><br>Test class: com.heb.enterprise.automationtest.dashboard.DashboardTest</td>
<td></td>
<td>2</td>
<td>com.heb.enterprise.automationtest.dashboard.DashboardTest@47ef968d</td></tr>
<tr>
<td title='com.heb.enterprise.automationtest.dashboard.DashboardTest.T006_testSearchProduct()'><b>T006_testSearchProduct</b><br>Test class: com.heb.enterprise.automationtest.dashboard.DashboardTest</td>
<td></td>
<td>4</td>
<td>com.heb.enterprise.automationtest.dashboard.DashboardTest@47ef968d</td></tr>
<tr>
<td title='com.heb.enterprise.automationtest.dashboard.DashboardTest.T008_testCommodityTrends()'><b>T008_testCommodityTrends</b><br>Test class: com.heb.enterprise.automationtest.dashboard.DashboardTest</td>
<td></td>
<td>13</td>
<td>com.heb.enterprise.automationtest.dashboard.DashboardTest@47ef968d</td></tr>
<tr>
<td title='com.heb.enterprise.automationtest.pricingrule.PricingRuleTest.TC_Pricing_Rules_001_Test()'><b>TC_Pricing_Rules_001_Test</b><br>Test class: com.heb.enterprise.automationtest.pricingrule.PricingRuleTest</td>
<td></td>
<td>0</td>
<td>com.heb.enterprise.automationtest.pricingrule.PricingRuleTest@4b4523f8</td></tr>
<tr>
<td title='com.heb.enterprise.automationtest.pricingrule.PricingRuleTest.TC_Pricing_Rules_002_Test()'><b>TC_Pricing_Rules_002_Test</b><br>Test class: com.heb.enterprise.automationtest.pricingrule.PricingRuleTest</td>
<td></td>
<td>5</td>
<td>com.heb.enterprise.automationtest.pricingrule.PricingRuleTest@4b4523f8</td></tr>
<tr>
<td title='com.heb.enterprise.automationtest.pricingrule.PricingRuleTest.TC_Pricing_Rules_003_Test()'><b>TC_Pricing_Rules_003_Test</b><br>Test class: com.heb.enterprise.automationtest.pricingrule.PricingRuleTest</td>
<td></td>
<td>7</td>
<td>com.heb.enterprise.automationtest.pricingrule.PricingRuleTest@4b4523f8</td></tr>
<tr>
<td title='com.heb.enterprise.automationtest.pricingrule.PricingRuleTest.TC_Pricing_Rules_004_Test()'><b>TC_Pricing_Rules_004_Test</b><br>Test class: com.heb.enterprise.automationtest.pricingrule.PricingRuleTest</td>
<td></td>
<td>5</td>
<td>com.heb.enterprise.automationtest.pricingrule.PricingRuleTest@4b4523f8</td></tr>
<tr>
<td title='com.heb.enterprise.automationtest.pricingrule.PricingRuleTest.TC_Pricing_Rules_005_Test()'><b>TC_Pricing_Rules_005_Test</b><br>Test class: com.heb.enterprise.automationtest.pricingrule.PricingRuleTest</td>
<td></td>
<td>5</td>
<td>com.heb.enterprise.automationtest.pricingrule.PricingRuleTest@4b4523f8</td></tr>
<tr>
<td title='com.heb.enterprise.automationtest.pricingrule.PricingRuleTest.TC_Pricing_Rules_006_Test()'><b>TC_Pricing_Rules_006_Test</b><br>Test class: com.heb.enterprise.automationtest.pricingrule.PricingRuleTest</td>
<td></td>
<td>6</td>
<td>com.heb.enterprise.automationtest.pricingrule.PricingRuleTest@4b4523f8</td></tr>
<tr>
<td title='com.heb.enterprise.automationtest.pricingrule.PricingRuleTest.TC_Pricing_Rules_007_Test()'><b>TC_Pricing_Rules_007_Test</b><br>Test class: com.heb.enterprise.automationtest.pricingrule.PricingRuleTest</td>
<td></td>
<td>6</td>
<td>com.heb.enterprise.automationtest.pricingrule.PricingRuleTest@4b4523f8</td></tr>
<tr>
<td title='com.heb.enterprise.automationtest.pricingrule.PricingRuleTest.TC_Pricing_Rules_008_Test()'><b>TC_Pricing_Rules_008_Test</b><br>Test class: com.heb.enterprise.automationtest.pricingrule.PricingRuleTest</td>
<td></td>
<td>5</td>
<td>com.heb.enterprise.automationtest.pricingrule.PricingRuleTest@4b4523f8</td></tr>
<tr>
<td title='com.heb.enterprise.automationtest.productreview.ProductReviewTest.imageTestSikuli()'><b>imageTestSikuli</b><br>Test class: com.heb.enterprise.automationtest.productreview.ProductReviewTest</td>
<td></td>
<td>0</td>
<td>com.heb.enterprise.automationtest.productreview.ProductReviewTest@887af79</td></tr>
<tr>
<td title='com.heb.enterprise.automationtest.productreview.ProductReviewTest.tc_Products_Review_001_2_Test()'><b>tc_Products_Review_001_2_Test</b><br>Test class: com.heb.enterprise.automationtest.productreview.ProductReviewTest</td>
<td></td>
<td>0</td>
<td>com.heb.enterprise.automationtest.productreview.ProductReviewTest@887af79</td></tr>
<tr>
<td title='com.heb.enterprise.automationtest.productreview.ProductReviewTest.tc_Products_Review_001_3_Test()'><b>tc_Products_Review_001_3_Test</b><br>Test class: com.heb.enterprise.automationtest.productreview.ProductReviewTest</td>
<td></td>
<td>0</td>
<td>com.heb.enterprise.automationtest.productreview.ProductReviewTest@887af79</td></tr>
</table><p>
<table width='100%' border='1' class='invocation-skipped'>
<tr><td colspan='4' align='center'><b>SKIPPED TESTS</b></td></tr>
<tr><td><b>Test method</b></td>
<td width="30%"><b>Exception</b></td>
<td width="10%"><b>Time (seconds)</b></td>
<td><b>Instance</b></td>
</tr>
<tr>
<td title='com.heb.enterprise.automationtest.surrogatemapping.SurrogateMappingTest.AddNewWithButton()'><b>AddNewWithButton</b><br>Test class: com.heb.enterprise.automationtest.surrogatemapping.SurrogateMappingTest</td>
<td></td>
<td>0</td>
<td>com.heb.enterprise.automationtest.surrogatemapping.SurrogateMappingTest@6e0e048a</td></tr>
<tr>
<td title='com.heb.enterprise.automationtest.surrogatemapping.SurrogateMappingTest.AddNewwithIcon()'><b>AddNewwithIcon</b><br>Test class: com.heb.enterprise.automationtest.surrogatemapping.SurrogateMappingTest</td>
<td></td>
<td>0</td>
<td>com.heb.enterprise.automationtest.surrogatemapping.SurrogateMappingTest@6e0e048a</td></tr>
<tr>
<td title='com.heb.enterprise.automationtest.surrogatemapping.SurrogateMappingTest.BreadCrumb()'><b>BreadCrumb</b><br>Test class: com.heb.enterprise.automationtest.surrogatemapping.SurrogateMappingTest</td>
<td></td>
<td>0</td>
<td>com.heb.enterprise.automationtest.surrogatemapping.SurrogateMappingTest@6e0e048a</td></tr>
<tr>
<td title='com.heb.enterprise.automationtest.surrogatemapping.SurrogateMappingTest.CheckTitle()'><b>CheckTitle</b><br>Test class: com.heb.enterprise.automationtest.surrogatemapping.SurrogateMappingTest</td>
<td></td>
<td>0</td>
<td>com.heb.enterprise.automationtest.surrogatemapping.SurrogateMappingTest@6e0e048a</td></tr>
<tr>
<td title='com.heb.enterprise.automationtest.surrogatemapping.SurrogateMappingTest.DeleteNo()'><b>DeleteNo</b><br>Test class: com.heb.enterprise.automationtest.surrogatemapping.SurrogateMappingTest</td>
<td></td>
<td>0</td>
<td>com.heb.enterprise.automationtest.surrogatemapping.SurrogateMappingTest@6e0e048a</td></tr>
<tr>
<td title='com.heb.enterprise.automationtest.surrogatemapping.SurrogateMappingTest.DeleteYes()'><b>DeleteYes</b><br>Test class: com.heb.enterprise.automationtest.surrogatemapping.SurrogateMappingTest</td>
<td></td>
<td>0</td>
<td>com.heb.enterprise.automationtest.surrogatemapping.SurrogateMappingTest@6e0e048a</td></tr>
<tr>
<td title='com.heb.enterprise.automationtest.surrogatemapping.SurrogateMappingTest.PaggingBar()'><b>PaggingBar</b><br>Test class: com.heb.enterprise.automationtest.surrogatemapping.SurrogateMappingTest</td>
<td></td>
<td>0</td>
<td>com.heb.enterprise.automationtest.surrogatemapping.SurrogateMappingTest@6e0e048a</td></tr>
<tr>
<td title='com.heb.enterprise.automationtest.surrogatemapping.SurrogateMappingTest.SearchIconUser()'><b>SearchIconUser</b><br>Test class: com.heb.enterprise.automationtest.surrogatemapping.SurrogateMappingTest</td>
<td></td>
<td>0</td>
<td>com.heb.enterprise.automationtest.surrogatemapping.SurrogateMappingTest@6e0e048a</td></tr>
<tr>
<td title='com.heb.enterprise.automationtest.surrogatemapping.SurrogateMappingTest.SearchUser()'><b>SearchUser</b><br>Test class: com.heb.enterprise.automationtest.surrogatemapping.SurrogateMappingTest</td>
<td></td>
<td>0</td>
<td>com.heb.enterprise.automationtest.surrogatemapping.SurrogateMappingTest@6e0e048a</td></tr>
<tr>
<td title='com.heb.enterprise.automationtest.globaldefaults.GlobalDefaultTest.t001_loadSubDepartment()'><b>t001_loadSubDepartment</b><br>Test class: com.heb.enterprise.automationtest.globaldefaults.GlobalDefaultTest</td>
<td></td>
<td>0</td>
<td>com.heb.enterprise.automationtest.globaldefaults.GlobalDefaultTest@7fac631b</td></tr>
<tr>
<td title='com.heb.enterprise.automationtest.globaldefaults.GlobalDefaultTest.t002_loadSubCommodities()'><b>t002_loadSubCommodities</b><br>Test class: com.heb.enterprise.automationtest.globaldefaults.GlobalDefaultTest</td>
<td></td>
<td>0</td>
<td>com.heb.enterprise.automationtest.globaldefaults.GlobalDefaultTest@7fac631b</td></tr>
<tr>
<td title='com.heb.enterprise.automationtest.globaldefaults.GlobalDefaultTest.t003_loadDepartmentRule()'><b>t003_loadDepartmentRule</b><br>Test class: com.heb.enterprise.automationtest.globaldefaults.GlobalDefaultTest</td>
<td></td>
<td>0</td>
<td>com.heb.enterprise.automationtest.globaldefaults.GlobalDefaultTest@7fac631b</td></tr>
<tr>
<td title='com.heb.enterprise.automationtest.globaldefaults.GlobalDefaultTest.t004_loadCommodityRule()'><b>t004_loadCommodityRule</b><br>Test class: com.heb.enterprise.automationtest.globaldefaults.GlobalDefaultTest</td>
<td></td>
<td>0</td>
<td>com.heb.enterprise.automationtest.globaldefaults.GlobalDefaultTest@7fac631b</td></tr>
<tr>
<td title='com.heb.enterprise.automationtest.productreview.ProductReviewTest.tc_Products_Review_001_10_Test()'><b>tc_Products_Review_001_10_Test</b><br>Test class: com.heb.enterprise.automationtest.productreview.ProductReviewTest</td>
<td></td>
<td>0</td>
<td>com.heb.enterprise.automationtest.productreview.ProductReviewTest@887af79</td></tr>
<tr>
<td title='com.heb.enterprise.automationtest.productreview.ProductReviewTest.tc_Products_Review_001_11_Test()'><b>tc_Products_Review_001_11_Test</b><br>Test class: com.heb.enterprise.automationtest.productreview.ProductReviewTest</td>
<td></td>
<td>0</td>
<td>com.heb.enterprise.automationtest.productreview.ProductReviewTest@887af79</td></tr>
<tr>
<td title='com.heb.enterprise.automationtest.productreview.ProductReviewTest.tc_Products_Review_001_12_Test()'><b>tc_Products_Review_001_12_Test</b><br>Test class: com.heb.enterprise.automationtest.productreview.ProductReviewTest</td>
<td></td>
<td>0</td>
<td>com.heb.enterprise.automationtest.productreview.ProductReviewTest@887af79</td></tr>
<tr>
<td title='com.heb.enterprise.automationtest.productreview.ProductReviewTest.tc_Products_Review_001_13_Test()'><b>tc_Products_Review_001_13_Test</b><br>Test class: com.heb.enterprise.automationtest.productreview.ProductReviewTest</td>
<td></td>
<td>0</td>
<td>com.heb.enterprise.automationtest.productreview.ProductReviewTest@887af79</td></tr>
<tr>
<td title='com.heb.enterprise.automationtest.productreview.ProductReviewTest.tc_Products_Review_001_14_Test()'><b>tc_Products_Review_001_14_Test</b><br>Test class: com.heb.enterprise.automationtest.productreview.ProductReviewTest</td>
<td></td>
<td>0</td>
<td>com.heb.enterprise.automationtest.productreview.ProductReviewTest@887af79</td></tr>
<tr>
<td title='com.heb.enterprise.automationtest.productreview.ProductReviewTest.tc_Products_Review_001_15_Test()'><b>tc_Products_Review_001_15_Test</b><br>Test class: com.heb.enterprise.automationtest.productreview.ProductReviewTest</td>
<td></td>
<td>0</td>
<td>com.heb.enterprise.automationtest.productreview.ProductReviewTest@887af79</td></tr>
<tr>
<td title='com.heb.enterprise.automationtest.productreview.ProductReviewTest.tc_Products_Review_001_16_Test()'><b>tc_Products_Review_001_16_Test</b><br>Test class: com.heb.enterprise.automationtest.productreview.ProductReviewTest</td>
<td></td>
<td>0</td>
<td>com.heb.enterprise.automationtest.productreview.ProductReviewTest@887af79</td></tr>
<tr>
<td title='com.heb.enterprise.automationtest.productreview.ProductReviewTest.tc_Products_Review_001_5_Test()'><b>tc_Products_Review_001_5_Test</b><br>Test class: com.heb.enterprise.automationtest.productreview.ProductReviewTest</td>
<td></td>
<td>0</td>
<td>com.heb.enterprise.automationtest.productreview.ProductReviewTest@887af79</td></tr>
<tr>
<td title='com.heb.enterprise.automationtest.productreview.ProductReviewTest.tc_Products_Review_001_6_Test()'><b>tc_Products_Review_001_6_Test</b><br>Test class: com.heb.enterprise.automationtest.productreview.ProductReviewTest</td>
<td></td>
<td>0</td>
<td>com.heb.enterprise.automationtest.productreview.ProductReviewTest@887af79</td></tr>
<tr>
<td title='com.heb.enterprise.automationtest.productreview.ProductReviewTest.tc_Products_Review_001_7_Test()'><b>tc_Products_Review_001_7_Test</b><br>Test class: com.heb.enterprise.automationtest.productreview.ProductReviewTest</td>
<td></td>
<td>0</td>
<td>com.heb.enterprise.automationtest.productreview.ProductReviewTest@887af79</td></tr>
<tr>
<td title='com.heb.enterprise.automationtest.productreview.ProductReviewTest.tc_Products_Review_001_8_Test()'><b>tc_Products_Review_001_8_Test</b><br>Test class: com.heb.enterprise.automationtest.productreview.ProductReviewTest</td>
<td></td>
<td>0</td>
<td>com.heb.enterprise.automationtest.productreview.ProductReviewTest@887af79</td></tr>
<tr>
<td title='com.heb.enterprise.automationtest.productreview.ProductReviewTest.tc_Products_Review_001_9_Test()'><b>tc_Products_Review_001_9_Test</b><br>Test class: com.heb.enterprise.automationtest.productreview.ProductReviewTest</td>
<td></td>
<td>0</td>
<td>com.heb.enterprise.automationtest.productreview.ProductReviewTest@887af79</td></tr>
<tr>
<td title='com.heb.enterprise.automationtest.productreview.ProductReviewTest.tc_Products_Review_002_1_Test()'><b>tc_Products_Review_002_1_Test</b><br>Test class: com.heb.enterprise.automationtest.productreview.ProductReviewTest</td>
<td></td>
<td>0</td>
<td>com.heb.enterprise.automationtest.productreview.ProductReviewTest@887af79</td></tr>
<tr>
<td title='com.heb.enterprise.automationtest.productreview.ProductReviewTest.tc_Products_Review_002_2_Test()'><b>tc_Products_Review_002_2_Test</b><br>Test class: com.heb.enterprise.automationtest.productreview.ProductReviewTest</td>
<td></td>
<td>0</td>
<td>com.heb.enterprise.automationtest.productreview.ProductReviewTest@887af79</td></tr>
<tr>
<td title='com.heb.enterprise.automationtest.productreview.ProductReviewTest.tc_Products_Review_003_Test()'><b>tc_Products_Review_003_Test</b><br>Test class: com.heb.enterprise.automationtest.productreview.ProductReviewTest</td>
<td></td>
<td>0</td>
<td>com.heb.enterprise.automationtest.productreview.ProductReviewTest@887af79</td></tr>
<tr>
<td title='com.heb.enterprise.automationtest.productreview.ProductReviewTest.tc_Products_Review_004_1_Test()'><b>tc_Products_Review_004_1_Test</b><br>Test class: com.heb.enterprise.automationtest.productreview.ProductReviewTest</td>
<td></td>
<td>0</td>
<td>com.heb.enterprise.automationtest.productreview.ProductReviewTest@887af79</td></tr>
<tr>
<td title='com.heb.enterprise.automationtest.productreview.ProductReviewTest.tc_Products_Review_004_2_Test()'><b>tc_Products_Review_004_2_Test</b><br>Test class: com.heb.enterprise.automationtest.productreview.ProductReviewTest</td>
<td></td>
<td>0</td>
<td>com.heb.enterprise.automationtest.productreview.ProductReviewTest@887af79</td></tr>
<tr>
<td title='com.heb.enterprise.automationtest.productreview.ProductReviewTest.tc_Products_Review_004_3_Test()'><b>tc_Products_Review_004_3_Test</b><br>Test class: com.heb.enterprise.automationtest.productreview.ProductReviewTest</td>
<td></td>
<td>0</td>
<td>com.heb.enterprise.automationtest.productreview.ProductReviewTest@887af79</td></tr>
<tr>
<td title='com.heb.enterprise.automationtest.productreview.ProductReviewTest.tc_Products_Review_004_4_Test()'><b>tc_Products_Review_004_4_Test</b><br>Test class: com.heb.enterprise.automationtest.productreview.ProductReviewTest</td>
<td></td>
<td>0</td>
<td>com.heb.enterprise.automationtest.productreview.ProductReviewTest@887af79</td></tr>
<tr>
<td title='com.heb.enterprise.automationtest.productreview.ProductReviewTest.tc_Products_Review_005_1_Test()'><b>tc_Products_Review_005_1_Test</b><br>Test class: com.heb.enterprise.automationtest.productreview.ProductReviewTest</td>
<td></td>
<td>0</td>
<td>com.heb.enterprise.automationtest.productreview.ProductReviewTest@887af79</td></tr>
<tr>
<td title='com.heb.enterprise.automationtest.productreview.ProductReviewTest.tc_Products_Review_005_2_Test()'><b>tc_Products_Review_005_2_Test</b><br>Test class: com.heb.enterprise.automationtest.productreview.ProductReviewTest</td>
<td></td>
<td>0</td>
<td>com.heb.enterprise.automationtest.productreview.ProductReviewTest@887af79</td></tr>
<tr>
<td title='com.heb.enterprise.automationtest.productreview.ProductReviewTest.tc_Products_Review_005_3_Test()'><b>tc_Products_Review_005_3_Test</b><br>Test class: com.heb.enterprise.automationtest.productreview.ProductReviewTest</td>
<td></td>
<td>0</td>
<td>com.heb.enterprise.automationtest.productreview.ProductReviewTest@887af79</td></tr>
<tr>
<td title='com.heb.enterprise.automationtest.productreview.ProductReviewTest.tc_Products_Review_005_4_Test()'><b>tc_Products_Review_005_4_Test</b><br>Test class: com.heb.enterprise.automationtest.productreview.ProductReviewTest</td>
<td></td>
<td>0</td>
<td>com.heb.enterprise.automationtest.productreview.ProductReviewTest@887af79</td></tr>
<tr>
<td title='com.heb.enterprise.automationtest.productreview.ProductReviewTest.tc_Products_Review_006_1_Test()'><b>tc_Products_Review_006_1_Test</b><br>Test class: com.heb.enterprise.automationtest.productreview.ProductReviewTest</td>
<td></td>
<td>0</td>
<td>com.heb.enterprise.automationtest.productreview.ProductReviewTest@887af79</td></tr>
<tr>
<td title='com.heb.enterprise.automationtest.productreview.ProductReviewTest.tc_Products_Review_006_2_Test()'><b>tc_Products_Review_006_2_Test</b><br>Test class: com.heb.enterprise.automationtest.productreview.ProductReviewTest</td>
<td></td>
<td>0</td>
<td>com.heb.enterprise.automationtest.productreview.ProductReviewTest@887af79</td></tr>
<tr>
<td title='com.heb.enterprise.automationtest.productreview.ProductReviewTest.tc_Products_Review_006_3_Test()'><b>tc_Products_Review_006_3_Test</b><br>Test class: com.heb.enterprise.automationtest.productreview.ProductReviewTest</td>
<td></td>
<td>0</td>
<td>com.heb.enterprise.automationtest.productreview.ProductReviewTest@887af79</td></tr>
<tr>
<td title='com.heb.enterprise.automationtest.productreview.ProductReviewTest.tc_Products_Review_006_4_Test()'><b>tc_Products_Review_006_4_Test</b><br>Test class: com.heb.enterprise.automationtest.productreview.ProductReviewTest</td>
<td></td>
<td>0</td>
<td>com.heb.enterprise.automationtest.productreview.ProductReviewTest@887af79</td></tr>
<tr>
<td title='com.heb.enterprise.automationtest.productreview.ProductReviewTest.tc_Products_Review_007_1_Test()'><b>tc_Products_Review_007_1_Test</b><br>Test class: com.heb.enterprise.automationtest.productreview.ProductReviewTest</td>
<td></td>
<td>0</td>
<td>com.heb.enterprise.automationtest.productreview.ProductReviewTest@887af79</td></tr>
<tr>
<td title='com.heb.enterprise.automationtest.productreview.ProductReviewTest.tc_Products_Review_007_2_Test()'><b>tc_Products_Review_007_2_Test</b><br>Test class: com.heb.enterprise.automationtest.productreview.ProductReviewTest</td>
<td></td>
<td>0</td>
<td>com.heb.enterprise.automationtest.productreview.ProductReviewTest@887af79</td></tr>
<tr>
<td title='com.heb.enterprise.automationtest.productreview.ProductReviewTest.tc_Products_Review_007_3_Test()'><b>tc_Products_Review_007_3_Test</b><br>Test class: com.heb.enterprise.automationtest.productreview.ProductReviewTest</td>
<td></td>
<td>0</td>
<td>com.heb.enterprise.automationtest.productreview.ProductReviewTest@887af79</td></tr>
<tr>
<td title='com.heb.enterprise.automationtest.productreview.ProductReviewTest.tc_Products_Review_008_Test()'><b>tc_Products_Review_008_Test</b><br>Test class: com.heb.enterprise.automationtest.productreview.ProductReviewTest</td>
<td></td>
<td>0</td>
<td>com.heb.enterprise.automationtest.productreview.ProductReviewTest@887af79</td></tr>
<tr>
<td title='com.heb.enterprise.automationtest.costreview.CostReviewTest.testCase_DSV_Cost_Reivew_001()'><b>testCase_DSV_Cost_Reivew_001</b><br>Test class: com.heb.enterprise.automationtest.costreview.CostReviewTest</td>
<td></td>
<td>0</td>
<td>com.heb.enterprise.automationtest.costreview.CostReviewTest@23e028a9</td></tr>
<tr>
<td title='com.heb.enterprise.automationtest.costreview.CostReviewTest.testCase_DSV_Cost_Reivew_002()'><b>testCase_DSV_Cost_Reivew_002</b><br>Test class: com.heb.enterprise.automationtest.costreview.CostReviewTest</td>
<td></td>
<td>0</td>
<td>com.heb.enterprise.automationtest.costreview.CostReviewTest@23e028a9</td></tr>
<tr>
<td title='com.heb.enterprise.automationtest.costreview.CostReviewTest.testCase_DSV_Cost_Reivew_003()'><b>testCase_DSV_Cost_Reivew_003</b><br>Test class: com.heb.enterprise.automationtest.costreview.CostReviewTest</td>
<td></td>
<td>0</td>
<td>com.heb.enterprise.automationtest.costreview.CostReviewTest@23e028a9</td></tr>
<tr>
<td title='com.heb.enterprise.automationtest.costreview.CostReviewTest.testCase_DSV_Cost_Reivew_004()'><b>testCase_DSV_Cost_Reivew_004</b><br>Test class: com.heb.enterprise.automationtest.costreview.CostReviewTest</td>
<td></td>
<td>0</td>
<td>com.heb.enterprise.automationtest.costreview.CostReviewTest@23e028a9</td></tr>
<tr>
<td title='com.heb.enterprise.automationtest.costreview.CostReviewTest.testCase_DSV_Cost_Reivew_005()'><b>testCase_DSV_Cost_Reivew_005</b><br>Test class: com.heb.enterprise.automationtest.costreview.CostReviewTest</td>
<td></td>
<td>0</td>
<td>com.heb.enterprise.automationtest.costreview.CostReviewTest@23e028a9</td></tr>
<tr>
<td title='com.heb.enterprise.automationtest.costreview.CostReviewTest.testCase_DSV_Cost_Reivew_006()'><b>testCase_DSV_Cost_Reivew_006</b><br>Test class: com.heb.enterprise.automationtest.costreview.CostReviewTest</td>
<td></td>
<td>0</td>
<td>com.heb.enterprise.automationtest.costreview.CostReviewTest@23e028a9</td></tr>
<tr>
<td title='com.heb.enterprise.automationtest.costreview.CostReviewTest.testCase_DSV_Cost_Reivew_007()'><b>testCase_DSV_Cost_Reivew_007</b><br>Test class: com.heb.enterprise.automationtest.costreview.CostReviewTest</td>
<td></td>
<td>0</td>
<td>com.heb.enterprise.automationtest.costreview.CostReviewTest@23e028a9</td></tr>
<tr>
<td title='com.heb.enterprise.automationtest.costreview.CostReviewTest.testCase_DSV_Cost_Reivew_008()'><b>testCase_DSV_Cost_Reivew_008</b><br>Test class: com.heb.enterprise.automationtest.costreview.CostReviewTest</td>
<td></td>
<td>0</td>
<td>com.heb.enterprise.automationtest.costreview.CostReviewTest@23e028a9</td></tr>
<tr>
<td title='com.heb.enterprise.automationtest.costreview.CostReviewTest.testCase_DSV_Cost_Reivew_009()'><b>testCase_DSV_Cost_Reivew_009</b><br>Test class: com.heb.enterprise.automationtest.costreview.CostReviewTest</td>
<td></td>
<td>0</td>
<td>com.heb.enterprise.automationtest.costreview.CostReviewTest@23e028a9</td></tr>
<tr>
<td title='com.heb.enterprise.automationtest.costreview.CostReviewTest.testCase_DSV_Cost_Reivew_010()'><b>testCase_DSV_Cost_Reivew_010</b><br>Test class: com.heb.enterprise.automationtest.costreview.CostReviewTest</td>
<td></td>
<td>0</td>
<td>com.heb.enterprise.automationtest.costreview.CostReviewTest@23e028a9</td></tr>
<tr>
<td title='com.heb.enterprise.automationtest.costreview.CostReviewTest.testCase_DSV_Cost_Reivew_011()'><b>testCase_DSV_Cost_Reivew_011</b><br>Test class: com.heb.enterprise.automationtest.costreview.CostReviewTest</td>
<td></td>
<td>0</td>
<td>com.heb.enterprise.automationtest.costreview.CostReviewTest@23e028a9</td></tr>
<tr>
<td title='com.heb.enterprise.automationtest.costreview.CostReviewTest.testCase_DSV_Cost_Reivew_012()'><b>testCase_DSV_Cost_Reivew_012</b><br>Test class: com.heb.enterprise.automationtest.costreview.CostReviewTest</td>
<td></td>
<td>0</td>
<td>com.heb.enterprise.automationtest.costreview.CostReviewTest@23e028a9</td></tr>
<tr>
<td title='com.heb.enterprise.automationtest.retailinquiry.RetailInquiryTest.testCase_DSV_Retail_Inquiry_001()'><b>testCase_DSV_Retail_Inquiry_001</b><br>Test class: com.heb.enterprise.automationtest.retailinquiry.RetailInquiryTest</td>
<td></td>
<td>0</td>
<td>com.heb.enterprise.automationtest.retailinquiry.RetailInquiryTest@5ae63ade</td></tr>
<tr>
<td title='com.heb.enterprise.automationtest.retailinquiry.RetailInquiryTest.testCase_DSV_Retail_Inquiry_002()'><b>testCase_DSV_Retail_Inquiry_002</b><br>Test class: com.heb.enterprise.automationtest.retailinquiry.RetailInquiryTest</td>
<td></td>
<td>0</td>
<td>com.heb.enterprise.automationtest.retailinquiry.RetailInquiryTest@5ae63ade</td></tr>
<tr>
<td title='com.heb.enterprise.automationtest.retailinquiry.RetailInquiryTest.testCase_DSV_Retail_Inquiry_003()'><b>testCase_DSV_Retail_Inquiry_003</b><br>Test class: com.heb.enterprise.automationtest.retailinquiry.RetailInquiryTest</td>
<td></td>
<td>0</td>
<td>com.heb.enterprise.automationtest.retailinquiry.RetailInquiryTest@5ae63ade</td></tr>
<tr>
<td title='com.heb.enterprise.automationtest.retailinquiry.RetailInquiryTest.testCase_DSV_Retail_Inquiry_004()'><b>testCase_DSV_Retail_Inquiry_004</b><br>Test class: com.heb.enterprise.automationtest.retailinquiry.RetailInquiryTest</td>
<td></td>
<td>0</td>
<td>com.heb.enterprise.automationtest.retailinquiry.RetailInquiryTest@5ae63ade</td></tr>
<tr>
<td title='com.heb.enterprise.automationtest.retailinquiry.RetailInquiryTest.testCase_DSV_Retail_Inquiry_005()'><b>testCase_DSV_Retail_Inquiry_005</b><br>Test class: com.heb.enterprise.automationtest.retailinquiry.RetailInquiryTest</td>
<td></td>
<td>0</td>
<td>com.heb.enterprise.automationtest.retailinquiry.RetailInquiryTest@5ae63ade</td></tr>
<tr>
<td title='com.heb.enterprise.automationtest.vendormanagement.VendorManagementTest.vendorMangementTC1()'><b>vendorMangementTC1</b><br>Test class: com.heb.enterprise.automationtest.vendormanagement.VendorManagementTest</td>
<td></td>
<td>0</td>
<td>com.heb.enterprise.automationtest.vendormanagement.VendorManagementTest@5b87ed94</td></tr>
<tr>
<td title='com.heb.enterprise.automationtest.vendormanagement.VendorManagementTest.vendorMangementTC10()'><b>vendorMangementTC10</b><br>Test class: com.heb.enterprise.automationtest.vendormanagement.VendorManagementTest</td>
<td></td>
<td>0</td>
<td>com.heb.enterprise.automationtest.vendormanagement.VendorManagementTest@5b87ed94</td></tr>
<tr>
<td title='com.heb.enterprise.automationtest.vendormanagement.VendorManagementTest.vendorMangementTC11()'><b>vendorMangementTC11</b><br>Test class: com.heb.enterprise.automationtest.vendormanagement.VendorManagementTest</td>
<td></td>
<td>0</td>
<td>com.heb.enterprise.automationtest.vendormanagement.VendorManagementTest@5b87ed94</td></tr>
<tr>
<td title='com.heb.enterprise.automationtest.vendormanagement.VendorManagementTest.vendorMangementTC12()'><b>vendorMangementTC12</b><br>Test class: com.heb.enterprise.automationtest.vendormanagement.VendorManagementTest</td>
<td></td>
<td>0</td>
<td>com.heb.enterprise.automationtest.vendormanagement.VendorManagementTest@5b87ed94</td></tr>
<tr>
<td title='com.heb.enterprise.automationtest.vendormanagement.VendorManagementTest.vendorMangementTC2()'><b>vendorMangementTC2</b><br>Test class: com.heb.enterprise.automationtest.vendormanagement.VendorManagementTest</td>
<td></td>
<td>0</td>
<td>com.heb.enterprise.automationtest.vendormanagement.VendorManagementTest@5b87ed94</td></tr>
<tr>
<td title='com.heb.enterprise.automationtest.vendormanagement.VendorManagementTest.vendorMangementTC3()'><b>vendorMangementTC3</b><br>Test class: com.heb.enterprise.automationtest.vendormanagement.VendorManagementTest</td>
<td></td>
<td>0</td>
<td>com.heb.enterprise.automationtest.vendormanagement.VendorManagementTest@5b87ed94</td></tr>
<tr>
<td title='com.heb.enterprise.automationtest.vendormanagement.VendorManagementTest.vendorMangementTC4()'><b>vendorMangementTC4</b><br>Test class: com.heb.enterprise.automationtest.vendormanagement.VendorManagementTest</td>
<td></td>
<td>0</td>
<td>com.heb.enterprise.automationtest.vendormanagement.VendorManagementTest@5b87ed94</td></tr>
<tr>
<td title='com.heb.enterprise.automationtest.vendormanagement.VendorManagementTest.vendorMangementTC5()'><b>vendorMangementTC5</b><br>Test class: com.heb.enterprise.automationtest.vendormanagement.VendorManagementTest</td>
<td></td>
<td>0</td>
<td>com.heb.enterprise.automationtest.vendormanagement.VendorManagementTest@5b87ed94</td></tr>
<tr>
<td title='com.heb.enterprise.automationtest.vendormanagement.VendorManagementTest.vendorMangementTC6()'><b>vendorMangementTC6</b><br>Test class: com.heb.enterprise.automationtest.vendormanagement.VendorManagementTest</td>
<td></td>
<td>0</td>
<td>com.heb.enterprise.automationtest.vendormanagement.VendorManagementTest@5b87ed94</td></tr>
<tr>
<td title='com.heb.enterprise.automationtest.vendormanagement.VendorManagementTest.vendorMangementTC7()'><b>vendorMangementTC7</b><br>Test class: com.heb.enterprise.automationtest.vendormanagement.VendorManagementTest</td>
<td></td>
<td>0</td>
<td>com.heb.enterprise.automationtest.vendormanagement.VendorManagementTest@5b87ed94</td></tr>
<tr>
<td title='com.heb.enterprise.automationtest.vendormanagement.VendorManagementTest.vendorMangementTC8()'><b>vendorMangementTC8</b><br>Test class: com.heb.enterprise.automationtest.vendormanagement.VendorManagementTest</td>
<td></td>
<td>0</td>
<td>com.heb.enterprise.automationtest.vendormanagement.VendorManagementTest@5b87ed94</td></tr>
<tr>
<td title='com.heb.enterprise.automationtest.vendormanagement.VendorManagementTest.vendorMangementTC9()'><b>vendorMangementTC9</b><br>Test class: com.heb.enterprise.automationtest.vendormanagement.VendorManagementTest</td>
<td></td>
<td>0</td>
<td>com.heb.enterprise.automationtest.vendormanagement.VendorManagementTest@5b87ed94</td></tr>
</table><p>
</body>
</html>