<?xml version="1.0" encoding="UTF-8"?>
<!-- Generated by org.testng.reporters.JUnitXMLReporter -->
<testsuite hostname="HUYNGUYEN-PC" name="DSV_Assortment" tests="93" failures="2" timestamp="30 Oct 2015 08:42:45 GMT" time="382.694" errors="0">
  <testcase name="@BeforeClass beforeClass" time="0.0" classname="com.heb.enterprise.automationtest.surrogatemapping.SurrogateMappingTest">
    <failure type="java.lang.Error" message="Unresolved compilation problem: 
	Cannot switch on a value of type String for source level below 1.7. Only convertible int values or enum variables are permitted
">
      <![CDATA[java.lang.Error: Unresolved compilation problem: 
	Cannot switch on a value of type String for source level below 1.7. Only convertible int values or enum variables are permitted

	at com.heb.enterprise.automationtest.page.CommonPage.clickOnMenu(CommonPage.java:128)
	at com.heb.enterprise.automationtest.surrogatemapping.SurrogateMappingTest.beforeClass(SurrogateMappingTest.java:34)
... Removed 24 stack frames]]>
    </failure>
  </testcase> <!-- @BeforeClass beforeClass -->
  <testcase name="@BeforeMethod beforeMethod" time="0.0" classname="com.heb.enterprise.automationtest.surrogatemapping.SurrogateMappingTest">
    <skipped/>
  </testcase> <!-- @BeforeMethod beforeMethod -->
  <testcase name="@BeforeMethod beforeMethod" time="0.0" classname="com.heb.enterprise.automationtest.surrogatemapping.SurrogateMappingTest">
    <skipped/>
  </testcase> <!-- @BeforeMethod beforeMethod -->
  <testcase name="@BeforeMethod beforeMethod" time="0.0" classname="com.heb.enterprise.automationtest.surrogatemapping.SurrogateMappingTest">
    <skipped/>
  </testcase> <!-- @BeforeMethod beforeMethod -->
  <testcase name="@BeforeMethod beforeMethod" time="0.0" classname="com.heb.enterprise.automationtest.surrogatemapping.SurrogateMappingTest">
    <skipped/>
  </testcase> <!-- @BeforeMethod beforeMethod -->
  <testcase name="@BeforeMethod beforeMethod" time="0.0" classname="com.heb.enterprise.automationtest.surrogatemapping.SurrogateMappingTest">
    <skipped/>
  </testcase> <!-- @BeforeMethod beforeMethod -->
  <testcase name="@BeforeMethod beforeMethod" time="0.0" classname="com.heb.enterprise.automationtest.surrogatemapping.SurrogateMappingTest">
    <skipped/>
  </testcase> <!-- @BeforeMethod beforeMethod -->
  <testcase name="@BeforeMethod beforeMethod" time="0.0" classname="com.heb.enterprise.automationtest.surrogatemapping.SurrogateMappingTest">
    <skipped/>
  </testcase> <!-- @BeforeMethod beforeMethod -->
  <testcase name="@BeforeMethod beforeMethod" time="0.0" classname="com.heb.enterprise.automationtest.surrogatemapping.SurrogateMappingTest">
    <skipped/>
  </testcase> <!-- @BeforeMethod beforeMethod -->
  <testcase name="@BeforeMethod beforeMethod" time="0.0" classname="com.heb.enterprise.automationtest.surrogatemapping.SurrogateMappingTest">
    <skipped/>
  </testcase> <!-- @BeforeMethod beforeMethod -->
  <testcase name="@AfterClass afterClass" time="0.0" classname="com.heb.enterprise.automationtest.surrogatemapping.SurrogateMappingTest">
    <skipped/>
  </testcase> <!-- @AfterClass afterClass -->
  <testcase name="@BeforeMethod setupBeforeMethod" time="0.0" classname="com.heb.enterprise.automationtest.vendormanagement.VendorManagementTest">
    <failure type="java.lang.Error" message="Unresolved compilation problem: 
	Cannot switch on a value of type String for source level below 1.7. Only convertible int values or enum variables are permitted
">
      <![CDATA[java.lang.Error: Unresolved compilation problem: 
	Cannot switch on a value of type String for source level below 1.7. Only convertible int values or enum variables are permitted

	at com.heb.enterprise.automationtest.page.CommonPage.clickOnMenu(CommonPage.java:128)
	at com.heb.enterprise.automationtest.vendormanagement.VendorManagementTest.setupBeforeMethod(VendorManagementTest.java:42)
... Removed 26 stack frames]]>
    </failure>
  </testcase> <!-- @BeforeMethod setupBeforeMethod -->
  <testcase name="@AfterMethod afterMethod" time="0.0" classname="com.heb.enterprise.automationtest.vendormanagement.VendorManagementTest">
    <skipped/>
  </testcase> <!-- @AfterMethod afterMethod -->
  <testcase name="@BeforeMethod setupBeforeMethod" time="0.0" classname="com.heb.enterprise.automationtest.vendormanagement.VendorManagementTest">
    <skipped/>
  </testcase> <!-- @BeforeMethod setupBeforeMethod -->
  <testcase name="@AfterMethod afterMethod" time="0.0" classname="com.heb.enterprise.automationtest.vendormanagement.VendorManagementTest">
    <skipped/>
  </testcase> <!-- @AfterMethod afterMethod -->
  <testcase name="@BeforeMethod setupBeforeMethod" time="0.0" classname="com.heb.enterprise.automationtest.vendormanagement.VendorManagementTest">
    <skipped/>
  </testcase> <!-- @BeforeMethod setupBeforeMethod -->
  <testcase name="@AfterMethod afterMethod" time="0.0" classname="com.heb.enterprise.automationtest.vendormanagement.VendorManagementTest">
    <skipped/>
  </testcase> <!-- @AfterMethod afterMethod -->
  <testcase name="@BeforeMethod setupBeforeMethod" time="0.0" classname="com.heb.enterprise.automationtest.vendormanagement.VendorManagementTest">
    <skipped/>
  </testcase> <!-- @BeforeMethod setupBeforeMethod -->
  <testcase name="@AfterMethod afterMethod" time="0.0" classname="com.heb.enterprise.automationtest.vendormanagement.VendorManagementTest">
    <skipped/>
  </testcase> <!-- @AfterMethod afterMethod -->
  <testcase name="@BeforeMethod setupBeforeMethod" time="0.0" classname="com.heb.enterprise.automationtest.vendormanagement.VendorManagementTest">
    <skipped/>
  </testcase> <!-- @BeforeMethod setupBeforeMethod -->
  <testcase name="@AfterMethod afterMethod" time="0.0" classname="com.heb.enterprise.automationtest.vendormanagement.VendorManagementTest">
    <skipped/>
  </testcase> <!-- @AfterMethod afterMethod -->
  <testcase name="@BeforeMethod setupBeforeMethod" time="0.0" classname="com.heb.enterprise.automationtest.vendormanagement.VendorManagementTest">
    <skipped/>
  </testcase> <!-- @BeforeMethod setupBeforeMethod -->
  <testcase name="@AfterMethod afterMethod" time="0.0" classname="com.heb.enterprise.automationtest.vendormanagement.VendorManagementTest">
    <skipped/>
  </testcase> <!-- @AfterMethod afterMethod -->
  <testcase name="@BeforeMethod setupBeforeMethod" time="0.0" classname="com.heb.enterprise.automationtest.vendormanagement.VendorManagementTest">
    <skipped/>
  </testcase> <!-- @BeforeMethod setupBeforeMethod -->
  <testcase name="@AfterMethod afterMethod" time="0.0" classname="com.heb.enterprise.automationtest.vendormanagement.VendorManagementTest">
    <skipped/>
  </testcase> <!-- @AfterMethod afterMethod -->
  <testcase name="@BeforeMethod setupBeforeMethod" time="0.0" classname="com.heb.enterprise.automationtest.vendormanagement.VendorManagementTest">
    <skipped/>
  </testcase> <!-- @BeforeMethod setupBeforeMethod -->
  <testcase name="@AfterMethod afterMethod" time="0.0" classname="com.heb.enterprise.automationtest.vendormanagement.VendorManagementTest">
    <skipped/>
  </testcase> <!-- @AfterMethod afterMethod -->
  <testcase name="@BeforeMethod setupBeforeMethod" time="0.0" classname="com.heb.enterprise.automationtest.vendormanagement.VendorManagementTest">
    <skipped/>
  </testcase> <!-- @BeforeMethod setupBeforeMethod -->
  <testcase name="@AfterMethod afterMethod" time="0.0" classname="com.heb.enterprise.automationtest.vendormanagement.VendorManagementTest">
    <skipped/>
  </testcase> <!-- @AfterMethod afterMethod -->
  <testcase name="@BeforeMethod setupBeforeMethod" time="0.0" classname="com.heb.enterprise.automationtest.vendormanagement.VendorManagementTest">
    <skipped/>
  </testcase> <!-- @BeforeMethod setupBeforeMethod -->
  <testcase name="@AfterMethod afterMethod" time="0.0" classname="com.heb.enterprise.automationtest.vendormanagement.VendorManagementTest">
    <skipped/>
  </testcase> <!-- @AfterMethod afterMethod -->
  <testcase name="@BeforeMethod setupBeforeMethod" time="0.0" classname="com.heb.enterprise.automationtest.vendormanagement.VendorManagementTest">
    <skipped/>
  </testcase> <!-- @BeforeMethod setupBeforeMethod -->
  <testcase name="@AfterMethod afterMethod" time="0.0" classname="com.heb.enterprise.automationtest.vendormanagement.VendorManagementTest">
    <skipped/>
  </testcase> <!-- @AfterMethod afterMethod -->
  <testcase name="@BeforeMethod setupBeforeMethod" time="0.0" classname="com.heb.enterprise.automationtest.vendormanagement.VendorManagementTest">
    <skipped/>
  </testcase> <!-- @BeforeMethod setupBeforeMethod -->
  <testcase name="@AfterMethod afterMethod" time="0.0" classname="com.heb.enterprise.automationtest.vendormanagement.VendorManagementTest">
    <skipped/>
  </testcase> <!-- @AfterMethod afterMethod -->
  <testcase name="@AfterClass afterClass" time="0.0" classname="com.heb.enterprise.automationtest.vendormanagement.VendorManagementTest">
    <skipped/>
  </testcase> <!-- @AfterClass afterClass -->
  <testcase name="@BeforeMethod setupBeforeMethod" time="0.0" classname="com.heb.enterprise.automationtest.retailinquiry.RetailInquiryTest">
    <failure type="java.lang.Error" message="Unresolved compilation problem: 
	Cannot switch on a value of type String for source level below 1.7. Only convertible int values or enum variables are permitted
">
      <![CDATA[java.lang.Error: Unresolved compilation problem: 
	Cannot switch on a value of type String for source level below 1.7. Only convertible int values or enum variables are permitted

	at com.heb.enterprise.automationtest.page.CommonPage.clickOnMenu(CommonPage.java:128)
	at com.heb.enterprise.automationtest.retailinquiry.RetailInquiryTest.setupBeforeMethod(RetailInquiryTest.java:54)
... Removed 26 stack frames]]>
    </failure>
  </testcase> <!-- @BeforeMethod setupBeforeMethod -->
  <testcase name="@AfterMethod afterMethod" time="0.0" classname="com.heb.enterprise.automationtest.retailinquiry.RetailInquiryTest">
    <skipped/>
  </testcase> <!-- @AfterMethod afterMethod -->
  <testcase name="@BeforeMethod setupBeforeMethod" time="0.0" classname="com.heb.enterprise.automationtest.retailinquiry.RetailInquiryTest">
    <skipped/>
  </testcase> <!-- @BeforeMethod setupBeforeMethod -->
  <testcase name="@AfterMethod afterMethod" time="0.0" classname="com.heb.enterprise.automationtest.retailinquiry.RetailInquiryTest">
    <skipped/>
  </testcase> <!-- @AfterMethod afterMethod -->
  <testcase name="@BeforeMethod setupBeforeMethod" time="0.0" classname="com.heb.enterprise.automationtest.retailinquiry.RetailInquiryTest">
    <skipped/>
  </testcase> <!-- @BeforeMethod setupBeforeMethod -->
  <testcase name="@AfterMethod afterMethod" time="0.0" classname="com.heb.enterprise.automationtest.retailinquiry.RetailInquiryTest">
    <skipped/>
  </testcase> <!-- @AfterMethod afterMethod -->
  <testcase name="@BeforeMethod setupBeforeMethod" time="0.0" classname="com.heb.enterprise.automationtest.retailinquiry.RetailInquiryTest">
    <skipped/>
  </testcase> <!-- @BeforeMethod setupBeforeMethod -->
  <testcase name="@AfterMethod afterMethod" time="0.0" classname="com.heb.enterprise.automationtest.retailinquiry.RetailInquiryTest">
    <skipped/>
  </testcase> <!-- @AfterMethod afterMethod -->
  <testcase name="@BeforeMethod setupBeforeMethod" time="0.0" classname="com.heb.enterprise.automationtest.retailinquiry.RetailInquiryTest">
    <skipped/>
  </testcase> <!-- @BeforeMethod setupBeforeMethod -->
  <testcase name="@AfterMethod afterMethod" time="0.0" classname="com.heb.enterprise.automationtest.retailinquiry.RetailInquiryTest">
    <skipped/>
  </testcase> <!-- @AfterMethod afterMethod -->
  <testcase name="@AfterClass afterClass" time="0.0" classname="com.heb.enterprise.automationtest.retailinquiry.RetailInquiryTest">
    <skipped/>
  </testcase> <!-- @AfterClass afterClass -->
  <testcase name="@BeforeMethod setupMethod" time="0.0" classname="com.heb.enterprise.automationtest.productreview.ProductReviewTest">
    <failure type="org.openqa.selenium.remote.UnreachableBrowserException" message="Error communicating with the remote browser. It may have died.
Build info: version: &amp;apos;2.48.2&amp;apos;, revision: &amp;apos;41bccdd10cf2c0560f637404c2d96164b67d9d67&amp;apos;, time: &amp;apos;2015-10-09 13:08:06&amp;apos;
System info: host: &amp;apos;HUYNGUYEN-PC&amp;apos;, ip: &amp;apos;10.10.30.71&amp;apos;, os.name: &amp;apos;Windows 7&amp;apos;, os.arch: &amp;apos;amd64&amp;apos;, os.version: &amp;apos;6.1&amp;apos;, java.version: &amp;apos;1.8.0_65&amp;apos;
Driver info: driver.version: RemoteWebDriver">
      <![CDATA[org.openqa.selenium.remote.UnreachableBrowserException: Error communicating with the remote browser. It may have died.
Build info: version: '2.48.2', revision: '41bccdd10cf2c0560f637404c2d96164b67d9d67', time: '2015-10-09 13:08:06'
System info: host: 'HUYNGUYEN-PC', ip: '10.10.30.71', os.name: 'Windows 7', os.arch: 'amd64', os.version: '6.1', java.version: '1.8.0_65'
Driver info: driver.version: RemoteWebDriver
	at org.openqa.selenium.remote.RemoteWebDriver.execute(RemoteWebDriver.java:641)
	at org.openqa.selenium.remote.RemoteWebDriver.findElement(RemoteWebDriver.java:353)
	at org.openqa.selenium.remote.RemoteWebDriver.findElementByCssSelector(RemoteWebDriver.java:482)
	at org.openqa.selenium.By$ByCssSelector.findElement(By.java:430)
	at org.openqa.selenium.remote.RemoteWebDriver.findElement(RemoteWebDriver.java:345)
	at org.openqa.selenium.support.pagefactory.DefaultElementLocator.findElement(DefaultElementLocator.java:69)
	at org.openqa.selenium.support.pagefactory.internal.LocatingElementHandler.invoke(LocatingElementHandler.java:38)
	at com.sun.proxy.$Proxy11.click(Unknown Source)
	at com.heb.enterprise.automationtest.page.ProductsReviewPage.ProductsReviewMenuClick(ProductsReviewPage.java:116)
	at com.heb.enterprise.automationtest.productreview.ProductReviewTest.setupMethod(ProductReviewTest.java:33)
Caused by: org.apache.http.conn.HttpHostConnectException: Connect to 127.0.0.1:7059 [/127.0.0.1] failed: Connection refused: connect
	at org.apache.http.impl.conn.DefaultHttpClientConnectionOperator.connect(DefaultHttpClientConnectionOperator.java:151)
	at org.apache.http.impl.conn.PoolingHttpClientConnectionManager.connect(PoolingHttpClientConnectionManager.java:353)
	at org.apache.http.impl.execchain.MainClientExec.establishRoute(MainClientExec.java:380)
	at org.apache.http.impl.execchain.MainClientExec.execute(MainClientExec.java:236)
	at org.apache.http.impl.execchain.ProtocolExec.execute(ProtocolExec.java:184)
	at org.apache.http.impl.execchain.RetryExec.execute(RetryExec.java:88)
	at org.apache.http.impl.execchain.RedirectExec.execute(RedirectExec.java:110)
	at org.apache.http.impl.client.InternalHttpClient.doExecute(InternalHttpClient.java:184)
	at org.apache.http.impl.client.CloseableHttpClient.execute(CloseableHttpClient.java:71)
	at org.apache.http.impl.client.CloseableHttpClient.execute(CloseableHttpClient.java:55)
	at org.openqa.selenium.remote.internal.ApacheHttpClient.fallBackExecute(ApacheHttpClient.java:143)
	at org.openqa.selenium.remote.internal.ApacheHttpClient.execute(ApacheHttpClient.java:89)
	at org.openqa.selenium.remote.HttpCommandExecutor.execute(HttpCommandExecutor.java:142)
	at org.openqa.selenium.firefox.internal.NewProfileExtensionConnection.execute(NewProfileExtensionConnection.java:170)
	at org.openqa.selenium.firefox.FirefoxDriver$LazyCommandExecutor.execute(FirefoxDriver.java:380)
	at org.openqa.selenium.remote.RemoteWebDriver.execute(RemoteWebDriver.java:620)
	... 35 more
Caused by: java.net.ConnectException: Connection refused: connect
	at java.net.DualStackPlainSocketImpl.waitForConnect(Native Method)
	at java.net.DualStackPlainSocketImpl.socketConnect(DualStackPlainSocketImpl.java:85)
	at java.net.AbstractPlainSocketImpl.doConnect(AbstractPlainSocketImpl.java:350)
	at java.net.AbstractPlainSocketImpl.connectToAddress(AbstractPlainSocketImpl.java:206)
	at java.net.AbstractPlainSocketImpl.connect(AbstractPlainSocketImpl.java:188)
	at java.net.PlainSocketImpl.connect(PlainSocketImpl.java:172)
	at java.net.SocksSocketImpl.connect(SocksSocketImpl.java:392)
	at java.net.Socket.connect(Socket.java:589)
	at org.apache.http.conn.socket.PlainConnectionSocketFactory.connectSocket(PlainConnectionSocketFactory.java:74)
	at org.apache.http.impl.conn.DefaultHttpClientConnectionOperator.connect(DefaultHttpClientConnectionOperator.java:134)
	... 50 more
... Removed 26 stack frames]]>
    </failure>
  </testcase> <!-- @BeforeMethod setupMethod -->
  <testcase name="@BeforeMethod setupMethod" time="0.0" classname="com.heb.enterprise.automationtest.productreview.ProductReviewTest">
    <skipped/>
  </testcase> <!-- @BeforeMethod setupMethod -->
  <testcase name="@BeforeMethod setupMethod" time="0.0" classname="com.heb.enterprise.automationtest.productreview.ProductReviewTest">
    <skipped/>
  </testcase> <!-- @BeforeMethod setupMethod -->
  <testcase name="@BeforeMethod setupMethod" time="0.0" classname="com.heb.enterprise.automationtest.productreview.ProductReviewTest">
    <skipped/>
  </testcase> <!-- @BeforeMethod setupMethod -->
  <testcase name="@BeforeMethod setupMethod" time="0.0" classname="com.heb.enterprise.automationtest.productreview.ProductReviewTest">
    <skipped/>
  </testcase> <!-- @BeforeMethod setupMethod -->
  <testcase name="@BeforeMethod setupMethod" time="0.0" classname="com.heb.enterprise.automationtest.productreview.ProductReviewTest">
    <skipped/>
  </testcase> <!-- @BeforeMethod setupMethod -->
  <testcase name="@BeforeMethod setupMethod" time="0.0" classname="com.heb.enterprise.automationtest.productreview.ProductReviewTest">
    <skipped/>
  </testcase> <!-- @BeforeMethod setupMethod -->
  <testcase name="@BeforeMethod setupMethod" time="0.0" classname="com.heb.enterprise.automationtest.productreview.ProductReviewTest">
    <skipped/>
  </testcase> <!-- @BeforeMethod setupMethod -->
  <testcase name="@BeforeMethod setupMethod" time="0.0" classname="com.heb.enterprise.automationtest.productreview.ProductReviewTest">
    <skipped/>
  </testcase> <!-- @BeforeMethod setupMethod -->
  <testcase name="@BeforeMethod setupMethod" time="0.0" classname="com.heb.enterprise.automationtest.productreview.ProductReviewTest">
    <skipped/>
  </testcase> <!-- @BeforeMethod setupMethod -->
  <testcase name="@BeforeMethod setupMethod" time="0.0" classname="com.heb.enterprise.automationtest.productreview.ProductReviewTest">
    <skipped/>
  </testcase> <!-- @BeforeMethod setupMethod -->
  <testcase name="@BeforeMethod setupMethod" time="0.0" classname="com.heb.enterprise.automationtest.productreview.ProductReviewTest">
    <skipped/>
  </testcase> <!-- @BeforeMethod setupMethod -->
  <testcase name="@BeforeMethod setupMethod" time="0.0" classname="com.heb.enterprise.automationtest.productreview.ProductReviewTest">
    <skipped/>
  </testcase> <!-- @BeforeMethod setupMethod -->
  <testcase name="@BeforeMethod setupMethod" time="0.0" classname="com.heb.enterprise.automationtest.productreview.ProductReviewTest">
    <skipped/>
  </testcase> <!-- @BeforeMethod setupMethod -->
  <testcase name="@BeforeMethod setupMethod" time="0.0" classname="com.heb.enterprise.automationtest.productreview.ProductReviewTest">
    <skipped/>
  </testcase> <!-- @BeforeMethod setupMethod -->
  <testcase name="@BeforeMethod setupMethod" time="0.0" classname="com.heb.enterprise.automationtest.productreview.ProductReviewTest">
    <skipped/>
  </testcase> <!-- @BeforeMethod setupMethod -->
  <testcase name="@BeforeMethod setupMethod" time="0.0" classname="com.heb.enterprise.automationtest.productreview.ProductReviewTest">
    <skipped/>
  </testcase> <!-- @BeforeMethod setupMethod -->
  <testcase name="@BeforeMethod setupMethod" time="0.0" classname="com.heb.enterprise.automationtest.productreview.ProductReviewTest">
    <skipped/>
  </testcase> <!-- @BeforeMethod setupMethod -->
  <testcase name="@BeforeMethod setupMethod" time="0.0" classname="com.heb.enterprise.automationtest.productreview.ProductReviewTest">
    <skipped/>
  </testcase> <!-- @BeforeMethod setupMethod -->
  <testcase name="@BeforeMethod setupMethod" time="0.0" classname="com.heb.enterprise.automationtest.productreview.ProductReviewTest">
    <skipped/>
  </testcase> <!-- @BeforeMethod setupMethod -->
  <testcase name="@BeforeMethod setupMethod" time="0.0" classname="com.heb.enterprise.automationtest.productreview.ProductReviewTest">
    <skipped/>
  </testcase> <!-- @BeforeMethod setupMethod -->
  <testcase name="@BeforeMethod setupMethod" time="0.0" classname="com.heb.enterprise.automationtest.productreview.ProductReviewTest">
    <skipped/>
  </testcase> <!-- @BeforeMethod setupMethod -->
  <testcase name="@BeforeMethod setupMethod" time="0.0" classname="com.heb.enterprise.automationtest.productreview.ProductReviewTest">
    <skipped/>
  </testcase> <!-- @BeforeMethod setupMethod -->
  <testcase name="@BeforeMethod setupMethod" time="0.0" classname="com.heb.enterprise.automationtest.productreview.ProductReviewTest">
    <skipped/>
  </testcase> <!-- @BeforeMethod setupMethod -->
  <testcase name="@BeforeMethod setupMethod" time="0.0" classname="com.heb.enterprise.automationtest.productreview.ProductReviewTest">
    <skipped/>
  </testcase> <!-- @BeforeMethod setupMethod -->
  <testcase name="@BeforeMethod setupMethod" time="0.0" classname="com.heb.enterprise.automationtest.productreview.ProductReviewTest">
    <skipped/>
  </testcase> <!-- @BeforeMethod setupMethod -->
  <testcase name="@BeforeMethod setupMethod" time="0.0" classname="com.heb.enterprise.automationtest.productreview.ProductReviewTest">
    <skipped/>
  </testcase> <!-- @BeforeMethod setupMethod -->
  <testcase name="@BeforeMethod setupMethod" time="0.0" classname="com.heb.enterprise.automationtest.productreview.ProductReviewTest">
    <skipped/>
  </testcase> <!-- @BeforeMethod setupMethod -->
  <testcase name="@BeforeMethod setupMethod" time="0.0" classname="com.heb.enterprise.automationtest.productreview.ProductReviewTest">
    <skipped/>
  </testcase> <!-- @BeforeMethod setupMethod -->
  <testcase name="@BeforeMethod setupMethod" time="0.0" classname="com.heb.enterprise.automationtest.productreview.ProductReviewTest">
    <skipped/>
  </testcase> <!-- @BeforeMethod setupMethod -->
  <testcase name="@BeforeMethod setupMethod" time="0.0" classname="com.heb.enterprise.automationtest.productreview.ProductReviewTest">
    <skipped/>
  </testcase> <!-- @BeforeMethod setupMethod -->
  <testcase name="@AfterClass afterClass" time="0.0" classname="com.heb.enterprise.automationtest.productreview.ProductReviewTest">
    <skipped/>
  </testcase> <!-- @AfterClass afterClass -->
  <testcase name="@BeforeClass beforeClass" time="0.0" classname="com.heb.enterprise.automationtest.costreview.CostReviewTest">
    <failure type="java.lang.Error" message="Unresolved compilation problem: 
	The method apply(WebDriver) of type new Predicate&amp;lt;WebDriver&amp;gt;(){} must override a superclass method
">
      <![CDATA[java.lang.Error: Unresolved compilation problem: 
	The method apply(WebDriver) of type new Predicate<WebDriver>(){} must override a superclass method

	at com.heb.enterprise.automationtest.costreview.CostReviewTest$2.apply(CostReviewTest.java:266)
	at com.heb.enterprise.automationtest.costreview.CostReviewTest$2.apply(CostReviewTest.java:1)
	at org.openqa.selenium.support.ui.FluentWait$3.apply(FluentWait.java:207)
	at org.openqa.selenium.support.ui.FluentWait$3.apply(FluentWait.java:205)
	at org.openqa.selenium.support.ui.FluentWait.until(FluentWait.java:238)
	at org.openqa.selenium.support.ui.FluentWait.until(FluentWait.java:205)
	at com.heb.enterprise.automationtest.costreview.CostReviewTest.waitForPageLoad(CostReviewTest.java:264)
	at com.heb.enterprise.automationtest.costreview.CostReviewTest.beforeClass(CostReviewTest.java:37)
... Removed 24 stack frames]]>
    </failure>
  </testcase> <!-- @BeforeClass beforeClass -->
  <testcase name="@BeforeMethod beforeMethod" time="0.0" classname="com.heb.enterprise.automationtest.costreview.CostReviewTest">
    <skipped/>
  </testcase> <!-- @BeforeMethod beforeMethod -->
  <testcase name="@BeforeMethod beforeMethod" time="0.0" classname="com.heb.enterprise.automationtest.costreview.CostReviewTest">
    <skipped/>
  </testcase> <!-- @BeforeMethod beforeMethod -->
  <testcase name="@BeforeMethod beforeMethod" time="0.0" classname="com.heb.enterprise.automationtest.costreview.CostReviewTest">
    <skipped/>
  </testcase> <!-- @BeforeMethod beforeMethod -->
  <testcase name="@BeforeMethod beforeMethod" time="0.0" classname="com.heb.enterprise.automationtest.costreview.CostReviewTest">
    <skipped/>
  </testcase> <!-- @BeforeMethod beforeMethod -->
  <testcase name="@BeforeMethod beforeMethod" time="0.0" classname="com.heb.enterprise.automationtest.costreview.CostReviewTest">
    <skipped/>
  </testcase> <!-- @BeforeMethod beforeMethod -->
  <testcase name="@BeforeMethod beforeMethod" time="0.0" classname="com.heb.enterprise.automationtest.costreview.CostReviewTest">
    <skipped/>
  </testcase> <!-- @BeforeMethod beforeMethod -->
  <testcase name="@BeforeMethod beforeMethod" time="0.0" classname="com.heb.enterprise.automationtest.costreview.CostReviewTest">
    <skipped/>
  </testcase> <!-- @BeforeMethod beforeMethod -->
  <testcase name="@BeforeMethod beforeMethod" time="0.0" classname="com.heb.enterprise.automationtest.costreview.CostReviewTest">
    <skipped/>
  </testcase> <!-- @BeforeMethod beforeMethod -->
  <testcase name="@BeforeMethod beforeMethod" time="0.0" classname="com.heb.enterprise.automationtest.costreview.CostReviewTest">
    <skipped/>
  </testcase> <!-- @BeforeMethod beforeMethod -->
  <testcase name="@BeforeMethod beforeMethod" time="0.0" classname="com.heb.enterprise.automationtest.costreview.CostReviewTest">
    <skipped/>
  </testcase> <!-- @BeforeMethod beforeMethod -->
  <testcase name="@BeforeMethod beforeMethod" time="0.0" classname="com.heb.enterprise.automationtest.costreview.CostReviewTest">
    <skipped/>
  </testcase> <!-- @BeforeMethod beforeMethod -->
  <testcase name="@BeforeMethod beforeMethod" time="0.0" classname="com.heb.enterprise.automationtest.costreview.CostReviewTest">
    <skipped/>
  </testcase> <!-- @BeforeMethod beforeMethod -->
  <testcase name="@AfterClass afterClass" time="0.0" classname="com.heb.enterprise.automationtest.costreview.CostReviewTest">
    <skipped/>
  </testcase> <!-- @AfterClass afterClass -->
  <testcase name="@BeforeClass setUp" time="0.0" classname="com.heb.enterprise.automationtest.globaldefaults.GlobalDefaultTest">
    <failure type="java.lang.Error" message="Unresolved compilation problem: 
	Cannot switch on a value of type String for source level below 1.7. Only convertible int values or enum variables are permitted
">
      <![CDATA[java.lang.Error: Unresolved compilation problem: 
	Cannot switch on a value of type String for source level below 1.7. Only convertible int values or enum variables are permitted

	at com.heb.enterprise.automationtest.page.CommonPage.clickOnMenu(CommonPage.java:128)
	at com.heb.enterprise.automationtest.globaldefaults.GlobalDefaultTest.setUp(GlobalDefaultTest.java:41)
... Removed 24 stack frames]]>
    </failure>
  </testcase> <!-- @BeforeClass setUp -->
  <testcase name="@AfterClass afterClass" time="0.0" classname="com.heb.enterprise.automationtest.globaldefaults.GlobalDefaultTest">
    <skipped/>
  </testcase> <!-- @AfterClass afterClass -->
  <testcase name="@AfterTest tearDown" time="0.0" classname="com.heb.enterprise.automationtest.productreview.ProductReviewTest">
    <skipped/>
  </testcase> <!-- @AfterTest tearDown -->
  <testcase name="TC_Pricing_Rules_001_Test" time="0.336" classname="com.heb.enterprise.automationtest.pricingrule.PricingRuleTest"/>
  <testcase name="TC_Pricing_Rules_002_Test" time="5.225" classname="com.heb.enterprise.automationtest.pricingrule.PricingRuleTest"/>
  <testcase name="TC_Pricing_Rules_003_Test" time="7.256" classname="com.heb.enterprise.automationtest.pricingrule.PricingRuleTest"/>
  <testcase name="TC_Pricing_Rules_004_Test" time="5.258" classname="com.heb.enterprise.automationtest.pricingrule.PricingRuleTest"/>
  <testcase name="TC_Pricing_Rules_005_Test" time="5.722" classname="com.heb.enterprise.automationtest.pricingrule.PricingRuleTest"/>
  <testcase name="TC_Pricing_Rules_006_Test" time="6.451" classname="com.heb.enterprise.automationtest.pricingrule.PricingRuleTest"/>
  <testcase name="TC_Pricing_Rules_007_Test" time="6.402" classname="com.heb.enterprise.automationtest.pricingrule.PricingRuleTest"/>
  <testcase name="TC_Pricing_Rules_008_Test" time="5.71" classname="com.heb.enterprise.automationtest.pricingrule.PricingRuleTest"/>
  <testcase name="T001_LoadDashboardPage" time="0.267" classname="com.heb.enterprise.automationtest.dashboard.DashboardTest"/>
  <testcase name="T002_testProductOverview" time="0.114" classname="com.heb.enterprise.automationtest.dashboard.DashboardTest"/>
  <testcase name="T003_testRetailCostReviewDefault" time="0.122" classname="com.heb.enterprise.automationtest.dashboard.DashboardTest"/>
  <testcase name="T004_testProductSearch" time="0.113" classname="com.heb.enterprise.automationtest.dashboard.DashboardTest"/>
  <testcase name="T005_testDataVendorCombobox" time="2.064" classname="com.heb.enterprise.automationtest.dashboard.DashboardTest"/>
  <testcase name="T006_testSearchProduct" time="4.66" classname="com.heb.enterprise.automationtest.dashboard.DashboardTest"/>
  <testcase name="T008_testCommodityTrends" time="13.755" classname="com.heb.enterprise.automationtest.dashboard.DashboardTest"/>
  <testcase name="AddNewWithButton" time="0.0" classname="com.heb.enterprise.automationtest.surrogatemapping.SurrogateMappingTest">
    <skipped/>
  </testcase> <!-- AddNewWithButton -->
  <testcase name="AddNewwithIcon" time="0.001" classname="com.heb.enterprise.automationtest.surrogatemapping.SurrogateMappingTest">
    <skipped/>
  </testcase> <!-- AddNewwithIcon -->
  <testcase name="BreadCrumb" time="0.001" classname="com.heb.enterprise.automationtest.surrogatemapping.SurrogateMappingTest">
    <skipped/>
  </testcase> <!-- BreadCrumb -->
  <testcase name="CheckTitle" time="0.0" classname="com.heb.enterprise.automationtest.surrogatemapping.SurrogateMappingTest">
    <skipped/>
  </testcase> <!-- CheckTitle -->
  <testcase name="DeleteNo" time="0.001" classname="com.heb.enterprise.automationtest.surrogatemapping.SurrogateMappingTest">
    <skipped/>
  </testcase> <!-- DeleteNo -->
  <testcase name="DeleteYes" time="0.006" classname="com.heb.enterprise.automationtest.surrogatemapping.SurrogateMappingTest">
    <skipped/>
  </testcase> <!-- DeleteYes -->
  <testcase name="PaggingBar" time="0.001" classname="com.heb.enterprise.automationtest.surrogatemapping.SurrogateMappingTest">
    <skipped/>
  </testcase> <!-- PaggingBar -->
  <testcase name="SearchIconUser" time="0.0" classname="com.heb.enterprise.automationtest.surrogatemapping.SurrogateMappingTest">
    <skipped/>
  </testcase> <!-- SearchIconUser -->
  <testcase name="SearchUser" time="0.0" classname="com.heb.enterprise.automationtest.surrogatemapping.SurrogateMappingTest">
    <skipped/>
  </testcase> <!-- SearchUser -->
  <testcase name="vendorMangementTC1" time="0.0" classname="com.heb.enterprise.automationtest.vendormanagement.VendorManagementTest">
    <skipped/>
  </testcase> <!-- vendorMangementTC1 -->
  <testcase name="vendorMangementTC2" time="0.001" classname="com.heb.enterprise.automationtest.vendormanagement.VendorManagementTest">
    <skipped/>
  </testcase> <!-- vendorMangementTC2 -->
  <testcase name="vendorMangementTC3" time="0.0" classname="com.heb.enterprise.automationtest.vendormanagement.VendorManagementTest">
    <skipped/>
  </testcase> <!-- vendorMangementTC3 -->
  <testcase name="vendorMangementTC4" time="0.001" classname="com.heb.enterprise.automationtest.vendormanagement.VendorManagementTest">
    <skipped/>
  </testcase> <!-- vendorMangementTC4 -->
  <testcase name="vendorMangementTC5" time="0.0" classname="com.heb.enterprise.automationtest.vendormanagement.VendorManagementTest">
    <skipped/>
  </testcase> <!-- vendorMangementTC5 -->
  <testcase name="vendorMangementTC6" time="0.0" classname="com.heb.enterprise.automationtest.vendormanagement.VendorManagementTest">
    <skipped/>
  </testcase> <!-- vendorMangementTC6 -->
  <testcase name="vendorMangementTC7" time="0.002" classname="com.heb.enterprise.automationtest.vendormanagement.VendorManagementTest">
    <skipped/>
  </testcase> <!-- vendorMangementTC7 -->
  <testcase name="vendorMangementTC8" time="0.001" classname="com.heb.enterprise.automationtest.vendormanagement.VendorManagementTest">
    <skipped/>
  </testcase> <!-- vendorMangementTC8 -->
  <testcase name="vendorMangementTC9" time="0.0" classname="com.heb.enterprise.automationtest.vendormanagement.VendorManagementTest">
    <skipped/>
  </testcase> <!-- vendorMangementTC9 -->
  <testcase name="vendorMangementTC10" time="0.0" classname="com.heb.enterprise.automationtest.vendormanagement.VendorManagementTest">
    <skipped/>
  </testcase> <!-- vendorMangementTC10 -->
  <testcase name="vendorMangementTC11" time="0.001" classname="com.heb.enterprise.automationtest.vendormanagement.VendorManagementTest">
    <skipped/>
  </testcase> <!-- vendorMangementTC11 -->
  <testcase name="vendorMangementTC12" time="0.0" classname="com.heb.enterprise.automationtest.vendormanagement.VendorManagementTest">
    <skipped/>
  </testcase> <!-- vendorMangementTC12 -->
  <testcase name="testCase_DSV_Retail_Inquiry_001" time="0.001" classname="com.heb.enterprise.automationtest.retailinquiry.RetailInquiryTest">
    <skipped/>
  </testcase> <!-- testCase_DSV_Retail_Inquiry_001 -->
  <testcase name="testCase_DSV_Retail_Inquiry_002" time="0.0" classname="com.heb.enterprise.automationtest.retailinquiry.RetailInquiryTest">
    <skipped/>
  </testcase> <!-- testCase_DSV_Retail_Inquiry_002 -->
  <testcase name="testCase_DSV_Retail_Inquiry_003" time="0.0" classname="com.heb.enterprise.automationtest.retailinquiry.RetailInquiryTest">
    <skipped/>
  </testcase> <!-- testCase_DSV_Retail_Inquiry_003 -->
  <testcase name="testCase_DSV_Retail_Inquiry_004" time="0.001" classname="com.heb.enterprise.automationtest.retailinquiry.RetailInquiryTest">
    <skipped/>
  </testcase> <!-- testCase_DSV_Retail_Inquiry_004 -->
  <testcase name="testCase_DSV_Retail_Inquiry_005" time="0.002" classname="com.heb.enterprise.automationtest.retailinquiry.RetailInquiryTest">
    <skipped/>
  </testcase> <!-- testCase_DSV_Retail_Inquiry_005 -->
  <testcase name="imageTestSikuli" time="0.0" classname="com.heb.enterprise.automationtest.productreview.ProductReviewTest"/>
  <testcase name="tc_Products_Review_001_1_Test" time="0.0" classname="com.heb.enterprise.automationtest.productreview.ProductReviewTest">
    <failure type="java.lang.NullPointerException">
      <![CDATA[java.lang.NullPointerException
	at com.heb.enterprise.automationtest.productreview.ProductReviewTest.tc_Products_Review_001_1_Test(ProductReviewTest.java:46)
... Removed 24 stack frames]]>
    </failure>
  </testcase> <!-- tc_Products_Review_001_1_Test -->
  <testcase name="tc_Products_Review_001_2_Test" time="0.045" classname="com.heb.enterprise.automationtest.productreview.ProductReviewTest"/>
  <testcase name="tc_Products_Review_001_3_Test" time="0.304" classname="com.heb.enterprise.automationtest.productreview.ProductReviewTest"/>
  <testcase name="tc_Products_Review_001_4_Test" time="1.001" classname="com.heb.enterprise.automationtest.productreview.ProductReviewTest">
    <failure type="org.openqa.selenium.remote.UnreachableBrowserException" message="Error communicating with the remote browser. It may have died.
Build info: version: &amp;apos;2.48.2&amp;apos;, revision: &amp;apos;41bccdd10cf2c0560f637404c2d96164b67d9d67&amp;apos;, time: &amp;apos;2015-10-09 13:08:06&amp;apos;
System info: host: &amp;apos;HUYNGUYEN-PC&amp;apos;, ip: &amp;apos;10.10.30.71&amp;apos;, os.name: &amp;apos;Windows 7&amp;apos;, os.arch: &amp;apos;amd64&amp;apos;, os.version: &amp;apos;6.1&amp;apos;, java.version: &amp;apos;1.8.0_65&amp;apos;
Driver info: driver.version: RemoteWebDriver">
      <![CDATA[org.openqa.selenium.remote.UnreachableBrowserException: Error communicating with the remote browser. It may have died.
Build info: version: '2.48.2', revision: '41bccdd10cf2c0560f637404c2d96164b67d9d67', time: '2015-10-09 13:08:06'
System info: host: 'HUYNGUYEN-PC', ip: '10.10.30.71', os.name: 'Windows 7', os.arch: 'amd64', os.version: '6.1', java.version: '1.8.0_65'
Driver info: driver.version: RemoteWebDriver
	at org.openqa.selenium.remote.RemoteWebDriver.execute(RemoteWebDriver.java:641)
	at org.openqa.selenium.remote.RemoteWebDriver.findElement(RemoteWebDriver.java:353)
	at org.openqa.selenium.remote.RemoteWebDriver.findElementById(RemoteWebDriver.java:403)
	at org.openqa.selenium.By$ById.findElement(By.java:218)
	at org.openqa.selenium.remote.RemoteWebDriver.findElement(RemoteWebDriver.java:345)
	at org.openqa.selenium.support.pagefactory.DefaultElementLocator.findElement(DefaultElementLocator.java:69)
	at org.openqa.selenium.support.pagefactory.internal.LocatingElementHandler.invoke(LocatingElementHandler.java:38)
	at com.sun.proxy.$Proxy11.isDisplayed(Unknown Source)
	at com.heb.enterprise.automationtest.productreview.ProductReviewTest.tc_Products_Review_001_4_Test(ProductReviewTest.java:73)
Caused by: org.apache.http.conn.HttpHostConnectException: Connect to 127.0.0.1:7059 [/127.0.0.1] failed: Connection refused: connect
	at org.apache.http.impl.conn.DefaultHttpClientConnectionOperator.connect(DefaultHttpClientConnectionOperator.java:151)
	at org.apache.http.impl.conn.PoolingHttpClientConnectionManager.connect(PoolingHttpClientConnectionManager.java:353)
	at org.apache.http.impl.execchain.MainClientExec.establishRoute(MainClientExec.java:380)
	at org.apache.http.impl.execchain.MainClientExec.execute(MainClientExec.java:236)
	at org.apache.http.impl.execchain.ProtocolExec.execute(ProtocolExec.java:184)
	at org.apache.http.impl.execchain.RetryExec.execute(RetryExec.java:88)
	at org.apache.http.impl.execchain.RedirectExec.execute(RedirectExec.java:110)
	at org.apache.http.impl.client.InternalHttpClient.doExecute(InternalHttpClient.java:184)
	at org.apache.http.impl.client.CloseableHttpClient.execute(CloseableHttpClient.java:71)
	at org.apache.http.impl.client.CloseableHttpClient.execute(CloseableHttpClient.java:55)
	at org.openqa.selenium.remote.internal.ApacheHttpClient.fallBackExecute(ApacheHttpClient.java:143)
	at org.openqa.selenium.remote.internal.ApacheHttpClient.execute(ApacheHttpClient.java:89)
	at org.openqa.selenium.remote.HttpCommandExecutor.execute(HttpCommandExecutor.java:142)
	at org.openqa.selenium.firefox.internal.NewProfileExtensionConnection.execute(NewProfileExtensionConnection.java:170)
	at org.openqa.selenium.firefox.FirefoxDriver$LazyCommandExecutor.execute(FirefoxDriver.java:380)
	at org.openqa.selenium.remote.RemoteWebDriver.execute(RemoteWebDriver.java:620)
	... 32 more
Caused by: java.net.ConnectException: Connection refused: connect
	at java.net.DualStackPlainSocketImpl.waitForConnect(Native Method)
	at java.net.DualStackPlainSocketImpl.socketConnect(DualStackPlainSocketImpl.java:85)
	at java.net.AbstractPlainSocketImpl.doConnect(AbstractPlainSocketImpl.java:350)
	at java.net.AbstractPlainSocketImpl.connectToAddress(AbstractPlainSocketImpl.java:206)
	at java.net.AbstractPlainSocketImpl.connect(AbstractPlainSocketImpl.java:188)
	at java.net.PlainSocketImpl.connect(PlainSocketImpl.java:172)
	at java.net.SocksSocketImpl.connect(SocksSocketImpl.java:392)
	at java.net.Socket.connect(Socket.java:589)
	at org.apache.http.conn.socket.PlainConnectionSocketFactory.connectSocket(PlainConnectionSocketFactory.java:74)
	at org.apache.http.impl.conn.DefaultHttpClientConnectionOperator.connect(DefaultHttpClientConnectionOperator.java:134)
	... 47 more
... Removed 24 stack frames]]>
    </failure>
  </testcase> <!-- tc_Products_Review_001_4_Test -->
  <testcase name="tc_Products_Review_001_5_Test" time="0.0" classname="com.heb.enterprise.automationtest.productreview.ProductReviewTest">
    <skipped/>
  </testcase> <!-- tc_Products_Review_001_5_Test -->
  <testcase name="tc_Products_Review_001_6_Test" time="0.001" classname="com.heb.enterprise.automationtest.productreview.ProductReviewTest">
    <skipped/>
  </testcase> <!-- tc_Products_Review_001_6_Test -->
  <testcase name="tc_Products_Review_001_7_Test" time="0.0" classname="com.heb.enterprise.automationtest.productreview.ProductReviewTest">
    <skipped/>
  </testcase> <!-- tc_Products_Review_001_7_Test -->
  <testcase name="tc_Products_Review_001_8_Test" time="0.001" classname="com.heb.enterprise.automationtest.productreview.ProductReviewTest">
    <skipped/>
  </testcase> <!-- tc_Products_Review_001_8_Test -->
  <testcase name="tc_Products_Review_001_9_Test" time="0.004" classname="com.heb.enterprise.automationtest.productreview.ProductReviewTest">
    <skipped/>
  </testcase> <!-- tc_Products_Review_001_9_Test -->
  <testcase name="tc_Products_Review_001_10_Test" time="0.001" classname="com.heb.enterprise.automationtest.productreview.ProductReviewTest">
    <skipped/>
  </testcase> <!-- tc_Products_Review_001_10_Test -->
  <testcase name="tc_Products_Review_001_11_Test" time="0.001" classname="com.heb.enterprise.automationtest.productreview.ProductReviewTest">
    <skipped/>
  </testcase> <!-- tc_Products_Review_001_11_Test -->
  <testcase name="tc_Products_Review_001_12_Test" time="0.0" classname="com.heb.enterprise.automationtest.productreview.ProductReviewTest">
    <skipped/>
  </testcase> <!-- tc_Products_Review_001_12_Test -->
  <testcase name="tc_Products_Review_001_13_Test" time="0.001" classname="com.heb.enterprise.automationtest.productreview.ProductReviewTest">
    <skipped/>
  </testcase> <!-- tc_Products_Review_001_13_Test -->
  <testcase name="tc_Products_Review_001_14_Test" time="0.0" classname="com.heb.enterprise.automationtest.productreview.ProductReviewTest">
    <skipped/>
  </testcase> <!-- tc_Products_Review_001_14_Test -->
  <testcase name="tc_Products_Review_001_15_Test" time="0.001" classname="com.heb.enterprise.automationtest.productreview.ProductReviewTest">
    <skipped/>
  </testcase> <!-- tc_Products_Review_001_15_Test -->
  <testcase name="tc_Products_Review_001_16_Test" time="0.0" classname="com.heb.enterprise.automationtest.productreview.ProductReviewTest">
    <skipped/>
  </testcase> <!-- tc_Products_Review_001_16_Test -->
  <testcase name="tc_Products_Review_002_1_Test" time="0.0" classname="com.heb.enterprise.automationtest.productreview.ProductReviewTest">
    <skipped/>
  </testcase> <!-- tc_Products_Review_002_1_Test -->
  <testcase name="tc_Products_Review_002_2_Test" time="0.0" classname="com.heb.enterprise.automationtest.productreview.ProductReviewTest">
    <skipped/>
  </testcase> <!-- tc_Products_Review_002_2_Test -->
  <testcase name="tc_Products_Review_003_Test" time="0.0" classname="com.heb.enterprise.automationtest.productreview.ProductReviewTest">
    <skipped/>
  </testcase> <!-- tc_Products_Review_003_Test -->
  <testcase name="tc_Products_Review_004_1_Test" time="0.0" classname="com.heb.enterprise.automationtest.productreview.ProductReviewTest">
    <skipped/>
  </testcase> <!-- tc_Products_Review_004_1_Test -->
  <testcase name="tc_Products_Review_004_2_Test" time="0.0" classname="com.heb.enterprise.automationtest.productreview.ProductReviewTest">
    <skipped/>
  </testcase> <!-- tc_Products_Review_004_2_Test -->
  <testcase name="tc_Products_Review_004_3_Test" time="0.0" classname="com.heb.enterprise.automationtest.productreview.ProductReviewTest">
    <skipped/>
  </testcase> <!-- tc_Products_Review_004_3_Test -->
  <testcase name="tc_Products_Review_004_4_Test" time="0.0" classname="com.heb.enterprise.automationtest.productreview.ProductReviewTest">
    <skipped/>
  </testcase> <!-- tc_Products_Review_004_4_Test -->
  <testcase name="tc_Products_Review_005_1_Test" time="0.0" classname="com.heb.enterprise.automationtest.productreview.ProductReviewTest">
    <skipped/>
  </testcase> <!-- tc_Products_Review_005_1_Test -->
  <testcase name="tc_Products_Review_005_2_Test" time="0.0" classname="com.heb.enterprise.automationtest.productreview.ProductReviewTest">
    <skipped/>
  </testcase> <!-- tc_Products_Review_005_2_Test -->
  <testcase name="tc_Products_Review_005_3_Test" time="0.131" classname="com.heb.enterprise.automationtest.productreview.ProductReviewTest">
    <skipped/>
  </testcase> <!-- tc_Products_Review_005_3_Test -->
  <testcase name="tc_Products_Review_005_4_Test" time="0.0" classname="com.heb.enterprise.automationtest.productreview.ProductReviewTest">
    <skipped/>
  </testcase> <!-- tc_Products_Review_005_4_Test -->
  <testcase name="tc_Products_Review_006_1_Test" time="0.001" classname="com.heb.enterprise.automationtest.productreview.ProductReviewTest">
    <skipped/>
  </testcase> <!-- tc_Products_Review_006_1_Test -->
  <testcase name="tc_Products_Review_006_2_Test" time="0.0" classname="com.heb.enterprise.automationtest.productreview.ProductReviewTest">
    <skipped/>
  </testcase> <!-- tc_Products_Review_006_2_Test -->
  <testcase name="tc_Products_Review_006_3_Test" time="0.001" classname="com.heb.enterprise.automationtest.productreview.ProductReviewTest">
    <skipped/>
  </testcase> <!-- tc_Products_Review_006_3_Test -->
  <testcase name="tc_Products_Review_006_4_Test" time="0.001" classname="com.heb.enterprise.automationtest.productreview.ProductReviewTest">
    <skipped/>
  </testcase> <!-- tc_Products_Review_006_4_Test -->
  <testcase name="tc_Products_Review_007_1_Test" time="0.0" classname="com.heb.enterprise.automationtest.productreview.ProductReviewTest">
    <skipped/>
  </testcase> <!-- tc_Products_Review_007_1_Test -->
  <testcase name="tc_Products_Review_007_2_Test" time="0.0" classname="com.heb.enterprise.automationtest.productreview.ProductReviewTest">
    <skipped/>
  </testcase> <!-- tc_Products_Review_007_2_Test -->
  <testcase name="tc_Products_Review_007_3_Test" time="0.0" classname="com.heb.enterprise.automationtest.productreview.ProductReviewTest">
    <skipped/>
  </testcase> <!-- tc_Products_Review_007_3_Test -->
  <testcase name="tc_Products_Review_008_Test" time="0.0" classname="com.heb.enterprise.automationtest.productreview.ProductReviewTest">
    <skipped/>
  </testcase> <!-- tc_Products_Review_008_Test -->
  <testcase name="testCase_DSV_Cost_Reivew_001" time="0.0" classname="com.heb.enterprise.automationtest.costreview.CostReviewTest">
    <skipped/>
  </testcase> <!-- testCase_DSV_Cost_Reivew_001 -->
  <testcase name="testCase_DSV_Cost_Reivew_002" time="0.0" classname="com.heb.enterprise.automationtest.costreview.CostReviewTest">
    <skipped/>
  </testcase> <!-- testCase_DSV_Cost_Reivew_002 -->
  <testcase name="testCase_DSV_Cost_Reivew_003" time="0.0" classname="com.heb.enterprise.automationtest.costreview.CostReviewTest">
    <skipped/>
  </testcase> <!-- testCase_DSV_Cost_Reivew_003 -->
  <testcase name="testCase_DSV_Cost_Reivew_004" time="0.001" classname="com.heb.enterprise.automationtest.costreview.CostReviewTest">
    <skipped/>
  </testcase> <!-- testCase_DSV_Cost_Reivew_004 -->
  <testcase name="testCase_DSV_Cost_Reivew_005" time="0.001" classname="com.heb.enterprise.automationtest.costreview.CostReviewTest">
    <skipped/>
  </testcase> <!-- testCase_DSV_Cost_Reivew_005 -->
  <testcase name="testCase_DSV_Cost_Reivew_006" time="0.001" classname="com.heb.enterprise.automationtest.costreview.CostReviewTest">
    <skipped/>
  </testcase> <!-- testCase_DSV_Cost_Reivew_006 -->
  <testcase name="testCase_DSV_Cost_Reivew_007" time="0.0" classname="com.heb.enterprise.automationtest.costreview.CostReviewTest">
    <skipped/>
  </testcase> <!-- testCase_DSV_Cost_Reivew_007 -->
  <testcase name="testCase_DSV_Cost_Reivew_008" time="0.0" classname="com.heb.enterprise.automationtest.costreview.CostReviewTest">
    <skipped/>
  </testcase> <!-- testCase_DSV_Cost_Reivew_008 -->
  <testcase name="testCase_DSV_Cost_Reivew_009" time="0.0" classname="com.heb.enterprise.automationtest.costreview.CostReviewTest">
    <skipped/>
  </testcase> <!-- testCase_DSV_Cost_Reivew_009 -->
  <testcase name="testCase_DSV_Cost_Reivew_010" time="0.001" classname="com.heb.enterprise.automationtest.costreview.CostReviewTest">
    <skipped/>
  </testcase> <!-- testCase_DSV_Cost_Reivew_010 -->
  <testcase name="testCase_DSV_Cost_Reivew_011" time="0.001" classname="com.heb.enterprise.automationtest.costreview.CostReviewTest">
    <skipped/>
  </testcase> <!-- testCase_DSV_Cost_Reivew_011 -->
  <testcase name="testCase_DSV_Cost_Reivew_012" time="0.001" classname="com.heb.enterprise.automationtest.costreview.CostReviewTest">
    <skipped/>
  </testcase> <!-- testCase_DSV_Cost_Reivew_012 -->
  <testcase name="t001_loadSubDepartment" time="0.001" classname="com.heb.enterprise.automationtest.globaldefaults.GlobalDefaultTest">
    <skipped/>
  </testcase> <!-- t001_loadSubDepartment -->
  <testcase name="t002_loadSubCommodities" time="0.0" classname="com.heb.enterprise.automationtest.globaldefaults.GlobalDefaultTest">
    <skipped/>
  </testcase> <!-- t002_loadSubCommodities -->
  <testcase name="t003_loadDepartmentRule" time="0.0" classname="com.heb.enterprise.automationtest.globaldefaults.GlobalDefaultTest">
    <skipped/>
  </testcase> <!-- t003_loadDepartmentRule -->
  <testcase name="t004_loadCommodityRule" time="0.001" classname="com.heb.enterprise.automationtest.globaldefaults.GlobalDefaultTest">
    <skipped/>
  </testcase> <!-- t004_loadCommodityRule -->
</testsuite> <!-- DSV_Assortment -->
