<?xml version="1.0" encoding="utf-8" ?>
<!DOCTYPE html PUBLIC "-//W3C//DTD XHTML 1.0 Strict//EN"
        "http://www.w3.org/TR/xhtml1/DTD/xhtml1-strict.dtd">
<html xmlns="http://www.w3.org/1999/xhtml" xml:lang="" lang="">
<head>
  <title>Test Results Report - DSV_Assortment</title>
  <meta http-equiv="Content-Type" content="text/html;charset=utf-8" />
  <meta name="description" content="TestNG unit test results." />
  <link href="reportng.css" rel="stylesheet" type="text/css" />
    <script type="text/javascript" src="reportng.js"></script>
</head>
<body>
<h1>DSV_Assortment</h1>
<p>
  Test duration: 334.097s
</p>

  <table class="resultsTable configTable">
    <tr><th colspan="3" class="header failedConfig">Failed Configuration</th></tr>
              <tr class="group">
        <td colspan="3">com.heb.enterprise.automationtest.costreview.CostReviewTest</td>
      </tr>
            
<tr>
  <td class="method">
                  beforeClass
      </td>
  <td class="duration">
    0.000s
  </td>
  <td class="result">
        
    
        

        <a href="javascript:toggleElement('exception-0', 'block')" title="Click to expand/collapse"><b>java.lang.Error: Unresolved compilation problem: <br/>
	The method apply(WebDriver) of type new Predicate&lt;WebDriver&gt;(){} must override a superclass method<br/>
</b></a><br />
    <div class="stackTrace" id="exception-0">
              com.heb.enterprise.automationtest.costreview.CostReviewTest$2.apply(CostReviewTest.java:266)<br />
              com.heb.enterprise.automationtest.costreview.CostReviewTest$2.apply(CostReviewTest.java:1)<br />
              org.openqa.selenium.support.ui.FluentWait$3.apply(FluentWait.java:207)<br />
              org.openqa.selenium.support.ui.FluentWait$3.apply(FluentWait.java:205)<br />
              org.openqa.selenium.support.ui.FluentWait.until(FluentWait.java:238)<br />
              org.openqa.selenium.support.ui.FluentWait.until(FluentWait.java:205)<br />
              com.heb.enterprise.automationtest.costreview.CostReviewTest.waitForPageLoad(CostReviewTest.java:264)<br />
              com.heb.enterprise.automationtest.costreview.CostReviewTest.beforeClass(CostReviewTest.java:37)<br />
              sun.reflect.NativeMethodAccessorImpl.invoke0(Native Method)<br />
              sun.reflect.NativeMethodAccessorImpl.invoke(NativeMethodAccessorImpl.java:62)<br />
              sun.reflect.DelegatingMethodAccessorImpl.invoke(DelegatingMethodAccessorImpl.java:43)<br />
              java.lang.reflect.Method.invoke(Method.java:497)<br />
              org.testng.internal.MethodInvocationHelper.invokeMethod(MethodInvocationHelper.java:85)<br />
              org.testng.internal.Invoker.invokeConfigurationMethod(Invoker.java:552)<br />
              org.testng.internal.Invoker.invokeConfigurations(Invoker.java:215)<br />
              org.testng.internal.Invoker.invokeConfigurations(Invoker.java:140)<br />
              org.testng.internal.TestMethodWorker.invokeBeforeClassMethods(TestMethodWorker.java:170)<br />
              org.testng.internal.TestMethodWorker.run(TestMethodWorker.java:104)<br />
              org.testng.TestRunner.privateRun(TestRunner.java:767)<br />
              org.testng.TestRunner.run(TestRunner.java:617)<br />
              org.testng.SuiteRunner.runTest(SuiteRunner.java:348)<br />
              org.testng.SuiteRunner.runSequentially(SuiteRunner.java:343)<br />
              org.testng.SuiteRunner.privateRun(SuiteRunner.java:305)<br />
              org.testng.SuiteRunner.run(SuiteRunner.java:254)<br />
              org.testng.SuiteRunnerWorker.runSuite(SuiteRunnerWorker.java:52)<br />
              org.testng.SuiteRunnerWorker.run(SuiteRunnerWorker.java:86)<br />
              org.testng.TestNG.runSuitesSequentially(TestNG.java:1224)<br />
              org.testng.TestNG.runSuitesLocally(TestNG.java:1149)<br />
              org.testng.TestNG.run(TestNG.java:1057)<br />
              org.testng.remote.RemoteTestNG.run(RemoteTestNG.java:115)<br />
              org.testng.remote.RemoteTestNG.initAndRun(RemoteTestNG.java:207)<br />
              org.testng.remote.RemoteTestNG.main(RemoteTestNG.java:178)<br />
                </div>
      </td>
</tr>
          <tr class="group">
        <td colspan="3">com.heb.enterprise.automationtest.globaldefaults.GlobalDefaultTest</td>
      </tr>
            
<tr>
  <td class="method">
                  setUp
      </td>
  <td class="duration">
    0.000s
  </td>
  <td class="result">
        
    
        

        <a href="javascript:toggleElement('exception-1', 'block')" title="Click to expand/collapse"><b>java.lang.Error: Unresolved compilation problem: <br/>
	Cannot switch on a value of type String for source level below 1.7. Only convertible int values or enum variables are permitted<br/>
</b></a><br />
    <div class="stackTrace" id="exception-1">
              com.heb.enterprise.automationtest.page.CommonPage.clickOnMenu(CommonPage.java:128)<br />
              com.heb.enterprise.automationtest.globaldefaults.GlobalDefaultTest.setUp(GlobalDefaultTest.java:41)<br />
              sun.reflect.NativeMethodAccessorImpl.invoke0(Native Method)<br />
              sun.reflect.NativeMethodAccessorImpl.invoke(NativeMethodAccessorImpl.java:62)<br />
              sun.reflect.DelegatingMethodAccessorImpl.invoke(DelegatingMethodAccessorImpl.java:43)<br />
              java.lang.reflect.Method.invoke(Method.java:497)<br />
              org.testng.internal.MethodInvocationHelper.invokeMethod(MethodInvocationHelper.java:85)<br />
              org.testng.internal.Invoker.invokeConfigurationMethod(Invoker.java:552)<br />
              org.testng.internal.Invoker.invokeConfigurations(Invoker.java:215)<br />
              org.testng.internal.Invoker.invokeConfigurations(Invoker.java:140)<br />
              org.testng.internal.TestMethodWorker.invokeBeforeClassMethods(TestMethodWorker.java:170)<br />
              org.testng.internal.TestMethodWorker.run(TestMethodWorker.java:104)<br />
              org.testng.TestRunner.privateRun(TestRunner.java:767)<br />
              org.testng.TestRunner.run(TestRunner.java:617)<br />
              org.testng.SuiteRunner.runTest(SuiteRunner.java:348)<br />
              org.testng.SuiteRunner.runSequentially(SuiteRunner.java:343)<br />
              org.testng.SuiteRunner.privateRun(SuiteRunner.java:305)<br />
              org.testng.SuiteRunner.run(SuiteRunner.java:254)<br />
              org.testng.SuiteRunnerWorker.runSuite(SuiteRunnerWorker.java:52)<br />
              org.testng.SuiteRunnerWorker.run(SuiteRunnerWorker.java:86)<br />
              org.testng.TestNG.runSuitesSequentially(TestNG.java:1224)<br />
              org.testng.TestNG.runSuitesLocally(TestNG.java:1149)<br />
              org.testng.TestNG.run(TestNG.java:1057)<br />
              org.testng.remote.RemoteTestNG.run(RemoteTestNG.java:115)<br />
              org.testng.remote.RemoteTestNG.initAndRun(RemoteTestNG.java:207)<br />
              org.testng.remote.RemoteTestNG.main(RemoteTestNG.java:178)<br />
                </div>
      </td>
</tr>
          <tr class="group">
        <td colspan="3">com.heb.enterprise.automationtest.productreview.ProductReviewTest</td>
      </tr>
            
<tr>
  <td class="method">
                  setupMethod
      </td>
  <td class="duration">
    0.000s
  </td>
  <td class="result">
        
    
        

        <a href="javascript:toggleElement('exception-2', 'block')" title="Click to expand/collapse"><b>org.openqa.selenium.remote.UnreachableBrowserException: Error communicating with the remote browser. It may have died.<br/>
Build info: version: &apos;2.48.2&apos;, revision: &apos;41bccdd10cf2c0560f637404c2d96164b67d9d67&apos;, time: &apos;2015-10-09 13:08:06&apos;<br/>
System info: host: &apos;HUYNGUYEN-PC&apos;, ip: &apos;10.10.30.71&apos;, os.name: &apos;Windows 7&apos;, os.arch: &apos;amd64&apos;, os.version: &apos;6.1&apos;, java.version: &apos;1.8.0_65&apos;<br/>
Driver info: driver.version: RemoteWebDriver</b></a><br />
    <div class="stackTrace" id="exception-2">
              org.openqa.selenium.remote.RemoteWebDriver.execute(RemoteWebDriver.java:641)<br />
              org.openqa.selenium.remote.RemoteWebDriver.findElement(RemoteWebDriver.java:353)<br />
              org.openqa.selenium.remote.RemoteWebDriver.findElementByCssSelector(RemoteWebDriver.java:482)<br />
              org.openqa.selenium.By$ByCssSelector.findElement(By.java:430)<br />
              org.openqa.selenium.remote.RemoteWebDriver.findElement(RemoteWebDriver.java:345)<br />
              org.openqa.selenium.support.pagefactory.DefaultElementLocator.findElement(DefaultElementLocator.java:69)<br />
              org.openqa.selenium.support.pagefactory.internal.LocatingElementHandler.invoke(LocatingElementHandler.java:38)<br />
              com.sun.proxy.$Proxy11.click(Unknown Source)<br />
              com.heb.enterprise.automationtest.page.ProductsReviewPage.ProductsReviewMenuClick(ProductsReviewPage.java:116)<br />
              com.heb.enterprise.automationtest.productreview.ProductReviewTest.setupMethod(ProductReviewTest.java:33)<br />
              sun.reflect.NativeMethodAccessorImpl.invoke0(Native Method)<br />
              sun.reflect.NativeMethodAccessorImpl.invoke(NativeMethodAccessorImpl.java:62)<br />
              sun.reflect.DelegatingMethodAccessorImpl.invoke(DelegatingMethodAccessorImpl.java:43)<br />
              java.lang.reflect.Method.invoke(Method.java:497)<br />
              org.testng.internal.MethodInvocationHelper.invokeMethod(MethodInvocationHelper.java:85)<br />
              org.testng.internal.Invoker.invokeConfigurationMethod(Invoker.java:552)<br />
              org.testng.internal.Invoker.invokeConfigurations(Invoker.java:215)<br />
              org.testng.internal.Invoker.invokeMethod(Invoker.java:636)<br />
              org.testng.internal.Invoker.invokeTestMethod(Invoker.java:882)<br />
              org.testng.internal.Invoker.invokeTestMethods(Invoker.java:1189)<br />
              org.testng.internal.TestMethodWorker.invokeTestMethods(TestMethodWorker.java:124)<br />
              org.testng.internal.TestMethodWorker.run(TestMethodWorker.java:108)<br />
              org.testng.TestRunner.privateRun(TestRunner.java:767)<br />
              org.testng.TestRunner.run(TestRunner.java:617)<br />
              org.testng.SuiteRunner.runTest(SuiteRunner.java:348)<br />
              org.testng.SuiteRunner.runSequentially(SuiteRunner.java:343)<br />
              org.testng.SuiteRunner.privateRun(SuiteRunner.java:305)<br />
              org.testng.SuiteRunner.run(SuiteRunner.java:254)<br />
              org.testng.SuiteRunnerWorker.runSuite(SuiteRunnerWorker.java:52)<br />
              org.testng.SuiteRunnerWorker.run(SuiteRunnerWorker.java:86)<br />
              org.testng.TestNG.runSuitesSequentially(TestNG.java:1224)<br />
              org.testng.TestNG.runSuitesLocally(TestNG.java:1149)<br />
              org.testng.TestNG.run(TestNG.java:1057)<br />
              org.testng.remote.RemoteTestNG.run(RemoteTestNG.java:115)<br />
              org.testng.remote.RemoteTestNG.initAndRun(RemoteTestNG.java:207)<br />
              org.testng.remote.RemoteTestNG.main(RemoteTestNG.java:178)<br />
                    <b>Caused by: </b> <a href="javascript:toggleElement('exception-3', 'block')" title="Click to expand/collapse">org.apache.http.conn.HttpHostConnectException: Connect to 127.0.0.1:7059 [/127.0.0.1] failed: Connection refused: connect</a><br />
        <div class="stackTrace" id="exception-3">
                      org.apache.http.impl.conn.DefaultHttpClientConnectionOperator.connect(DefaultHttpClientConnectionOperator.java:151)<br />
                      org.apache.http.impl.conn.PoolingHttpClientConnectionManager.connect(PoolingHttpClientConnectionManager.java:353)<br />
                      org.apache.http.impl.execchain.MainClientExec.establishRoute(MainClientExec.java:380)<br />
                      org.apache.http.impl.execchain.MainClientExec.execute(MainClientExec.java:236)<br />
                      org.apache.http.impl.execchain.ProtocolExec.execute(ProtocolExec.java:184)<br />
                      org.apache.http.impl.execchain.RetryExec.execute(RetryExec.java:88)<br />
                      org.apache.http.impl.execchain.RedirectExec.execute(RedirectExec.java:110)<br />
                      org.apache.http.impl.client.InternalHttpClient.doExecute(InternalHttpClient.java:184)<br />
                      org.apache.http.impl.client.CloseableHttpClient.execute(CloseableHttpClient.java:71)<br />
                      org.apache.http.impl.client.CloseableHttpClient.execute(CloseableHttpClient.java:55)<br />
                      org.openqa.selenium.remote.internal.ApacheHttpClient.fallBackExecute(ApacheHttpClient.java:143)<br />
                      org.openqa.selenium.remote.internal.ApacheHttpClient.execute(ApacheHttpClient.java:89)<br />
                      org.openqa.selenium.remote.HttpCommandExecutor.execute(HttpCommandExecutor.java:142)<br />
                      org.openqa.selenium.firefox.internal.NewProfileExtensionConnection.execute(NewProfileExtensionConnection.java:170)<br />
                      org.openqa.selenium.firefox.FirefoxDriver$LazyCommandExecutor.execute(FirefoxDriver.java:380)<br />
                      org.openqa.selenium.remote.RemoteWebDriver.execute(RemoteWebDriver.java:620)<br />
                      org.openqa.selenium.remote.RemoteWebDriver.findElement(RemoteWebDriver.java:353)<br />
                      org.openqa.selenium.remote.RemoteWebDriver.findElementByCssSelector(RemoteWebDriver.java:482)<br />
                      org.openqa.selenium.By$ByCssSelector.findElement(By.java:430)<br />
                      org.openqa.selenium.remote.RemoteWebDriver.findElement(RemoteWebDriver.java:345)<br />
                      org.openqa.selenium.support.pagefactory.DefaultElementLocator.findElement(DefaultElementLocator.java:69)<br />
                      org.openqa.selenium.support.pagefactory.internal.LocatingElementHandler.invoke(LocatingElementHandler.java:38)<br />
                      com.sun.proxy.$Proxy11.click(Unknown Source)<br />
                      com.heb.enterprise.automationtest.page.ProductsReviewPage.ProductsReviewMenuClick(ProductsReviewPage.java:116)<br />
                      com.heb.enterprise.automationtest.productreview.ProductReviewTest.setupMethod(ProductReviewTest.java:33)<br />
                      sun.reflect.NativeMethodAccessorImpl.invoke0(Native Method)<br />
                      sun.reflect.NativeMethodAccessorImpl.invoke(NativeMethodAccessorImpl.java:62)<br />
                      sun.reflect.DelegatingMethodAccessorImpl.invoke(DelegatingMethodAccessorImpl.java:43)<br />
                      java.lang.reflect.Method.invoke(Method.java:497)<br />
                      org.testng.internal.MethodInvocationHelper.invokeMethod(MethodInvocationHelper.java:85)<br />
                      org.testng.internal.Invoker.invokeConfigurationMethod(Invoker.java:552)<br />
                      org.testng.internal.Invoker.invokeConfigurations(Invoker.java:215)<br />
                      org.testng.internal.Invoker.invokeMethod(Invoker.java:636)<br />
                      org.testng.internal.Invoker.invokeTestMethod(Invoker.java:882)<br />
                      org.testng.internal.Invoker.invokeTestMethods(Invoker.java:1189)<br />
                      org.testng.internal.TestMethodWorker.invokeTestMethods(TestMethodWorker.java:124)<br />
                      org.testng.internal.TestMethodWorker.run(TestMethodWorker.java:108)<br />
                      org.testng.TestRunner.privateRun(TestRunner.java:767)<br />
                      org.testng.TestRunner.run(TestRunner.java:617)<br />
                      org.testng.SuiteRunner.runTest(SuiteRunner.java:348)<br />
                      org.testng.SuiteRunner.runSequentially(SuiteRunner.java:343)<br />
                      org.testng.SuiteRunner.privateRun(SuiteRunner.java:305)<br />
                      org.testng.SuiteRunner.run(SuiteRunner.java:254)<br />
                      org.testng.SuiteRunnerWorker.runSuite(SuiteRunnerWorker.java:52)<br />
                      org.testng.SuiteRunnerWorker.run(SuiteRunnerWorker.java:86)<br />
                      org.testng.TestNG.runSuitesSequentially(TestNG.java:1224)<br />
                      org.testng.TestNG.runSuitesLocally(TestNG.java:1149)<br />
                      org.testng.TestNG.run(TestNG.java:1057)<br />
                      org.testng.remote.RemoteTestNG.run(RemoteTestNG.java:115)<br />
                      org.testng.remote.RemoteTestNG.initAndRun(RemoteTestNG.java:207)<br />
                      org.testng.remote.RemoteTestNG.main(RemoteTestNG.java:178)<br />
                  </div>
              <b>Caused by: </b> <a href="javascript:toggleElement('exception-4', 'block')" title="Click to expand/collapse">java.net.ConnectException: Connection refused: connect</a><br />
        <div class="stackTrace" id="exception-4">
                      java.net.DualStackPlainSocketImpl.waitForConnect(Native Method)<br />
                      java.net.DualStackPlainSocketImpl.socketConnect(DualStackPlainSocketImpl.java:85)<br />
                      java.net.AbstractPlainSocketImpl.doConnect(AbstractPlainSocketImpl.java:350)<br />
                      java.net.AbstractPlainSocketImpl.connectToAddress(AbstractPlainSocketImpl.java:206)<br />
                      java.net.AbstractPlainSocketImpl.connect(AbstractPlainSocketImpl.java:188)<br />
                      java.net.PlainSocketImpl.connect(PlainSocketImpl.java:172)<br />
                      java.net.SocksSocketImpl.connect(SocksSocketImpl.java:392)<br />
                      java.net.Socket.connect(Socket.java:589)<br />
                      org.apache.http.conn.socket.PlainConnectionSocketFactory.connectSocket(PlainConnectionSocketFactory.java:74)<br />
                      org.apache.http.impl.conn.DefaultHttpClientConnectionOperator.connect(DefaultHttpClientConnectionOperator.java:134)<br />
                      org.apache.http.impl.conn.PoolingHttpClientConnectionManager.connect(PoolingHttpClientConnectionManager.java:353)<br />
                      org.apache.http.impl.execchain.MainClientExec.establishRoute(MainClientExec.java:380)<br />
                      org.apache.http.impl.execchain.MainClientExec.execute(MainClientExec.java:236)<br />
                      org.apache.http.impl.execchain.ProtocolExec.execute(ProtocolExec.java:184)<br />
                      org.apache.http.impl.execchain.RetryExec.execute(RetryExec.java:88)<br />
                      org.apache.http.impl.execchain.RedirectExec.execute(RedirectExec.java:110)<br />
                      org.apache.http.impl.client.InternalHttpClient.doExecute(InternalHttpClient.java:184)<br />
                      org.apache.http.impl.client.CloseableHttpClient.execute(CloseableHttpClient.java:71)<br />
                      org.apache.http.impl.client.CloseableHttpClient.execute(CloseableHttpClient.java:55)<br />
                      org.openqa.selenium.remote.internal.ApacheHttpClient.fallBackExecute(ApacheHttpClient.java:143)<br />
                      org.openqa.selenium.remote.internal.ApacheHttpClient.execute(ApacheHttpClient.java:89)<br />
                      org.openqa.selenium.remote.HttpCommandExecutor.execute(HttpCommandExecutor.java:142)<br />
                      org.openqa.selenium.firefox.internal.NewProfileExtensionConnection.execute(NewProfileExtensionConnection.java:170)<br />
                      org.openqa.selenium.firefox.FirefoxDriver$LazyCommandExecutor.execute(FirefoxDriver.java:380)<br />
                      org.openqa.selenium.remote.RemoteWebDriver.execute(RemoteWebDriver.java:620)<br />
                      org.openqa.selenium.remote.RemoteWebDriver.findElement(RemoteWebDriver.java:353)<br />
                      org.openqa.selenium.remote.RemoteWebDriver.findElementByCssSelector(RemoteWebDriver.java:482)<br />
                      org.openqa.selenium.By$ByCssSelector.findElement(By.java:430)<br />
                      org.openqa.selenium.remote.RemoteWebDriver.findElement(RemoteWebDriver.java:345)<br />
                      org.openqa.selenium.support.pagefactory.DefaultElementLocator.findElement(DefaultElementLocator.java:69)<br />
                      org.openqa.selenium.support.pagefactory.internal.LocatingElementHandler.invoke(LocatingElementHandler.java:38)<br />
                      com.sun.proxy.$Proxy11.click(Unknown Source)<br />
                      com.heb.enterprise.automationtest.page.ProductsReviewPage.ProductsReviewMenuClick(ProductsReviewPage.java:116)<br />
                      com.heb.enterprise.automationtest.productreview.ProductReviewTest.setupMethod(ProductReviewTest.java:33)<br />
                      sun.reflect.NativeMethodAccessorImpl.invoke0(Native Method)<br />
                      sun.reflect.NativeMethodAccessorImpl.invoke(NativeMethodAccessorImpl.java:62)<br />
                      sun.reflect.DelegatingMethodAccessorImpl.invoke(DelegatingMethodAccessorImpl.java:43)<br />
                      java.lang.reflect.Method.invoke(Method.java:497)<br />
                      org.testng.internal.MethodInvocationHelper.invokeMethod(MethodInvocationHelper.java:85)<br />
                      org.testng.internal.Invoker.invokeConfigurationMethod(Invoker.java:552)<br />
                      org.testng.internal.Invoker.invokeConfigurations(Invoker.java:215)<br />
                      org.testng.internal.Invoker.invokeMethod(Invoker.java:636)<br />
                      org.testng.internal.Invoker.invokeTestMethod(Invoker.java:882)<br />
                      org.testng.internal.Invoker.invokeTestMethods(Invoker.java:1189)<br />
                      org.testng.internal.TestMethodWorker.invokeTestMethods(TestMethodWorker.java:124)<br />
                      org.testng.internal.TestMethodWorker.run(TestMethodWorker.java:108)<br />
                      org.testng.TestRunner.privateRun(TestRunner.java:767)<br />
                      org.testng.TestRunner.run(TestRunner.java:617)<br />
                      org.testng.SuiteRunner.runTest(SuiteRunner.java:348)<br />
                      org.testng.SuiteRunner.runSequentially(SuiteRunner.java:343)<br />
                      org.testng.SuiteRunner.privateRun(SuiteRunner.java:305)<br />
                      org.testng.SuiteRunner.run(SuiteRunner.java:254)<br />
                      org.testng.SuiteRunnerWorker.runSuite(SuiteRunnerWorker.java:52)<br />
                      org.testng.SuiteRunnerWorker.run(SuiteRunnerWorker.java:86)<br />
                      org.testng.TestNG.runSuitesSequentially(TestNG.java:1224)<br />
                      org.testng.TestNG.runSuitesLocally(TestNG.java:1149)<br />
                      org.testng.TestNG.run(TestNG.java:1057)<br />
                      org.testng.remote.RemoteTestNG.run(RemoteTestNG.java:115)<br />
                      org.testng.remote.RemoteTestNG.initAndRun(RemoteTestNG.java:207)<br />
                      org.testng.remote.RemoteTestNG.main(RemoteTestNG.java:178)<br />
                  </div>
          </div>
      </td>
</tr>
          <tr class="group">
        <td colspan="3">com.heb.enterprise.automationtest.retailinquiry.RetailInquiryTest</td>
      </tr>
            
<tr>
  <td class="method">
                  setupBeforeMethod
      </td>
  <td class="duration">
    0.000s
  </td>
  <td class="result">
        
    
        

        <a href="javascript:toggleElement('exception-5', 'block')" title="Click to expand/collapse"><b>java.lang.Error: Unresolved compilation problem: <br/>
	Cannot switch on a value of type String for source level below 1.7. Only convertible int values or enum variables are permitted<br/>
</b></a><br />
    <div class="stackTrace" id="exception-5">
              com.heb.enterprise.automationtest.page.CommonPage.clickOnMenu(CommonPage.java:128)<br />
              com.heb.enterprise.automationtest.retailinquiry.RetailInquiryTest.setupBeforeMethod(RetailInquiryTest.java:54)<br />
              sun.reflect.NativeMethodAccessorImpl.invoke0(Native Method)<br />
              sun.reflect.NativeMethodAccessorImpl.invoke(NativeMethodAccessorImpl.java:62)<br />
              sun.reflect.DelegatingMethodAccessorImpl.invoke(DelegatingMethodAccessorImpl.java:43)<br />
              java.lang.reflect.Method.invoke(Method.java:497)<br />
              org.testng.internal.MethodInvocationHelper.invokeMethod(MethodInvocationHelper.java:85)<br />
              org.testng.internal.Invoker.invokeConfigurationMethod(Invoker.java:552)<br />
              org.testng.internal.Invoker.invokeConfigurations(Invoker.java:215)<br />
              org.testng.internal.Invoker.invokeMethod(Invoker.java:636)<br />
              org.testng.internal.Invoker.invokeTestMethod(Invoker.java:882)<br />
              org.testng.internal.Invoker.invokeTestMethods(Invoker.java:1189)<br />
              org.testng.internal.TestMethodWorker.invokeTestMethods(TestMethodWorker.java:124)<br />
              org.testng.internal.TestMethodWorker.run(TestMethodWorker.java:108)<br />
              org.testng.TestRunner.privateRun(TestRunner.java:767)<br />
              org.testng.TestRunner.run(TestRunner.java:617)<br />
              org.testng.SuiteRunner.runTest(SuiteRunner.java:348)<br />
              org.testng.SuiteRunner.runSequentially(SuiteRunner.java:343)<br />
              org.testng.SuiteRunner.privateRun(SuiteRunner.java:305)<br />
              org.testng.SuiteRunner.run(SuiteRunner.java:254)<br />
              org.testng.SuiteRunnerWorker.runSuite(SuiteRunnerWorker.java:52)<br />
              org.testng.SuiteRunnerWorker.run(SuiteRunnerWorker.java:86)<br />
              org.testng.TestNG.runSuitesSequentially(TestNG.java:1224)<br />
              org.testng.TestNG.runSuitesLocally(TestNG.java:1149)<br />
              org.testng.TestNG.run(TestNG.java:1057)<br />
              org.testng.remote.RemoteTestNG.run(RemoteTestNG.java:115)<br />
              org.testng.remote.RemoteTestNG.initAndRun(RemoteTestNG.java:207)<br />
              org.testng.remote.RemoteTestNG.main(RemoteTestNG.java:178)<br />
                </div>
      </td>
</tr>
          <tr class="group">
        <td colspan="3">com.heb.enterprise.automationtest.surrogatemapping.SurrogateMappingTest</td>
      </tr>
            
<tr>
  <td class="method">
                  beforeClass
      </td>
  <td class="duration">
    0.000s
  </td>
  <td class="result">
        
    
        

        <a href="javascript:toggleElement('exception-6', 'block')" title="Click to expand/collapse"><b>java.lang.Error: Unresolved compilation problem: <br/>
	Cannot switch on a value of type String for source level below 1.7. Only convertible int values or enum variables are permitted<br/>
</b></a><br />
    <div class="stackTrace" id="exception-6">
              com.heb.enterprise.automationtest.page.CommonPage.clickOnMenu(CommonPage.java:128)<br />
              com.heb.enterprise.automationtest.surrogatemapping.SurrogateMappingTest.beforeClass(SurrogateMappingTest.java:34)<br />
              sun.reflect.NativeMethodAccessorImpl.invoke0(Native Method)<br />
              sun.reflect.NativeMethodAccessorImpl.invoke(NativeMethodAccessorImpl.java:62)<br />
              sun.reflect.DelegatingMethodAccessorImpl.invoke(DelegatingMethodAccessorImpl.java:43)<br />
              java.lang.reflect.Method.invoke(Method.java:497)<br />
              org.testng.internal.MethodInvocationHelper.invokeMethod(MethodInvocationHelper.java:85)<br />
              org.testng.internal.Invoker.invokeConfigurationMethod(Invoker.java:552)<br />
              org.testng.internal.Invoker.invokeConfigurations(Invoker.java:215)<br />
              org.testng.internal.Invoker.invokeConfigurations(Invoker.java:140)<br />
              org.testng.internal.TestMethodWorker.invokeBeforeClassMethods(TestMethodWorker.java:170)<br />
              org.testng.internal.TestMethodWorker.run(TestMethodWorker.java:104)<br />
              org.testng.TestRunner.privateRun(TestRunner.java:767)<br />
              org.testng.TestRunner.run(TestRunner.java:617)<br />
              org.testng.SuiteRunner.runTest(SuiteRunner.java:348)<br />
              org.testng.SuiteRunner.runSequentially(SuiteRunner.java:343)<br />
              org.testng.SuiteRunner.privateRun(SuiteRunner.java:305)<br />
              org.testng.SuiteRunner.run(SuiteRunner.java:254)<br />
              org.testng.SuiteRunnerWorker.runSuite(SuiteRunnerWorker.java:52)<br />
              org.testng.SuiteRunnerWorker.run(SuiteRunnerWorker.java:86)<br />
              org.testng.TestNG.runSuitesSequentially(TestNG.java:1224)<br />
              org.testng.TestNG.runSuitesLocally(TestNG.java:1149)<br />
              org.testng.TestNG.run(TestNG.java:1057)<br />
              org.testng.remote.RemoteTestNG.run(RemoteTestNG.java:115)<br />
              org.testng.remote.RemoteTestNG.initAndRun(RemoteTestNG.java:207)<br />
              org.testng.remote.RemoteTestNG.main(RemoteTestNG.java:178)<br />
                </div>
      </td>
</tr>
          <tr class="group">
        <td colspan="3">com.heb.enterprise.automationtest.vendormanagement.VendorManagementTest</td>
      </tr>
            
<tr>
  <td class="method">
                  setupBeforeMethod
      </td>
  <td class="duration">
    0.000s
  </td>
  <td class="result">
        
    
        

        <a href="javascript:toggleElement('exception-7', 'block')" title="Click to expand/collapse"><b>java.lang.Error: Unresolved compilation problem: <br/>
	Cannot switch on a value of type String for source level below 1.7. Only convertible int values or enum variables are permitted<br/>
</b></a><br />
    <div class="stackTrace" id="exception-7">
              com.heb.enterprise.automationtest.page.CommonPage.clickOnMenu(CommonPage.java:128)<br />
              com.heb.enterprise.automationtest.vendormanagement.VendorManagementTest.setupBeforeMethod(VendorManagementTest.java:42)<br />
              sun.reflect.NativeMethodAccessorImpl.invoke0(Native Method)<br />
              sun.reflect.NativeMethodAccessorImpl.invoke(NativeMethodAccessorImpl.java:62)<br />
              sun.reflect.DelegatingMethodAccessorImpl.invoke(DelegatingMethodAccessorImpl.java:43)<br />
              java.lang.reflect.Method.invoke(Method.java:497)<br />
              org.testng.internal.MethodInvocationHelper.invokeMethod(MethodInvocationHelper.java:85)<br />
              org.testng.internal.Invoker.invokeConfigurationMethod(Invoker.java:552)<br />
              org.testng.internal.Invoker.invokeConfigurations(Invoker.java:215)<br />
              org.testng.internal.Invoker.invokeMethod(Invoker.java:636)<br />
              org.testng.internal.Invoker.invokeTestMethod(Invoker.java:882)<br />
              org.testng.internal.Invoker.invokeTestMethods(Invoker.java:1189)<br />
              org.testng.internal.TestMethodWorker.invokeTestMethods(TestMethodWorker.java:124)<br />
              org.testng.internal.TestMethodWorker.run(TestMethodWorker.java:108)<br />
              org.testng.TestRunner.privateRun(TestRunner.java:767)<br />
              org.testng.TestRunner.run(TestRunner.java:617)<br />
              org.testng.SuiteRunner.runTest(SuiteRunner.java:348)<br />
              org.testng.SuiteRunner.runSequentially(SuiteRunner.java:343)<br />
              org.testng.SuiteRunner.privateRun(SuiteRunner.java:305)<br />
              org.testng.SuiteRunner.run(SuiteRunner.java:254)<br />
              org.testng.SuiteRunnerWorker.runSuite(SuiteRunnerWorker.java:52)<br />
              org.testng.SuiteRunnerWorker.run(SuiteRunnerWorker.java:86)<br />
              org.testng.TestNG.runSuitesSequentially(TestNG.java:1224)<br />
              org.testng.TestNG.runSuitesLocally(TestNG.java:1149)<br />
              org.testng.TestNG.run(TestNG.java:1057)<br />
              org.testng.remote.RemoteTestNG.run(RemoteTestNG.java:115)<br />
              org.testng.remote.RemoteTestNG.initAndRun(RemoteTestNG.java:207)<br />
              org.testng.remote.RemoteTestNG.main(RemoteTestNG.java:178)<br />
                </div>
      </td>
</tr>
    
          <tr><td colspan="3">&nbsp;</td></tr>
      <tr><td colspan="3" class="header skippedConfig">Skipped Configuration</td></tr>
                    <tr>
          <td colspan="3" class="group">com.heb.enterprise.automationtest.costreview.CostReviewTest</td>
        </tr>
                
<tr>
  <td class="method">
                  afterClass
      </td>
  <td class="duration">
    0.000s
  </td>
  <td class="result">
                         
    
        

      </td>
</tr>
<tr>
  <td class="method">
                  beforeMethod
      </td>
  <td class="duration">
    0.000s
  </td>
  <td class="result">
                         
    
        

      </td>
</tr>
<tr>
  <td class="method">
                  beforeMethod
      </td>
  <td class="duration">
    0.000s
  </td>
  <td class="result">
                         
    
        

      </td>
</tr>
<tr>
  <td class="method">
                  beforeMethod
      </td>
  <td class="duration">
    0.000s
  </td>
  <td class="result">
                         
    
        

      </td>
</tr>
<tr>
  <td class="method">
                  beforeMethod
      </td>
  <td class="duration">
    0.000s
  </td>
  <td class="result">
                         
    
        

      </td>
</tr>
<tr>
  <td class="method">
                  beforeMethod
      </td>
  <td class="duration">
    0.000s
  </td>
  <td class="result">
                         
    
        

      </td>
</tr>
<tr>
  <td class="method">
                  beforeMethod
      </td>
  <td class="duration">
    0.000s
  </td>
  <td class="result">
                         
    
        

      </td>
</tr>
<tr>
  <td class="method">
                  beforeMethod
      </td>
  <td class="duration">
    0.000s
  </td>
  <td class="result">
                         
    
        

      </td>
</tr>
<tr>
  <td class="method">
                  beforeMethod
      </td>
  <td class="duration">
    0.000s
  </td>
  <td class="result">
                         
    
        

      </td>
</tr>
<tr>
  <td class="method">
                  beforeMethod
      </td>
  <td class="duration">
    0.000s
  </td>
  <td class="result">
                         
    
        

      </td>
</tr>
<tr>
  <td class="method">
                  beforeMethod
      </td>
  <td class="duration">
    0.000s
  </td>
  <td class="result">
                         
    
        

      </td>
</tr>
<tr>
  <td class="method">
                  beforeMethod
      </td>
  <td class="duration">
    0.000s
  </td>
  <td class="result">
                         
    
        

      </td>
</tr>
<tr>
  <td class="method">
                  beforeMethod
      </td>
  <td class="duration">
    0.000s
  </td>
  <td class="result">
                         
    
        

      </td>
</tr>
              <tr>
          <td colspan="3" class="group">com.heb.enterprise.automationtest.globaldefaults.GlobalDefaultTest</td>
        </tr>
                
<tr>
  <td class="method">
                  afterClass
      </td>
  <td class="duration">
    0.000s
  </td>
  <td class="result">
                         
    
        

      </td>
</tr>
              <tr>
          <td colspan="3" class="group">com.heb.enterprise.automationtest.productreview.ProductReviewTest</td>
        </tr>
                
<tr>
  <td class="method">
                  afterClass
      </td>
  <td class="duration">
    0.000s
  </td>
  <td class="result">
                         
    
        

      </td>
</tr>
<tr>
  <td class="method">
                  setupMethod
      </td>
  <td class="duration">
    0.000s
  </td>
  <td class="result">
                         
    
        

      </td>
</tr>
<tr>
  <td class="method">
                  setupMethod
      </td>
  <td class="duration">
    0.000s
  </td>
  <td class="result">
                         
    
        

      </td>
</tr>
<tr>
  <td class="method">
                  setupMethod
      </td>
  <td class="duration">
    0.000s
  </td>
  <td class="result">
                         
    
        

      </td>
</tr>
<tr>
  <td class="method">
                  setupMethod
      </td>
  <td class="duration">
    0.000s
  </td>
  <td class="result">
                         
    
        

      </td>
</tr>
<tr>
  <td class="method">
                  setupMethod
      </td>
  <td class="duration">
    0.000s
  </td>
  <td class="result">
                         
    
        

      </td>
</tr>
<tr>
  <td class="method">
                  setupMethod
      </td>
  <td class="duration">
    0.000s
  </td>
  <td class="result">
                         
    
        

      </td>
</tr>
<tr>
  <td class="method">
                  setupMethod
      </td>
  <td class="duration">
    0.000s
  </td>
  <td class="result">
                         
    
        

      </td>
</tr>
<tr>
  <td class="method">
                  setupMethod
      </td>
  <td class="duration">
    0.000s
  </td>
  <td class="result">
                         
    
        

      </td>
</tr>
<tr>
  <td class="method">
                  setupMethod
      </td>
  <td class="duration">
    0.000s
  </td>
  <td class="result">
                         
    
        

      </td>
</tr>
<tr>
  <td class="method">
                  setupMethod
      </td>
  <td class="duration">
    0.000s
  </td>
  <td class="result">
                         
    
        

      </td>
</tr>
<tr>
  <td class="method">
                  setupMethod
      </td>
  <td class="duration">
    0.000s
  </td>
  <td class="result">
                         
    
        

      </td>
</tr>
<tr>
  <td class="method">
                  setupMethod
      </td>
  <td class="duration">
    0.000s
  </td>
  <td class="result">
                         
    
        

      </td>
</tr>
<tr>
  <td class="method">
                  setupMethod
      </td>
  <td class="duration">
    0.000s
  </td>
  <td class="result">
                         
    
        

      </td>
</tr>
<tr>
  <td class="method">
                  setupMethod
      </td>
  <td class="duration">
    0.000s
  </td>
  <td class="result">
                         
    
        

      </td>
</tr>
<tr>
  <td class="method">
                  setupMethod
      </td>
  <td class="duration">
    0.000s
  </td>
  <td class="result">
                         
    
        

      </td>
</tr>
<tr>
  <td class="method">
                  setupMethod
      </td>
  <td class="duration">
    0.000s
  </td>
  <td class="result">
                         
    
        

      </td>
</tr>
<tr>
  <td class="method">
                  setupMethod
      </td>
  <td class="duration">
    0.000s
  </td>
  <td class="result">
                         
    
        

      </td>
</tr>
<tr>
  <td class="method">
                  setupMethod
      </td>
  <td class="duration">
    0.000s
  </td>
  <td class="result">
                         
    
        

      </td>
</tr>
<tr>
  <td class="method">
                  setupMethod
      </td>
  <td class="duration">
    0.000s
  </td>
  <td class="result">
                         
    
        

      </td>
</tr>
<tr>
  <td class="method">
                  setupMethod
      </td>
  <td class="duration">
    0.000s
  </td>
  <td class="result">
                         
    
        

      </td>
</tr>
<tr>
  <td class="method">
                  setupMethod
      </td>
  <td class="duration">
    0.000s
  </td>
  <td class="result">
                         
    
        

      </td>
</tr>
<tr>
  <td class="method">
                  setupMethod
      </td>
  <td class="duration">
    0.000s
  </td>
  <td class="result">
                         
    
        

      </td>
</tr>
<tr>
  <td class="method">
                  setupMethod
      </td>
  <td class="duration">
    0.000s
  </td>
  <td class="result">
                         
    
        

      </td>
</tr>
<tr>
  <td class="method">
                  setupMethod
      </td>
  <td class="duration">
    0.000s
  </td>
  <td class="result">
                         
    
        

      </td>
</tr>
<tr>
  <td class="method">
                  setupMethod
      </td>
  <td class="duration">
    0.000s
  </td>
  <td class="result">
                         
    
        

      </td>
</tr>
<tr>
  <td class="method">
                  setupMethod
      </td>
  <td class="duration">
    0.000s
  </td>
  <td class="result">
                         
    
        

      </td>
</tr>
<tr>
  <td class="method">
                  setupMethod
      </td>
  <td class="duration">
    0.000s
  </td>
  <td class="result">
                         
    
        

      </td>
</tr>
<tr>
  <td class="method">
                  setupMethod
      </td>
  <td class="duration">
    0.000s
  </td>
  <td class="result">
                         
    
        

      </td>
</tr>
<tr>
  <td class="method">
                  setupMethod
      </td>
  <td class="duration">
    0.000s
  </td>
  <td class="result">
                         
    
        

      </td>
</tr>
<tr>
  <td class="method">
                  setupMethod
      </td>
  <td class="duration">
    0.000s
  </td>
  <td class="result">
                         
    
        

      </td>
</tr>
<tr>
  <td class="method">
                  tearDown
      </td>
  <td class="duration">
    0.000s
  </td>
  <td class="result">
                         
    
        

      </td>
</tr>
              <tr>
          <td colspan="3" class="group">com.heb.enterprise.automationtest.retailinquiry.RetailInquiryTest</td>
        </tr>
                
<tr>
  <td class="method">
                  afterClass
      </td>
  <td class="duration">
    0.000s
  </td>
  <td class="result">
                         
    
        

      </td>
</tr>
<tr>
  <td class="method">
                  afterMethod
      </td>
  <td class="duration">
    0.000s
  </td>
  <td class="result">
                         
    
        

      </td>
</tr>
<tr>
  <td class="method">
                  afterMethod
      </td>
  <td class="duration">
    0.000s
  </td>
  <td class="result">
                         
    
        

      </td>
</tr>
<tr>
  <td class="method">
                  afterMethod
      </td>
  <td class="duration">
    0.000s
  </td>
  <td class="result">
                         
    
        

      </td>
</tr>
<tr>
  <td class="method">
                  afterMethod
      </td>
  <td class="duration">
    0.000s
  </td>
  <td class="result">
                         
    
        

      </td>
</tr>
<tr>
  <td class="method">
                  afterMethod
      </td>
  <td class="duration">
    0.000s
  </td>
  <td class="result">
                         
    
        

      </td>
</tr>
<tr>
  <td class="method">
                  setupBeforeMethod
      </td>
  <td class="duration">
    0.000s
  </td>
  <td class="result">
                         
    
        

      </td>
</tr>
<tr>
  <td class="method">
                  setupBeforeMethod
      </td>
  <td class="duration">
    0.000s
  </td>
  <td class="result">
                         
    
        

      </td>
</tr>
<tr>
  <td class="method">
                  setupBeforeMethod
      </td>
  <td class="duration">
    0.000s
  </td>
  <td class="result">
                         
    
        

      </td>
</tr>
<tr>
  <td class="method">
                  setupBeforeMethod
      </td>
  <td class="duration">
    0.000s
  </td>
  <td class="result">
                         
    
        

      </td>
</tr>
              <tr>
          <td colspan="3" class="group">com.heb.enterprise.automationtest.surrogatemapping.SurrogateMappingTest</td>
        </tr>
                
<tr>
  <td class="method">
                  afterClass
      </td>
  <td class="duration">
    0.000s
  </td>
  <td class="result">
                         
    
        

      </td>
</tr>
<tr>
  <td class="method">
                  beforeMethod
      </td>
  <td class="duration">
    0.000s
  </td>
  <td class="result">
                         
    
        

      </td>
</tr>
<tr>
  <td class="method">
                  beforeMethod
      </td>
  <td class="duration">
    0.000s
  </td>
  <td class="result">
                         
    
        

      </td>
</tr>
<tr>
  <td class="method">
                  beforeMethod
      </td>
  <td class="duration">
    0.000s
  </td>
  <td class="result">
                         
    
        

      </td>
</tr>
<tr>
  <td class="method">
                  beforeMethod
      </td>
  <td class="duration">
    0.000s
  </td>
  <td class="result">
                         
    
        

      </td>
</tr>
<tr>
  <td class="method">
                  beforeMethod
      </td>
  <td class="duration">
    0.000s
  </td>
  <td class="result">
                         
    
        

      </td>
</tr>
<tr>
  <td class="method">
                  beforeMethod
      </td>
  <td class="duration">
    0.000s
  </td>
  <td class="result">
                         
    
        

      </td>
</tr>
<tr>
  <td class="method">
                  beforeMethod
      </td>
  <td class="duration">
    0.000s
  </td>
  <td class="result">
                         
    
        

      </td>
</tr>
<tr>
  <td class="method">
                  beforeMethod
      </td>
  <td class="duration">
    0.000s
  </td>
  <td class="result">
                         
    
        

      </td>
</tr>
<tr>
  <td class="method">
                  beforeMethod
      </td>
  <td class="duration">
    0.000s
  </td>
  <td class="result">
                         
    
        

      </td>
</tr>
              <tr>
          <td colspan="3" class="group">com.heb.enterprise.automationtest.vendormanagement.VendorManagementTest</td>
        </tr>
                
<tr>
  <td class="method">
                  afterClass
      </td>
  <td class="duration">
    0.000s
  </td>
  <td class="result">
                         
    
        

      </td>
</tr>
<tr>
  <td class="method">
                  afterMethod
      </td>
  <td class="duration">
    0.000s
  </td>
  <td class="result">
                         
    
        

      </td>
</tr>
<tr>
  <td class="method">
                  afterMethod
      </td>
  <td class="duration">
    0.000s
  </td>
  <td class="result">
                         
    
        

      </td>
</tr>
<tr>
  <td class="method">
                  afterMethod
      </td>
  <td class="duration">
    0.000s
  </td>
  <td class="result">
                         
    
        

      </td>
</tr>
<tr>
  <td class="method">
                  afterMethod
      </td>
  <td class="duration">
    0.000s
  </td>
  <td class="result">
                         
    
        

      </td>
</tr>
<tr>
  <td class="method">
                  afterMethod
      </td>
  <td class="duration">
    0.000s
  </td>
  <td class="result">
                         
    
        

      </td>
</tr>
<tr>
  <td class="method">
                  afterMethod
      </td>
  <td class="duration">
    0.000s
  </td>
  <td class="result">
                         
    
        

      </td>
</tr>
<tr>
  <td class="method">
                  afterMethod
      </td>
  <td class="duration">
    0.000s
  </td>
  <td class="result">
                         
    
        

      </td>
</tr>
<tr>
  <td class="method">
                  afterMethod
      </td>
  <td class="duration">
    0.000s
  </td>
  <td class="result">
                         
    
        

      </td>
</tr>
<tr>
  <td class="method">
                  afterMethod
      </td>
  <td class="duration">
    0.000s
  </td>
  <td class="result">
                         
    
        

      </td>
</tr>
<tr>
  <td class="method">
                  afterMethod
      </td>
  <td class="duration">
    0.000s
  </td>
  <td class="result">
                         
    
        

      </td>
</tr>
<tr>
  <td class="method">
                  afterMethod
      </td>
  <td class="duration">
    0.000s
  </td>
  <td class="result">
                         
    
        

      </td>
</tr>
<tr>
  <td class="method">
                  afterMethod
      </td>
  <td class="duration">
    0.000s
  </td>
  <td class="result">
                         
    
        

      </td>
</tr>
<tr>
  <td class="method">
                  setupBeforeMethod
      </td>
  <td class="duration">
    0.000s
  </td>
  <td class="result">
                         
    
        

      </td>
</tr>
<tr>
  <td class="method">
                  setupBeforeMethod
      </td>
  <td class="duration">
    0.000s
  </td>
  <td class="result">
                         
    
        

      </td>
</tr>
<tr>
  <td class="method">
                  setupBeforeMethod
      </td>
  <td class="duration">
    0.000s
  </td>
  <td class="result">
                         
    
        

      </td>
</tr>
<tr>
  <td class="method">
                  setupBeforeMethod
      </td>
  <td class="duration">
    0.000s
  </td>
  <td class="result">
                         
    
        

      </td>
</tr>
<tr>
  <td class="method">
                  setupBeforeMethod
      </td>
  <td class="duration">
    0.000s
  </td>
  <td class="result">
                         
    
        

      </td>
</tr>
<tr>
  <td class="method">
                  setupBeforeMethod
      </td>
  <td class="duration">
    0.000s
  </td>
  <td class="result">
                         
    
        

      </td>
</tr>
<tr>
  <td class="method">
                  setupBeforeMethod
      </td>
  <td class="duration">
    0.000s
  </td>
  <td class="result">
                         
    
        

      </td>
</tr>
<tr>
  <td class="method">
                  setupBeforeMethod
      </td>
  <td class="duration">
    0.000s
  </td>
  <td class="result">
                         
    
        

      </td>
</tr>
<tr>
  <td class="method">
                  setupBeforeMethod
      </td>
  <td class="duration">
    0.000s
  </td>
  <td class="result">
                         
    
        

      </td>
</tr>
<tr>
  <td class="method">
                  setupBeforeMethod
      </td>
  <td class="duration">
    0.000s
  </td>
  <td class="result">
                         
    
        

      </td>
</tr>
<tr>
  <td class="method">
                  setupBeforeMethod
      </td>
  <td class="duration">
    0.000s
  </td>
  <td class="result">
                         
    
        

      </td>
</tr>
            </table>


  <table class="resultsTable">
    <tr><th colspan="3" class="header failed">Failed Tests</th></tr>
          <tr>
        <td colspan="3" class="group">com.heb.enterprise.automationtest.productreview.ProductReviewTest</td>
      </tr>
            
<tr>
  <td class="method">
                  tc_Products_Review_001_1_Test
      </td>
  <td class="duration">
    0.000s
  </td>
  <td class="result">
        
    
        

        <a href="javascript:toggleElement('exception-90', 'block')" title="Click to expand/collapse"><b>java.lang.NullPointerException</b></a><br />
    <div class="stackTrace" id="exception-90">
              com.heb.enterprise.automationtest.productreview.ProductReviewTest.tc_Products_Review_001_1_Test(ProductReviewTest.java:46)<br />
              sun.reflect.NativeMethodAccessorImpl.invoke0(Native Method)<br />
              sun.reflect.NativeMethodAccessorImpl.invoke(NativeMethodAccessorImpl.java:62)<br />
              sun.reflect.DelegatingMethodAccessorImpl.invoke(DelegatingMethodAccessorImpl.java:43)<br />
              java.lang.reflect.Method.invoke(Method.java:497)<br />
              org.testng.internal.MethodInvocationHelper.invokeMethod(MethodInvocationHelper.java:85)<br />
              org.testng.internal.Invoker.invokeMethod(Invoker.java:696)<br />
              org.testng.internal.Invoker.invokeTestMethod(Invoker.java:882)<br />
              org.testng.internal.Invoker.invokeTestMethods(Invoker.java:1189)<br />
              org.testng.internal.TestMethodWorker.invokeTestMethods(TestMethodWorker.java:124)<br />
              org.testng.internal.TestMethodWorker.run(TestMethodWorker.java:108)<br />
              org.testng.TestRunner.privateRun(TestRunner.java:767)<br />
              org.testng.TestRunner.run(TestRunner.java:617)<br />
              org.testng.SuiteRunner.runTest(SuiteRunner.java:348)<br />
              org.testng.SuiteRunner.runSequentially(SuiteRunner.java:343)<br />
              org.testng.SuiteRunner.privateRun(SuiteRunner.java:305)<br />
              org.testng.SuiteRunner.run(SuiteRunner.java:254)<br />
              org.testng.SuiteRunnerWorker.runSuite(SuiteRunnerWorker.java:52)<br />
              org.testng.SuiteRunnerWorker.run(SuiteRunnerWorker.java:86)<br />
              org.testng.TestNG.runSuitesSequentially(TestNG.java:1224)<br />
              org.testng.TestNG.runSuitesLocally(TestNG.java:1149)<br />
              org.testng.TestNG.run(TestNG.java:1057)<br />
              org.testng.remote.RemoteTestNG.run(RemoteTestNG.java:115)<br />
              org.testng.remote.RemoteTestNG.initAndRun(RemoteTestNG.java:207)<br />
              org.testng.remote.RemoteTestNG.main(RemoteTestNG.java:178)<br />
                </div>
      </td>
</tr>
<tr>
  <td class="method">
                  tc_Products_Review_001_4_Test
      </td>
  <td class="duration">
    1.001s
  </td>
  <td class="result">
        
    
        

        <a href="javascript:toggleElement('exception-91', 'block')" title="Click to expand/collapse"><b>org.openqa.selenium.remote.UnreachableBrowserException: Error communicating with the remote browser. It may have died.<br/>
Build info: version: &apos;2.48.2&apos;, revision: &apos;41bccdd10cf2c0560f637404c2d96164b67d9d67&apos;, time: &apos;2015-10-09 13:08:06&apos;<br/>
System info: host: &apos;HUYNGUYEN-PC&apos;, ip: &apos;10.10.30.71&apos;, os.name: &apos;Windows 7&apos;, os.arch: &apos;amd64&apos;, os.version: &apos;6.1&apos;, java.version: &apos;1.8.0_65&apos;<br/>
Driver info: driver.version: RemoteWebDriver</b></a><br />
    <div class="stackTrace" id="exception-91">
              org.openqa.selenium.remote.RemoteWebDriver.execute(RemoteWebDriver.java:641)<br />
              org.openqa.selenium.remote.RemoteWebDriver.findElement(RemoteWebDriver.java:353)<br />
              org.openqa.selenium.remote.RemoteWebDriver.findElementById(RemoteWebDriver.java:403)<br />
              org.openqa.selenium.By$ById.findElement(By.java:218)<br />
              org.openqa.selenium.remote.RemoteWebDriver.findElement(RemoteWebDriver.java:345)<br />
              org.openqa.selenium.support.pagefactory.DefaultElementLocator.findElement(DefaultElementLocator.java:69)<br />
              org.openqa.selenium.support.pagefactory.internal.LocatingElementHandler.invoke(LocatingElementHandler.java:38)<br />
              com.sun.proxy.$Proxy11.isDisplayed(Unknown Source)<br />
              com.heb.enterprise.automationtest.productreview.ProductReviewTest.tc_Products_Review_001_4_Test(ProductReviewTest.java:73)<br />
              sun.reflect.NativeMethodAccessorImpl.invoke0(Native Method)<br />
              sun.reflect.NativeMethodAccessorImpl.invoke(NativeMethodAccessorImpl.java:62)<br />
              sun.reflect.DelegatingMethodAccessorImpl.invoke(DelegatingMethodAccessorImpl.java:43)<br />
              java.lang.reflect.Method.invoke(Method.java:497)<br />
              org.testng.internal.MethodInvocationHelper.invokeMethod(MethodInvocationHelper.java:85)<br />
              org.testng.internal.Invoker.invokeMethod(Invoker.java:696)<br />
              org.testng.internal.Invoker.invokeTestMethod(Invoker.java:882)<br />
              org.testng.internal.Invoker.invokeTestMethods(Invoker.java:1189)<br />
              org.testng.internal.TestMethodWorker.invokeTestMethods(TestMethodWorker.java:124)<br />
              org.testng.internal.TestMethodWorker.run(TestMethodWorker.java:108)<br />
              org.testng.TestRunner.privateRun(TestRunner.java:767)<br />
              org.testng.TestRunner.run(TestRunner.java:617)<br />
              org.testng.SuiteRunner.runTest(SuiteRunner.java:348)<br />
              org.testng.SuiteRunner.runSequentially(SuiteRunner.java:343)<br />
              org.testng.SuiteRunner.privateRun(SuiteRunner.java:305)<br />
              org.testng.SuiteRunner.run(SuiteRunner.java:254)<br />
              org.testng.SuiteRunnerWorker.runSuite(SuiteRunnerWorker.java:52)<br />
              org.testng.SuiteRunnerWorker.run(SuiteRunnerWorker.java:86)<br />
              org.testng.TestNG.runSuitesSequentially(TestNG.java:1224)<br />
              org.testng.TestNG.runSuitesLocally(TestNG.java:1149)<br />
              org.testng.TestNG.run(TestNG.java:1057)<br />
              org.testng.remote.RemoteTestNG.run(RemoteTestNG.java:115)<br />
              org.testng.remote.RemoteTestNG.initAndRun(RemoteTestNG.java:207)<br />
              org.testng.remote.RemoteTestNG.main(RemoteTestNG.java:178)<br />
                    <b>Caused by: </b> <a href="javascript:toggleElement('exception-92', 'block')" title="Click to expand/collapse">org.apache.http.conn.HttpHostConnectException: Connect to 127.0.0.1:7059 [/127.0.0.1] failed: Connection refused: connect</a><br />
        <div class="stackTrace" id="exception-92">
                      org.apache.http.impl.conn.DefaultHttpClientConnectionOperator.connect(DefaultHttpClientConnectionOperator.java:151)<br />
                      org.apache.http.impl.conn.PoolingHttpClientConnectionManager.connect(PoolingHttpClientConnectionManager.java:353)<br />
                      org.apache.http.impl.execchain.MainClientExec.establishRoute(MainClientExec.java:380)<br />
                      org.apache.http.impl.execchain.MainClientExec.execute(MainClientExec.java:236)<br />
                      org.apache.http.impl.execchain.ProtocolExec.execute(ProtocolExec.java:184)<br />
                      org.apache.http.impl.execchain.RetryExec.execute(RetryExec.java:88)<br />
                      org.apache.http.impl.execchain.RedirectExec.execute(RedirectExec.java:110)<br />
                      org.apache.http.impl.client.InternalHttpClient.doExecute(InternalHttpClient.java:184)<br />
                      org.apache.http.impl.client.CloseableHttpClient.execute(CloseableHttpClient.java:71)<br />
                      org.apache.http.impl.client.CloseableHttpClient.execute(CloseableHttpClient.java:55)<br />
                      org.openqa.selenium.remote.internal.ApacheHttpClient.fallBackExecute(ApacheHttpClient.java:143)<br />
                      org.openqa.selenium.remote.internal.ApacheHttpClient.execute(ApacheHttpClient.java:89)<br />
                      org.openqa.selenium.remote.HttpCommandExecutor.execute(HttpCommandExecutor.java:142)<br />
                      org.openqa.selenium.firefox.internal.NewProfileExtensionConnection.execute(NewProfileExtensionConnection.java:170)<br />
                      org.openqa.selenium.firefox.FirefoxDriver$LazyCommandExecutor.execute(FirefoxDriver.java:380)<br />
                      org.openqa.selenium.remote.RemoteWebDriver.execute(RemoteWebDriver.java:620)<br />
                      org.openqa.selenium.remote.RemoteWebDriver.findElement(RemoteWebDriver.java:353)<br />
                      org.openqa.selenium.remote.RemoteWebDriver.findElementById(RemoteWebDriver.java:403)<br />
                      org.openqa.selenium.By$ById.findElement(By.java:218)<br />
                      org.openqa.selenium.remote.RemoteWebDriver.findElement(RemoteWebDriver.java:345)<br />
                      org.openqa.selenium.support.pagefactory.DefaultElementLocator.findElement(DefaultElementLocator.java:69)<br />
                      org.openqa.selenium.support.pagefactory.internal.LocatingElementHandler.invoke(LocatingElementHandler.java:38)<br />
                      com.sun.proxy.$Proxy11.isDisplayed(Unknown Source)<br />
                      com.heb.enterprise.automationtest.productreview.ProductReviewTest.tc_Products_Review_001_4_Test(ProductReviewTest.java:73)<br />
                      sun.reflect.NativeMethodAccessorImpl.invoke0(Native Method)<br />
                      sun.reflect.NativeMethodAccessorImpl.invoke(NativeMethodAccessorImpl.java:62)<br />
                      sun.reflect.DelegatingMethodAccessorImpl.invoke(DelegatingMethodAccessorImpl.java:43)<br />
                      java.lang.reflect.Method.invoke(Method.java:497)<br />
                      org.testng.internal.MethodInvocationHelper.invokeMethod(MethodInvocationHelper.java:85)<br />
                      org.testng.internal.Invoker.invokeMethod(Invoker.java:696)<br />
                      org.testng.internal.Invoker.invokeTestMethod(Invoker.java:882)<br />
                      org.testng.internal.Invoker.invokeTestMethods(Invoker.java:1189)<br />
                      org.testng.internal.TestMethodWorker.invokeTestMethods(TestMethodWorker.java:124)<br />
                      org.testng.internal.TestMethodWorker.run(TestMethodWorker.java:108)<br />
                      org.testng.TestRunner.privateRun(TestRunner.java:767)<br />
                      org.testng.TestRunner.run(TestRunner.java:617)<br />
                      org.testng.SuiteRunner.runTest(SuiteRunner.java:348)<br />
                      org.testng.SuiteRunner.runSequentially(SuiteRunner.java:343)<br />
                      org.testng.SuiteRunner.privateRun(SuiteRunner.java:305)<br />
                      org.testng.SuiteRunner.run(SuiteRunner.java:254)<br />
                      org.testng.SuiteRunnerWorker.runSuite(SuiteRunnerWorker.java:52)<br />
                      org.testng.SuiteRunnerWorker.run(SuiteRunnerWorker.java:86)<br />
                      org.testng.TestNG.runSuitesSequentially(TestNG.java:1224)<br />
                      org.testng.TestNG.runSuitesLocally(TestNG.java:1149)<br />
                      org.testng.TestNG.run(TestNG.java:1057)<br />
                      org.testng.remote.RemoteTestNG.run(RemoteTestNG.java:115)<br />
                      org.testng.remote.RemoteTestNG.initAndRun(RemoteTestNG.java:207)<br />
                      org.testng.remote.RemoteTestNG.main(RemoteTestNG.java:178)<br />
                  </div>
              <b>Caused by: </b> <a href="javascript:toggleElement('exception-93', 'block')" title="Click to expand/collapse">java.net.ConnectException: Connection refused: connect</a><br />
        <div class="stackTrace" id="exception-93">
                      java.net.DualStackPlainSocketImpl.waitForConnect(Native Method)<br />
                      java.net.DualStackPlainSocketImpl.socketConnect(DualStackPlainSocketImpl.java:85)<br />
                      java.net.AbstractPlainSocketImpl.doConnect(AbstractPlainSocketImpl.java:350)<br />
                      java.net.AbstractPlainSocketImpl.connectToAddress(AbstractPlainSocketImpl.java:206)<br />
                      java.net.AbstractPlainSocketImpl.connect(AbstractPlainSocketImpl.java:188)<br />
                      java.net.PlainSocketImpl.connect(PlainSocketImpl.java:172)<br />
                      java.net.SocksSocketImpl.connect(SocksSocketImpl.java:392)<br />
                      java.net.Socket.connect(Socket.java:589)<br />
                      org.apache.http.conn.socket.PlainConnectionSocketFactory.connectSocket(PlainConnectionSocketFactory.java:74)<br />
                      org.apache.http.impl.conn.DefaultHttpClientConnectionOperator.connect(DefaultHttpClientConnectionOperator.java:134)<br />
                      org.apache.http.impl.conn.PoolingHttpClientConnectionManager.connect(PoolingHttpClientConnectionManager.java:353)<br />
                      org.apache.http.impl.execchain.MainClientExec.establishRoute(MainClientExec.java:380)<br />
                      org.apache.http.impl.execchain.MainClientExec.execute(MainClientExec.java:236)<br />
                      org.apache.http.impl.execchain.ProtocolExec.execute(ProtocolExec.java:184)<br />
                      org.apache.http.impl.execchain.RetryExec.execute(RetryExec.java:88)<br />
                      org.apache.http.impl.execchain.RedirectExec.execute(RedirectExec.java:110)<br />
                      org.apache.http.impl.client.InternalHttpClient.doExecute(InternalHttpClient.java:184)<br />
                      org.apache.http.impl.client.CloseableHttpClient.execute(CloseableHttpClient.java:71)<br />
                      org.apache.http.impl.client.CloseableHttpClient.execute(CloseableHttpClient.java:55)<br />
                      org.openqa.selenium.remote.internal.ApacheHttpClient.fallBackExecute(ApacheHttpClient.java:143)<br />
                      org.openqa.selenium.remote.internal.ApacheHttpClient.execute(ApacheHttpClient.java:89)<br />
                      org.openqa.selenium.remote.HttpCommandExecutor.execute(HttpCommandExecutor.java:142)<br />
                      org.openqa.selenium.firefox.internal.NewProfileExtensionConnection.execute(NewProfileExtensionConnection.java:170)<br />
                      org.openqa.selenium.firefox.FirefoxDriver$LazyCommandExecutor.execute(FirefoxDriver.java:380)<br />
                      org.openqa.selenium.remote.RemoteWebDriver.execute(RemoteWebDriver.java:620)<br />
                      org.openqa.selenium.remote.RemoteWebDriver.findElement(RemoteWebDriver.java:353)<br />
                      org.openqa.selenium.remote.RemoteWebDriver.findElementById(RemoteWebDriver.java:403)<br />
                      org.openqa.selenium.By$ById.findElement(By.java:218)<br />
                      org.openqa.selenium.remote.RemoteWebDriver.findElement(RemoteWebDriver.java:345)<br />
                      org.openqa.selenium.support.pagefactory.DefaultElementLocator.findElement(DefaultElementLocator.java:69)<br />
                      org.openqa.selenium.support.pagefactory.internal.LocatingElementHandler.invoke(LocatingElementHandler.java:38)<br />
                      com.sun.proxy.$Proxy11.isDisplayed(Unknown Source)<br />
                      com.heb.enterprise.automationtest.productreview.ProductReviewTest.tc_Products_Review_001_4_Test(ProductReviewTest.java:73)<br />
                      sun.reflect.NativeMethodAccessorImpl.invoke0(Native Method)<br />
                      sun.reflect.NativeMethodAccessorImpl.invoke(NativeMethodAccessorImpl.java:62)<br />
                      sun.reflect.DelegatingMethodAccessorImpl.invoke(DelegatingMethodAccessorImpl.java:43)<br />
                      java.lang.reflect.Method.invoke(Method.java:497)<br />
                      org.testng.internal.MethodInvocationHelper.invokeMethod(MethodInvocationHelper.java:85)<br />
                      org.testng.internal.Invoker.invokeMethod(Invoker.java:696)<br />
                      org.testng.internal.Invoker.invokeTestMethod(Invoker.java:882)<br />
                      org.testng.internal.Invoker.invokeTestMethods(Invoker.java:1189)<br />
                      org.testng.internal.TestMethodWorker.invokeTestMethods(TestMethodWorker.java:124)<br />
                      org.testng.internal.TestMethodWorker.run(TestMethodWorker.java:108)<br />
                      org.testng.TestRunner.privateRun(TestRunner.java:767)<br />
                      org.testng.TestRunner.run(TestRunner.java:617)<br />
                      org.testng.SuiteRunner.runTest(SuiteRunner.java:348)<br />
                      org.testng.SuiteRunner.runSequentially(SuiteRunner.java:343)<br />
                      org.testng.SuiteRunner.privateRun(SuiteRunner.java:305)<br />
                      org.testng.SuiteRunner.run(SuiteRunner.java:254)<br />
                      org.testng.SuiteRunnerWorker.runSuite(SuiteRunnerWorker.java:52)<br />
                      org.testng.SuiteRunnerWorker.run(SuiteRunnerWorker.java:86)<br />
                      org.testng.TestNG.runSuitesSequentially(TestNG.java:1224)<br />
                      org.testng.TestNG.runSuitesLocally(TestNG.java:1149)<br />
                      org.testng.TestNG.run(TestNG.java:1057)<br />
                      org.testng.remote.RemoteTestNG.run(RemoteTestNG.java:115)<br />
                      org.testng.remote.RemoteTestNG.initAndRun(RemoteTestNG.java:207)<br />
                      org.testng.remote.RemoteTestNG.main(RemoteTestNG.java:178)<br />
                  </div>
          </div>
      </td>
</tr>
      </table>

  <table class="resultsTable" width="100%">
    <tr><th colspan="3" class="header skipped">Skipped Tests</th></tr>
          <tr>
        <td colspan="3" class="group">com.heb.enterprise.automationtest.costreview.CostReviewTest</td>
      </tr>
            
<tr>
  <td class="method">
                  testCase_DSV_Cost_Reivew_001
      </td>
  <td class="duration">
    0.000s
  </td>
  <td class="result">
                         
    
        

      </td>
</tr>
<tr>
  <td class="method">
                  testCase_DSV_Cost_Reivew_002
      </td>
  <td class="duration">
    0.000s
  </td>
  <td class="result">
                         
    
        

      </td>
</tr>
<tr>
  <td class="method">
                  testCase_DSV_Cost_Reivew_003
      </td>
  <td class="duration">
    0.000s
  </td>
  <td class="result">
                         
    
        

      </td>
</tr>
<tr>
  <td class="method">
                  testCase_DSV_Cost_Reivew_004
      </td>
  <td class="duration">
    0.001s
  </td>
  <td class="result">
                         
    
        

      </td>
</tr>
<tr>
  <td class="method">
                  testCase_DSV_Cost_Reivew_005
      </td>
  <td class="duration">
    0.001s
  </td>
  <td class="result">
                         
    
        

      </td>
</tr>
<tr>
  <td class="method">
                  testCase_DSV_Cost_Reivew_006
      </td>
  <td class="duration">
    0.001s
  </td>
  <td class="result">
                         
    
        

      </td>
</tr>
<tr>
  <td class="method">
                  testCase_DSV_Cost_Reivew_007
      </td>
  <td class="duration">
    0.000s
  </td>
  <td class="result">
                         
    
        

      </td>
</tr>
<tr>
  <td class="method">
                  testCase_DSV_Cost_Reivew_008
      </td>
  <td class="duration">
    0.000s
  </td>
  <td class="result">
                         
    
        

      </td>
</tr>
<tr>
  <td class="method">
                  testCase_DSV_Cost_Reivew_009
      </td>
  <td class="duration">
    0.000s
  </td>
  <td class="result">
                         
    
        

      </td>
</tr>
<tr>
  <td class="method">
                  testCase_DSV_Cost_Reivew_010
      </td>
  <td class="duration">
    0.001s
  </td>
  <td class="result">
                         
    
        

      </td>
</tr>
<tr>
  <td class="method">
                  testCase_DSV_Cost_Reivew_011
      </td>
  <td class="duration">
    0.001s
  </td>
  <td class="result">
                         
    
        

      </td>
</tr>
<tr>
  <td class="method">
                  testCase_DSV_Cost_Reivew_012
      </td>
  <td class="duration">
    0.001s
  </td>
  <td class="result">
                         
    
        

      </td>
</tr>
          <tr>
        <td colspan="3" class="group">com.heb.enterprise.automationtest.globaldefaults.GlobalDefaultTest</td>
      </tr>
            
<tr>
  <td class="method">
                  t001_loadSubDepartment
      </td>
  <td class="duration">
    0.001s
  </td>
  <td class="result">
                         
    
        

      </td>
</tr>
<tr>
  <td class="method">
                  t002_loadSubCommodities
      </td>
  <td class="duration">
    0.000s
  </td>
  <td class="result">
                         
    
        

      </td>
</tr>
<tr>
  <td class="method">
                  t003_loadDepartmentRule
      </td>
  <td class="duration">
    0.000s
  </td>
  <td class="result">
                         
    
        

      </td>
</tr>
<tr>
  <td class="method">
                  t004_loadCommodityRule
      </td>
  <td class="duration">
    0.001s
  </td>
  <td class="result">
                         
    
        

      </td>
</tr>
          <tr>
        <td colspan="3" class="group">com.heb.enterprise.automationtest.productreview.ProductReviewTest</td>
      </tr>
            
<tr>
  <td class="method">
                  tc_Products_Review_001_10_Test
      </td>
  <td class="duration">
    0.001s
  </td>
  <td class="result">
                         
    
        

      </td>
</tr>
<tr>
  <td class="method">
                  tc_Products_Review_001_11_Test
      </td>
  <td class="duration">
    0.001s
  </td>
  <td class="result">
                         
    
        

      </td>
</tr>
<tr>
  <td class="method">
                  tc_Products_Review_001_12_Test
      </td>
  <td class="duration">
    0.000s
  </td>
  <td class="result">
                         
    
        

      </td>
</tr>
<tr>
  <td class="method">
                  tc_Products_Review_001_13_Test
      </td>
  <td class="duration">
    0.001s
  </td>
  <td class="result">
                         
    
        

      </td>
</tr>
<tr>
  <td class="method">
                  tc_Products_Review_001_14_Test
      </td>
  <td class="duration">
    0.000s
  </td>
  <td class="result">
                         
    
        

      </td>
</tr>
<tr>
  <td class="method">
                  tc_Products_Review_001_15_Test
      </td>
  <td class="duration">
    0.001s
  </td>
  <td class="result">
                         
    
        

      </td>
</tr>
<tr>
  <td class="method">
                  tc_Products_Review_001_16_Test
      </td>
  <td class="duration">
    0.000s
  </td>
  <td class="result">
                         
    
        

      </td>
</tr>
<tr>
  <td class="method">
                  tc_Products_Review_001_5_Test
      </td>
  <td class="duration">
    0.000s
  </td>
  <td class="result">
                         
    
        

      </td>
</tr>
<tr>
  <td class="method">
                  tc_Products_Review_001_6_Test
      </td>
  <td class="duration">
    0.001s
  </td>
  <td class="result">
                         
    
        

      </td>
</tr>
<tr>
  <td class="method">
                  tc_Products_Review_001_7_Test
      </td>
  <td class="duration">
    0.000s
  </td>
  <td class="result">
                         
    
        

      </td>
</tr>
<tr>
  <td class="method">
                  tc_Products_Review_001_8_Test
      </td>
  <td class="duration">
    0.001s
  </td>
  <td class="result">
                         
    
        

      </td>
</tr>
<tr>
  <td class="method">
                  tc_Products_Review_001_9_Test
      </td>
  <td class="duration">
    0.004s
  </td>
  <td class="result">
                         
    
        

      </td>
</tr>
<tr>
  <td class="method">
                  tc_Products_Review_002_1_Test
      </td>
  <td class="duration">
    0.000s
  </td>
  <td class="result">
                         
    
        

      </td>
</tr>
<tr>
  <td class="method">
                  tc_Products_Review_002_2_Test
      </td>
  <td class="duration">
    0.000s
  </td>
  <td class="result">
                         
    
        

      </td>
</tr>
<tr>
  <td class="method">
                  tc_Products_Review_003_Test
      </td>
  <td class="duration">
    0.000s
  </td>
  <td class="result">
                         
    
        

      </td>
</tr>
<tr>
  <td class="method">
                  tc_Products_Review_004_1_Test
      </td>
  <td class="duration">
    0.000s
  </td>
  <td class="result">
                         
    
        

      </td>
</tr>
<tr>
  <td class="method">
                  tc_Products_Review_004_2_Test
      </td>
  <td class="duration">
    0.000s
  </td>
  <td class="result">
                         
    
        

      </td>
</tr>
<tr>
  <td class="method">
                  tc_Products_Review_004_3_Test
      </td>
  <td class="duration">
    0.000s
  </td>
  <td class="result">
                         
    
        

      </td>
</tr>
<tr>
  <td class="method">
                  tc_Products_Review_004_4_Test
      </td>
  <td class="duration">
    0.000s
  </td>
  <td class="result">
                         
    
        

      </td>
</tr>
<tr>
  <td class="method">
                  tc_Products_Review_005_1_Test
      </td>
  <td class="duration">
    0.000s
  </td>
  <td class="result">
                         
    
        

      </td>
</tr>
<tr>
  <td class="method">
                  tc_Products_Review_005_2_Test
      </td>
  <td class="duration">
    0.000s
  </td>
  <td class="result">
                         
    
        

      </td>
</tr>
<tr>
  <td class="method">
                  tc_Products_Review_005_3_Test
      </td>
  <td class="duration">
    0.131s
  </td>
  <td class="result">
                         
    
        

      </td>
</tr>
<tr>
  <td class="method">
                  tc_Products_Review_005_4_Test
      </td>
  <td class="duration">
    0.000s
  </td>
  <td class="result">
                         
    
        

      </td>
</tr>
<tr>
  <td class="method">
                  tc_Products_Review_006_1_Test
      </td>
  <td class="duration">
    0.001s
  </td>
  <td class="result">
                         
    
        

      </td>
</tr>
<tr>
  <td class="method">
                  tc_Products_Review_006_2_Test
      </td>
  <td class="duration">
    0.000s
  </td>
  <td class="result">
                         
    
        

      </td>
</tr>
<tr>
  <td class="method">
                  tc_Products_Review_006_3_Test
      </td>
  <td class="duration">
    0.001s
  </td>
  <td class="result">
                         
    
        

      </td>
</tr>
<tr>
  <td class="method">
                  tc_Products_Review_006_4_Test
      </td>
  <td class="duration">
    0.001s
  </td>
  <td class="result">
                         
    
        

      </td>
</tr>
<tr>
  <td class="method">
                  tc_Products_Review_007_1_Test
      </td>
  <td class="duration">
    0.000s
  </td>
  <td class="result">
                         
    
        

      </td>
</tr>
<tr>
  <td class="method">
                  tc_Products_Review_007_2_Test
      </td>
  <td class="duration">
    0.000s
  </td>
  <td class="result">
                         
    
        

      </td>
</tr>
<tr>
  <td class="method">
                  tc_Products_Review_007_3_Test
      </td>
  <td class="duration">
    0.000s
  </td>
  <td class="result">
                         
    
        

      </td>
</tr>
<tr>
  <td class="method">
                  tc_Products_Review_008_Test
      </td>
  <td class="duration">
    0.000s
  </td>
  <td class="result">
                         
    
        

      </td>
</tr>
          <tr>
        <td colspan="3" class="group">com.heb.enterprise.automationtest.retailinquiry.RetailInquiryTest</td>
      </tr>
            
<tr>
  <td class="method">
                  testCase_DSV_Retail_Inquiry_001
      </td>
  <td class="duration">
    0.001s
  </td>
  <td class="result">
                         
    
        

      </td>
</tr>
<tr>
  <td class="method">
                  testCase_DSV_Retail_Inquiry_002
      </td>
  <td class="duration">
    0.000s
  </td>
  <td class="result">
                         
    
        

      </td>
</tr>
<tr>
  <td class="method">
                  testCase_DSV_Retail_Inquiry_003
      </td>
  <td class="duration">
    0.000s
  </td>
  <td class="result">
                         
    
        

      </td>
</tr>
<tr>
  <td class="method">
                  testCase_DSV_Retail_Inquiry_004
      </td>
  <td class="duration">
    0.001s
  </td>
  <td class="result">
                         
    
        

      </td>
</tr>
<tr>
  <td class="method">
                  testCase_DSV_Retail_Inquiry_005
      </td>
  <td class="duration">
    0.002s
  </td>
  <td class="result">
                         
    
        

      </td>
</tr>
          <tr>
        <td colspan="3" class="group">com.heb.enterprise.automationtest.surrogatemapping.SurrogateMappingTest</td>
      </tr>
            
<tr>
  <td class="method">
                  AddNewWithButton
      </td>
  <td class="duration">
    0.000s
  </td>
  <td class="result">
                         
    
        

      </td>
</tr>
<tr>
  <td class="method">
                  AddNewwithIcon
      </td>
  <td class="duration">
    0.001s
  </td>
  <td class="result">
                         
    
        

      </td>
</tr>
<tr>
  <td class="method">
                  BreadCrumb
      </td>
  <td class="duration">
    0.001s
  </td>
  <td class="result">
                         
    
        

      </td>
</tr>
<tr>
  <td class="method">
                  CheckTitle
      </td>
  <td class="duration">
    0.000s
  </td>
  <td class="result">
                         
    
        

      </td>
</tr>
<tr>
  <td class="method">
                  DeleteNo
      </td>
  <td class="duration">
    0.001s
  </td>
  <td class="result">
                         
    
        

      </td>
</tr>
<tr>
  <td class="method">
                  DeleteYes
      </td>
  <td class="duration">
    0.006s
  </td>
  <td class="result">
                         
    
        

      </td>
</tr>
<tr>
  <td class="method">
                  PaggingBar
      </td>
  <td class="duration">
    0.001s
  </td>
  <td class="result">
                         
    
        

      </td>
</tr>
<tr>
  <td class="method">
                  SearchIconUser
      </td>
  <td class="duration">
    0.000s
  </td>
  <td class="result">
                         
    
        

      </td>
</tr>
<tr>
  <td class="method">
                  SearchUser
      </td>
  <td class="duration">
    0.000s
  </td>
  <td class="result">
                         
    
        

      </td>
</tr>
          <tr>
        <td colspan="3" class="group">com.heb.enterprise.automationtest.vendormanagement.VendorManagementTest</td>
      </tr>
            
<tr>
  <td class="method">
                  vendorMangementTC1
      </td>
  <td class="duration">
    0.000s
  </td>
  <td class="result">
                         
    
        

      </td>
</tr>
<tr>
  <td class="method">
                  vendorMangementTC10
      </td>
  <td class="duration">
    0.000s
  </td>
  <td class="result">
                         
    
        

      </td>
</tr>
<tr>
  <td class="method">
                  vendorMangementTC11
      </td>
  <td class="duration">
    0.001s
  </td>
  <td class="result">
                         
    
        

      </td>
</tr>
<tr>
  <td class="method">
                  vendorMangementTC12
      </td>
  <td class="duration">
    0.000s
  </td>
  <td class="result">
                         
    
        

      </td>
</tr>
<tr>
  <td class="method">
                  vendorMangementTC2
      </td>
  <td class="duration">
    0.001s
  </td>
  <td class="result">
                         
    
        

      </td>
</tr>
<tr>
  <td class="method">
                  vendorMangementTC3
      </td>
  <td class="duration">
    0.000s
  </td>
  <td class="result">
                         
    
        

      </td>
</tr>
<tr>
  <td class="method">
                  vendorMangementTC4
      </td>
  <td class="duration">
    0.001s
  </td>
  <td class="result">
                         
    
        

      </td>
</tr>
<tr>
  <td class="method">
                  vendorMangementTC5
      </td>
  <td class="duration">
    0.000s
  </td>
  <td class="result">
                         
    
        

      </td>
</tr>
<tr>
  <td class="method">
                  vendorMangementTC6
      </td>
  <td class="duration">
    0.000s
  </td>
  <td class="result">
                         
    
        

      </td>
</tr>
<tr>
  <td class="method">
                  vendorMangementTC7
      </td>
  <td class="duration">
    0.002s
  </td>
  <td class="result">
                         
    
        

      </td>
</tr>
<tr>
  <td class="method">
                  vendorMangementTC8
      </td>
  <td class="duration">
    0.001s
  </td>
  <td class="result">
                         
    
        

      </td>
</tr>
<tr>
  <td class="method">
                  vendorMangementTC9
      </td>
  <td class="duration">
    0.000s
  </td>
  <td class="result">
                         
    
        

      </td>
</tr>
      </table>

  <table class="resultsTable">
    <tr><th colspan="3" class="header passed">Passed Tests</th></tr>
          <tr>
        <td colspan="3" class="group">com.heb.enterprise.automationtest.dashboard.DashboardTest</td>
      </tr>
            
<tr>
  <td class="method">
                  T001_LoadDashboardPage
      </td>
  <td class="duration">
    0.267s
  </td>
  <td class="result">
        
    
        

      </td>
</tr>
<tr>
  <td class="method">
                  T002_testProductOverview
      </td>
  <td class="duration">
    0.114s
  </td>
  <td class="result">
        
    
        

      </td>
</tr>
<tr>
  <td class="method">
                  T003_testRetailCostReviewDefault
      </td>
  <td class="duration">
    0.122s
  </td>
  <td class="result">
        
    
        

      </td>
</tr>
<tr>
  <td class="method">
                  T004_testProductSearch
      </td>
  <td class="duration">
    0.113s
  </td>
  <td class="result">
        
    
        

      </td>
</tr>
<tr>
  <td class="method">
                  T005_testDataVendorCombobox
      </td>
  <td class="duration">
    2.064s
  </td>
  <td class="result">
        
    
        

      </td>
</tr>
<tr>
  <td class="method">
                  T006_testSearchProduct
      </td>
  <td class="duration">
    4.660s
  </td>
  <td class="result">
        
    
        

      </td>
</tr>
<tr>
  <td class="method">
                  T008_testCommodityTrends
      </td>
  <td class="duration">
    13.755s
  </td>
  <td class="result">
        
    
        

      </td>
</tr>
          <tr>
        <td colspan="3" class="group">com.heb.enterprise.automationtest.pricingrule.PricingRuleTest</td>
      </tr>
            
<tr>
  <td class="method">
                  TC_Pricing_Rules_001_Test
      </td>
  <td class="duration">
    0.336s
  </td>
  <td class="result">
        
    
        

      </td>
</tr>
<tr>
  <td class="method">
                  TC_Pricing_Rules_002_Test
      </td>
  <td class="duration">
    5.225s
  </td>
  <td class="result">
        
    
        

      </td>
</tr>
<tr>
  <td class="method">
                  TC_Pricing_Rules_003_Test
      </td>
  <td class="duration">
    7.256s
  </td>
  <td class="result">
        
    
        

      </td>
</tr>
<tr>
  <td class="method">
                  TC_Pricing_Rules_004_Test
      </td>
  <td class="duration">
    5.258s
  </td>
  <td class="result">
        
    
        

      </td>
</tr>
<tr>
  <td class="method">
                  TC_Pricing_Rules_005_Test
      </td>
  <td class="duration">
    5.722s
  </td>
  <td class="result">
        
    
        

      </td>
</tr>
<tr>
  <td class="method">
                  TC_Pricing_Rules_006_Test
      </td>
  <td class="duration">
    6.451s
  </td>
  <td class="result">
        
    
        

      </td>
</tr>
<tr>
  <td class="method">
                  TC_Pricing_Rules_007_Test
      </td>
  <td class="duration">
    6.402s
  </td>
  <td class="result">
        
    
        

      </td>
</tr>
<tr>
  <td class="method">
                  TC_Pricing_Rules_008_Test
      </td>
  <td class="duration">
    5.710s
  </td>
  <td class="result">
        
    
        

      </td>
</tr>
          <tr>
        <td colspan="3" class="group">com.heb.enterprise.automationtest.productreview.ProductReviewTest</td>
      </tr>
            
<tr>
  <td class="method">
                  imageTestSikuli
      </td>
  <td class="duration">
    0.000s
  </td>
  <td class="result">
        
    
        

      </td>
</tr>
<tr>
  <td class="method">
                  tc_Products_Review_001_2_Test
      </td>
  <td class="duration">
    0.045s
  </td>
  <td class="result">
        
    
        

      </td>
</tr>
<tr>
  <td class="method">
                  tc_Products_Review_001_3_Test
      </td>
  <td class="duration">
    0.304s
  </td>
  <td class="result">
        
    
        

      </td>
</tr>
      </table>
  
</body>
</html>
