<?xml version="1.0" encoding="UTF-8"?>
<testsuite name="DSV_Assortment"
           tests="69"
           failures="3"
           errors="0"
           skipped="63"
           time="1.494">
  <properties />
            <testcase name="setupMethod" time="0.000" classname="com.heb.enterprise.automationtest.productreview.ProductReviewTest">
                <failure type="org.openqa.selenium.remote.UnreachableBrowserException"
                  message="Error communicating with the remote browser. It may have died.
Build info: version: &apos;2.48.2&apos;, revision: &apos;41bccdd10cf2c0560f637404c2d96164b67d9d67&apos;, time: &apos;2015-10-09 13:08:06&apos;
System info: host: &apos;HUYNGUYEN-PC&apos;, ip: &apos;10.10.30.71&apos;, os.name: &apos;Windows 7&apos;, os.arch: &apos;amd64&apos;, os.version: &apos;6.1&apos;, java.version: &apos;1.8.0_65&apos;
Driver info: driver.version: RemoteWebDriver"
              >
<![CDATA[org.openqa.selenium.remote.UnreachableBrowserException: Error communicating with the remote browser. It may have died.
Build info: version: '2.48.2', revision: '41bccdd10cf2c0560f637404c2d96164b67d9d67', time: '2015-10-09 13:08:06'
System info: host: 'HUYNGUYEN-PC', ip: '10.10.30.71', os.name: 'Windows 7', os.arch: 'amd64', os.version: '6.1', java.version: '1.8.0_65'
Driver info: driver.version: RemoteWebDriver
  org.openqa.selenium.remote.RemoteWebDriver.execute(RemoteWebDriver.java:641)
  org.openqa.selenium.remote.RemoteWebDriver.findElement(RemoteWebDriver.java:353)
  org.openqa.selenium.remote.RemoteWebDriver.findElementByCssSelector(RemoteWebDriver.java:482)
  org.openqa.selenium.By$ByCssSelector.findElement(By.java:430)
  org.openqa.selenium.remote.RemoteWebDriver.findElement(RemoteWebDriver.java:345)
  org.openqa.selenium.support.pagefactory.DefaultElementLocator.findElement(DefaultElementLocator.java:69)
  org.openqa.selenium.support.pagefactory.internal.LocatingElementHandler.invoke(LocatingElementHandler.java:38)
  com.sun.proxy.$Proxy11.click(Unknown Source)
  com.heb.enterprise.automationtest.page.ProductsReviewPage.ProductsReviewMenuClick(ProductsReviewPage.java:116)
  com.heb.enterprise.automationtest.productreview.ProductReviewTest.setupMethod(ProductReviewTest.java:33)
  sun.reflect.NativeMethodAccessorImpl.invoke0(Native Method)
  sun.reflect.NativeMethodAccessorImpl.invoke(NativeMethodAccessorImpl.java:62)
  sun.reflect.DelegatingMethodAccessorImpl.invoke(DelegatingMethodAccessorImpl.java:43)
  java.lang.reflect.Method.invoke(Method.java:497)
  org.testng.internal.MethodInvocationHelper.invokeMethod(MethodInvocationHelper.java:85)
  org.testng.internal.Invoker.invokeConfigurationMethod(Invoker.java:552)
  org.testng.internal.Invoker.invokeConfigurations(Invoker.java:215)
  org.testng.internal.Invoker.invokeMethod(Invoker.java:636)
  org.testng.internal.Invoker.invokeTestMethod(Invoker.java:882)
  org.testng.internal.Invoker.invokeTestMethods(Invoker.java:1189)
  org.testng.internal.TestMethodWorker.invokeTestMethods(TestMethodWorker.java:124)
  org.testng.internal.TestMethodWorker.run(TestMethodWorker.java:108)
  org.testng.TestRunner.privateRun(TestRunner.java:767)
  org.testng.TestRunner.run(TestRunner.java:617)
  org.testng.SuiteRunner.runTest(SuiteRunner.java:348)
  org.testng.SuiteRunner.runSequentially(SuiteRunner.java:343)
  org.testng.SuiteRunner.privateRun(SuiteRunner.java:305)
  org.testng.SuiteRunner.run(SuiteRunner.java:254)
  org.testng.SuiteRunnerWorker.runSuite(SuiteRunnerWorker.java:52)
  org.testng.SuiteRunnerWorker.run(SuiteRunnerWorker.java:86)
  org.testng.TestNG.runSuitesSequentially(TestNG.java:1224)
  org.testng.TestNG.runSuitesLocally(TestNG.java:1149)
  org.testng.TestNG.run(TestNG.java:1057)
  org.testng.remote.RemoteTestNG.run(RemoteTestNG.java:115)
  org.testng.remote.RemoteTestNG.initAndRun(RemoteTestNG.java:207)
  org.testng.remote.RemoteTestNG.main(RemoteTestNG.java:178)
Caused by: org.apache.http.conn.HttpHostConnectException: Connect to 127.0.0.1:7059 [/127.0.0.1] failed: Connection refused: connect
  org.apache.http.impl.conn.DefaultHttpClientConnectionOperator.connect(DefaultHttpClientConnectionOperator.java:151)
  org.apache.http.impl.conn.PoolingHttpClientConnectionManager.connect(PoolingHttpClientConnectionManager.java:353)
  org.apache.http.impl.execchain.MainClientExec.establishRoute(MainClientExec.java:380)
  org.apache.http.impl.execchain.MainClientExec.execute(MainClientExec.java:236)
  org.apache.http.impl.execchain.ProtocolExec.execute(ProtocolExec.java:184)
  org.apache.http.impl.execchain.RetryExec.execute(RetryExec.java:88)
  org.apache.http.impl.execchain.RedirectExec.execute(RedirectExec.java:110)
  org.apache.http.impl.client.InternalHttpClient.doExecute(InternalHttpClient.java:184)
  org.apache.http.impl.client.CloseableHttpClient.execute(CloseableHttpClient.java:71)
  org.apache.http.impl.client.CloseableHttpClient.execute(CloseableHttpClient.java:55)
  org.openqa.selenium.remote.internal.ApacheHttpClient.fallBackExecute(ApacheHttpClient.java:143)
  org.openqa.selenium.remote.internal.ApacheHttpClient.execute(ApacheHttpClient.java:89)
  org.openqa.selenium.remote.HttpCommandExecutor.execute(HttpCommandExecutor.java:142)
  org.openqa.selenium.firefox.internal.NewProfileExtensionConnection.execute(NewProfileExtensionConnection.java:170)
  org.openqa.selenium.firefox.FirefoxDriver$LazyCommandExecutor.execute(FirefoxDriver.java:380)
  org.openqa.selenium.remote.RemoteWebDriver.execute(RemoteWebDriver.java:620)
  org.openqa.selenium.remote.RemoteWebDriver.findElement(RemoteWebDriver.java:353)
  org.openqa.selenium.remote.RemoteWebDriver.findElementByCssSelector(RemoteWebDriver.java:482)
  org.openqa.selenium.By$ByCssSelector.findElement(By.java:430)
  org.openqa.selenium.remote.RemoteWebDriver.findElement(RemoteWebDriver.java:345)
  org.openqa.selenium.support.pagefactory.DefaultElementLocator.findElement(DefaultElementLocator.java:69)
  org.openqa.selenium.support.pagefactory.internal.LocatingElementHandler.invoke(LocatingElementHandler.java:38)
  com.sun.proxy.$Proxy11.click(Unknown Source)
  com.heb.enterprise.automationtest.page.ProductsReviewPage.ProductsReviewMenuClick(ProductsReviewPage.java:116)
  com.heb.enterprise.automationtest.productreview.ProductReviewTest.setupMethod(ProductReviewTest.java:33)
  sun.reflect.NativeMethodAccessorImpl.invoke0(Native Method)
  sun.reflect.NativeMethodAccessorImpl.invoke(NativeMethodAccessorImpl.java:62)
  sun.reflect.DelegatingMethodAccessorImpl.invoke(DelegatingMethodAccessorImpl.java:43)
  java.lang.reflect.Method.invoke(Method.java:497)
  org.testng.internal.MethodInvocationHelper.invokeMethod(MethodInvocationHelper.java:85)
  org.testng.internal.Invoker.invokeConfigurationMethod(Invoker.java:552)
  org.testng.internal.Invoker.invokeConfigurations(Invoker.java:215)
  org.testng.internal.Invoker.invokeMethod(Invoker.java:636)
  org.testng.internal.Invoker.invokeTestMethod(Invoker.java:882)
  org.testng.internal.Invoker.invokeTestMethods(Invoker.java:1189)
  org.testng.internal.TestMethodWorker.invokeTestMethods(TestMethodWorker.java:124)
  org.testng.internal.TestMethodWorker.run(TestMethodWorker.java:108)
  org.testng.TestRunner.privateRun(TestRunner.java:767)
  org.testng.TestRunner.run(TestRunner.java:617)
  org.testng.SuiteRunner.runTest(SuiteRunner.java:348)
  org.testng.SuiteRunner.runSequentially(SuiteRunner.java:343)
  org.testng.SuiteRunner.privateRun(SuiteRunner.java:305)
  org.testng.SuiteRunner.run(SuiteRunner.java:254)
  org.testng.SuiteRunnerWorker.runSuite(SuiteRunnerWorker.java:52)
  org.testng.SuiteRunnerWorker.run(SuiteRunnerWorker.java:86)
  org.testng.TestNG.runSuitesSequentially(TestNG.java:1224)
  org.testng.TestNG.runSuitesLocally(TestNG.java:1149)
  org.testng.TestNG.run(TestNG.java:1057)
  org.testng.remote.RemoteTestNG.run(RemoteTestNG.java:115)
  org.testng.remote.RemoteTestNG.initAndRun(RemoteTestNG.java:207)
  org.testng.remote.RemoteTestNG.main(RemoteTestNG.java:178)
Caused by: java.net.ConnectException: Connection refused: connect
  java.net.DualStackPlainSocketImpl.waitForConnect(Native Method)
  java.net.DualStackPlainSocketImpl.socketConnect(DualStackPlainSocketImpl.java:85)
  java.net.AbstractPlainSocketImpl.doConnect(AbstractPlainSocketImpl.java:350)
  java.net.AbstractPlainSocketImpl.connectToAddress(AbstractPlainSocketImpl.java:206)
  java.net.AbstractPlainSocketImpl.connect(AbstractPlainSocketImpl.java:188)
  java.net.PlainSocketImpl.connect(PlainSocketImpl.java:172)
  java.net.SocksSocketImpl.connect(SocksSocketImpl.java:392)
  java.net.Socket.connect(Socket.java:589)
  org.apache.http.conn.socket.PlainConnectionSocketFactory.connectSocket(PlainConnectionSocketFactory.java:74)
  org.apache.http.impl.conn.DefaultHttpClientConnectionOperator.connect(DefaultHttpClientConnectionOperator.java:134)
  org.apache.http.impl.conn.PoolingHttpClientConnectionManager.connect(PoolingHttpClientConnectionManager.java:353)
  org.apache.http.impl.execchain.MainClientExec.establishRoute(MainClientExec.java:380)
  org.apache.http.impl.execchain.MainClientExec.execute(MainClientExec.java:236)
  org.apache.http.impl.execchain.ProtocolExec.execute(ProtocolExec.java:184)
  org.apache.http.impl.execchain.RetryExec.execute(RetryExec.java:88)
  org.apache.http.impl.execchain.RedirectExec.execute(RedirectExec.java:110)
  org.apache.http.impl.client.InternalHttpClient.doExecute(InternalHttpClient.java:184)
  org.apache.http.impl.client.CloseableHttpClient.execute(CloseableHttpClient.java:71)
  org.apache.http.impl.client.CloseableHttpClient.execute(CloseableHttpClient.java:55)
  org.openqa.selenium.remote.internal.ApacheHttpClient.fallBackExecute(ApacheHttpClient.java:143)
  org.openqa.selenium.remote.internal.ApacheHttpClient.execute(ApacheHttpClient.java:89)
  org.openqa.selenium.remote.HttpCommandExecutor.execute(HttpCommandExecutor.java:142)
  org.openqa.selenium.firefox.internal.NewProfileExtensionConnection.execute(NewProfileExtensionConnection.java:170)
  org.openqa.selenium.firefox.FirefoxDriver$LazyCommandExecutor.execute(FirefoxDriver.java:380)
  org.openqa.selenium.remote.RemoteWebDriver.execute(RemoteWebDriver.java:620)
  org.openqa.selenium.remote.RemoteWebDriver.findElement(RemoteWebDriver.java:353)
  org.openqa.selenium.remote.RemoteWebDriver.findElementByCssSelector(RemoteWebDriver.java:482)
  org.openqa.selenium.By$ByCssSelector.findElement(By.java:430)
  org.openqa.selenium.remote.RemoteWebDriver.findElement(RemoteWebDriver.java:345)
  org.openqa.selenium.support.pagefactory.DefaultElementLocator.findElement(DefaultElementLocator.java:69)
  org.openqa.selenium.support.pagefactory.internal.LocatingElementHandler.invoke(LocatingElementHandler.java:38)
  com.sun.proxy.$Proxy11.click(Unknown Source)
  com.heb.enterprise.automationtest.page.ProductsReviewPage.ProductsReviewMenuClick(ProductsReviewPage.java:116)
  com.heb.enterprise.automationtest.productreview.ProductReviewTest.setupMethod(ProductReviewTest.java:33)
  sun.reflect.NativeMethodAccessorImpl.invoke0(Native Method)
  sun.reflect.NativeMethodAccessorImpl.invoke(NativeMethodAccessorImpl.java:62)
  sun.reflect.DelegatingMethodAccessorImpl.invoke(DelegatingMethodAccessorImpl.java:43)
  java.lang.reflect.Method.invoke(Method.java:497)
  org.testng.internal.MethodInvocationHelper.invokeMethod(MethodInvocationHelper.java:85)
  org.testng.internal.Invoker.invokeConfigurationMethod(Invoker.java:552)
  org.testng.internal.Invoker.invokeConfigurations(Invoker.java:215)
  org.testng.internal.Invoker.invokeMethod(Invoker.java:636)
  org.testng.internal.Invoker.invokeTestMethod(Invoker.java:882)
  org.testng.internal.Invoker.invokeTestMethods(Invoker.java:1189)
  org.testng.internal.TestMethodWorker.invokeTestMethods(TestMethodWorker.java:124)
  org.testng.internal.TestMethodWorker.run(TestMethodWorker.java:108)
  org.testng.TestRunner.privateRun(TestRunner.java:767)
  org.testng.TestRunner.run(TestRunner.java:617)
  org.testng.SuiteRunner.runTest(SuiteRunner.java:348)
  org.testng.SuiteRunner.runSequentially(SuiteRunner.java:343)
  org.testng.SuiteRunner.privateRun(SuiteRunner.java:305)
  org.testng.SuiteRunner.run(SuiteRunner.java:254)
  org.testng.SuiteRunnerWorker.runSuite(SuiteRunnerWorker.java:52)
  org.testng.SuiteRunnerWorker.run(SuiteRunnerWorker.java:86)
  org.testng.TestNG.runSuitesSequentially(TestNG.java:1224)
  org.testng.TestNG.runSuitesLocally(TestNG.java:1149)
  org.testng.TestNG.run(TestNG.java:1057)
  org.testng.remote.RemoteTestNG.run(RemoteTestNG.java:115)
  org.testng.remote.RemoteTestNG.initAndRun(RemoteTestNG.java:207)
  org.testng.remote.RemoteTestNG.main(RemoteTestNG.java:178)
]]>
      </failure>

          </testcase>
            <testcase name="tc_Products_Review_001_1_Test" time="0.000" classname="com.heb.enterprise.automationtest.productreview.ProductReviewTest">
                <failure type="java.lang.NullPointerException"
                  message="(null)"
              >
<![CDATA[java.lang.NullPointerException
  com.heb.enterprise.automationtest.productreview.ProductReviewTest.tc_Products_Review_001_1_Test(ProductReviewTest.java:46)
  sun.reflect.NativeMethodAccessorImpl.invoke0(Native Method)
  sun.reflect.NativeMethodAccessorImpl.invoke(NativeMethodAccessorImpl.java:62)
  sun.reflect.DelegatingMethodAccessorImpl.invoke(DelegatingMethodAccessorImpl.java:43)
  java.lang.reflect.Method.invoke(Method.java:497)
  org.testng.internal.MethodInvocationHelper.invokeMethod(MethodInvocationHelper.java:85)
  org.testng.internal.Invoker.invokeMethod(Invoker.java:696)
  org.testng.internal.Invoker.invokeTestMethod(Invoker.java:882)
  org.testng.internal.Invoker.invokeTestMethods(Invoker.java:1189)
  org.testng.internal.TestMethodWorker.invokeTestMethods(TestMethodWorker.java:124)
  org.testng.internal.TestMethodWorker.run(TestMethodWorker.java:108)
  org.testng.TestRunner.privateRun(TestRunner.java:767)
  org.testng.TestRunner.run(TestRunner.java:617)
  org.testng.SuiteRunner.runTest(SuiteRunner.java:348)
  org.testng.SuiteRunner.runSequentially(SuiteRunner.java:343)
  org.testng.SuiteRunner.privateRun(SuiteRunner.java:305)
  org.testng.SuiteRunner.run(SuiteRunner.java:254)
  org.testng.SuiteRunnerWorker.runSuite(SuiteRunnerWorker.java:52)
  org.testng.SuiteRunnerWorker.run(SuiteRunnerWorker.java:86)
  org.testng.TestNG.runSuitesSequentially(TestNG.java:1224)
  org.testng.TestNG.runSuitesLocally(TestNG.java:1149)
  org.testng.TestNG.run(TestNG.java:1057)
  org.testng.remote.RemoteTestNG.run(RemoteTestNG.java:115)
  org.testng.remote.RemoteTestNG.initAndRun(RemoteTestNG.java:207)
  org.testng.remote.RemoteTestNG.main(RemoteTestNG.java:178)
]]>
      </failure>

          </testcase>
            <testcase name="tc_Products_Review_001_4_Test" time="1.001" classname="com.heb.enterprise.automationtest.productreview.ProductReviewTest">
                <failure type="org.openqa.selenium.remote.UnreachableBrowserException"
                  message="Error communicating with the remote browser. It may have died.
Build info: version: &apos;2.48.2&apos;, revision: &apos;41bccdd10cf2c0560f637404c2d96164b67d9d67&apos;, time: &apos;2015-10-09 13:08:06&apos;
System info: host: &apos;HUYNGUYEN-PC&apos;, ip: &apos;10.10.30.71&apos;, os.name: &apos;Windows 7&apos;, os.arch: &apos;amd64&apos;, os.version: &apos;6.1&apos;, java.version: &apos;1.8.0_65&apos;
Driver info: driver.version: RemoteWebDriver"
              >
<![CDATA[org.openqa.selenium.remote.UnreachableBrowserException: Error communicating with the remote browser. It may have died.
Build info: version: '2.48.2', revision: '41bccdd10cf2c0560f637404c2d96164b67d9d67', time: '2015-10-09 13:08:06'
System info: host: 'HUYNGUYEN-PC', ip: '10.10.30.71', os.name: 'Windows 7', os.arch: 'amd64', os.version: '6.1', java.version: '1.8.0_65'
Driver info: driver.version: RemoteWebDriver
  org.openqa.selenium.remote.RemoteWebDriver.execute(RemoteWebDriver.java:641)
  org.openqa.selenium.remote.RemoteWebDriver.findElement(RemoteWebDriver.java:353)
  org.openqa.selenium.remote.RemoteWebDriver.findElementById(RemoteWebDriver.java:403)
  org.openqa.selenium.By$ById.findElement(By.java:218)
  org.openqa.selenium.remote.RemoteWebDriver.findElement(RemoteWebDriver.java:345)
  org.openqa.selenium.support.pagefactory.DefaultElementLocator.findElement(DefaultElementLocator.java:69)
  org.openqa.selenium.support.pagefactory.internal.LocatingElementHandler.invoke(LocatingElementHandler.java:38)
  com.sun.proxy.$Proxy11.isDisplayed(Unknown Source)
  com.heb.enterprise.automationtest.productreview.ProductReviewTest.tc_Products_Review_001_4_Test(ProductReviewTest.java:73)
  sun.reflect.NativeMethodAccessorImpl.invoke0(Native Method)
  sun.reflect.NativeMethodAccessorImpl.invoke(NativeMethodAccessorImpl.java:62)
  sun.reflect.DelegatingMethodAccessorImpl.invoke(DelegatingMethodAccessorImpl.java:43)
  java.lang.reflect.Method.invoke(Method.java:497)
  org.testng.internal.MethodInvocationHelper.invokeMethod(MethodInvocationHelper.java:85)
  org.testng.internal.Invoker.invokeMethod(Invoker.java:696)
  org.testng.internal.Invoker.invokeTestMethod(Invoker.java:882)
  org.testng.internal.Invoker.invokeTestMethods(Invoker.java:1189)
  org.testng.internal.TestMethodWorker.invokeTestMethods(TestMethodWorker.java:124)
  org.testng.internal.TestMethodWorker.run(TestMethodWorker.java:108)
  org.testng.TestRunner.privateRun(TestRunner.java:767)
  org.testng.TestRunner.run(TestRunner.java:617)
  org.testng.SuiteRunner.runTest(SuiteRunner.java:348)
  org.testng.SuiteRunner.runSequentially(SuiteRunner.java:343)
  org.testng.SuiteRunner.privateRun(SuiteRunner.java:305)
  org.testng.SuiteRunner.run(SuiteRunner.java:254)
  org.testng.SuiteRunnerWorker.runSuite(SuiteRunnerWorker.java:52)
  org.testng.SuiteRunnerWorker.run(SuiteRunnerWorker.java:86)
  org.testng.TestNG.runSuitesSequentially(TestNG.java:1224)
  org.testng.TestNG.runSuitesLocally(TestNG.java:1149)
  org.testng.TestNG.run(TestNG.java:1057)
  org.testng.remote.RemoteTestNG.run(RemoteTestNG.java:115)
  org.testng.remote.RemoteTestNG.initAndRun(RemoteTestNG.java:207)
  org.testng.remote.RemoteTestNG.main(RemoteTestNG.java:178)
Caused by: org.apache.http.conn.HttpHostConnectException: Connect to 127.0.0.1:7059 [/127.0.0.1] failed: Connection refused: connect
  org.apache.http.impl.conn.DefaultHttpClientConnectionOperator.connect(DefaultHttpClientConnectionOperator.java:151)
  org.apache.http.impl.conn.PoolingHttpClientConnectionManager.connect(PoolingHttpClientConnectionManager.java:353)
  org.apache.http.impl.execchain.MainClientExec.establishRoute(MainClientExec.java:380)
  org.apache.http.impl.execchain.MainClientExec.execute(MainClientExec.java:236)
  org.apache.http.impl.execchain.ProtocolExec.execute(ProtocolExec.java:184)
  org.apache.http.impl.execchain.RetryExec.execute(RetryExec.java:88)
  org.apache.http.impl.execchain.RedirectExec.execute(RedirectExec.java:110)
  org.apache.http.impl.client.InternalHttpClient.doExecute(InternalHttpClient.java:184)
  org.apache.http.impl.client.CloseableHttpClient.execute(CloseableHttpClient.java:71)
  org.apache.http.impl.client.CloseableHttpClient.execute(CloseableHttpClient.java:55)
  org.openqa.selenium.remote.internal.ApacheHttpClient.fallBackExecute(ApacheHttpClient.java:143)
  org.openqa.selenium.remote.internal.ApacheHttpClient.execute(ApacheHttpClient.java:89)
  org.openqa.selenium.remote.HttpCommandExecutor.execute(HttpCommandExecutor.java:142)
  org.openqa.selenium.firefox.internal.NewProfileExtensionConnection.execute(NewProfileExtensionConnection.java:170)
  org.openqa.selenium.firefox.FirefoxDriver$LazyCommandExecutor.execute(FirefoxDriver.java:380)
  org.openqa.selenium.remote.RemoteWebDriver.execute(RemoteWebDriver.java:620)
  org.openqa.selenium.remote.RemoteWebDriver.findElement(RemoteWebDriver.java:353)
  org.openqa.selenium.remote.RemoteWebDriver.findElementById(RemoteWebDriver.java:403)
  org.openqa.selenium.By$ById.findElement(By.java:218)
  org.openqa.selenium.remote.RemoteWebDriver.findElement(RemoteWebDriver.java:345)
  org.openqa.selenium.support.pagefactory.DefaultElementLocator.findElement(DefaultElementLocator.java:69)
  org.openqa.selenium.support.pagefactory.internal.LocatingElementHandler.invoke(LocatingElementHandler.java:38)
  com.sun.proxy.$Proxy11.isDisplayed(Unknown Source)
  com.heb.enterprise.automationtest.productreview.ProductReviewTest.tc_Products_Review_001_4_Test(ProductReviewTest.java:73)
  sun.reflect.NativeMethodAccessorImpl.invoke0(Native Method)
  sun.reflect.NativeMethodAccessorImpl.invoke(NativeMethodAccessorImpl.java:62)
  sun.reflect.DelegatingMethodAccessorImpl.invoke(DelegatingMethodAccessorImpl.java:43)
  java.lang.reflect.Method.invoke(Method.java:497)
  org.testng.internal.MethodInvocationHelper.invokeMethod(MethodInvocationHelper.java:85)
  org.testng.internal.Invoker.invokeMethod(Invoker.java:696)
  org.testng.internal.Invoker.invokeTestMethod(Invoker.java:882)
  org.testng.internal.Invoker.invokeTestMethods(Invoker.java:1189)
  org.testng.internal.TestMethodWorker.invokeTestMethods(TestMethodWorker.java:124)
  org.testng.internal.TestMethodWorker.run(TestMethodWorker.java:108)
  org.testng.TestRunner.privateRun(TestRunner.java:767)
  org.testng.TestRunner.run(TestRunner.java:617)
  org.testng.SuiteRunner.runTest(SuiteRunner.java:348)
  org.testng.SuiteRunner.runSequentially(SuiteRunner.java:343)
  org.testng.SuiteRunner.privateRun(SuiteRunner.java:305)
  org.testng.SuiteRunner.run(SuiteRunner.java:254)
  org.testng.SuiteRunnerWorker.runSuite(SuiteRunnerWorker.java:52)
  org.testng.SuiteRunnerWorker.run(SuiteRunnerWorker.java:86)
  org.testng.TestNG.runSuitesSequentially(TestNG.java:1224)
  org.testng.TestNG.runSuitesLocally(TestNG.java:1149)
  org.testng.TestNG.run(TestNG.java:1057)
  org.testng.remote.RemoteTestNG.run(RemoteTestNG.java:115)
  org.testng.remote.RemoteTestNG.initAndRun(RemoteTestNG.java:207)
  org.testng.remote.RemoteTestNG.main(RemoteTestNG.java:178)
Caused by: java.net.ConnectException: Connection refused: connect
  java.net.DualStackPlainSocketImpl.waitForConnect(Native Method)
  java.net.DualStackPlainSocketImpl.socketConnect(DualStackPlainSocketImpl.java:85)
  java.net.AbstractPlainSocketImpl.doConnect(AbstractPlainSocketImpl.java:350)
  java.net.AbstractPlainSocketImpl.connectToAddress(AbstractPlainSocketImpl.java:206)
  java.net.AbstractPlainSocketImpl.connect(AbstractPlainSocketImpl.java:188)
  java.net.PlainSocketImpl.connect(PlainSocketImpl.java:172)
  java.net.SocksSocketImpl.connect(SocksSocketImpl.java:392)
  java.net.Socket.connect(Socket.java:589)
  org.apache.http.conn.socket.PlainConnectionSocketFactory.connectSocket(PlainConnectionSocketFactory.java:74)
  org.apache.http.impl.conn.DefaultHttpClientConnectionOperator.connect(DefaultHttpClientConnectionOperator.java:134)
  org.apache.http.impl.conn.PoolingHttpClientConnectionManager.connect(PoolingHttpClientConnectionManager.java:353)
  org.apache.http.impl.execchain.MainClientExec.establishRoute(MainClientExec.java:380)
  org.apache.http.impl.execchain.MainClientExec.execute(MainClientExec.java:236)
  org.apache.http.impl.execchain.ProtocolExec.execute(ProtocolExec.java:184)
  org.apache.http.impl.execchain.RetryExec.execute(RetryExec.java:88)
  org.apache.http.impl.execchain.RedirectExec.execute(RedirectExec.java:110)
  org.apache.http.impl.client.InternalHttpClient.doExecute(InternalHttpClient.java:184)
  org.apache.http.impl.client.CloseableHttpClient.execute(CloseableHttpClient.java:71)
  org.apache.http.impl.client.CloseableHttpClient.execute(CloseableHttpClient.java:55)
  org.openqa.selenium.remote.internal.ApacheHttpClient.fallBackExecute(ApacheHttpClient.java:143)
  org.openqa.selenium.remote.internal.ApacheHttpClient.execute(ApacheHttpClient.java:89)
  org.openqa.selenium.remote.HttpCommandExecutor.execute(HttpCommandExecutor.java:142)
  org.openqa.selenium.firefox.internal.NewProfileExtensionConnection.execute(NewProfileExtensionConnection.java:170)
  org.openqa.selenium.firefox.FirefoxDriver$LazyCommandExecutor.execute(FirefoxDriver.java:380)
  org.openqa.selenium.remote.RemoteWebDriver.execute(RemoteWebDriver.java:620)
  org.openqa.selenium.remote.RemoteWebDriver.findElement(RemoteWebDriver.java:353)
  org.openqa.selenium.remote.RemoteWebDriver.findElementById(RemoteWebDriver.java:403)
  org.openqa.selenium.By$ById.findElement(By.java:218)
  org.openqa.selenium.remote.RemoteWebDriver.findElement(RemoteWebDriver.java:345)
  org.openqa.selenium.support.pagefactory.DefaultElementLocator.findElement(DefaultElementLocator.java:69)
  org.openqa.selenium.support.pagefactory.internal.LocatingElementHandler.invoke(LocatingElementHandler.java:38)
  com.sun.proxy.$Proxy11.isDisplayed(Unknown Source)
  com.heb.enterprise.automationtest.productreview.ProductReviewTest.tc_Products_Review_001_4_Test(ProductReviewTest.java:73)
  sun.reflect.NativeMethodAccessorImpl.invoke0(Native Method)
  sun.reflect.NativeMethodAccessorImpl.invoke(NativeMethodAccessorImpl.java:62)
  sun.reflect.DelegatingMethodAccessorImpl.invoke(DelegatingMethodAccessorImpl.java:43)
  java.lang.reflect.Method.invoke(Method.java:497)
  org.testng.internal.MethodInvocationHelper.invokeMethod(MethodInvocationHelper.java:85)
  org.testng.internal.Invoker.invokeMethod(Invoker.java:696)
  org.testng.internal.Invoker.invokeTestMethod(Invoker.java:882)
  org.testng.internal.Invoker.invokeTestMethods(Invoker.java:1189)
  org.testng.internal.TestMethodWorker.invokeTestMethods(TestMethodWorker.java:124)
  org.testng.internal.TestMethodWorker.run(TestMethodWorker.java:108)
  org.testng.TestRunner.privateRun(TestRunner.java:767)
  org.testng.TestRunner.run(TestRunner.java:617)
  org.testng.SuiteRunner.runTest(SuiteRunner.java:348)
  org.testng.SuiteRunner.runSequentially(SuiteRunner.java:343)
  org.testng.SuiteRunner.privateRun(SuiteRunner.java:305)
  org.testng.SuiteRunner.run(SuiteRunner.java:254)
  org.testng.SuiteRunnerWorker.runSuite(SuiteRunnerWorker.java:52)
  org.testng.SuiteRunnerWorker.run(SuiteRunnerWorker.java:86)
  org.testng.TestNG.runSuitesSequentially(TestNG.java:1224)
  org.testng.TestNG.runSuitesLocally(TestNG.java:1149)
  org.testng.TestNG.run(TestNG.java:1057)
  org.testng.remote.RemoteTestNG.run(RemoteTestNG.java:115)
  org.testng.remote.RemoteTestNG.initAndRun(RemoteTestNG.java:207)
  org.testng.remote.RemoteTestNG.main(RemoteTestNG.java:178)
]]>
      </failure>

          </testcase>
  
            <testcase name="setupMethod" time="0.0" classname="com.heb.enterprise.automationtest.productreview.ProductReviewTest">
          <skipped />
    </testcase>
            <testcase name="setupMethod" time="0.0" classname="com.heb.enterprise.automationtest.productreview.ProductReviewTest">
          <skipped />
    </testcase>
            <testcase name="setupMethod" time="0.0" classname="com.heb.enterprise.automationtest.productreview.ProductReviewTest">
          <skipped />
    </testcase>
            <testcase name="setupMethod" time="0.0" classname="com.heb.enterprise.automationtest.productreview.ProductReviewTest">
          <skipped />
    </testcase>
            <testcase name="setupMethod" time="0.0" classname="com.heb.enterprise.automationtest.productreview.ProductReviewTest">
          <skipped />
    </testcase>
            <testcase name="setupMethod" time="0.0" classname="com.heb.enterprise.automationtest.productreview.ProductReviewTest">
          <skipped />
    </testcase>
            <testcase name="setupMethod" time="0.0" classname="com.heb.enterprise.automationtest.productreview.ProductReviewTest">
          <skipped />
    </testcase>
            <testcase name="setupMethod" time="0.0" classname="com.heb.enterprise.automationtest.productreview.ProductReviewTest">
          <skipped />
    </testcase>
            <testcase name="afterClass" time="0.0" classname="com.heb.enterprise.automationtest.productreview.ProductReviewTest">
          <skipped />
    </testcase>
            <testcase name="setupMethod" time="0.0" classname="com.heb.enterprise.automationtest.productreview.ProductReviewTest">
          <skipped />
    </testcase>
            <testcase name="setupMethod" time="0.0" classname="com.heb.enterprise.automationtest.productreview.ProductReviewTest">
          <skipped />
    </testcase>
            <testcase name="setupMethod" time="0.0" classname="com.heb.enterprise.automationtest.productreview.ProductReviewTest">
          <skipped />
    </testcase>
            <testcase name="setupMethod" time="0.0" classname="com.heb.enterprise.automationtest.productreview.ProductReviewTest">
          <skipped />
    </testcase>
            <testcase name="setupMethod" time="0.0" classname="com.heb.enterprise.automationtest.productreview.ProductReviewTest">
          <skipped />
    </testcase>
            <testcase name="setupMethod" time="0.0" classname="com.heb.enterprise.automationtest.productreview.ProductReviewTest">
          <skipped />
    </testcase>
            <testcase name="setupMethod" time="0.0" classname="com.heb.enterprise.automationtest.productreview.ProductReviewTest">
          <skipped />
    </testcase>
            <testcase name="setupMethod" time="0.0" classname="com.heb.enterprise.automationtest.productreview.ProductReviewTest">
          <skipped />
    </testcase>
            <testcase name="setupMethod" time="0.0" classname="com.heb.enterprise.automationtest.productreview.ProductReviewTest">
          <skipped />
    </testcase>
            <testcase name="setupMethod" time="0.0" classname="com.heb.enterprise.automationtest.productreview.ProductReviewTest">
          <skipped />
    </testcase>
            <testcase name="setupMethod" time="0.0" classname="com.heb.enterprise.automationtest.productreview.ProductReviewTest">
          <skipped />
    </testcase>
            <testcase name="tearDown" time="0.0" classname="com.heb.enterprise.automationtest.productreview.ProductReviewTest">
          <skipped />
    </testcase>
            <testcase name="setupMethod" time="0.0" classname="com.heb.enterprise.automationtest.productreview.ProductReviewTest">
          <skipped />
    </testcase>
            <testcase name="setupMethod" time="0.0" classname="com.heb.enterprise.automationtest.productreview.ProductReviewTest">
          <skipped />
    </testcase>
            <testcase name="setupMethod" time="0.0" classname="com.heb.enterprise.automationtest.productreview.ProductReviewTest">
          <skipped />
    </testcase>
            <testcase name="setupMethod" time="0.0" classname="com.heb.enterprise.automationtest.productreview.ProductReviewTest">
          <skipped />
    </testcase>
            <testcase name="setupMethod" time="0.0" classname="com.heb.enterprise.automationtest.productreview.ProductReviewTest">
          <skipped />
    </testcase>
            <testcase name="setupMethod" time="0.0" classname="com.heb.enterprise.automationtest.productreview.ProductReviewTest">
          <skipped />
    </testcase>
            <testcase name="setupMethod" time="0.0" classname="com.heb.enterprise.automationtest.productreview.ProductReviewTest">
          <skipped />
    </testcase>
            <testcase name="setupMethod" time="0.0" classname="com.heb.enterprise.automationtest.productreview.ProductReviewTest">
          <skipped />
    </testcase>
            <testcase name="setupMethod" time="0.0" classname="com.heb.enterprise.automationtest.productreview.ProductReviewTest">
          <skipped />
    </testcase>
            <testcase name="setupMethod" time="0.0" classname="com.heb.enterprise.automationtest.productreview.ProductReviewTest">
          <skipped />
    </testcase>
            <testcase name="setupMethod" time="0.0" classname="com.heb.enterprise.automationtest.productreview.ProductReviewTest">
          <skipped />
    </testcase>
            <testcase name="tc_Products_Review_002_1_Test" time="0.0" classname="com.heb.enterprise.automationtest.productreview.ProductReviewTest">
          <skipped />
    </testcase>
            <testcase name="tc_Products_Review_001_12_Test" time="0.0" classname="com.heb.enterprise.automationtest.productreview.ProductReviewTest">
          <skipped />
    </testcase>
            <testcase name="tc_Products_Review_001_13_Test" time="0.0" classname="com.heb.enterprise.automationtest.productreview.ProductReviewTest">
          <skipped />
    </testcase>
            <testcase name="tc_Products_Review_006_4_Test" time="0.0" classname="com.heb.enterprise.automationtest.productreview.ProductReviewTest">
          <skipped />
    </testcase>
            <testcase name="tc_Products_Review_006_2_Test" time="0.0" classname="com.heb.enterprise.automationtest.productreview.ProductReviewTest">
          <skipped />
    </testcase>
            <testcase name="tc_Products_Review_001_11_Test" time="0.0" classname="com.heb.enterprise.automationtest.productreview.ProductReviewTest">
          <skipped />
    </testcase>
            <testcase name="tc_Products_Review_001_14_Test" time="0.0" classname="com.heb.enterprise.automationtest.productreview.ProductReviewTest">
          <skipped />
    </testcase>
            <testcase name="tc_Products_Review_006_1_Test" time="0.0" classname="com.heb.enterprise.automationtest.productreview.ProductReviewTest">
          <skipped />
    </testcase>
            <testcase name="tc_Products_Review_003_Test" time="0.0" classname="com.heb.enterprise.automationtest.productreview.ProductReviewTest">
          <skipped />
    </testcase>
            <testcase name="tc_Products_Review_006_3_Test" time="0.0" classname="com.heb.enterprise.automationtest.productreview.ProductReviewTest">
          <skipped />
    </testcase>
            <testcase name="tc_Products_Review_005_2_Test" time="0.0" classname="com.heb.enterprise.automationtest.productreview.ProductReviewTest">
          <skipped />
    </testcase>
            <testcase name="tc_Products_Review_005_3_Test" time="0.0" classname="com.heb.enterprise.automationtest.productreview.ProductReviewTest">
          <skipped />
    </testcase>
            <testcase name="tc_Products_Review_001_5_Test" time="0.0" classname="com.heb.enterprise.automationtest.productreview.ProductReviewTest">
          <skipped />
    </testcase>
            <testcase name="tc_Products_Review_001_15_Test" time="0.0" classname="com.heb.enterprise.automationtest.productreview.ProductReviewTest">
          <skipped />
    </testcase>
            <testcase name="tc_Products_Review_007_3_Test" time="0.0" classname="com.heb.enterprise.automationtest.productreview.ProductReviewTest">
          <skipped />
    </testcase>
            <testcase name="tc_Products_Review_002_2_Test" time="0.0" classname="com.heb.enterprise.automationtest.productreview.ProductReviewTest">
          <skipped />
    </testcase>
            <testcase name="tc_Products_Review_005_1_Test" time="0.0" classname="com.heb.enterprise.automationtest.productreview.ProductReviewTest">
          <skipped />
    </testcase>
            <testcase name="tc_Products_Review_004_1_Test" time="0.0" classname="com.heb.enterprise.automationtest.productreview.ProductReviewTest">
          <skipped />
    </testcase>
            <testcase name="tc_Products_Review_004_3_Test" time="0.0" classname="com.heb.enterprise.automationtest.productreview.ProductReviewTest">
          <skipped />
    </testcase>
            <testcase name="tc_Products_Review_008_Test" time="0.0" classname="com.heb.enterprise.automationtest.productreview.ProductReviewTest">
          <skipped />
    </testcase>
            <testcase name="tc_Products_Review_001_7_Test" time="0.0" classname="com.heb.enterprise.automationtest.productreview.ProductReviewTest">
          <skipped />
    </testcase>
            <testcase name="tc_Products_Review_007_1_Test" time="0.0" classname="com.heb.enterprise.automationtest.productreview.ProductReviewTest">
          <skipped />
    </testcase>
            <testcase name="tc_Products_Review_001_9_Test" time="0.0" classname="com.heb.enterprise.automationtest.productreview.ProductReviewTest">
          <skipped />
    </testcase>
            <testcase name="tc_Products_Review_001_10_Test" time="0.0" classname="com.heb.enterprise.automationtest.productreview.ProductReviewTest">
          <skipped />
    </testcase>
            <testcase name="tc_Products_Review_004_2_Test" time="0.0" classname="com.heb.enterprise.automationtest.productreview.ProductReviewTest">
          <skipped />
    </testcase>
            <testcase name="tc_Products_Review_001_6_Test" time="0.0" classname="com.heb.enterprise.automationtest.productreview.ProductReviewTest">
          <skipped />
    </testcase>
            <testcase name="tc_Products_Review_004_4_Test" time="0.0" classname="com.heb.enterprise.automationtest.productreview.ProductReviewTest">
          <skipped />
    </testcase>
            <testcase name="tc_Products_Review_001_16_Test" time="0.0" classname="com.heb.enterprise.automationtest.productreview.ProductReviewTest">
          <skipped />
    </testcase>
            <testcase name="tc_Products_Review_005_4_Test" time="0.0" classname="com.heb.enterprise.automationtest.productreview.ProductReviewTest">
          <skipped />
    </testcase>
            <testcase name="tc_Products_Review_007_2_Test" time="0.0" classname="com.heb.enterprise.automationtest.productreview.ProductReviewTest">
          <skipped />
    </testcase>
            <testcase name="tc_Products_Review_001_8_Test" time="0.0" classname="com.heb.enterprise.automationtest.productreview.ProductReviewTest">
          <skipped />
    </testcase>
  
            <testcase name="tc_Products_Review_001_3_Test" time="0.304" classname="com.heb.enterprise.automationtest.productreview.ProductReviewTest" />
                <testcase name="tc_Products_Review_001_2_Test" time="0.045" classname="com.heb.enterprise.automationtest.productreview.ProductReviewTest" />
                <testcase name="imageTestSikuli" time="0.000" classname="com.heb.enterprise.automationtest.productreview.ProductReviewTest" />
      
</testsuite>
